CRITICAL - 2024-03-13 00:53:12 --> Trying to access array offset on value of type null
in APPPATH\Views\Admin\details.php on line 253.
 1 APPPATH\Views\Admin\details.php(253): CodeIgniter\Debug\Exceptions->errorHandler(2, 'Trying to access array offset on value of type null', 'C:\\CapstoneSystem\\app\\Views\\Admin\\details.php', 253)
 2 SYSTEMPATH\View\View.php(226): include('C:\\CapstoneSystem\\app\\Views\\Admin\\details.php')
 3 SYSTEMPATH\View\View.php(229): CodeIgniter\View\View->CodeIgniter\View\{closure}()
 4 SYSTEMPATH\Common.php(1188): CodeIgniter\View\View->render('Admin/details', [], true)
 5 APPPATH\Controllers\AdminController.php(164): view('Admin/details', [...])
 6 SYSTEMPATH\CodeIgniter.php(919): App\Controllers\AdminController->viewAppForm('133')
 7 SYSTEMPATH\CodeIgniter.php(494): CodeIgniter\CodeIgniter->runController(Object(App\Controllers\AdminController))
 8 SYSTEMPATH\CodeIgniter.php(353): CodeIgniter\CodeIgniter->handleRequest(null, Object(Config\Cache), false)
 9 FCPATH\index.php(79): CodeIgniter\CodeIgniter->run()
10 SYSTEMPATH\Commands\Server\rewrite.php(47): require_once('C:\\CapstoneSystem\\public\\index.php')
CRITICAL - 2024-03-13 01:06:11 --> Undefined variable $life
in APPPATH\Views\Admin\details.php on line 253.
 1 APPPATH\Views\Admin\details.php(253): CodeIgniter\Debug\Exceptions->errorHandler(2, 'Undefined variable $life', 'C:\\CapstoneSystem\\app\\Views\\Admin\\details.php', 253)
 2 SYSTEMPATH\View\View.php(226): include('C:\\CapstoneSystem\\app\\Views\\Admin\\details.php')
 3 SYSTEMPATH\View\View.php(229): CodeIgniter\View\View->CodeIgniter\View\{closure}()
 4 SYSTEMPATH\Common.php(1188): CodeIgniter\View\View->render('Admin/details', [], true)
 5 APPPATH\Controllers\AdminController.php(164): view('Admin/details', [...])
 6 SYSTEMPATH\CodeIgniter.php(919): App\Controllers\AdminController->viewAppForm('905445a2ccb1ec965c9f48b3cd7a6f32299ff371023aa5f2')
 7 SYSTEMPATH\CodeIgniter.php(494): CodeIgniter\CodeIgniter->runController(Object(App\Controllers\AdminController))
 8 SYSTEMPATH\CodeIgniter.php(353): CodeIgniter\CodeIgniter->handleRequest(null, Object(Config\Cache), false)
 9 FCPATH\index.php(79): CodeIgniter\CodeIgniter->run()
10 SYSTEMPATH\Commands\Server\rewrite.php(47): require_once('C:\\CapstoneSystem\\public\\index.php')
CRITICAL - 2024-03-13 01:15:17 --> Undefined variable $user
in APPPATH\Views\Applicant\chop\header.php on line 42.
 1 APPPATH\Views\Applicant\chop\header.php(42): CodeIgniter\Debug\Exceptions->errorHandler(2, 'Undefined variable $user', 'C:\\CapstoneSystem\\app\\Views\\Applicant\\chop\\header.php', 42)
 2 SYSTEMPATH\View\View.php(226): include('C:\\CapstoneSystem\\app\\Views\\Applicant\\chop\\header.php')
 3 SYSTEMPATH\View\View.php(229): CodeIgniter\View\View->CodeIgniter\View\{closure}()
 4 SYSTEMPATH\Common.php(1188): CodeIgniter\View\View->render('Applicant/chop/header', [], true)
 5 APPPATH\Views\Applicant\AppForm2.php(5): view('Applicant/chop/header')
 6 SYSTEMPATH\View\View.php(226): include('C:\\CapstoneSystem\\app\\Views\\Applicant\\AppForm2.php')
 7 SYSTEMPATH\View\View.php(229): CodeIgniter\View\View->CodeIgniter\View\{closure}()
 8 SYSTEMPATH\Common.php(1188): CodeIgniter\View\View->render('Applicant/AppForm2', [], true)
 9 APPPATH\Controllers\AppController.php(259): view('Applicant/AppForm2')
10 SYSTEMPATH\CodeIgniter.php(919): App\Controllers\AppController->AppForm2()
11 SYSTEMPATH\CodeIgniter.php(494): CodeIgniter\CodeIgniter->runController(Object(App\Controllers\AppController))
12 SYSTEMPATH\CodeIgniter.php(353): CodeIgniter\CodeIgniter->handleRequest(null, Object(Config\Cache), false)
13 FCPATH\index.php(79): CodeIgniter\CodeIgniter->run()
14 SYSTEMPATH\Commands\Server\rewrite.php(47): require_once('C:\\CapstoneSystem\\public\\index.php')
CRITICAL - 2024-03-13 01:17:18 --> Undefined variable $user
in APPPATH\Views\Applicant\chop\header.php on line 42.
 1 APPPATH\Views\Applicant\chop\header.php(42): CodeIgniter\Debug\Exceptions->errorHandler(2, 'Undefined variable $user', 'C:\\CapstoneSystem\\app\\Views\\Applicant\\chop\\header.php', 42)
 2 SYSTEMPATH\View\View.php(226): include('C:\\CapstoneSystem\\app\\Views\\Applicant\\chop\\header.php')
 3 SYSTEMPATH\View\View.php(229): CodeIgniter\View\View->CodeIgniter\View\{closure}()
 4 SYSTEMPATH\Common.php(1188): CodeIgniter\View\View->render('Applicant/chop/header', [], true)
 5 APPPATH\Views\Applicant\AppForm2.php(7): view('Applicant/chop/header')
 6 SYSTEMPATH\View\View.php(226): include('C:\\CapstoneSystem\\app\\Views\\Applicant\\AppForm2.php')
 7 SYSTEMPATH\View\View.php(229): CodeIgniter\View\View->CodeIgniter\View\{closure}()
 8 SYSTEMPATH\Common.php(1188): CodeIgniter\View\View->render('Applicant/AppForm2', [], true)
 9 APPPATH\Controllers\AppController.php(259): view('Applicant/AppForm2')
10 SYSTEMPATH\CodeIgniter.php(919): App\Controllers\AppController->AppForm2()
11 SYSTEMPATH\CodeIgniter.php(494): CodeIgniter\CodeIgniter->runController(Object(App\Controllers\AppController))
12 SYSTEMPATH\CodeIgniter.php(353): CodeIgniter\CodeIgniter->handleRequest(null, Object(Config\Cache), false)
13 FCPATH\index.php(79): CodeIgniter\CodeIgniter->run()
14 SYSTEMPATH\Commands\Server\rewrite.php(47): require_once('C:\\CapstoneSystem\\public\\index.php')
CRITICAL - 2024-03-13 01:17:45 --> Undefined array key "agent_id"
in APPPATH\Views\Applicant\AppForm1.php on line 148.
 1 APPPATH\Views\Applicant\AppForm1.php(148): CodeIgniter\Debug\Exceptions->errorHandler(2, 'Undefined array key "agent_id"', 'C:\\CapstoneSystem\\app\\Views\\Applicant\\AppForm1.php', 148)
 2 SYSTEMPATH\View\View.php(226): include('C:\\CapstoneSystem\\app\\Views\\Applicant\\AppForm1.php')
 3 SYSTEMPATH\View\View.php(229): CodeIgniter\View\View->CodeIgniter\View\{closure}()
 4 SYSTEMPATH\Common.php(1188): CodeIgniter\View\View->render('Applicant/AppForm1', [], true)
 5 APPPATH\Controllers\AppController.php(166): view('Applicant/AppForm1', [...])
 6 SYSTEMPATH\CodeIgniter.php(919): App\Controllers\AppController->AppForm1()
 7 SYSTEMPATH\CodeIgniter.php(494): CodeIgniter\CodeIgniter->runController(Object(App\Controllers\AppController))
 8 SYSTEMPATH\CodeIgniter.php(353): CodeIgniter\CodeIgniter->handleRequest(null, Object(Config\Cache), false)
 9 FCPATH\index.php(79): CodeIgniter\CodeIgniter->run()
10 SYSTEMPATH\Commands\Server\rewrite.php(47): require_once('C:\\CapstoneSystem\\public\\index.php')
ERROR - 2024-03-13 02:33:51 --> mysqli_sql_exception: Unknown column 'astName3' in 'field list' in C:\CapstoneSystem\system\Database\MySQLi\Connection.php:306
Stack trace:
#0 C:\CapstoneSystem\system\Database\MySQLi\Connection.php(306): mysqli->query('UPDATE `gli` SE...', 0)
#1 C:\CapstoneSystem\system\Database\BaseConnection.php(692): CodeIgniter\Database\MySQLi\Connection->execute('UPDATE `gli` SE...')
#2 C:\CapstoneSystem\system\Database\BaseConnection.php(606): CodeIgniter\Database\BaseConnection->simpleQuery('UPDATE `gli` SE...')
#3 C:\CapstoneSystem\system\Database\BaseBuilder.php(2475): CodeIgniter\Database\BaseConnection->query('UPDATE `gli` SE...', Array, false)
#4 C:\CapstoneSystem\system\Model.php(385): CodeIgniter\Database\BaseBuilder->update()
#5 C:\CapstoneSystem\system\BaseModel.php(949): CodeIgniter\Model->doUpdate(NULL, Array)
#6 C:\CapstoneSystem\system\Model.php(776): CodeIgniter\BaseModel->update(NULL, Array)
#7 C:\CapstoneSystem\app\Controllers\AppController.php(350): CodeIgniter\Model->update()
#8 C:\CapstoneSystem\system\CodeIgniter.php(919): App\Controllers\AppController->form3sv()
#9 C:\CapstoneSystem\system\CodeIgniter.php(494): CodeIgniter\CodeIgniter->runController(Object(App\Controllers\AppController))
#10 C:\CapstoneSystem\system\CodeIgniter.php(353): CodeIgniter\CodeIgniter->handleRequest(NULL, Object(Config\Cache), false)
#11 C:\CapstoneSystem\public\index.php(79): CodeIgniter\CodeIgniter->run()
#12 C:\CapstoneSystem\system\Commands\Server\rewrite.php(47): require_once('C:\\CapstoneSyst...')
#13 {main}
CRITICAL - 2024-03-13 02:33:51 --> Unknown column 'astName3' in 'field list'
in SYSTEMPATH\Database\BaseConnection.php on line 646.
 1 SYSTEMPATH\Database\BaseBuilder.php(2475): CodeIgniter\Database\BaseConnection->query('UPDATE `gli` SET `applicant_id` = :applicant_id.1:, `app_gli_token` = :app_gli_token:, `lastName` = :lastName:, `firstName` = :firstName:, `middleName` = :middleName :, `dateOfBirth` = :dateOfBirth:, `occupation` = :occupation:, `companyName` = :companyName:, `businessNature` = :businessNature:, `sex` = :sex:, `civilStatus` = :civilStatus :, `nationality` = :nationality:, `residenceAddress` = :residenceAddress:, `residenceTelephone` = :residenceTelephone:, `businessAddress` = :businessAddress:, `businessTelephone` = :businessTelephone:, `firstName1` = :firstName1:, `mi1` = :mi1:, `lastName1` = :lastName1 :, `month1` = :month1:, `day1` = :day1:, `year1` = :year1:, `relationship1` = :relationship1:, `remarks1` = :remarks1 :, `firstName2` = :firstName2 :, `mi2` = :mi2 :, `lastName2` = :lastName2 :, `month2` = :month2:, `day2` = :day2:, `year2` = :year2:, `relationship2` = :relationship2:, `remarks2` = :remarks2:, `firstName3` = :firstName3 :, `mi3` = :mi3 :, `astName3` = :astName3:, `month3` = :month3:, `day3` = :day3:, `year3` = :year3:, `relationship3` = :relationship3 :, `remarks3` = :remarks3 :, `firstName4` = :firstName4:, `mi4` = :mi4 :, `lastName4` = :lastName4:, `month4` = :month4:, `day4` = :day4:, `year4` = :year4:, `relationship` = :relationship :, `remakrs4` = :remakrs4 :, `trusteeMinorBenefic` = :trusteeMinorBenefic:, `place` = :place :, `day` = :day:, `month` = :month:, `year` = :year:, `applicantSignature` = :applicantSignature:
WHERE `applicant_id` = :applicant_id:', [...], false)
 2 SYSTEMPATH\Model.php(385): CodeIgniter\Database\BaseBuilder->update()
 3 SYSTEMPATH\BaseModel.php(949): CodeIgniter\Model->doUpdate(null, [...])
 4 SYSTEMPATH\Model.php(776): CodeIgniter\BaseModel->update(null, [...])
 5 APPPATH\Controllers\AppController.php(350): CodeIgniter\Model->update()
 6 SYSTEMPATH\CodeIgniter.php(919): App\Controllers\AppController->form3sv()
 7 SYSTEMPATH\CodeIgniter.php(494): CodeIgniter\CodeIgniter->runController(Object(App\Controllers\AppController))
 8 SYSTEMPATH\CodeIgniter.php(353): CodeIgniter\CodeIgniter->handleRequest(null, Object(Config\Cache), false)
 9 FCPATH\index.php(79): CodeIgniter\CodeIgniter->run()
10 SYSTEMPATH\Commands\Server\rewrite.php(47): require_once('C:\\CapstoneSystem\\public\\index.php')
ERROR - 2024-03-13 02:34:16 --> mysqli_sql_exception: Unknown column 'relationship' in 'field list' in C:\CapstoneSystem\system\Database\MySQLi\Connection.php:306
Stack trace:
#0 C:\CapstoneSystem\system\Database\MySQLi\Connection.php(306): mysqli->query('UPDATE `gli` SE...', 0)
#1 C:\CapstoneSystem\system\Database\BaseConnection.php(692): CodeIgniter\Database\MySQLi\Connection->execute('UPDATE `gli` SE...')
#2 C:\CapstoneSystem\system\Database\BaseConnection.php(606): CodeIgniter\Database\BaseConnection->simpleQuery('UPDATE `gli` SE...')
#3 C:\CapstoneSystem\system\Database\BaseBuilder.php(2475): CodeIgniter\Database\BaseConnection->query('UPDATE `gli` SE...', Array, false)
#4 C:\CapstoneSystem\system\Model.php(385): CodeIgniter\Database\BaseBuilder->update()
#5 C:\CapstoneSystem\system\BaseModel.php(949): CodeIgniter\Model->doUpdate(NULL, Array)
#6 C:\CapstoneSystem\system\Model.php(776): CodeIgniter\BaseModel->update(NULL, Array)
#7 C:\CapstoneSystem\app\Controllers\AppController.php(350): CodeIgniter\Model->update()
#8 C:\CapstoneSystem\system\CodeIgniter.php(919): App\Controllers\AppController->form3sv()
#9 C:\CapstoneSystem\system\CodeIgniter.php(494): CodeIgniter\CodeIgniter->runController(Object(App\Controllers\AppController))
#10 C:\CapstoneSystem\system\CodeIgniter.php(353): CodeIgniter\CodeIgniter->handleRequest(NULL, Object(Config\Cache), false)
#11 C:\CapstoneSystem\public\index.php(79): CodeIgniter\CodeIgniter->run()
#12 C:\CapstoneSystem\system\Commands\Server\rewrite.php(47): require_once('C:\\CapstoneSyst...')
#13 {main}
CRITICAL - 2024-03-13 02:34:16 --> Unknown column 'relationship' in 'field list'
in SYSTEMPATH\Database\BaseConnection.php on line 646.
 1 SYSTEMPATH\Database\BaseBuilder.php(2475): CodeIgniter\Database\BaseConnection->query('UPDATE `gli` SET `applicant_id` = :applicant_id.1:, `app_gli_token` = :app_gli_token:, `lastName` = :lastName:, `firstName` = :firstName:, `middleName` = :middleName :, `dateOfBirth` = :dateOfBirth:, `occupation` = :occupation:, `companyName` = :companyName:, `businessNature` = :businessNature:, `sex` = :sex:, `civilStatus` = :civilStatus :, `nationality` = :nationality:, `residenceAddress` = :residenceAddress:, `residenceTelephone` = :residenceTelephone:, `businessAddress` = :businessAddress:, `businessTelephone` = :businessTelephone:, `firstName1` = :firstName1:, `mi1` = :mi1:, `lastName1` = :lastName1 :, `month1` = :month1:, `day1` = :day1:, `year1` = :year1:, `relationship1` = :relationship1:, `remarks1` = :remarks1 :, `firstName2` = :firstName2 :, `mi2` = :mi2 :, `lastName2` = :lastName2 :, `month2` = :month2:, `day2` = :day2:, `year2` = :year2:, `relationship2` = :relationship2:, `remarks2` = :remarks2:, `firstName3` = :firstName3 :, `mi3` = :mi3 :, `month3` = :month3:, `day3` = :day3:, `year3` = :year3:, `relationship3` = :relationship3 :, `remarks3` = :remarks3 :, `firstName4` = :firstName4:, `mi4` = :mi4 :, `lastName4` = :lastName4:, `month4` = :month4:, `day4` = :day4:, `year4` = :year4:, `relationship` = :relationship :, `remakrs4` = :remakrs4 :, `trusteeMinorBenefic` = :trusteeMinorBenefic:, `place` = :place :, `day` = :day:, `month` = :month:, `year` = :year:, `applicantSignature` = :applicantSignature:
WHERE `applicant_id` = :applicant_id:', [...], false)
 2 SYSTEMPATH\Model.php(385): CodeIgniter\Database\BaseBuilder->update()
 3 SYSTEMPATH\BaseModel.php(949): CodeIgniter\Model->doUpdate(null, [...])
 4 SYSTEMPATH\Model.php(776): CodeIgniter\BaseModel->update(null, [...])
 5 APPPATH\Controllers\AppController.php(350): CodeIgniter\Model->update()
 6 SYSTEMPATH\CodeIgniter.php(919): App\Controllers\AppController->form3sv()
 7 SYSTEMPATH\CodeIgniter.php(494): CodeIgniter\CodeIgniter->runController(Object(App\Controllers\AppController))
 8 SYSTEMPATH\CodeIgniter.php(353): CodeIgniter\CodeIgniter->handleRequest(null, Object(Config\Cache), false)
 9 FCPATH\index.php(79): CodeIgniter\CodeIgniter->run()
10 SYSTEMPATH\Commands\Server\rewrite.php(47): require_once('C:\\CapstoneSystem\\public\\index.php')
ERROR - 2024-03-13 02:34:38 --> mysqli_sql_exception: Unknown column 'trusteeMinorBenefic' in 'field list' in C:\CapstoneSystem\system\Database\MySQLi\Connection.php:306
Stack trace:
#0 C:\CapstoneSystem\system\Database\MySQLi\Connection.php(306): mysqli->query('UPDATE `gli` SE...', 0)
#1 C:\CapstoneSystem\system\Database\BaseConnection.php(692): CodeIgniter\Database\MySQLi\Connection->execute('UPDATE `gli` SE...')
#2 C:\CapstoneSystem\system\Database\BaseConnection.php(606): CodeIgniter\Database\BaseConnection->simpleQuery('UPDATE `gli` SE...')
#3 C:\CapstoneSystem\system\Database\BaseBuilder.php(2475): CodeIgniter\Database\BaseConnection->query('UPDATE `gli` SE...', Array, false)
#4 C:\CapstoneSystem\system\Model.php(385): CodeIgniter\Database\BaseBuilder->update()
#5 C:\CapstoneSystem\system\BaseModel.php(949): CodeIgniter\Model->doUpdate(NULL, Array)
#6 C:\CapstoneSystem\system\Model.php(776): CodeIgniter\BaseModel->update(NULL, Array)
#7 C:\CapstoneSystem\app\Controllers\AppController.php(350): CodeIgniter\Model->update()
#8 C:\CapstoneSystem\system\CodeIgniter.php(919): App\Controllers\AppController->form3sv()
#9 C:\CapstoneSystem\system\CodeIgniter.php(494): CodeIgniter\CodeIgniter->runController(Object(App\Controllers\AppController))
#10 C:\CapstoneSystem\system\CodeIgniter.php(353): CodeIgniter\CodeIgniter->handleRequest(NULL, Object(Config\Cache), false)
#11 C:\CapstoneSystem\public\index.php(79): CodeIgniter\CodeIgniter->run()
#12 C:\CapstoneSystem\system\Commands\Server\rewrite.php(47): require_once('C:\\CapstoneSyst...')
#13 {main}
CRITICAL - 2024-03-13 02:34:38 --> Unknown column 'trusteeMinorBenefic' in 'field list'
in SYSTEMPATH\Database\BaseConnection.php on line 646.
 1 SYSTEMPATH\Database\BaseBuilder.php(2475): CodeIgniter\Database\BaseConnection->query('UPDATE `gli` SET `applicant_id` = :applicant_id.1:, `app_gli_token` = :app_gli_token:, `lastName` = :lastName:, `firstName` = :firstName:, `middleName` = :middleName :, `dateOfBirth` = :dateOfBirth:, `occupation` = :occupation:, `companyName` = :companyName:, `businessNature` = :businessNature:, `sex` = :sex:, `civilStatus` = :civilStatus :, `nationality` = :nationality:, `residenceAddress` = :residenceAddress:, `residenceTelephone` = :residenceTelephone:, `businessAddress` = :businessAddress:, `businessTelephone` = :businessTelephone:, `firstName1` = :firstName1:, `mi1` = :mi1:, `lastName1` = :lastName1 :, `month1` = :month1:, `day1` = :day1:, `year1` = :year1:, `relationship1` = :relationship1:, `remarks1` = :remarks1 :, `firstName2` = :firstName2 :, `mi2` = :mi2 :, `lastName2` = :lastName2 :, `month2` = :month2:, `day2` = :day2:, `year2` = :year2:, `relationship2` = :relationship2:, `remarks2` = :remarks2:, `firstName3` = :firstName3 :, `mi3` = :mi3 :, `month3` = :month3:, `day3` = :day3:, `year3` = :year3:, `relationship3` = :relationship3 :, `remarks3` = :remarks3 :, `firstName4` = :firstName4:, `mi4` = :mi4 :, `lastName4` = :lastName4:, `month4` = :month4:, `day4` = :day4:, `year4` = :year4:, `remakrs4` = :remakrs4 :, `trusteeMinorBenefic` = :trusteeMinorBenefic:, `place` = :place :, `day` = :day:, `month` = :month:, `year` = :year:, `applicantSignature` = :applicantSignature:
WHERE `applicant_id` = :applicant_id:', [...], false)
 2 SYSTEMPATH\Model.php(385): CodeIgniter\Database\BaseBuilder->update()
 3 SYSTEMPATH\BaseModel.php(949): CodeIgniter\Model->doUpdate(null, [...])
 4 SYSTEMPATH\Model.php(776): CodeIgniter\BaseModel->update(null, [...])
 5 APPPATH\Controllers\AppController.php(350): CodeIgniter\Model->update()
 6 SYSTEMPATH\CodeIgniter.php(919): App\Controllers\AppController->form3sv()
 7 SYSTEMPATH\CodeIgniter.php(494): CodeIgniter\CodeIgniter->runController(Object(App\Controllers\AppController))
 8 SYSTEMPATH\CodeIgniter.php(353): CodeIgniter\CodeIgniter->handleRequest(null, Object(Config\Cache), false)
 9 FCPATH\index.php(79): CodeIgniter\CodeIgniter->run()
10 SYSTEMPATH\Commands\Server\rewrite.php(47): require_once('C:\\CapstoneSystem\\public\\index.php')
ERROR - 2024-03-13 02:35:31 --> mysqli_sql_exception: Cannot add or update a child row: a foreign key constraint fails (`erecruit`.`gli`, CONSTRAINT `fk_gli_app_token` FOREIGN KEY (`app_gli_token`) REFERENCES `applicant` (`app_token`) ON DELETE CASCADE ON UPDATE CASCADE) in C:\CapstoneSystem\system\Database\MySQLi\Connection.php:306
Stack trace:
#0 C:\CapstoneSystem\system\Database\MySQLi\Connection.php(306): mysqli->query('UPDATE `gli` SE...', 0)
#1 C:\CapstoneSystem\system\Database\BaseConnection.php(692): CodeIgniter\Database\MySQLi\Connection->execute('UPDATE `gli` SE...')
#2 C:\CapstoneSystem\system\Database\BaseConnection.php(606): CodeIgniter\Database\BaseConnection->simpleQuery('UPDATE `gli` SE...')
#3 C:\CapstoneSystem\system\Database\BaseBuilder.php(2475): CodeIgniter\Database\BaseConnection->query('UPDATE `gli` SE...', Array, false)
#4 C:\CapstoneSystem\system\Model.php(385): CodeIgniter\Database\BaseBuilder->update()
#5 C:\CapstoneSystem\system\BaseModel.php(949): CodeIgniter\Model->doUpdate(NULL, Array)
#6 C:\CapstoneSystem\system\Model.php(776): CodeIgniter\BaseModel->update(NULL, Array)
#7 C:\CapstoneSystem\app\Controllers\AppController.php(350): CodeIgniter\Model->update()
#8 C:\CapstoneSystem\system\CodeIgniter.php(919): App\Controllers\AppController->form3sv()
#9 C:\CapstoneSystem\system\CodeIgniter.php(494): CodeIgniter\CodeIgniter->runController(Object(App\Controllers\AppController))
#10 C:\CapstoneSystem\system\CodeIgniter.php(353): CodeIgniter\CodeIgniter->handleRequest(NULL, Object(Config\Cache), false)
#11 C:\CapstoneSystem\public\index.php(79): CodeIgniter\CodeIgniter->run()
#12 C:\CapstoneSystem\system\Commands\Server\rewrite.php(47): require_once('C:\\CapstoneSyst...')
#13 {main}
CRITICAL - 2024-03-13 02:35:31 --> Cannot add or update a child row: a foreign key constraint fails (`erecruit`.`gli`, CONSTRAINT `fk_gli_app_token` FOREIGN KEY (`app_gli_token`) REFERENCES `applicant` (`app_token`) ON DELETE CASCADE ON UPDATE CASCADE)
in SYSTEMPATH\Database\BaseConnection.php on line 646.
 1 SYSTEMPATH\Database\BaseBuilder.php(2475): CodeIgniter\Database\BaseConnection->query('UPDATE `gli` SET `applicant_id` = :applicant_id.1:, `app_gli_token` = :app_gli_token:, `lastName` = :lastName:, `firstName` = :firstName:, `middleName` = :middleName :, `dateOfBirth` = :dateOfBirth:, `occupation` = :occupation:, `companyName` = :companyName:, `businessNature` = :businessNature:, `sex` = :sex:, `civilStatus` = :civilStatus :, `nationality` = :nationality:, `residenceAddress` = :residenceAddress:, `residenceTelephone` = :residenceTelephone:, `businessAddress` = :businessAddress:, `businessTelephone` = :businessTelephone:, `firstName1` = :firstName1:, `mi1` = :mi1:, `lastName1` = :lastName1 :, `month1` = :month1:, `day1` = :day1:, `year1` = :year1:, `relationship1` = :relationship1:, `remarks1` = :remarks1 :, `firstName2` = :firstName2 :, `mi2` = :mi2 :, `lastName2` = :lastName2 :, `month2` = :month2:, `day2` = :day2:, `year2` = :year2:, `relationship2` = :relationship2:, `remarks2` = :remarks2:, `firstName3` = :firstName3 :, `mi3` = :mi3 :, `month3` = :month3:, `day3` = :day3:, `year3` = :year3:, `relationship3` = :relationship3 :, `remarks3` = :remarks3 :, `firstName4` = :firstName4:, `mi4` = :mi4 :, `lastName4` = :lastName4:, `month4` = :month4:, `day4` = :day4:, `year4` = :year4:, `relationship4` = :relationship4:, `remakrs4` = :remakrs4 :, `place` = :place :, `day` = :day:, `month` = :month:, `year` = :year:, `applicantSignature` = :applicantSignature:
WHERE `applicant_id` = :applicant_id:', [...], false)
 2 SYSTEMPATH\Model.php(385): CodeIgniter\Database\BaseBuilder->update()
 3 SYSTEMPATH\BaseModel.php(949): CodeIgniter\Model->doUpdate(null, [...])
 4 SYSTEMPATH\Model.php(776): CodeIgniter\BaseModel->update(null, [...])
 5 APPPATH\Controllers\AppController.php(350): CodeIgniter\Model->update()
 6 SYSTEMPATH\CodeIgniter.php(919): App\Controllers\AppController->form3sv()
 7 SYSTEMPATH\CodeIgniter.php(494): CodeIgniter\CodeIgniter->runController(Object(App\Controllers\AppController))
 8 SYSTEMPATH\CodeIgniter.php(353): CodeIgniter\CodeIgniter->handleRequest(null, Object(Config\Cache), false)
 9 FCPATH\index.php(79): CodeIgniter\CodeIgniter->run()
10 SYSTEMPATH\Commands\Server\rewrite.php(47): require_once('C:\\CapstoneSystem\\public\\index.php')
ERROR - 2024-03-13 02:37:24 --> mysqli_sql_exception: Cannot add or update a child row: a foreign key constraint fails (`erecruit`.`gli`, CONSTRAINT `fk_gli_app_token` FOREIGN KEY (`app_gli_token`) REFERENCES `applicant` (`app_token`) ON DELETE RESTRICT ON UPDATE RESTRICT) in C:\CapstoneSystem\system\Database\MySQLi\Connection.php:306
Stack trace:
#0 C:\CapstoneSystem\system\Database\MySQLi\Connection.php(306): mysqli->query('UPDATE `gli` SE...', 0)
#1 C:\CapstoneSystem\system\Database\BaseConnection.php(692): CodeIgniter\Database\MySQLi\Connection->execute('UPDATE `gli` SE...')
#2 C:\CapstoneSystem\system\Database\BaseConnection.php(606): CodeIgniter\Database\BaseConnection->simpleQuery('UPDATE `gli` SE...')
#3 C:\CapstoneSystem\system\Database\BaseBuilder.php(2475): CodeIgniter\Database\BaseConnection->query('UPDATE `gli` SE...', Array, false)
#4 C:\CapstoneSystem\system\Model.php(385): CodeIgniter\Database\BaseBuilder->update()
#5 C:\CapstoneSystem\system\BaseModel.php(949): CodeIgniter\Model->doUpdate(NULL, Array)
#6 C:\CapstoneSystem\system\Model.php(776): CodeIgniter\BaseModel->update(NULL, Array)
#7 C:\CapstoneSystem\app\Controllers\AppController.php(350): CodeIgniter\Model->update()
#8 C:\CapstoneSystem\system\CodeIgniter.php(919): App\Controllers\AppController->form3sv()
#9 C:\CapstoneSystem\system\CodeIgniter.php(494): CodeIgniter\CodeIgniter->runController(Object(App\Controllers\AppController))
#10 C:\CapstoneSystem\system\CodeIgniter.php(353): CodeIgniter\CodeIgniter->handleRequest(NULL, Object(Config\Cache), false)
#11 C:\CapstoneSystem\public\index.php(79): CodeIgniter\CodeIgniter->run()
#12 C:\CapstoneSystem\system\Commands\Server\rewrite.php(47): require_once('C:\\CapstoneSyst...')
#13 {main}
CRITICAL - 2024-03-13 02:37:24 --> Cannot add or update a child row: a foreign key constraint fails (`erecruit`.`gli`, CONSTRAINT `fk_gli_app_token` FOREIGN KEY (`app_gli_token`) REFERENCES `applicant` (`app_token`) ON DELETE RESTRICT ON UPDATE RESTRICT)
in SYSTEMPATH\Database\BaseConnection.php on line 646.
 1 SYSTEMPATH\Database\BaseBuilder.php(2475): CodeIgniter\Database\BaseConnection->query('UPDATE `gli` SET `applicant_id` = :applicant_id.1:, `app_gli_token` = :app_gli_token:, `lastName` = :lastName:, `firstName` = :firstName:, `middleName` = :middleName :, `dateOfBirth` = :dateOfBirth:, `occupation` = :occupation:, `companyName` = :companyName:, `businessNature` = :businessNature:, `sex` = :sex:, `civilStatus` = :civilStatus :, `nationality` = :nationality:, `residenceAddress` = :residenceAddress:, `residenceTelephone` = :residenceTelephone:, `businessAddress` = :businessAddress:, `businessTelephone` = :businessTelephone:, `firstName1` = :firstName1:, `mi1` = :mi1:, `lastName1` = :lastName1 :, `month1` = :month1:, `day1` = :day1:, `year1` = :year1:, `relationship1` = :relationship1:, `remarks1` = :remarks1 :, `firstName2` = :firstName2 :, `mi2` = :mi2 :, `lastName2` = :lastName2 :, `month2` = :month2:, `day2` = :day2:, `year2` = :year2:, `relationship2` = :relationship2:, `remarks2` = :remarks2:, `firstName3` = :firstName3 :, `mi3` = :mi3 :, `month3` = :month3:, `day3` = :day3:, `year3` = :year3:, `relationship3` = :relationship3 :, `remarks3` = :remarks3 :, `firstName4` = :firstName4:, `mi4` = :mi4 :, `lastName4` = :lastName4:, `month4` = :month4:, `day4` = :day4:, `year4` = :year4:, `relationship4` = :relationship4:, `remakrs4` = :remakrs4 :, `place` = :place :, `day` = :day:, `month` = :month:, `year` = :year:, `applicantSignature` = :applicantSignature:
WHERE `applicant_id` = :applicant_id:', [...], false)
 2 SYSTEMPATH\Model.php(385): CodeIgniter\Database\BaseBuilder->update()
 3 SYSTEMPATH\BaseModel.php(949): CodeIgniter\Model->doUpdate(null, [...])
 4 SYSTEMPATH\Model.php(776): CodeIgniter\BaseModel->update(null, [...])
 5 APPPATH\Controllers\AppController.php(350): CodeIgniter\Model->update()
 6 SYSTEMPATH\CodeIgniter.php(919): App\Controllers\AppController->form3sv()
 7 SYSTEMPATH\CodeIgniter.php(494): CodeIgniter\CodeIgniter->runController(Object(App\Controllers\AppController))
 8 SYSTEMPATH\CodeIgniter.php(353): CodeIgniter\CodeIgniter->handleRequest(null, Object(Config\Cache), false)
 9 FCPATH\index.php(79): CodeIgniter\CodeIgniter->run()
10 SYSTEMPATH\Commands\Server\rewrite.php(47): require_once('C:\\CapstoneSystem\\public\\index.php')
ERROR - 2024-03-13 02:37:36 --> mysqli_sql_exception: Cannot add or update a child row: a foreign key constraint fails (`erecruit`.`gli`, CONSTRAINT `fk_gli_app_token` FOREIGN KEY (`app_gli_token`) REFERENCES `applicant` (`app_token`) ON DELETE CASCADE ON UPDATE CASCADE) in C:\CapstoneSystem\system\Database\MySQLi\Connection.php:306
Stack trace:
#0 C:\CapstoneSystem\system\Database\MySQLi\Connection.php(306): mysqli->query('UPDATE `gli` SE...', 0)
#1 C:\CapstoneSystem\system\Database\BaseConnection.php(692): CodeIgniter\Database\MySQLi\Connection->execute('UPDATE `gli` SE...')
#2 C:\CapstoneSystem\system\Database\BaseConnection.php(606): CodeIgniter\Database\BaseConnection->simpleQuery('UPDATE `gli` SE...')
#3 C:\CapstoneSystem\system\Database\BaseBuilder.php(2475): CodeIgniter\Database\BaseConnection->query('UPDATE `gli` SE...', Array, false)
#4 C:\CapstoneSystem\system\Model.php(385): CodeIgniter\Database\BaseBuilder->update()
#5 C:\CapstoneSystem\system\BaseModel.php(949): CodeIgniter\Model->doUpdate(NULL, Array)
#6 C:\CapstoneSystem\system\Model.php(776): CodeIgniter\BaseModel->update(NULL, Array)
#7 C:\CapstoneSystem\app\Controllers\AppController.php(350): CodeIgniter\Model->update()
#8 C:\CapstoneSystem\system\CodeIgniter.php(919): App\Controllers\AppController->form3sv()
#9 C:\CapstoneSystem\system\CodeIgniter.php(494): CodeIgniter\CodeIgniter->runController(Object(App\Controllers\AppController))
#10 C:\CapstoneSystem\system\CodeIgniter.php(353): CodeIgniter\CodeIgniter->handleRequest(NULL, Object(Config\Cache), false)
#11 C:\CapstoneSystem\public\index.php(79): CodeIgniter\CodeIgniter->run()
#12 C:\CapstoneSystem\system\Commands\Server\rewrite.php(47): require_once('C:\\CapstoneSyst...')
#13 {main}
CRITICAL - 2024-03-13 02:37:36 --> Cannot add or update a child row: a foreign key constraint fails (`erecruit`.`gli`, CONSTRAINT `fk_gli_app_token` FOREIGN KEY (`app_gli_token`) REFERENCES `applicant` (`app_token`) ON DELETE CASCADE ON UPDATE CASCADE)
in SYSTEMPATH\Database\BaseConnection.php on line 646.
 1 SYSTEMPATH\Database\BaseBuilder.php(2475): CodeIgniter\Database\BaseConnection->query('UPDATE `gli` SET `applicant_id` = :applicant_id.1:, `app_gli_token` = :app_gli_token:, `lastName` = :lastName:, `firstName` = :firstName:, `middleName` = :middleName :, `dateOfBirth` = :dateOfBirth:, `occupation` = :occupation:, `companyName` = :companyName:, `businessNature` = :businessNature:, `sex` = :sex:, `civilStatus` = :civilStatus :, `nationality` = :nationality:, `residenceAddress` = :residenceAddress:, `residenceTelephone` = :residenceTelephone:, `businessAddress` = :businessAddress:, `businessTelephone` = :businessTelephone:, `firstName1` = :firstName1:, `mi1` = :mi1:, `lastName1` = :lastName1 :, `month1` = :month1:, `day1` = :day1:, `year1` = :year1:, `relationship1` = :relationship1:, `remarks1` = :remarks1 :, `firstName2` = :firstName2 :, `mi2` = :mi2 :, `lastName2` = :lastName2 :, `month2` = :month2:, `day2` = :day2:, `year2` = :year2:, `relationship2` = :relationship2:, `remarks2` = :remarks2:, `firstName3` = :firstName3 :, `mi3` = :mi3 :, `month3` = :month3:, `day3` = :day3:, `year3` = :year3:, `relationship3` = :relationship3 :, `remarks3` = :remarks3 :, `firstName4` = :firstName4:, `mi4` = :mi4 :, `lastName4` = :lastName4:, `month4` = :month4:, `day4` = :day4:, `year4` = :year4:, `relationship4` = :relationship4:, `remakrs4` = :remakrs4 :, `place` = :place :, `day` = :day:, `month` = :month:, `year` = :year:, `applicantSignature` = :applicantSignature:
WHERE `applicant_id` = :applicant_id:', [...], false)
 2 SYSTEMPATH\Model.php(385): CodeIgniter\Database\BaseBuilder->update()
 3 SYSTEMPATH\BaseModel.php(949): CodeIgniter\Model->doUpdate(null, [...])
 4 SYSTEMPATH\Model.php(776): CodeIgniter\BaseModel->update(null, [...])
 5 APPPATH\Controllers\AppController.php(350): CodeIgniter\Model->update()
 6 SYSTEMPATH\CodeIgniter.php(919): App\Controllers\AppController->form3sv()
 7 SYSTEMPATH\CodeIgniter.php(494): CodeIgniter\CodeIgniter->runController(Object(App\Controllers\AppController))
 8 SYSTEMPATH\CodeIgniter.php(353): CodeIgniter\CodeIgniter->handleRequest(null, Object(Config\Cache), false)
 9 FCPATH\index.php(79): CodeIgniter\CodeIgniter->run()
10 SYSTEMPATH\Commands\Server\rewrite.php(47): require_once('C:\\CapstoneSystem\\public\\index.php')
CRITICAL - 2024-03-13 18:47:24 --> Trying to access array offset on value of type null
in APPPATH\Views\Admin\details.php on line 253.
 1 APPPATH\Views\Admin\details.php(253): CodeIgniter\Debug\Exceptions->errorHandler(2, 'Trying to access array offset on value of type null', 'C:\\CapstoneSystem\\app\\Views\\Admin\\details.php', 253)
 2 SYSTEMPATH\View\View.php(226): include('C:\\CapstoneSystem\\app\\Views\\Admin\\details.php')
 3 SYSTEMPATH\View\View.php(229): CodeIgniter\View\View->CodeIgniter\View\{closure}()
 4 SYSTEMPATH\Common.php(1188): CodeIgniter\View\View->render('Admin/details', [], true)
 5 APPPATH\Controllers\AdminController.php(164): view('Admin/details', [...])
 6 SYSTEMPATH\CodeIgniter.php(919): App\Controllers\AdminController->viewAppForm('6c3e88bb1714b7a07d4fa2f9f87540a3677cbd810713d8cc')
 7 SYSTEMPATH\CodeIgniter.php(494): CodeIgniter\CodeIgniter->runController(Object(App\Controllers\AdminController))
 8 SYSTEMPATH\CodeIgniter.php(353): CodeIgniter\CodeIgniter->handleRequest(null, Object(Config\Cache), false)
 9 FCPATH\index.php(79): CodeIgniter\CodeIgniter->run()
10 SYSTEMPATH\Commands\Server\rewrite.php(47): require_once('C:\\CapstoneSystem\\public\\index.php')
CRITICAL - 2024-03-13 18:48:48 --> Trying to access array offset on value of type null
in APPPATH\Views\Admin\details.php on line 253.
 1 APPPATH\Views\Admin\details.php(253): CodeIgniter\Debug\Exceptions->errorHandler(2, 'Trying to access array offset on value of type null', 'C:\\CapstoneSystem\\app\\Views\\Admin\\details.php', 253)
 2 SYSTEMPATH\View\View.php(226): include('C:\\CapstoneSystem\\app\\Views\\Admin\\details.php')
 3 SYSTEMPATH\View\View.php(229): CodeIgniter\View\View->CodeIgniter\View\{closure}()
 4 SYSTEMPATH\Common.php(1188): CodeIgniter\View\View->render('Admin/details', [], true)
 5 APPPATH\Controllers\AdminController.php(164): view('Admin/details', [...])
 6 SYSTEMPATH\CodeIgniter.php(919): App\Controllers\AdminController->viewAppForm('138')
 7 SYSTEMPATH\CodeIgniter.php(494): CodeIgniter\CodeIgniter->runController(Object(App\Controllers\AdminController))
 8 SYSTEMPATH\CodeIgniter.php(353): CodeIgniter\CodeIgniter->handleRequest(null, Object(Config\Cache), false)
 9 FCPATH\index.php(79): CodeIgniter\CodeIgniter->run()
10 SYSTEMPATH\Commands\Server\rewrite.php(47): require_once('C:\\CapstoneSystem\\public\\index.php')
CRITICAL - 2024-03-13 18:48:59 --> Trying to access array offset on value of type null
in APPPATH\Views\Admin\details.php on line 253.
 1 APPPATH\Views\Admin\details.php(253): CodeIgniter\Debug\Exceptions->errorHandler(2, 'Trying to access array offset on value of type null', 'C:\\CapstoneSystem\\app\\Views\\Admin\\details.php', 253)
 2 SYSTEMPATH\View\View.php(226): include('C:\\CapstoneSystem\\app\\Views\\Admin\\details.php')
 3 SYSTEMPATH\View\View.php(229): CodeIgniter\View\View->CodeIgniter\View\{closure}()
 4 SYSTEMPATH\Common.php(1188): CodeIgniter\View\View->render('Admin/details', [], true)
 5 APPPATH\Controllers\AdminController.php(164): view('Admin/details', [...])
 6 SYSTEMPATH\CodeIgniter.php(919): App\Controllers\AdminController->viewAppForm('134')
 7 SYSTEMPATH\CodeIgniter.php(494): CodeIgniter\CodeIgniter->runController(Object(App\Controllers\AdminController))
 8 SYSTEMPATH\CodeIgniter.php(353): CodeIgniter\CodeIgniter->handleRequest(null, Object(Config\Cache), false)
 9 FCPATH\index.php(79): CodeIgniter\CodeIgniter->run()
10 SYSTEMPATH\Commands\Server\rewrite.php(47): require_once('C:\\CapstoneSystem\\public\\index.php')
CRITICAL - 2024-03-13 18:49:42 --> Trying to access array offset on value of type null
in APPPATH\Views\Admin\details.php on line 253.
 1 APPPATH\Views\Admin\details.php(253): CodeIgniter\Debug\Exceptions->errorHandler(2, 'Trying to access array offset on value of type null', 'C:\\CapstoneSystem\\app\\Views\\Admin\\details.php', 253)
 2 SYSTEMPATH\View\View.php(226): include('C:\\CapstoneSystem\\app\\Views\\Admin\\details.php')
 3 SYSTEMPATH\View\View.php(229): CodeIgniter\View\View->CodeIgniter\View\{closure}()
 4 SYSTEMPATH\Common.php(1188): CodeIgniter\View\View->render('Admin/details', [], true)
 5 APPPATH\Controllers\AdminController.php(164): view('Admin/details', [...])
 6 SYSTEMPATH\CodeIgniter.php(919): App\Controllers\AdminController->viewAppForm('134')
 7 SYSTEMPATH\CodeIgniter.php(494): CodeIgniter\CodeIgniter->runController(Object(App\Controllers\AdminController))
 8 SYSTEMPATH\CodeIgniter.php(353): CodeIgniter\CodeIgniter->handleRequest(null, Object(Config\Cache), false)
 9 FCPATH\index.php(79): CodeIgniter\CodeIgniter->run()
10 SYSTEMPATH\Commands\Server\rewrite.php(47): require_once('C:\\CapstoneSystem\\public\\index.php')
CRITICAL - 2024-03-13 18:54:20 --> Invalid file: "Admin/details.php"
in SYSTEMPATH\Exceptions\FrameworkException.php on line 39.
 1 SYSTEMPATH\View\View.php(214): CodeIgniter\Exceptions\FrameworkException::forInvalidFile('Admin/details.php')
 2 SYSTEMPATH\Common.php(1188): CodeIgniter\View\View->render('Admin/details', [], true)
 3 APPPATH\Controllers\AdminController.php(164): view('Admin/details', [...])
 4 SYSTEMPATH\CodeIgniter.php(919): App\Controllers\AdminController->viewAppForm('fe1acc0f7424c413008113258112a2171d08f3e149b4933b')
 5 SYSTEMPATH\CodeIgniter.php(494): CodeIgniter\CodeIgniter->runController(Object(App\Controllers\AdminController))
 6 SYSTEMPATH\CodeIgniter.php(353): CodeIgniter\CodeIgniter->handleRequest(null, Object(Config\Cache), false)
 7 FCPATH\index.php(79): CodeIgniter\CodeIgniter->run()
 8 SYSTEMPATH\Commands\Server\rewrite.php(47): require_once('C:\\CapstoneSystem\\public\\index.php')
CRITICAL - 2024-03-13 19:02:59 --> Undefined variable $lifechangerform
in APPPATH\Views\Admin\Forms\details.php on line 253.
 1 APPPATH\Views\Admin\Forms\details.php(253): CodeIgniter\Debug\Exceptions->errorHandler(2, 'Undefined variable $lifechangerform', 'C:\\CapstoneSystem\\app\\Views\\Admin\\Forms\\details.php', 253)
 2 SYSTEMPATH\View\View.php(226): include('C:\\CapstoneSystem\\app\\Views\\Admin\\Forms\\details.php')
 3 SYSTEMPATH\View\View.php(229): CodeIgniter\View\View->CodeIgniter\View\{closure}()
 4 SYSTEMPATH\Common.php(1188): CodeIgniter\View\View->render('Admin/Forms/details', [], true)
 5 APPPATH\Controllers\AdminController.php(177): view('Admin/Forms/details', [...])
 6 SYSTEMPATH\CodeIgniter.php(919): App\Controllers\AdminController->viewAppForm3('fe1acc0f7424c413008113258112a2171d08f3e149b4933b')
 7 SYSTEMPATH\CodeIgniter.php(494): CodeIgniter\CodeIgniter->runController(Object(App\Controllers\AdminController))
 8 SYSTEMPATH\CodeIgniter.php(353): CodeIgniter\CodeIgniter->handleRequest(null, Object(Config\Cache), false)
 9 FCPATH\index.php(79): CodeIgniter\CodeIgniter->run()
10 SYSTEMPATH\Commands\Server\rewrite.php(47): require_once('C:\\CapstoneSystem\\public\\index.php')
CRITICAL - 2024-03-13 19:03:26 --> Undefined variable $lifechangerform
in APPPATH\Views\Admin\Forms\details.php on line 253.
 1 APPPATH\Views\Admin\Forms\details.php(253): CodeIgniter\Debug\Exceptions->errorHandler(2, 'Undefined variable $lifechangerform', 'C:\\CapstoneSystem\\app\\Views\\Admin\\Forms\\details.php', 253)
 2 SYSTEMPATH\View\View.php(226): include('C:\\CapstoneSystem\\app\\Views\\Admin\\Forms\\details.php')
 3 SYSTEMPATH\View\View.php(229): CodeIgniter\View\View->CodeIgniter\View\{closure}()
 4 SYSTEMPATH\Common.php(1188): CodeIgniter\View\View->render('Admin/Forms/details', [], true)
 5 APPPATH\Controllers\AdminController.php(177): view('Admin/Forms/details', [...])
 6 SYSTEMPATH\CodeIgniter.php(919): App\Controllers\AdminController->viewAppForm3('fe1acc0f7424c413008113258112a2171d08f3e149b4933b')
 7 SYSTEMPATH\CodeIgniter.php(494): CodeIgniter\CodeIgniter->runController(Object(App\Controllers\AdminController))
 8 SYSTEMPATH\CodeIgniter.php(353): CodeIgniter\CodeIgniter->handleRequest(null, Object(Config\Cache), false)
 9 FCPATH\index.php(79): CodeIgniter\CodeIgniter->run()
10 SYSTEMPATH\Commands\Server\rewrite.php(47): require_once('C:\\CapstoneSystem\\public\\index.php')
CRITICAL - 2024-03-13 19:16:39 --> Undefined variable $lifechangerform
in APPPATH\Views\Admin\Forms\details2.php on line 285.
 1 APPPATH\Views\Admin\Forms\details2.php(285): CodeIgniter\Debug\Exceptions->errorHandler(2, 'Undefined variable $lifechangerform', 'C:\\CapstoneSystem\\app\\Views\\Admin\\Forms\\details2.php', 285)
 2 SYSTEMPATH\View\View.php(226): include('C:\\CapstoneSystem\\app\\Views\\Admin\\Forms\\details2.php')
 3 SYSTEMPATH\View\View.php(229): CodeIgniter\View\View->CodeIgniter\View\{closure}()
 4 SYSTEMPATH\Common.php(1188): CodeIgniter\View\View->render('Admin/Forms/details2', [], true)
 5 APPPATH\Controllers\AdminController.php(177): view('Admin/Forms/details2', [...])
 6 SYSTEMPATH\CodeIgniter.php(919): App\Controllers\AdminController->viewAppForm3('d6d3ad49b3e64fc98f7cbe16adba3b38894438faa9841df4')
 7 SYSTEMPATH\CodeIgniter.php(494): CodeIgniter\CodeIgniter->runController(Object(App\Controllers\AdminController))
 8 SYSTEMPATH\CodeIgniter.php(353): CodeIgniter\CodeIgniter->handleRequest(null, Object(Config\Cache), false)
 9 FCPATH\index.php(79): CodeIgniter\CodeIgniter->run()
10 SYSTEMPATH\Commands\Server\rewrite.php(47): require_once('C:\\CapstoneSystem\\public\\index.php')
CRITICAL - 2024-03-13 19:31:08 --> Trying to access array offset on value of type null
in APPPATH\Views\Admin\Forms\details2.php on line 287.
 1 APPPATH\Views\Admin\Forms\details2.php(287): CodeIgniter\Debug\Exceptions->errorHandler(2, 'Trying to access array offset on value of type null', 'C:\\CapstoneSystem\\app\\Views\\Admin\\Forms\\details2.php', 287)
 2 SYSTEMPATH\View\View.php(226): include('C:\\CapstoneSystem\\app\\Views\\Admin\\Forms\\details2.php')
 3 SYSTEMPATH\View\View.php(229): CodeIgniter\View\View->CodeIgniter\View\{closure}()
 4 SYSTEMPATH\Common.php(1188): CodeIgniter\View\View->render('Admin/Forms/details2', [], true)
 5 APPPATH\Controllers\AdminController.php(177): view('Admin/Forms/details2', [...])
 6 SYSTEMPATH\CodeIgniter.php(919): App\Controllers\AdminController->viewAppForm3('caa38c82e19731ac4db61004ce02c8b6bdb27cad0827c21e')
 7 SYSTEMPATH\CodeIgniter.php(494): CodeIgniter\CodeIgniter->runController(Object(App\Controllers\AdminController))
 8 SYSTEMPATH\CodeIgniter.php(353): CodeIgniter\CodeIgniter->handleRequest(null, Object(Config\Cache), false)
 9 FCPATH\index.php(79): CodeIgniter\CodeIgniter->run()
10 SYSTEMPATH\Commands\Server\rewrite.php(47): require_once('C:\\CapstoneSystem\\public\\index.php')
CRITICAL - 2024-03-13 19:34:05 --> syntax error, unexpected token ";", expecting ")"
in APPPATH\Views\Admin\Forms\details.php on line 252.
 1 SYSTEMPATH\View\View.php(229): CodeIgniter\View\View->CodeIgniter\View\{closure}()
 2 SYSTEMPATH\Common.php(1188): CodeIgniter\View\View->render('Admin/Forms/details', [], true)
 3 APPPATH\Controllers\AdminController.php(167): view('Admin/Forms/details', [...])
 4 SYSTEMPATH\CodeIgniter.php(919): App\Controllers\AdminController->viewAppForm('caa38c82e19731ac4db61004ce02c8b6bdb27cad0827c21e')
 5 SYSTEMPATH\CodeIgniter.php(494): CodeIgniter\CodeIgniter->runController(Object(App\Controllers\AdminController))
 6 SYSTEMPATH\CodeIgniter.php(353): CodeIgniter\CodeIgniter->handleRequest(null, Object(Config\Cache), false)
 7 FCPATH\index.php(79): CodeIgniter\CodeIgniter->run()
 8 SYSTEMPATH\Commands\Server\rewrite.php(47): require_once('C:\\CapstoneSystem\\public\\index.php')
CRITICAL - 2024-03-13 19:34:13 --> syntax error, unexpected token ";", expecting ")"
in APPPATH\Views\Admin\Forms\details.php on line 252.
 1 SYSTEMPATH\View\View.php(229): CodeIgniter\View\View->CodeIgniter\View\{closure}()
 2 SYSTEMPATH\Common.php(1188): CodeIgniter\View\View->render('Admin/Forms/details', [], true)
 3 APPPATH\Controllers\AdminController.php(167): view('Admin/Forms/details', [...])
 4 SYSTEMPATH\CodeIgniter.php(919): App\Controllers\AdminController->viewAppForm('fe1acc0f7424c413008113258112a2171d08f3e149b4933b')
 5 SYSTEMPATH\CodeIgniter.php(494): CodeIgniter\CodeIgniter->runController(Object(App\Controllers\AdminController))
 6 SYSTEMPATH\CodeIgniter.php(353): CodeIgniter\CodeIgniter->handleRequest(null, Object(Config\Cache), false)
 7 FCPATH\index.php(79): CodeIgniter\CodeIgniter->run()
 8 SYSTEMPATH\Commands\Server\rewrite.php(47): require_once('C:\\CapstoneSystem\\public\\index.php')
CRITICAL - 2024-03-13 19:34:17 --> syntax error, unexpected token ";", expecting ")"
in APPPATH\Views\Admin\Forms\details.php on line 252.
 1 SYSTEMPATH\View\View.php(229): CodeIgniter\View\View->CodeIgniter\View\{closure}()
 2 SYSTEMPATH\Common.php(1188): CodeIgniter\View\View->render('Admin/Forms/details', [], true)
 3 APPPATH\Controllers\AdminController.php(167): view('Admin/Forms/details', [...])
 4 SYSTEMPATH\CodeIgniter.php(919): App\Controllers\AdminController->viewAppForm('a266d9123f0cd3d99f94ac2565fd3f31790fa08927528388')
 5 SYSTEMPATH\CodeIgniter.php(494): CodeIgniter\CodeIgniter->runController(Object(App\Controllers\AdminController))
 6 SYSTEMPATH\CodeIgniter.php(353): CodeIgniter\CodeIgniter->handleRequest(null, Object(Config\Cache), false)
 7 FCPATH\index.php(79): CodeIgniter\CodeIgniter->run()
 8 SYSTEMPATH\Commands\Server\rewrite.php(47): require_once('C:\\CapstoneSystem\\public\\index.php')
CRITICAL - 2024-03-13 19:35:42 --> Undefined array key "username"
in APPPATH\Controllers\AdminController.php on line 333.
 1 APPPATH\Controllers\AdminController.php(333): CodeIgniter\Debug\Exceptions->errorHandler(2, 'Undefined array key "username"', 'C:\\CapstoneSystem\\app\\Controllers\\AdminController.php', 333)
 2 SYSTEMPATH\CodeIgniter.php(919): App\Controllers\AdminController->generatePdf('138')
 3 SYSTEMPATH\CodeIgniter.php(494): CodeIgniter\CodeIgniter->runController(Object(App\Controllers\AdminController))
 4 SYSTEMPATH\CodeIgniter.php(353): CodeIgniter\CodeIgniter->handleRequest(null, Object(Config\Cache), false)
 5 FCPATH\index.php(79): CodeIgniter\CodeIgniter->run()
 6 SYSTEMPATH\Commands\Server\rewrite.php(47): require_once('C:\\CapstoneSystem\\public\\index.php')
