CRITICAL - 2024-05-23 01:06:11 --> Invalid file: "firebase/firebase_.php"
in SYSTEMPATH\Exceptions\FrameworkException.php on line 39.
 1 SYSTEMPATH\View\View.php(214): CodeIgniter\Exceptions\FrameworkException::forInvalidFile('firebase/firebase_.php')
 2 SYSTEMPATH\Common.php(1188): CodeIgniter\View\View->render('firebase/firebase_', [], true)
 3 APPPATH\Views\head.php(35): view('firebase/firebase_')
 4 SYSTEMPATH\View\View.php(226): include('C:\\CapstoneSystem\\app\\Views\\head.php')
 5 SYSTEMPATH\View\View.php(229): CodeIgniter\View\View->CodeIgniter\View\{closure}()
 6 SYSTEMPATH\Common.php(1188): CodeIgniter\View\View->render('head', [], true)
 7 APPPATH\Views\Agent\AgDash.php(3): view('head')
 8 SYSTEMPATH\View\View.php(226): include('C:\\CapstoneSystem\\app\\Views\\Agent\\AgDash.php')
 9 SYSTEMPATH\View\View.php(229): CodeIgniter\View\View->CodeIgniter\View\{closure}()
10 SYSTEMPATH\Common.php(1188): CodeIgniter\View\View->render('Agent/AgDash', [], true)
11 APPPATH\Controllers\AgentController.php(59): view('Agent/AgDash', [...])
12 SYSTEMPATH\CodeIgniter.php(919): App\Controllers\AgentController->AgDash()
13 SYSTEMPATH\CodeIgniter.php(494): CodeIgniter\CodeIgniter->runController(Object(App\Controllers\AgentController))
14 SYSTEMPATH\CodeIgniter.php(353): CodeIgniter\CodeIgniter->handleRequest(null, Object(Config\Cache), false)
15 FCPATH\index.php(79): CodeIgniter\CodeIgniter->run()
16 SYSTEMPATH\Commands\Server\rewrite.php(47): require_once('C:\\CapstoneSystem\\public\\index.php')
CRITICAL - 2024-05-23 02:01:05 --> syntax error, unexpected token "}", expecting ";"
in APPPATH\Controllers\Accounts.php on line 35.
 1 SYSTEMPATH\Autoloader\Autoloader.php(285): CodeIgniter\Autoloader\Autoloader->includeFile('C:\\CapstoneSystem\\app\\Controllers\\Accounts.php')
 2 SYSTEMPATH\Autoloader\Autoloader.php(263): CodeIgniter\Autoloader\Autoloader->loadInNamespace('App\\Controllers\\Accounts')
 3 [internal function]: CodeIgniter\Autoloader\Autoloader->loadClass('App\\Controllers\\Accounts')
 4 SYSTEMPATH\CodeIgniter.php(877): class_exists('\\App\\Controllers\\Accounts', true)
 5 SYSTEMPATH\CodeIgniter.php(481): CodeIgniter\CodeIgniter->startController()
 6 SYSTEMPATH\CodeIgniter.php(353): CodeIgniter\CodeIgniter->handleRequest(null, Object(Config\Cache), false)
 7 FCPATH\index.php(79): CodeIgniter\CodeIgniter->run()
 8 SYSTEMPATH\Commands\Server\rewrite.php(47): require_once('C:\\CapstoneSystem\\public\\index.php')
CRITICAL - 2024-05-23 09:50:19 --> Undefined variable $applicant
in APPPATH\Views\Applicant\chop\header.php on line 55.
 1 APPPATH\Views\Applicant\chop\header.php(55): CodeIgniter\Debug\Exceptions->errorHandler(2, 'Undefined variable $applicant', 'C:\\CapstoneSystem\\app\\Views\\Applicant\\chop\\header.php', 55)
 2 SYSTEMPATH\View\View.php(226): include('C:\\CapstoneSystem\\app\\Views\\Applicant\\chop\\header.php')
 3 SYSTEMPATH\View\View.php(229): CodeIgniter\View\View->CodeIgniter\View\{closure}()
 4 SYSTEMPATH\Common.php(1188): CodeIgniter\View\View->render('Applicant/chop/header', [], true)
 5 APPPATH\Views\Agent\forms.php(9): view('Applicant/chop/header')
 6 SYSTEMPATH\View\View.php(226): include('C:\\CapstoneSystem\\app\\Views\\Agent\\forms.php')
 7 SYSTEMPATH\View\View.php(229): CodeIgniter\View\View->CodeIgniter\View\{closure}()
 8 SYSTEMPATH\Common.php(1188): CodeIgniter\View\View->render('Agent/forms', [], true)
 9 APPPATH\Controllers\AgentController.php(80): view('Agent/forms', [...])
10 SYSTEMPATH\CodeIgniter.php(919): App\Controllers\AgentController->AgForms()
11 SYSTEMPATH\CodeIgniter.php(494): CodeIgniter\CodeIgniter->runController(Object(App\Controllers\AgentController))
12 SYSTEMPATH\CodeIgniter.php(353): CodeIgniter\CodeIgniter->handleRequest(null, Object(Config\Cache), false)
13 FCPATH\index.php(79): CodeIgniter\CodeIgniter->run()
14 SYSTEMPATH\Commands\Server\rewrite.php(47): require_once('C:\\CapstoneSystem\\public\\index.php')
CRITICAL - 2024-05-23 09:52:19 --> Undefined variable $applicant
in APPPATH\Views\Applicant\chop\header.php on line 55.
 1 APPPATH\Views\Applicant\chop\header.php(55): CodeIgniter\Debug\Exceptions->errorHandler(2, 'Undefined variable $applicant', 'C:\\CapstoneSystem\\app\\Views\\Applicant\\chop\\header.php', 55)
 2 SYSTEMPATH\View\View.php(226): include('C:\\CapstoneSystem\\app\\Views\\Applicant\\chop\\header.php')
 3 SYSTEMPATH\View\View.php(229): CodeIgniter\View\View->CodeIgniter\View\{closure}()
 4 SYSTEMPATH\Common.php(1188): CodeIgniter\View\View->render('Applicant/chop/header', [], true)
 5 APPPATH\Views\Agent\forms.php(9): view('Applicant/chop/header')
 6 SYSTEMPATH\View\View.php(226): include('C:\\CapstoneSystem\\app\\Views\\Agent\\forms.php')
 7 SYSTEMPATH\View\View.php(229): CodeIgniter\View\View->CodeIgniter\View\{closure}()
 8 SYSTEMPATH\Common.php(1188): CodeIgniter\View\View->render('Agent/forms', [], true)
 9 APPPATH\Controllers\AgentController.php(80): view('Agent/forms', [...])
10 SYSTEMPATH\CodeIgniter.php(919): App\Controllers\AgentController->AgForms()
11 SYSTEMPATH\CodeIgniter.php(494): CodeIgniter\CodeIgniter->runController(Object(App\Controllers\AgentController))
12 SYSTEMPATH\CodeIgniter.php(353): CodeIgniter\CodeIgniter->handleRequest(null, Object(Config\Cache), false)
13 FCPATH\index.php(79): CodeIgniter\CodeIgniter->run()
14 SYSTEMPATH\Commands\Server\rewrite.php(47): require_once('C:\\CapstoneSystem\\public\\index.php')
CRITICAL - 2024-05-23 09:52:21 --> Undefined variable $applicant
in APPPATH\Views\Applicant\chop\header.php on line 55.
 1 APPPATH\Views\Applicant\chop\header.php(55): CodeIgniter\Debug\Exceptions->errorHandler(2, 'Undefined variable $applicant', 'C:\\CapstoneSystem\\app\\Views\\Applicant\\chop\\header.php', 55)
 2 SYSTEMPATH\View\View.php(226): include('C:\\CapstoneSystem\\app\\Views\\Applicant\\chop\\header.php')
 3 SYSTEMPATH\View\View.php(229): CodeIgniter\View\View->CodeIgniter\View\{closure}()
 4 SYSTEMPATH\Common.php(1188): CodeIgniter\View\View->render('Applicant/chop/header', [], true)
 5 APPPATH\Views\Agent\forms.php(9): view('Applicant/chop/header')
 6 SYSTEMPATH\View\View.php(226): include('C:\\CapstoneSystem\\app\\Views\\Agent\\forms.php')
 7 SYSTEMPATH\View\View.php(229): CodeIgniter\View\View->CodeIgniter\View\{closure}()
 8 SYSTEMPATH\Common.php(1188): CodeIgniter\View\View->render('Agent/forms', [], true)
 9 APPPATH\Controllers\AgentController.php(80): view('Agent/forms', [...])
10 SYSTEMPATH\CodeIgniter.php(919): App\Controllers\AgentController->AgForms()
11 SYSTEMPATH\CodeIgniter.php(494): CodeIgniter\CodeIgniter->runController(Object(App\Controllers\AgentController))
12 SYSTEMPATH\CodeIgniter.php(353): CodeIgniter\CodeIgniter->handleRequest(null, Object(Config\Cache), false)
13 FCPATH\index.php(79): CodeIgniter\CodeIgniter->run()
14 SYSTEMPATH\Commands\Server\rewrite.php(47): require_once('C:\\CapstoneSystem\\public\\index.php')
CRITICAL - 2024-05-23 09:52:22 --> Undefined variable $applicant
in APPPATH\Views\Applicant\chop\header.php on line 55.
 1 APPPATH\Views\Applicant\chop\header.php(55): CodeIgniter\Debug\Exceptions->errorHandler(2, 'Undefined variable $applicant', 'C:\\CapstoneSystem\\app\\Views\\Applicant\\chop\\header.php', 55)
 2 SYSTEMPATH\View\View.php(226): include('C:\\CapstoneSystem\\app\\Views\\Applicant\\chop\\header.php')
 3 SYSTEMPATH\View\View.php(229): CodeIgniter\View\View->CodeIgniter\View\{closure}()
 4 SYSTEMPATH\Common.php(1188): CodeIgniter\View\View->render('Applicant/chop/header', [], true)
 5 APPPATH\Views\Agent\forms.php(9): view('Applicant/chop/header')
 6 SYSTEMPATH\View\View.php(226): include('C:\\CapstoneSystem\\app\\Views\\Agent\\forms.php')
 7 SYSTEMPATH\View\View.php(229): CodeIgniter\View\View->CodeIgniter\View\{closure}()
 8 SYSTEMPATH\Common.php(1188): CodeIgniter\View\View->render('Agent/forms', [], true)
 9 APPPATH\Controllers\AgentController.php(80): view('Agent/forms', [...])
10 SYSTEMPATH\CodeIgniter.php(919): App\Controllers\AgentController->AgForms()
11 SYSTEMPATH\CodeIgniter.php(494): CodeIgniter\CodeIgniter->runController(Object(App\Controllers\AgentController))
12 SYSTEMPATH\CodeIgniter.php(353): CodeIgniter\CodeIgniter->handleRequest(null, Object(Config\Cache), false)
13 FCPATH\index.php(79): CodeIgniter\CodeIgniter->run()
14 SYSTEMPATH\Commands\Server\rewrite.php(47): require_once('C:\\CapstoneSystem\\public\\index.php')
CRITICAL - 2024-05-23 09:52:22 --> Undefined variable $applicant
in APPPATH\Views\Applicant\chop\header.php on line 55.
 1 APPPATH\Views\Applicant\chop\header.php(55): CodeIgniter\Debug\Exceptions->errorHandler(2, 'Undefined variable $applicant', 'C:\\CapstoneSystem\\app\\Views\\Applicant\\chop\\header.php', 55)
 2 SYSTEMPATH\View\View.php(226): include('C:\\CapstoneSystem\\app\\Views\\Applicant\\chop\\header.php')
 3 SYSTEMPATH\View\View.php(229): CodeIgniter\View\View->CodeIgniter\View\{closure}()
 4 SYSTEMPATH\Common.php(1188): CodeIgniter\View\View->render('Applicant/chop/header', [], true)
 5 APPPATH\Views\Agent\forms.php(9): view('Applicant/chop/header')
 6 SYSTEMPATH\View\View.php(226): include('C:\\CapstoneSystem\\app\\Views\\Agent\\forms.php')
 7 SYSTEMPATH\View\View.php(229): CodeIgniter\View\View->CodeIgniter\View\{closure}()
 8 SYSTEMPATH\Common.php(1188): CodeIgniter\View\View->render('Agent/forms', [], true)
 9 APPPATH\Controllers\AgentController.php(80): view('Agent/forms', [...])
10 SYSTEMPATH\CodeIgniter.php(919): App\Controllers\AgentController->AgForms()
11 SYSTEMPATH\CodeIgniter.php(494): CodeIgniter\CodeIgniter->runController(Object(App\Controllers\AgentController))
12 SYSTEMPATH\CodeIgniter.php(353): CodeIgniter\CodeIgniter->handleRequest(null, Object(Config\Cache), false)
13 FCPATH\index.php(79): CodeIgniter\CodeIgniter->run()
14 SYSTEMPATH\Commands\Server\rewrite.php(47): require_once('C:\\CapstoneSystem\\public\\index.php')
CRITICAL - 2024-05-23 09:52:22 --> Undefined variable $applicant
in APPPATH\Views\Applicant\chop\header.php on line 55.
 1 APPPATH\Views\Applicant\chop\header.php(55): CodeIgniter\Debug\Exceptions->errorHandler(2, 'Undefined variable $applicant', 'C:\\CapstoneSystem\\app\\Views\\Applicant\\chop\\header.php', 55)
 2 SYSTEMPATH\View\View.php(226): include('C:\\CapstoneSystem\\app\\Views\\Applicant\\chop\\header.php')
 3 SYSTEMPATH\View\View.php(229): CodeIgniter\View\View->CodeIgniter\View\{closure}()
 4 SYSTEMPATH\Common.php(1188): CodeIgniter\View\View->render('Applicant/chop/header', [], true)
 5 APPPATH\Views\Agent\forms.php(9): view('Applicant/chop/header')
 6 SYSTEMPATH\View\View.php(226): include('C:\\CapstoneSystem\\app\\Views\\Agent\\forms.php')
 7 SYSTEMPATH\View\View.php(229): CodeIgniter\View\View->CodeIgniter\View\{closure}()
 8 SYSTEMPATH\Common.php(1188): CodeIgniter\View\View->render('Agent/forms', [], true)
 9 APPPATH\Controllers\AgentController.php(80): view('Agent/forms', [...])
10 SYSTEMPATH\CodeIgniter.php(919): App\Controllers\AgentController->AgForms()
11 SYSTEMPATH\CodeIgniter.php(494): CodeIgniter\CodeIgniter->runController(Object(App\Controllers\AgentController))
12 SYSTEMPATH\CodeIgniter.php(353): CodeIgniter\CodeIgniter->handleRequest(null, Object(Config\Cache), false)
13 FCPATH\index.php(79): CodeIgniter\CodeIgniter->run()
14 SYSTEMPATH\Commands\Server\rewrite.php(47): require_once('C:\\CapstoneSystem\\public\\index.php')
CRITICAL - 2024-05-23 09:52:32 --> Undefined variable $applicant
in APPPATH\Views\Applicant\chop\header.php on line 55.
 1 APPPATH\Views\Applicant\chop\header.php(55): CodeIgniter\Debug\Exceptions->errorHandler(2, 'Undefined variable $applicant', 'C:\\CapstoneSystem\\app\\Views\\Applicant\\chop\\header.php', 55)
 2 SYSTEMPATH\View\View.php(226): include('C:\\CapstoneSystem\\app\\Views\\Applicant\\chop\\header.php')
 3 SYSTEMPATH\View\View.php(229): CodeIgniter\View\View->CodeIgniter\View\{closure}()
 4 SYSTEMPATH\Common.php(1188): CodeIgniter\View\View->render('Applicant/chop/header', [], true)
 5 APPPATH\Views\Agent\forms.php(9): view('Applicant/chop/header')
 6 SYSTEMPATH\View\View.php(226): include('C:\\CapstoneSystem\\app\\Views\\Agent\\forms.php')
 7 SYSTEMPATH\View\View.php(229): CodeIgniter\View\View->CodeIgniter\View\{closure}()
 8 SYSTEMPATH\Common.php(1188): CodeIgniter\View\View->render('Agent/forms', [], true)
 9 APPPATH\Controllers\AgentController.php(80): view('Agent/forms', [...])
10 SYSTEMPATH\CodeIgniter.php(919): App\Controllers\AgentController->AgForms()
11 SYSTEMPATH\CodeIgniter.php(494): CodeIgniter\CodeIgniter->runController(Object(App\Controllers\AgentController))
12 SYSTEMPATH\CodeIgniter.php(353): CodeIgniter\CodeIgniter->handleRequest(null, Object(Config\Cache), false)
13 FCPATH\index.php(79): CodeIgniter\CodeIgniter->run()
14 SYSTEMPATH\Commands\Server\rewrite.php(47): require_once('C:\\CapstoneSystem\\public\\index.php')
CRITICAL - 2024-05-23 09:52:32 --> Undefined variable $applicant
in APPPATH\Views\Applicant\chop\header.php on line 55.
 1 APPPATH\Views\Applicant\chop\header.php(55): CodeIgniter\Debug\Exceptions->errorHandler(2, 'Undefined variable $applicant', 'C:\\CapstoneSystem\\app\\Views\\Applicant\\chop\\header.php', 55)
 2 SYSTEMPATH\View\View.php(226): include('C:\\CapstoneSystem\\app\\Views\\Applicant\\chop\\header.php')
 3 SYSTEMPATH\View\View.php(229): CodeIgniter\View\View->CodeIgniter\View\{closure}()
 4 SYSTEMPATH\Common.php(1188): CodeIgniter\View\View->render('Applicant/chop/header', [], true)
 5 APPPATH\Views\Agent\forms.php(9): view('Applicant/chop/header')
 6 SYSTEMPATH\View\View.php(226): include('C:\\CapstoneSystem\\app\\Views\\Agent\\forms.php')
 7 SYSTEMPATH\View\View.php(229): CodeIgniter\View\View->CodeIgniter\View\{closure}()
 8 SYSTEMPATH\Common.php(1188): CodeIgniter\View\View->render('Agent/forms', [], true)
 9 APPPATH\Controllers\AgentController.php(80): view('Agent/forms', [...])
10 SYSTEMPATH\CodeIgniter.php(919): App\Controllers\AgentController->AgForms()
11 SYSTEMPATH\CodeIgniter.php(494): CodeIgniter\CodeIgniter->runController(Object(App\Controllers\AgentController))
12 SYSTEMPATH\CodeIgniter.php(353): CodeIgniter\CodeIgniter->handleRequest(null, Object(Config\Cache), false)
13 FCPATH\index.php(79): CodeIgniter\CodeIgniter->run()
14 SYSTEMPATH\Commands\Server\rewrite.php(47): require_once('C:\\CapstoneSystem\\public\\index.php')
