CRITICAL - 2024-05-19 00:31:22 --> Undefined variable $applicants
in APPPATH\Views\Admin\map.php on line 146.
 1 APPPATH\Views\Admin\map.php(146): CodeIgniter\Debug\Exceptions->errorHandler(2, 'Undefined variable $applicants', 'C:\\CapstoneSystem\\app\\Views\\Admin\\map.php', 146)
 2 SYSTEMPATH\View\View.php(226): include('C:\\CapstoneSystem\\app\\Views\\Admin\\map.php')
 3 SYSTEMPATH\View\View.php(229): CodeIgniter\View\View->CodeIgniter\View\{closure}()
 4 SYSTEMPATH\Common.php(1188): CodeIgniter\View\View->render('Admin/map', [], true)
 5 APPPATH\Controllers\MapController.php(17): view('Admin/map', [...])
 6 SYSTEMPATH\CodeIgniter.php(919): App\Controllers\MapController->map()
 7 SYSTEMPATH\CodeIgniter.php(494): CodeIgniter\CodeIgniter->runController(Object(App\Controllers\MapController))
 8 SYSTEMPATH\CodeIgniter.php(353): CodeIgniter\CodeIgniter->handleRequest(null, Object(Config\Cache), false)
 9 FCPATH\index.php(79): CodeIgniter\CodeIgniter->run()
10 SYSTEMPATH\Commands\Server\rewrite.php(47): require_once('C:\\CapstoneSystem\\public\\index.php')
CRITICAL - 2024-05-19 00:31:36 --> Undefined variable $applicants
in APPPATH\Views\Admin\map.php on line 146.
 1 APPPATH\Views\Admin\map.php(146): CodeIgniter\Debug\Exceptions->errorHandler(2, 'Undefined variable $applicants', 'C:\\CapstoneSystem\\app\\Views\\Admin\\map.php', 146)
 2 SYSTEMPATH\View\View.php(226): include('C:\\CapstoneSystem\\app\\Views\\Admin\\map.php')
 3 SYSTEMPATH\View\View.php(229): CodeIgniter\View\View->CodeIgniter\View\{closure}()
 4 SYSTEMPATH\Common.php(1188): CodeIgniter\View\View->render('Admin/map', [], true)
 5 APPPATH\Controllers\MapController.php(17): view('Admin/map', [...])
 6 SYSTEMPATH\CodeIgniter.php(919): App\Controllers\MapController->map()
 7 SYSTEMPATH\CodeIgniter.php(494): CodeIgniter\CodeIgniter->runController(Object(App\Controllers\MapController))
 8 SYSTEMPATH\CodeIgniter.php(353): CodeIgniter\CodeIgniter->handleRequest(null, Object(Config\Cache), false)
 9 FCPATH\index.php(79): CodeIgniter\CodeIgniter->run()
10 SYSTEMPATH\Commands\Server\rewrite.php(47): require_once('C:\\CapstoneSystem\\public\\index.php')
