CRITICAL - 2024-04-07 00:03:04 --> view(): Argument #2 ($data) must be of type array, string given, called in C:\CapstoneSystem\app\Controllers\AdminController.php on line 402
in SYSTEMPATH\Common.php on line 1176.
 1 APPPATH\Controllers\AdminController.php(402): view('Admin/confirmation', 'chr')
 2 SYSTEMPATH\CodeIgniter.php(919): App\Controllers\AdminController->confirmation()
 3 SYSTEMPATH\CodeIgniter.php(494): CodeIgniter\CodeIgniter->runController(Object(App\Controllers\AdminController))
 4 SYSTEMPATH\CodeIgniter.php(353): CodeIgniter\CodeIgniter->handleRequest(null, Object(Config\Cache), false)
 5 FCPATH\index.php(79): CodeIgniter\CodeIgniter->run()
 6 SYSTEMPATH\Commands\Server\rewrite.php(47): require_once('C:\\CapstoneSystem\\public\\index.php')
ERROR - 2024-04-07 00:06:00 --> mysqli_sql_exception: Unknown column 'role' in 'where clause' in C:\CapstoneSystem\system\Database\MySQLi\Connection.php:306
Stack trace:
#0 C:\CapstoneSystem\system\Database\MySQLi\Connection.php(306): mysqli->query('SELECT *\nFROM `...', 0)
#1 C:\CapstoneSystem\system\Database\BaseConnection.php(692): CodeIgniter\Database\MySQLi\Connection->execute('SELECT *\nFROM `...')
#2 C:\CapstoneSystem\system\Database\BaseConnection.php(606): CodeIgniter\Database\BaseConnection->simpleQuery('SELECT *\nFROM `...')
#3 C:\CapstoneSystem\system\Database\BaseBuilder.php(1615): CodeIgniter\Database\BaseConnection->query('SELECT *\nFROM `...', Array, false)
#4 C:\CapstoneSystem\system\Model.php(237): CodeIgniter\Database\BaseBuilder->get()
#5 C:\CapstoneSystem\system\BaseModel.php(624): CodeIgniter\Model->doFindAll(0, 0)
#6 C:\CapstoneSystem\app\Controllers\AdminController.php(403): CodeIgniter\BaseModel->findAll()
#7 C:\CapstoneSystem\system\CodeIgniter.php(919): App\Controllers\AdminController->confirmation()
#8 C:\CapstoneSystem\system\CodeIgniter.php(494): CodeIgniter\CodeIgniter->runController(Object(App\Controllers\AdminController))
#9 C:\CapstoneSystem\system\CodeIgniter.php(353): CodeIgniter\CodeIgniter->handleRequest(NULL, Object(Config\Cache), false)
#10 C:\CapstoneSystem\public\index.php(79): CodeIgniter\CodeIgniter->run()
#11 C:\CapstoneSystem\system\Commands\Server\rewrite.php(47): require_once('C:\\CapstoneSyst...')
#12 {main}
CRITICAL - 2024-04-07 00:06:00 --> Unknown column 'role' in 'where clause'
in SYSTEMPATH\Database\BaseConnection.php on line 646.
 1 SYSTEMPATH\Database\BaseBuilder.php(1615): CodeIgniter\Database\BaseConnection->query('SELECT *
FROM `to_confirm`
WHERE `role` LIKE :role: ESCAPE \'!\'', [...], false)
 2 SYSTEMPATH\Model.php(237): CodeIgniter\Database\BaseBuilder->get()
 3 SYSTEMPATH\BaseModel.php(624): CodeIgniter\Model->doFindAll(0, 0)
 4 APPPATH\Controllers\AdminController.php(403): CodeIgniter\BaseModel->findAll()
 5 SYSTEMPATH\CodeIgniter.php(919): App\Controllers\AdminController->confirmation()
 6 SYSTEMPATH\CodeIgniter.php(494): CodeIgniter\CodeIgniter->runController(Object(App\Controllers\AdminController))
 7 SYSTEMPATH\CodeIgniter.php(353): CodeIgniter\CodeIgniter->handleRequest(null, Object(Config\Cache), false)
 8 FCPATH\index.php(79): CodeIgniter\CodeIgniter->run()
 9 SYSTEMPATH\Commands\Server\rewrite.php(47): require_once('C:\\CapstoneSystem\\public\\index.php')
ERROR - 2024-04-07 00:06:00 --> mysqli_sql_exception: Unknown column 'role' in 'where clause' in C:\CapstoneSystem\system\Database\MySQLi\Connection.php:306
Stack trace:
#0 C:\CapstoneSystem\system\Database\MySQLi\Connection.php(306): mysqli->query('SELECT *\nFROM `...', 0)
#1 C:\CapstoneSystem\system\Database\BaseConnection.php(692): CodeIgniter\Database\MySQLi\Connection->execute('SELECT *\nFROM `...')
#2 C:\CapstoneSystem\system\Database\BaseConnection.php(606): CodeIgniter\Database\BaseConnection->simpleQuery('SELECT *\nFROM `...')
#3 C:\CapstoneSystem\system\Database\BaseBuilder.php(1615): CodeIgniter\Database\BaseConnection->query('SELECT *\nFROM `...', Array, false)
#4 C:\CapstoneSystem\system\Model.php(237): CodeIgniter\Database\BaseBuilder->get()
#5 C:\CapstoneSystem\system\BaseModel.php(624): CodeIgniter\Model->doFindAll(0, 0)
#6 C:\CapstoneSystem\app\Controllers\AdminController.php(403): CodeIgniter\BaseModel->findAll()
#7 C:\CapstoneSystem\system\CodeIgniter.php(919): App\Controllers\AdminController->confirmation()
#8 C:\CapstoneSystem\system\CodeIgniter.php(494): CodeIgniter\CodeIgniter->runController(Object(App\Controllers\AdminController))
#9 C:\CapstoneSystem\system\CodeIgniter.php(353): CodeIgniter\CodeIgniter->handleRequest(NULL, Object(Config\Cache), false)
#10 C:\CapstoneSystem\public\index.php(79): CodeIgniter\CodeIgniter->run()
#11 C:\CapstoneSystem\system\Commands\Server\rewrite.php(47): require_once('C:\\CapstoneSyst...')
#12 {main}
CRITICAL - 2024-04-07 00:06:00 --> Unknown column 'role' in 'where clause'
in SYSTEMPATH\Database\BaseConnection.php on line 646.
 1 SYSTEMPATH\Database\BaseBuilder.php(1615): CodeIgniter\Database\BaseConnection->query('SELECT *
FROM `to_confirm`
WHERE `role` LIKE :role: ESCAPE \'!\'', [...], false)
 2 SYSTEMPATH\Model.php(237): CodeIgniter\Database\BaseBuilder->get()
 3 SYSTEMPATH\BaseModel.php(624): CodeIgniter\Model->doFindAll(0, 0)
 4 APPPATH\Controllers\AdminController.php(403): CodeIgniter\BaseModel->findAll()
 5 SYSTEMPATH\CodeIgniter.php(919): App\Controllers\AdminController->confirmation()
 6 SYSTEMPATH\CodeIgniter.php(494): CodeIgniter\CodeIgniter->runController(Object(App\Controllers\AdminController))
 7 SYSTEMPATH\CodeIgniter.php(353): CodeIgniter\CodeIgniter->handleRequest(null, Object(Config\Cache), false)
 8 FCPATH\index.php(79): CodeIgniter\CodeIgniter->run()
 9 SYSTEMPATH\Commands\Server\rewrite.php(47): require_once('C:\\CapstoneSystem\\public\\index.php')
ERROR - 2024-04-07 00:06:00 --> mysqli_sql_exception: Unknown column 'role' in 'where clause' in C:\CapstoneSystem\system\Database\MySQLi\Connection.php:306
Stack trace:
#0 C:\CapstoneSystem\system\Database\MySQLi\Connection.php(306): mysqli->query('SELECT *\nFROM `...', 0)
#1 C:\CapstoneSystem\system\Database\BaseConnection.php(692): CodeIgniter\Database\MySQLi\Connection->execute('SELECT *\nFROM `...')
#2 C:\CapstoneSystem\system\Database\BaseConnection.php(606): CodeIgniter\Database\BaseConnection->simpleQuery('SELECT *\nFROM `...')
#3 C:\CapstoneSystem\system\Database\BaseBuilder.php(1615): CodeIgniter\Database\BaseConnection->query('SELECT *\nFROM `...', Array, false)
#4 C:\CapstoneSystem\system\Model.php(237): CodeIgniter\Database\BaseBuilder->get()
#5 C:\CapstoneSystem\system\BaseModel.php(624): CodeIgniter\Model->doFindAll(0, 0)
#6 C:\CapstoneSystem\app\Controllers\AdminController.php(403): CodeIgniter\BaseModel->findAll()
#7 C:\CapstoneSystem\system\CodeIgniter.php(919): App\Controllers\AdminController->confirmation()
#8 C:\CapstoneSystem\system\CodeIgniter.php(494): CodeIgniter\CodeIgniter->runController(Object(App\Controllers\AdminController))
#9 C:\CapstoneSystem\system\CodeIgniter.php(353): CodeIgniter\CodeIgniter->handleRequest(NULL, Object(Config\Cache), false)
#10 C:\CapstoneSystem\public\index.php(79): CodeIgniter\CodeIgniter->run()
#11 C:\CapstoneSystem\system\Commands\Server\rewrite.php(47): require_once('C:\\CapstoneSyst...')
#12 {main}
CRITICAL - 2024-04-07 00:06:00 --> Unknown column 'role' in 'where clause'
in SYSTEMPATH\Database\BaseConnection.php on line 646.
 1 SYSTEMPATH\Database\BaseBuilder.php(1615): CodeIgniter\Database\BaseConnection->query('SELECT *
FROM `to_confirm`
WHERE `role` LIKE :role: ESCAPE \'!\'', [...], false)
 2 SYSTEMPATH\Model.php(237): CodeIgniter\Database\BaseBuilder->get()
 3 SYSTEMPATH\BaseModel.php(624): CodeIgniter\Model->doFindAll(0, 0)
 4 APPPATH\Controllers\AdminController.php(403): CodeIgniter\BaseModel->findAll()
 5 SYSTEMPATH\CodeIgniter.php(919): App\Controllers\AdminController->confirmation()
 6 SYSTEMPATH\CodeIgniter.php(494): CodeIgniter\CodeIgniter->runController(Object(App\Controllers\AdminController))
 7 SYSTEMPATH\CodeIgniter.php(353): CodeIgniter\CodeIgniter->handleRequest(null, Object(Config\Cache), false)
 8 FCPATH\index.php(79): CodeIgniter\CodeIgniter->run()
 9 SYSTEMPATH\Commands\Server\rewrite.php(47): require_once('C:\\CapstoneSystem\\public\\index.php')
ERROR - 2024-04-07 00:06:00 --> mysqli_sql_exception: Unknown column 'role' in 'where clause' in C:\CapstoneSystem\system\Database\MySQLi\Connection.php:306
Stack trace:
#0 C:\CapstoneSystem\system\Database\MySQLi\Connection.php(306): mysqli->query('SELECT *\nFROM `...', 0)
#1 C:\CapstoneSystem\system\Database\BaseConnection.php(692): CodeIgniter\Database\MySQLi\Connection->execute('SELECT *\nFROM `...')
#2 C:\CapstoneSystem\system\Database\BaseConnection.php(606): CodeIgniter\Database\BaseConnection->simpleQuery('SELECT *\nFROM `...')
#3 C:\CapstoneSystem\system\Database\BaseBuilder.php(1615): CodeIgniter\Database\BaseConnection->query('SELECT *\nFROM `...', Array, false)
#4 C:\CapstoneSystem\system\Model.php(237): CodeIgniter\Database\BaseBuilder->get()
#5 C:\CapstoneSystem\system\BaseModel.php(624): CodeIgniter\Model->doFindAll(0, 0)
#6 C:\CapstoneSystem\app\Controllers\AdminController.php(403): CodeIgniter\BaseModel->findAll()
#7 C:\CapstoneSystem\system\CodeIgniter.php(919): App\Controllers\AdminController->confirmation()
#8 C:\CapstoneSystem\system\CodeIgniter.php(494): CodeIgniter\CodeIgniter->runController(Object(App\Controllers\AdminController))
#9 C:\CapstoneSystem\system\CodeIgniter.php(353): CodeIgniter\CodeIgniter->handleRequest(NULL, Object(Config\Cache), false)
#10 C:\CapstoneSystem\public\index.php(79): CodeIgniter\CodeIgniter->run()
#11 C:\CapstoneSystem\system\Commands\Server\rewrite.php(47): require_once('C:\\CapstoneSyst...')
#12 {main}
CRITICAL - 2024-04-07 00:06:00 --> Unknown column 'role' in 'where clause'
in SYSTEMPATH\Database\BaseConnection.php on line 646.
 1 SYSTEMPATH\Database\BaseBuilder.php(1615): CodeIgniter\Database\BaseConnection->query('SELECT *
FROM `to_confirm`
WHERE `role` LIKE :role: ESCAPE \'!\'', [...], false)
 2 SYSTEMPATH\Model.php(237): CodeIgniter\Database\BaseBuilder->get()
 3 SYSTEMPATH\BaseModel.php(624): CodeIgniter\Model->doFindAll(0, 0)
 4 APPPATH\Controllers\AdminController.php(403): CodeIgniter\BaseModel->findAll()
 5 SYSTEMPATH\CodeIgniter.php(919): App\Controllers\AdminController->confirmation()
 6 SYSTEMPATH\CodeIgniter.php(494): CodeIgniter\CodeIgniter->runController(Object(App\Controllers\AdminController))
 7 SYSTEMPATH\CodeIgniter.php(353): CodeIgniter\CodeIgniter->handleRequest(null, Object(Config\Cache), false)
 8 FCPATH\index.php(79): CodeIgniter\CodeIgniter->run()
 9 SYSTEMPATH\Commands\Server\rewrite.php(47): require_once('C:\\CapstoneSystem\\public\\index.php')
ERROR - 2024-04-07 00:06:01 --> mysqli_sql_exception: Unknown column 'role' in 'where clause' in C:\CapstoneSystem\system\Database\MySQLi\Connection.php:306
Stack trace:
#0 C:\CapstoneSystem\system\Database\MySQLi\Connection.php(306): mysqli->query('SELECT *\nFROM `...', 0)
#1 C:\CapstoneSystem\system\Database\BaseConnection.php(692): CodeIgniter\Database\MySQLi\Connection->execute('SELECT *\nFROM `...')
#2 C:\CapstoneSystem\system\Database\BaseConnection.php(606): CodeIgniter\Database\BaseConnection->simpleQuery('SELECT *\nFROM `...')
#3 C:\CapstoneSystem\system\Database\BaseBuilder.php(1615): CodeIgniter\Database\BaseConnection->query('SELECT *\nFROM `...', Array, false)
#4 C:\CapstoneSystem\system\Model.php(237): CodeIgniter\Database\BaseBuilder->get()
#5 C:\CapstoneSystem\system\BaseModel.php(624): CodeIgniter\Model->doFindAll(0, 0)
#6 C:\CapstoneSystem\app\Controllers\AdminController.php(403): CodeIgniter\BaseModel->findAll()
#7 C:\CapstoneSystem\system\CodeIgniter.php(919): App\Controllers\AdminController->confirmation()
#8 C:\CapstoneSystem\system\CodeIgniter.php(494): CodeIgniter\CodeIgniter->runController(Object(App\Controllers\AdminController))
#9 C:\CapstoneSystem\system\CodeIgniter.php(353): CodeIgniter\CodeIgniter->handleRequest(NULL, Object(Config\Cache), false)
#10 C:\CapstoneSystem\public\index.php(79): CodeIgniter\CodeIgniter->run()
#11 C:\CapstoneSystem\system\Commands\Server\rewrite.php(47): require_once('C:\\CapstoneSyst...')
#12 {main}
CRITICAL - 2024-04-07 00:06:01 --> Unknown column 'role' in 'where clause'
in SYSTEMPATH\Database\BaseConnection.php on line 646.
 1 SYSTEMPATH\Database\BaseBuilder.php(1615): CodeIgniter\Database\BaseConnection->query('SELECT *
FROM `to_confirm`
WHERE `role` LIKE :role: ESCAPE \'!\'', [...], false)
 2 SYSTEMPATH\Model.php(237): CodeIgniter\Database\BaseBuilder->get()
 3 SYSTEMPATH\BaseModel.php(624): CodeIgniter\Model->doFindAll(0, 0)
 4 APPPATH\Controllers\AdminController.php(403): CodeIgniter\BaseModel->findAll()
 5 SYSTEMPATH\CodeIgniter.php(919): App\Controllers\AdminController->confirmation()
 6 SYSTEMPATH\CodeIgniter.php(494): CodeIgniter\CodeIgniter->runController(Object(App\Controllers\AdminController))
 7 SYSTEMPATH\CodeIgniter.php(353): CodeIgniter\CodeIgniter->handleRequest(null, Object(Config\Cache), false)
 8 FCPATH\index.php(79): CodeIgniter\CodeIgniter->run()
 9 SYSTEMPATH\Commands\Server\rewrite.php(47): require_once('C:\\CapstoneSystem\\public\\index.php')
ERROR - 2024-04-07 00:06:07 --> mysqli_sql_exception: Unknown column 'chr' in 'where clause' in C:\CapstoneSystem\system\Database\MySQLi\Connection.php:306
Stack trace:
#0 C:\CapstoneSystem\system\Database\MySQLi\Connection.php(306): mysqli->query('SELECT *\nFROM `...', 0)
#1 C:\CapstoneSystem\system\Database\BaseConnection.php(692): CodeIgniter\Database\MySQLi\Connection->execute('SELECT *\nFROM `...')
#2 C:\CapstoneSystem\system\Database\BaseConnection.php(606): CodeIgniter\Database\BaseConnection->simpleQuery('SELECT *\nFROM `...')
#3 C:\CapstoneSystem\system\Database\BaseBuilder.php(1615): CodeIgniter\Database\BaseConnection->query('SELECT *\nFROM `...', Array, false)
#4 C:\CapstoneSystem\system\Model.php(237): CodeIgniter\Database\BaseBuilder->get()
#5 C:\CapstoneSystem\system\BaseModel.php(624): CodeIgniter\Model->doFindAll(0, 0)
#6 C:\CapstoneSystem\app\Controllers\AdminController.php(403): CodeIgniter\BaseModel->findAll()
#7 C:\CapstoneSystem\system\CodeIgniter.php(919): App\Controllers\AdminController->confirmation()
#8 C:\CapstoneSystem\system\CodeIgniter.php(494): CodeIgniter\CodeIgniter->runController(Object(App\Controllers\AdminController))
#9 C:\CapstoneSystem\system\CodeIgniter.php(353): CodeIgniter\CodeIgniter->handleRequest(NULL, Object(Config\Cache), false)
#10 C:\CapstoneSystem\public\index.php(79): CodeIgniter\CodeIgniter->run()
#11 C:\CapstoneSystem\system\Commands\Server\rewrite.php(47): require_once('C:\\CapstoneSyst...')
#12 {main}
CRITICAL - 2024-04-07 00:06:07 --> Unknown column 'chr' in 'where clause'
in SYSTEMPATH\Database\BaseConnection.php on line 646.
 1 SYSTEMPATH\Database\BaseBuilder.php(1615): CodeIgniter\Database\BaseConnection->query('SELECT *
FROM `to_confirm`
WHERE `chr` LIKE :chr: ESCAPE \'!\'', [...], false)
 2 SYSTEMPATH\Model.php(237): CodeIgniter\Database\BaseBuilder->get()
 3 SYSTEMPATH\BaseModel.php(624): CodeIgniter\Model->doFindAll(0, 0)
 4 APPPATH\Controllers\AdminController.php(403): CodeIgniter\BaseModel->findAll()
 5 SYSTEMPATH\CodeIgniter.php(919): App\Controllers\AdminController->confirmation()
 6 SYSTEMPATH\CodeIgniter.php(494): CodeIgniter\CodeIgniter->runController(Object(App\Controllers\AdminController))
 7 SYSTEMPATH\CodeIgniter.php(353): CodeIgniter\CodeIgniter->handleRequest(null, Object(Config\Cache), false)
 8 FCPATH\index.php(79): CodeIgniter\CodeIgniter->run()
 9 SYSTEMPATH\Commands\Server\rewrite.php(47): require_once('C:\\CapstoneSystem\\public\\index.php')
ERROR - 2024-04-07 00:06:08 --> mysqli_sql_exception: Unknown column 'role' in 'where clause' in C:\CapstoneSystem\system\Database\MySQLi\Connection.php:306
Stack trace:
#0 C:\CapstoneSystem\system\Database\MySQLi\Connection.php(306): mysqli->query('SELECT *\nFROM `...', 0)
#1 C:\CapstoneSystem\system\Database\BaseConnection.php(692): CodeIgniter\Database\MySQLi\Connection->execute('SELECT *\nFROM `...')
#2 C:\CapstoneSystem\system\Database\BaseConnection.php(606): CodeIgniter\Database\BaseConnection->simpleQuery('SELECT *\nFROM `...')
#3 C:\CapstoneSystem\system\Database\BaseBuilder.php(1615): CodeIgniter\Database\BaseConnection->query('SELECT *\nFROM `...', Array, false)
#4 C:\CapstoneSystem\system\Model.php(237): CodeIgniter\Database\BaseBuilder->get()
#5 C:\CapstoneSystem\system\BaseModel.php(624): CodeIgniter\Model->doFindAll(0, 0)
#6 C:\CapstoneSystem\app\Controllers\AdminController.php(403): CodeIgniter\BaseModel->findAll()
#7 C:\CapstoneSystem\system\CodeIgniter.php(919): App\Controllers\AdminController->confirmation()
#8 C:\CapstoneSystem\system\CodeIgniter.php(494): CodeIgniter\CodeIgniter->runController(Object(App\Controllers\AdminController))
#9 C:\CapstoneSystem\system\CodeIgniter.php(353): CodeIgniter\CodeIgniter->handleRequest(NULL, Object(Config\Cache), false)
#10 C:\CapstoneSystem\public\index.php(79): CodeIgniter\CodeIgniter->run()
#11 C:\CapstoneSystem\system\Commands\Server\rewrite.php(47): require_once('C:\\CapstoneSyst...')
#12 {main}
CRITICAL - 2024-04-07 00:06:08 --> Unknown column 'role' in 'where clause'
in SYSTEMPATH\Database\BaseConnection.php on line 646.
 1 SYSTEMPATH\Database\BaseBuilder.php(1615): CodeIgniter\Database\BaseConnection->query('SELECT *
FROM `to_confirm`
WHERE `role` LIKE :role: ESCAPE \'!\'', [...], false)
 2 SYSTEMPATH\Model.php(237): CodeIgniter\Database\BaseBuilder->get()
 3 SYSTEMPATH\BaseModel.php(624): CodeIgniter\Model->doFindAll(0, 0)
 4 APPPATH\Controllers\AdminController.php(403): CodeIgniter\BaseModel->findAll()
 5 SYSTEMPATH\CodeIgniter.php(919): App\Controllers\AdminController->confirmation()
 6 SYSTEMPATH\CodeIgniter.php(494): CodeIgniter\CodeIgniter->runController(Object(App\Controllers\AdminController))
 7 SYSTEMPATH\CodeIgniter.php(353): CodeIgniter\CodeIgniter->handleRequest(null, Object(Config\Cache), false)
 8 FCPATH\index.php(79): CodeIgniter\CodeIgniter->run()
 9 SYSTEMPATH\Commands\Server\rewrite.php(47): require_once('C:\\CapstoneSystem\\public\\index.php')
ERROR - 2024-04-07 00:06:09 --> mysqli_sql_exception: Unknown column 'role' in 'where clause' in C:\CapstoneSystem\system\Database\MySQLi\Connection.php:306
Stack trace:
#0 C:\CapstoneSystem\system\Database\MySQLi\Connection.php(306): mysqli->query('SELECT *\nFROM `...', 0)
#1 C:\CapstoneSystem\system\Database\BaseConnection.php(692): CodeIgniter\Database\MySQLi\Connection->execute('SELECT *\nFROM `...')
#2 C:\CapstoneSystem\system\Database\BaseConnection.php(606): CodeIgniter\Database\BaseConnection->simpleQuery('SELECT *\nFROM `...')
#3 C:\CapstoneSystem\system\Database\BaseBuilder.php(1615): CodeIgniter\Database\BaseConnection->query('SELECT *\nFROM `...', Array, false)
#4 C:\CapstoneSystem\system\Model.php(237): CodeIgniter\Database\BaseBuilder->get()
#5 C:\CapstoneSystem\system\BaseModel.php(624): CodeIgniter\Model->doFindAll(0, 0)
#6 C:\CapstoneSystem\app\Controllers\AdminController.php(403): CodeIgniter\BaseModel->findAll()
#7 C:\CapstoneSystem\system\CodeIgniter.php(919): App\Controllers\AdminController->confirmation()
#8 C:\CapstoneSystem\system\CodeIgniter.php(494): CodeIgniter\CodeIgniter->runController(Object(App\Controllers\AdminController))
#9 C:\CapstoneSystem\system\CodeIgniter.php(353): CodeIgniter\CodeIgniter->handleRequest(NULL, Object(Config\Cache), false)
#10 C:\CapstoneSystem\public\index.php(79): CodeIgniter\CodeIgniter->run()
#11 C:\CapstoneSystem\system\Commands\Server\rewrite.php(47): require_once('C:\\CapstoneSyst...')
#12 {main}
CRITICAL - 2024-04-07 00:06:09 --> Unknown column 'role' in 'where clause'
in SYSTEMPATH\Database\BaseConnection.php on line 646.
 1 SYSTEMPATH\Database\BaseBuilder.php(1615): CodeIgniter\Database\BaseConnection->query('SELECT *
FROM `to_confirm`
WHERE `role` LIKE :role: ESCAPE \'!\'', [...], false)
 2 SYSTEMPATH\Model.php(237): CodeIgniter\Database\BaseBuilder->get()
 3 SYSTEMPATH\BaseModel.php(624): CodeIgniter\Model->doFindAll(0, 0)
 4 APPPATH\Controllers\AdminController.php(403): CodeIgniter\BaseModel->findAll()
 5 SYSTEMPATH\CodeIgniter.php(919): App\Controllers\AdminController->confirmation()
 6 SYSTEMPATH\CodeIgniter.php(494): CodeIgniter\CodeIgniter->runController(Object(App\Controllers\AdminController))
 7 SYSTEMPATH\CodeIgniter.php(353): CodeIgniter\CodeIgniter->handleRequest(null, Object(Config\Cache), false)
 8 FCPATH\index.php(79): CodeIgniter\CodeIgniter->run()
 9 SYSTEMPATH\Commands\Server\rewrite.php(47): require_once('C:\\CapstoneSystem\\public\\index.php')
ERROR - 2024-04-07 00:06:10 --> mysqli_sql_exception: Unknown column 'role' in 'where clause' in C:\CapstoneSystem\system\Database\MySQLi\Connection.php:306
Stack trace:
#0 C:\CapstoneSystem\system\Database\MySQLi\Connection.php(306): mysqli->query('SELECT *\nFROM `...', 0)
#1 C:\CapstoneSystem\system\Database\BaseConnection.php(692): CodeIgniter\Database\MySQLi\Connection->execute('SELECT *\nFROM `...')
#2 C:\CapstoneSystem\system\Database\BaseConnection.php(606): CodeIgniter\Database\BaseConnection->simpleQuery('SELECT *\nFROM `...')
#3 C:\CapstoneSystem\system\Database\BaseBuilder.php(1615): CodeIgniter\Database\BaseConnection->query('SELECT *\nFROM `...', Array, false)
#4 C:\CapstoneSystem\system\Model.php(237): CodeIgniter\Database\BaseBuilder->get()
#5 C:\CapstoneSystem\system\BaseModel.php(624): CodeIgniter\Model->doFindAll(0, 0)
#6 C:\CapstoneSystem\app\Controllers\AdminController.php(403): CodeIgniter\BaseModel->findAll()
#7 C:\CapstoneSystem\system\CodeIgniter.php(919): App\Controllers\AdminController->confirmation()
#8 C:\CapstoneSystem\system\CodeIgniter.php(494): CodeIgniter\CodeIgniter->runController(Object(App\Controllers\AdminController))
#9 C:\CapstoneSystem\system\CodeIgniter.php(353): CodeIgniter\CodeIgniter->handleRequest(NULL, Object(Config\Cache), false)
#10 C:\CapstoneSystem\public\index.php(79): CodeIgniter\CodeIgniter->run()
#11 C:\CapstoneSystem\system\Commands\Server\rewrite.php(47): require_once('C:\\CapstoneSyst...')
#12 {main}
CRITICAL - 2024-04-07 00:06:10 --> Unknown column 'role' in 'where clause'
in SYSTEMPATH\Database\BaseConnection.php on line 646.
 1 SYSTEMPATH\Database\BaseBuilder.php(1615): CodeIgniter\Database\BaseConnection->query('SELECT *
FROM `to_confirm`
WHERE `role` LIKE :role: ESCAPE \'!\'', [...], false)
 2 SYSTEMPATH\Model.php(237): CodeIgniter\Database\BaseBuilder->get()
 3 SYSTEMPATH\BaseModel.php(624): CodeIgniter\Model->doFindAll(0, 0)
 4 APPPATH\Controllers\AdminController.php(403): CodeIgniter\BaseModel->findAll()
 5 SYSTEMPATH\CodeIgniter.php(919): App\Controllers\AdminController->confirmation()
 6 SYSTEMPATH\CodeIgniter.php(494): CodeIgniter\CodeIgniter->runController(Object(App\Controllers\AdminController))
 7 SYSTEMPATH\CodeIgniter.php(353): CodeIgniter\CodeIgniter->handleRequest(null, Object(Config\Cache), false)
 8 FCPATH\index.php(79): CodeIgniter\CodeIgniter->run()
 9 SYSTEMPATH\Commands\Server\rewrite.php(47): require_once('C:\\CapstoneSystem\\public\\index.php')
CRITICAL - 2024-04-07 00:14:15 --> Undefined variable $applicant
in APPPATH\Views\Admin\confirmation.php on line 135.
 1 APPPATH\Views\Admin\confirmation.php(135): CodeIgniter\Debug\Exceptions->errorHandler(2, 'Undefined variable $applicant', 'C:\\CapstoneSystem\\app\\Views\\Admin\\confirmation.php', 135)
 2 SYSTEMPATH\View\View.php(226): include('C:\\CapstoneSystem\\app\\Views\\Admin\\confirmation.php')
 3 SYSTEMPATH\View\View.php(229): CodeIgniter\View\View->CodeIgniter\View\{closure}()
 4 SYSTEMPATH\Common.php(1188): CodeIgniter\View\View->render('Admin/confirmation', [], true)
 5 APPPATH\Controllers\AdminController.php(408): view('Admin/confirmation', [...])
 6 SYSTEMPATH\CodeIgniter.php(919): App\Controllers\AdminController->confirmation()
 7 SYSTEMPATH\CodeIgniter.php(494): CodeIgniter\CodeIgniter->runController(Object(App\Controllers\AdminController))
 8 SYSTEMPATH\CodeIgniter.php(353): CodeIgniter\CodeIgniter->handleRequest(null, Object(Config\Cache), false)
 9 FCPATH\index.php(79): CodeIgniter\CodeIgniter->run()
10 SYSTEMPATH\Commands\Server\rewrite.php(47): require_once('C:\\CapstoneSystem\\public\\index.php')
<<<<<<< Updated upstream
CRITICAL - 2024-04-07 23:51:15 --> Undefined array key "confirm"
in APPPATH\Controllers\HomepageController.php on line 229.
 1 APPPATH\Controllers\HomepageController.php(229): CodeIgniter\Debug\Exceptions->errorHandler(2, 'Undefined array key "confirm"', 'C:\\laragon\\www\\CapstoneSystem\\app\\Controllers\\HomepageController.php', 229)
 2 SYSTEMPATH\CodeIgniter.php(919): App\Controllers\HomepageController->authlog()
 3 SYSTEMPATH\CodeIgniter.php(494): CodeIgniter\CodeIgniter->runController(Object(App\Controllers\HomepageController))
 4 SYSTEMPATH\CodeIgniter.php(353): CodeIgniter\CodeIgniter->handleRequest(null, Object(Config\Cache), false)
 5 FCPATH\index.php(79): CodeIgniter\CodeIgniter->run()
 6 SYSTEMPATH\Commands\Server\rewrite.php(47): require_once('C:\\laragon\\www\\CapstoneSystem\\public\\index.php')
=======
CRITICAL - 2024-04-07 11:04:14 --> Call to undefined method App\Controllers\AgentController::getDataApp()
in APPPATH\Controllers\AgentController.php on line 213.
 1 SYSTEMPATH\CodeIgniter.php(919): App\Controllers\AgentController->AgForm1()
 2 SYSTEMPATH\CodeIgniter.php(494): CodeIgniter\CodeIgniter->runController(Object(App\Controllers\AgentController))
 3 SYSTEMPATH\CodeIgniter.php(353): CodeIgniter\CodeIgniter->handleRequest(null, Object(Config\Cache), false)
 4 FCPATH\index.php(79): CodeIgniter\CodeIgniter->run()
 5 SYSTEMPATH\Commands\Server\rewrite.php(47): require_once('C:\\CapstoneSystem\\public\\index.php')
CRITICAL - 2024-04-07 11:04:54 --> Undefined variable $agents
in APPPATH\Views\Agent\AgForm1.php on line 147.
 1 APPPATH\Views\Agent\AgForm1.php(147): CodeIgniter\Debug\Exceptions->errorHandler(2, 'Undefined variable $agents', 'C:\\CapstoneSystem\\app\\Views\\Agent\\AgForm1.php', 147)
 2 SYSTEMPATH\View\View.php(226): include('C:\\CapstoneSystem\\app\\Views\\Agent\\AgForm1.php')
 3 SYSTEMPATH\View\View.php(229): CodeIgniter\View\View->CodeIgniter\View\{closure}()
 4 SYSTEMPATH\Common.php(1188): CodeIgniter\View\View->render('Agent/AgForm1', [], true)
 5 APPPATH\Controllers\AgentController.php(215): view('Agent/AgForm1', [...])
 6 SYSTEMPATH\CodeIgniter.php(919): App\Controllers\AgentController->AgForm1()
 7 SYSTEMPATH\CodeIgniter.php(494): CodeIgniter\CodeIgniter->runController(Object(App\Controllers\AgentController))
 8 SYSTEMPATH\CodeIgniter.php(353): CodeIgniter\CodeIgniter->handleRequest(null, Object(Config\Cache), false)
 9 FCPATH\index.php(79): CodeIgniter\CodeIgniter->run()
10 SYSTEMPATH\Commands\Server\rewrite.php(47): require_once('C:\\CapstoneSystem\\public\\index.php')
CRITICAL - 2024-04-07 11:05:27 --> Call to undefined method App\Controllers\AgentController::getDataApp()
in APPPATH\Controllers\AgentController.php on line 213.
 1 SYSTEMPATH\CodeIgniter.php(919): App\Controllers\AgentController->AgForm1()
 2 SYSTEMPATH\CodeIgniter.php(494): CodeIgniter\CodeIgniter->runController(Object(App\Controllers\AgentController))
 3 SYSTEMPATH\CodeIgniter.php(353): CodeIgniter\CodeIgniter->handleRequest(null, Object(Config\Cache), false)
 4 FCPATH\index.php(79): CodeIgniter\CodeIgniter->run()
 5 SYSTEMPATH\Commands\Server\rewrite.php(47): require_once('C:\\CapstoneSystem\\public\\index.php')
CRITICAL - 2024-04-07 11:06:08 --> Call to private method App\Controllers\AppController::getDataApp() from scope App\Controllers\AgentController
in APPPATH\Controllers\AgentController.php on line 213.
 1 SYSTEMPATH\CodeIgniter.php(919): App\Controllers\AgentController->AgForm1()
 2 SYSTEMPATH\CodeIgniter.php(494): CodeIgniter\CodeIgniter->runController(Object(App\Controllers\AgentController))
 3 SYSTEMPATH\CodeIgniter.php(353): CodeIgniter\CodeIgniter->handleRequest(null, Object(Config\Cache), false)
 4 FCPATH\index.php(79): CodeIgniter\CodeIgniter->run()
 5 SYSTEMPATH\Commands\Server\rewrite.php(47): require_once('C:\\CapstoneSystem\\public\\index.php')
CRITICAL - 2024-04-07 11:08:21 --> syntax error, unexpected token ";", expecting ")"
in APPPATH\Controllers\AgentController.php on line 213.
 1 SYSTEMPATH\Autoloader\Autoloader.php(285): CodeIgniter\Autoloader\Autoloader->includeFile('C:\\CapstoneSystem\\app\\Controllers\\AgentController.php')
 2 SYSTEMPATH\Autoloader\Autoloader.php(263): CodeIgniter\Autoloader\Autoloader->loadInNamespace('App\\Controllers\\AgentController')
 3 [internal function]: CodeIgniter\Autoloader\Autoloader->loadClass('App\\Controllers\\AgentController')
 4 SYSTEMPATH\CodeIgniter.php(877): class_exists('\\App\\Controllers\\AgentController', true)
 5 SYSTEMPATH\CodeIgniter.php(481): CodeIgniter\CodeIgniter->startController()
 6 SYSTEMPATH\CodeIgniter.php(353): CodeIgniter\CodeIgniter->handleRequest(null, Object(Config\Cache), false)
 7 FCPATH\index.php(79): CodeIgniter\CodeIgniter->run()
 8 SYSTEMPATH\Commands\Server\rewrite.php(47): require_once('C:\\CapstoneSystem\\public\\index.php')
CRITICAL - 2024-04-07 11:11:01 --> Call to private method App\Controllers\AppController::getform3Data() from scope App\Controllers\AgentController
in APPPATH\Controllers\AgentController.php on line 195.
 1 SYSTEMPATH\CodeIgniter.php(919): App\Controllers\AgentController->AgForm3()
 2 SYSTEMPATH\CodeIgniter.php(494): CodeIgniter\CodeIgniter->runController(Object(App\Controllers\AgentController))
 3 SYSTEMPATH\CodeIgniter.php(353): CodeIgniter\CodeIgniter->handleRequest(null, Object(Config\Cache), false)
 4 FCPATH\index.php(79): CodeIgniter\CodeIgniter->run()
 5 SYSTEMPATH\Commands\Server\rewrite.php(47): require_once('C:\\CapstoneSystem\\public\\index.php')
CRITICAL - 2024-04-07 11:19:18 --> Undefined array key "Last"
in APPPATH\Views\Agent\AgForm1.php on line 131.
 1 APPPATH\Views\Agent\AgForm1.php(131): CodeIgniter\Debug\Exceptions->errorHandler(2, 'Undefined array key "Last"', 'C:\\CapstoneSystem\\app\\Views\\Agent\\AgForm1.php', 131)
 2 SYSTEMPATH\View\View.php(226): include('C:\\CapstoneSystem\\app\\Views\\Agent\\AgForm1.php')
 3 SYSTEMPATH\View\View.php(229): CodeIgniter\View\View->CodeIgniter\View\{closure}()
 4 SYSTEMPATH\Common.php(1188): CodeIgniter\View\View->render('Agent/AgForm1', [], true)
 5 APPPATH\Controllers\AgentController.php(215): view('Agent/AgForm1', [...])
 6 SYSTEMPATH\CodeIgniter.php(919): App\Controllers\AgentController->AgForm1()
 7 SYSTEMPATH\CodeIgniter.php(494): CodeIgniter\CodeIgniter->runController(Object(App\Controllers\AgentController))
 8 SYSTEMPATH\CodeIgniter.php(353): CodeIgniter\CodeIgniter->handleRequest(null, Object(Config\Cache), false)
 9 FCPATH\index.php(79): CodeIgniter\CodeIgniter->run()
10 SYSTEMPATH\Commands\Server\rewrite.php(47): require_once('C:\\CapstoneSystem\\public\\index.php')
CRITICAL - 2024-04-07 11:19:22 --> Undefined array key "Lastname"
in APPPATH\Views\Agent\AgForm1.php on line 131.
 1 APPPATH\Views\Agent\AgForm1.php(131): CodeIgniter\Debug\Exceptions->errorHandler(2, 'Undefined array key "Lastname"', 'C:\\CapstoneSystem\\app\\Views\\Agent\\AgForm1.php', 131)
 2 SYSTEMPATH\View\View.php(226): include('C:\\CapstoneSystem\\app\\Views\\Agent\\AgForm1.php')
 3 SYSTEMPATH\View\View.php(229): CodeIgniter\View\View->CodeIgniter\View\{closure}()
 4 SYSTEMPATH\Common.php(1188): CodeIgniter\View\View->render('Agent/AgForm1', [], true)
 5 APPPATH\Controllers\AgentController.php(215): view('Agent/AgForm1', [...])
 6 SYSTEMPATH\CodeIgniter.php(919): App\Controllers\AgentController->AgForm1()
 7 SYSTEMPATH\CodeIgniter.php(494): CodeIgniter\CodeIgniter->runController(Object(App\Controllers\AgentController))
 8 SYSTEMPATH\CodeIgniter.php(353): CodeIgniter\CodeIgniter->handleRequest(null, Object(Config\Cache), false)
 9 FCPATH\index.php(79): CodeIgniter\CodeIgniter->run()
10 SYSTEMPATH\Commands\Server\rewrite.php(47): require_once('C:\\CapstoneSystem\\public\\index.php')
CRITICAL - 2024-04-07 11:19:23 --> Undefined array key "Lastname"
in APPPATH\Views\Agent\AgForm1.php on line 131.
 1 APPPATH\Views\Agent\AgForm1.php(131): CodeIgniter\Debug\Exceptions->errorHandler(2, 'Undefined array key "Lastname"', 'C:\\CapstoneSystem\\app\\Views\\Agent\\AgForm1.php', 131)
 2 SYSTEMPATH\View\View.php(226): include('C:\\CapstoneSystem\\app\\Views\\Agent\\AgForm1.php')
 3 SYSTEMPATH\View\View.php(229): CodeIgniter\View\View->CodeIgniter\View\{closure}()
 4 SYSTEMPATH\Common.php(1188): CodeIgniter\View\View->render('Agent/AgForm1', [], true)
 5 APPPATH\Controllers\AgentController.php(215): view('Agent/AgForm1', [...])
 6 SYSTEMPATH\CodeIgniter.php(919): App\Controllers\AgentController->AgForm1()
 7 SYSTEMPATH\CodeIgniter.php(494): CodeIgniter\CodeIgniter->runController(Object(App\Controllers\AgentController))
 8 SYSTEMPATH\CodeIgniter.php(353): CodeIgniter\CodeIgniter->handleRequest(null, Object(Config\Cache), false)
 9 FCPATH\index.php(79): CodeIgniter\CodeIgniter->run()
10 SYSTEMPATH\Commands\Server\rewrite.php(47): require_once('C:\\CapstoneSystem\\public\\index.php')
CRITICAL - 2024-04-07 11:19:26 --> Undefined array key "Lastname"
in APPPATH\Views\Agent\AgForm1.php on line 131.
 1 APPPATH\Views\Agent\AgForm1.php(131): CodeIgniter\Debug\Exceptions->errorHandler(2, 'Undefined array key "Lastname"', 'C:\\CapstoneSystem\\app\\Views\\Agent\\AgForm1.php', 131)
 2 SYSTEMPATH\View\View.php(226): include('C:\\CapstoneSystem\\app\\Views\\Agent\\AgForm1.php')
 3 SYSTEMPATH\View\View.php(229): CodeIgniter\View\View->CodeIgniter\View\{closure}()
 4 SYSTEMPATH\Common.php(1188): CodeIgniter\View\View->render('Agent/AgForm1', [], true)
 5 APPPATH\Controllers\AgentController.php(215): view('Agent/AgForm1', [...])
 6 SYSTEMPATH\CodeIgniter.php(919): App\Controllers\AgentController->AgForm1()
 7 SYSTEMPATH\CodeIgniter.php(494): CodeIgniter\CodeIgniter->runController(Object(App\Controllers\AgentController))
 8 SYSTEMPATH\CodeIgniter.php(353): CodeIgniter\CodeIgniter->handleRequest(null, Object(Config\Cache), false)
 9 FCPATH\index.php(79): CodeIgniter\CodeIgniter->run()
10 SYSTEMPATH\Commands\Server\rewrite.php(47): require_once('C:\\CapstoneSystem\\public\\index.php')
CRITICAL - 2024-04-07 11:19:27 --> Undefined array key "Lastname"
in APPPATH\Views\Agent\AgForm1.php on line 131.
 1 APPPATH\Views\Agent\AgForm1.php(131): CodeIgniter\Debug\Exceptions->errorHandler(2, 'Undefined array key "Lastname"', 'C:\\CapstoneSystem\\app\\Views\\Agent\\AgForm1.php', 131)
 2 SYSTEMPATH\View\View.php(226): include('C:\\CapstoneSystem\\app\\Views\\Agent\\AgForm1.php')
 3 SYSTEMPATH\View\View.php(229): CodeIgniter\View\View->CodeIgniter\View\{closure}()
 4 SYSTEMPATH\Common.php(1188): CodeIgniter\View\View->render('Agent/AgForm1', [], true)
 5 APPPATH\Controllers\AgentController.php(215): view('Agent/AgForm1', [...])
 6 SYSTEMPATH\CodeIgniter.php(919): App\Controllers\AgentController->AgForm1()
 7 SYSTEMPATH\CodeIgniter.php(494): CodeIgniter\CodeIgniter->runController(Object(App\Controllers\AgentController))
 8 SYSTEMPATH\CodeIgniter.php(353): CodeIgniter\CodeIgniter->handleRequest(null, Object(Config\Cache), false)
 9 FCPATH\index.php(79): CodeIgniter\CodeIgniter->run()
10 SYSTEMPATH\Commands\Server\rewrite.php(47): require_once('C:\\CapstoneSystem\\public\\index.php')
CRITICAL - 2024-04-07 11:19:27 --> Undefined array key "Lastname"
in APPPATH\Views\Agent\AgForm1.php on line 131.
 1 APPPATH\Views\Agent\AgForm1.php(131): CodeIgniter\Debug\Exceptions->errorHandler(2, 'Undefined array key "Lastname"', 'C:\\CapstoneSystem\\app\\Views\\Agent\\AgForm1.php', 131)
 2 SYSTEMPATH\View\View.php(226): include('C:\\CapstoneSystem\\app\\Views\\Agent\\AgForm1.php')
 3 SYSTEMPATH\View\View.php(229): CodeIgniter\View\View->CodeIgniter\View\{closure}()
 4 SYSTEMPATH\Common.php(1188): CodeIgniter\View\View->render('Agent/AgForm1', [], true)
 5 APPPATH\Controllers\AgentController.php(215): view('Agent/AgForm1', [...])
 6 SYSTEMPATH\CodeIgniter.php(919): App\Controllers\AgentController->AgForm1()
 7 SYSTEMPATH\CodeIgniter.php(494): CodeIgniter\CodeIgniter->runController(Object(App\Controllers\AgentController))
 8 SYSTEMPATH\CodeIgniter.php(353): CodeIgniter\CodeIgniter->handleRequest(null, Object(Config\Cache), false)
 9 FCPATH\index.php(79): CodeIgniter\CodeIgniter->run()
10 SYSTEMPATH\Commands\Server\rewrite.php(47): require_once('C:\\CapstoneSystem\\public\\index.php')
CRITICAL - 2024-04-07 11:19:27 --> Undefined array key "Lastname"
in APPPATH\Views\Agent\AgForm1.php on line 131.
 1 APPPATH\Views\Agent\AgForm1.php(131): CodeIgniter\Debug\Exceptions->errorHandler(2, 'Undefined array key "Lastname"', 'C:\\CapstoneSystem\\app\\Views\\Agent\\AgForm1.php', 131)
 2 SYSTEMPATH\View\View.php(226): include('C:\\CapstoneSystem\\app\\Views\\Agent\\AgForm1.php')
 3 SYSTEMPATH\View\View.php(229): CodeIgniter\View\View->CodeIgniter\View\{closure}()
 4 SYSTEMPATH\Common.php(1188): CodeIgniter\View\View->render('Agent/AgForm1', [], true)
 5 APPPATH\Controllers\AgentController.php(215): view('Agent/AgForm1', [...])
 6 SYSTEMPATH\CodeIgniter.php(919): App\Controllers\AgentController->AgForm1()
 7 SYSTEMPATH\CodeIgniter.php(494): CodeIgniter\CodeIgniter->runController(Object(App\Controllers\AgentController))
 8 SYSTEMPATH\CodeIgniter.php(353): CodeIgniter\CodeIgniter->handleRequest(null, Object(Config\Cache), false)
 9 FCPATH\index.php(79): CodeIgniter\CodeIgniter->run()
10 SYSTEMPATH\Commands\Server\rewrite.php(47): require_once('C:\\CapstoneSystem\\public\\index.php')
CRITICAL - 2024-04-07 11:19:28 --> Undefined array key "Lastname"
in APPPATH\Views\Agent\AgForm1.php on line 131.
 1 APPPATH\Views\Agent\AgForm1.php(131): CodeIgniter\Debug\Exceptions->errorHandler(2, 'Undefined array key "Lastname"', 'C:\\CapstoneSystem\\app\\Views\\Agent\\AgForm1.php', 131)
 2 SYSTEMPATH\View\View.php(226): include('C:\\CapstoneSystem\\app\\Views\\Agent\\AgForm1.php')
 3 SYSTEMPATH\View\View.php(229): CodeIgniter\View\View->CodeIgniter\View\{closure}()
 4 SYSTEMPATH\Common.php(1188): CodeIgniter\View\View->render('Agent/AgForm1', [], true)
 5 APPPATH\Controllers\AgentController.php(215): view('Agent/AgForm1', [...])
 6 SYSTEMPATH\CodeIgniter.php(919): App\Controllers\AgentController->AgForm1()
 7 SYSTEMPATH\CodeIgniter.php(494): CodeIgniter\CodeIgniter->runController(Object(App\Controllers\AgentController))
 8 SYSTEMPATH\CodeIgniter.php(353): CodeIgniter\CodeIgniter->handleRequest(null, Object(Config\Cache), false)
 9 FCPATH\index.php(79): CodeIgniter\CodeIgniter->run()
10 SYSTEMPATH\Commands\Server\rewrite.php(47): require_once('C:\\CapstoneSystem\\public\\index.php')
CRITICAL - 2024-04-07 11:20:26 --> Undefined array key "middle"
in APPPATH\Views\Agent\AgForm1.php on line 131.
 1 APPPATH\Views\Agent\AgForm1.php(131): CodeIgniter\Debug\Exceptions->errorHandler(2, 'Undefined array key "middle"', 'C:\\CapstoneSystem\\app\\Views\\Agent\\AgForm1.php', 131)
 2 SYSTEMPATH\View\View.php(226): include('C:\\CapstoneSystem\\app\\Views\\Agent\\AgForm1.php')
 3 SYSTEMPATH\View\View.php(229): CodeIgniter\View\View->CodeIgniter\View\{closure}()
 4 SYSTEMPATH\Common.php(1188): CodeIgniter\View\View->render('Agent/AgForm1', [], true)
 5 APPPATH\Controllers\AgentController.php(215): view('Agent/AgForm1', [...])
 6 SYSTEMPATH\CodeIgniter.php(919): App\Controllers\AgentController->AgForm1()
 7 SYSTEMPATH\CodeIgniter.php(494): CodeIgniter\CodeIgniter->runController(Object(App\Controllers\AgentController))
 8 SYSTEMPATH\CodeIgniter.php(353): CodeIgniter\CodeIgniter->handleRequest(null, Object(Config\Cache), false)
 9 FCPATH\index.php(79): CodeIgniter\CodeIgniter->run()
10 SYSTEMPATH\Commands\Server\rewrite.php(47): require_once('C:\\CapstoneSystem\\public\\index.php')
CRITICAL - 2024-04-07 11:20:30 --> Undefined array key "middle"
in APPPATH\Views\Agent\AgForm1.php on line 131.
 1 APPPATH\Views\Agent\AgForm1.php(131): CodeIgniter\Debug\Exceptions->errorHandler(2, 'Undefined array key "middle"', 'C:\\CapstoneSystem\\app\\Views\\Agent\\AgForm1.php', 131)
 2 SYSTEMPATH\View\View.php(226): include('C:\\CapstoneSystem\\app\\Views\\Agent\\AgForm1.php')
 3 SYSTEMPATH\View\View.php(229): CodeIgniter\View\View->CodeIgniter\View\{closure}()
 4 SYSTEMPATH\Common.php(1188): CodeIgniter\View\View->render('Agent/AgForm1', [], true)
 5 APPPATH\Controllers\AgentController.php(215): view('Agent/AgForm1', [...])
 6 SYSTEMPATH\CodeIgniter.php(919): App\Controllers\AgentController->AgForm1()
 7 SYSTEMPATH\CodeIgniter.php(494): CodeIgniter\CodeIgniter->runController(Object(App\Controllers\AgentController))
 8 SYSTEMPATH\CodeIgniter.php(353): CodeIgniter\CodeIgniter->handleRequest(null, Object(Config\Cache), false)
 9 FCPATH\index.php(79): CodeIgniter\CodeIgniter->run()
10 SYSTEMPATH\Commands\Server\rewrite.php(47): require_once('C:\\CapstoneSystem\\public\\index.php')
ERROR - 2024-04-07 11:23:27 --> mysqli_sql_exception: Cannot add or update a child row: a foreign key constraint fails (`erecruit`.`lifechangerform`, CONSTRAINT `fk_referal` FOREIGN KEY (`referralBy`) REFERENCES `agent` (`agent_id`) ON DELETE RESTRICT ON UPDATE RESTRICT) in C:\CapstoneSystem\system\Database\MySQLi\Connection.php:306
Stack trace:
#0 C:\CapstoneSystem\system\Database\MySQLi\Connection.php(306): mysqli->query('UPDATE `lifecha...', 0)
#1 C:\CapstoneSystem\system\Database\BaseConnection.php(692): CodeIgniter\Database\MySQLi\Connection->execute('UPDATE `lifecha...')
#2 C:\CapstoneSystem\system\Database\BaseConnection.php(606): CodeIgniter\Database\BaseConnection->simpleQuery('UPDATE `lifecha...')
#3 C:\CapstoneSystem\system\Database\BaseBuilder.php(2475): CodeIgniter\Database\BaseConnection->query('UPDATE `lifecha...', Array, false)
#4 C:\CapstoneSystem\system\Model.php(385): CodeIgniter\Database\BaseBuilder->update()
#5 C:\CapstoneSystem\system\BaseModel.php(949): CodeIgniter\Model->doUpdate(NULL, Array)
#6 C:\CapstoneSystem\system\Model.php(776): CodeIgniter\BaseModel->update(NULL, Array)
#7 C:\CapstoneSystem\app\Controllers\AppController.php(286): CodeIgniter\Model->update()
#8 C:\CapstoneSystem\system\CodeIgniter.php(919): App\Controllers\AppController->form1sv()
#9 C:\CapstoneSystem\system\CodeIgniter.php(494): CodeIgniter\CodeIgniter->runController(Object(App\Controllers\AppController))
#10 C:\CapstoneSystem\system\CodeIgniter.php(353): CodeIgniter\CodeIgniter->handleRequest(NULL, Object(Config\Cache), false)
#11 C:\CapstoneSystem\public\index.php(79): CodeIgniter\CodeIgniter->run()
#12 C:\CapstoneSystem\system\Commands\Server\rewrite.php(47): require_once('C:\\CapstoneSyst...')
#13 {main}
CRITICAL - 2024-04-07 11:23:27 --> Cannot add or update a child row: a foreign key constraint fails (`erecruit`.`lifechangerform`, CONSTRAINT `fk_referal` FOREIGN KEY (`referralBy`) REFERENCES `agent` (`agent_id`) ON DELETE RESTRICT ON UPDATE RESTRICT)
in SYSTEMPATH\Database\BaseConnection.php on line 646.
 1 SYSTEMPATH\Database\BaseBuilder.php(2475): CodeIgniter\Database\BaseConnection->query('UPDATE `lifechangerform` SET `position` = :position:, `preferredArea` = :preferredArea:, `referral` = :referral:, `referralBy` = :referralBy:, `onlineAd` = :onlineAd:, `walkIn` = :walkIn:, `othersRef` = :othersRef:, `fname` = :fname:, `nickname` = :nickname:, `birthdate` = :birthdate:, `placeOfBirth` = :placeOfBirth:, `gender` = :gender:, `bloodType` = :bloodType:, `homeAddress` = :homeAddress:, `mobileNo` = :mobileNo:, `landline` = :landline:, `email` = :email:, `citizenship` = :citizenship:, `othersCitizenship` = :othersCitizenship:, `naturalizationInfo` = :naturalizationInfo:, `maritalStatus` = :maritalStatus:, `maidenName` = :maidenName:, `spouseName` = :spouseName:, `sssNo` = :sssNo:, `tin` = :tin:, `lifeInsuranceExperience` = :lifeInsuranceExperience:, `traditional` = :traditional:, `variable` = :variable:, `recentInsuranceCompany` = :recentInsuranceCompany:, `highSchool` = :highSchool:, `highSchoolCourse` = :highSchoolCourse:, `highSchoolYear` = :highSchoolYear:, `college` = :college:, `collegeCourse` = :collegeCourse:, `collegeYear` = :collegeYear:, `graduateSchool` = :graduateSchool:, `graduateCourse` = :graduateCourse:, `graduateYear` = :graduateYear:, `companyName1` = :companyName1:, `position1` = :position1:, `employmentFrom1` = :employmentFrom1:, `employmentTo1` = :employmentTo1:, `reason1` = :reason1:, `companyName2` = :companyName2:, `position2` = :position2:, `employmentFrom2` = :employmentFrom2:, `employmentTo2` = :employmentTo2:, `reason2` = :reason2:, `companyName3` = :companyName3:, `position3` = :position3:, `employmentFrom3` = :employmentFrom3:, `employmentTo3` = :employmentTo3:, `reason3` = :reason3:, `companyName` = :companyName:, `resposition` = :resposition:, `contactName` = :contactName:, `contactPosition` = :contactPosition:, `emailAddress` = :emailAddress:, `contactNumber` = :contactNumber:, `yescuremployed` = :yescuremployed:, `nocuremployed` = :nocuremployed:, `allowed` = :allowed:, `notallowed` = :notallowed:, `ifnoProvdtls` = :ifnoProvdtls:
WHERE `user_id` = :user_id:', [...], false)
 2 SYSTEMPATH\Model.php(385): CodeIgniter\Database\BaseBuilder->update()
 3 SYSTEMPATH\BaseModel.php(949): CodeIgniter\Model->doUpdate(null, [...])
 4 SYSTEMPATH\Model.php(776): CodeIgniter\BaseModel->update(null, [...])
 5 APPPATH\Controllers\AppController.php(286): CodeIgniter\Model->update()
 6 SYSTEMPATH\CodeIgniter.php(919): App\Controllers\AppController->form1sv()
 7 SYSTEMPATH\CodeIgniter.php(494): CodeIgniter\CodeIgniter->runController(Object(App\Controllers\AppController))
 8 SYSTEMPATH\CodeIgniter.php(353): CodeIgniter\CodeIgniter->handleRequest(null, Object(Config\Cache), false)
 9 FCPATH\index.php(79): CodeIgniter\CodeIgniter->run()
10 SYSTEMPATH\Commands\Server\rewrite.php(47): require_once('C:\\CapstoneSystem\\public\\index.php')
CRITICAL - 2024-04-07 11:33:51 --> Undefined array key "referalBy"
in APPPATH\Views\Agent\AgForm1.php on line 127.
 1 APPPATH\Views\Agent\AgForm1.php(127): CodeIgniter\Debug\Exceptions->errorHandler(2, 'Undefined array key "referalBy"', 'C:\\CapstoneSystem\\app\\Views\\Agent\\AgForm1.php', 127)
 2 SYSTEMPATH\View\View.php(226): include('C:\\CapstoneSystem\\app\\Views\\Agent\\AgForm1.php')
 3 SYSTEMPATH\View\View.php(229): CodeIgniter\View\View->CodeIgniter\View\{closure}()
 4 SYSTEMPATH\Common.php(1188): CodeIgniter\View\View->render('Agent/AgForm1', [], true)
 5 APPPATH\Controllers\AgentController.php(215): view('Agent/AgForm1', [...])
 6 SYSTEMPATH\CodeIgniter.php(919): App\Controllers\AgentController->AgForm1()
 7 SYSTEMPATH\CodeIgniter.php(494): CodeIgniter\CodeIgniter->runController(Object(App\Controllers\AgentController))
 8 SYSTEMPATH\CodeIgniter.php(353): CodeIgniter\CodeIgniter->handleRequest(null, Object(Config\Cache), false)
 9 FCPATH\index.php(79): CodeIgniter\CodeIgniter->run()
10 SYSTEMPATH\Commands\Server\rewrite.php(47): require_once('C:\\CapstoneSystem\\public\\index.php')
CRITICAL - 2024-04-07 11:35:32 --> Undefined array key "referralBy"
in APPPATH\Views\Agent\AgForm1.php on line 127.
 1 APPPATH\Views\Agent\AgForm1.php(127): CodeIgniter\Debug\Exceptions->errorHandler(2, 'Undefined array key "referralBy"', 'C:\\CapstoneSystem\\app\\Views\\Agent\\AgForm1.php', 127)
 2 SYSTEMPATH\View\View.php(226): include('C:\\CapstoneSystem\\app\\Views\\Agent\\AgForm1.php')
 3 SYSTEMPATH\View\View.php(229): CodeIgniter\View\View->CodeIgniter\View\{closure}()
 4 SYSTEMPATH\Common.php(1188): CodeIgniter\View\View->render('Agent/AgForm1', [], true)
 5 APPPATH\Controllers\AgentController.php(215): view('Agent/AgForm1', [...])
 6 SYSTEMPATH\CodeIgniter.php(919): App\Controllers\AgentController->AgForm1()
 7 SYSTEMPATH\CodeIgniter.php(494): CodeIgniter\CodeIgniter->runController(Object(App\Controllers\AgentController))
 8 SYSTEMPATH\CodeIgniter.php(353): CodeIgniter\CodeIgniter->handleRequest(null, Object(Config\Cache), false)
 9 FCPATH\index.php(79): CodeIgniter\CodeIgniter->run()
10 SYSTEMPATH\Commands\Server\rewrite.php(47): require_once('C:\\CapstoneSystem\\public\\index.php')
CRITICAL - 2024-04-07 11:35:39 --> Undefined array key "referralBy"
in APPPATH\Views\Agent\AgForm1.php on line 127.
 1 APPPATH\Views\Agent\AgForm1.php(127): CodeIgniter\Debug\Exceptions->errorHandler(2, 'Undefined array key "referralBy"', 'C:\\CapstoneSystem\\app\\Views\\Agent\\AgForm1.php', 127)
 2 SYSTEMPATH\View\View.php(226): include('C:\\CapstoneSystem\\app\\Views\\Agent\\AgForm1.php')
 3 SYSTEMPATH\View\View.php(229): CodeIgniter\View\View->CodeIgniter\View\{closure}()
 4 SYSTEMPATH\Common.php(1188): CodeIgniter\View\View->render('Agent/AgForm1', [], true)
 5 APPPATH\Controllers\AgentController.php(215): view('Agent/AgForm1', [...])
 6 SYSTEMPATH\CodeIgniter.php(919): App\Controllers\AgentController->AgForm1()
 7 SYSTEMPATH\CodeIgniter.php(494): CodeIgniter\CodeIgniter->runController(Object(App\Controllers\AgentController))
 8 SYSTEMPATH\CodeIgniter.php(353): CodeIgniter\CodeIgniter->handleRequest(null, Object(Config\Cache), false)
 9 FCPATH\index.php(79): CodeIgniter\CodeIgniter->run()
10 SYSTEMPATH\Commands\Server\rewrite.php(47): require_once('C:\\CapstoneSystem\\public\\index.php')
CRITICAL - 2024-04-07 11:35:40 --> Undefined array key "referralBy"
in APPPATH\Views\Agent\AgForm1.php on line 127.
 1 APPPATH\Views\Agent\AgForm1.php(127): CodeIgniter\Debug\Exceptions->errorHandler(2, 'Undefined array key "referralBy"', 'C:\\CapstoneSystem\\app\\Views\\Agent\\AgForm1.php', 127)
 2 SYSTEMPATH\View\View.php(226): include('C:\\CapstoneSystem\\app\\Views\\Agent\\AgForm1.php')
 3 SYSTEMPATH\View\View.php(229): CodeIgniter\View\View->CodeIgniter\View\{closure}()
 4 SYSTEMPATH\Common.php(1188): CodeIgniter\View\View->render('Agent/AgForm1', [], true)
 5 APPPATH\Controllers\AgentController.php(215): view('Agent/AgForm1', [...])
 6 SYSTEMPATH\CodeIgniter.php(919): App\Controllers\AgentController->AgForm1()
 7 SYSTEMPATH\CodeIgniter.php(494): CodeIgniter\CodeIgniter->runController(Object(App\Controllers\AgentController))
 8 SYSTEMPATH\CodeIgniter.php(353): CodeIgniter\CodeIgniter->handleRequest(null, Object(Config\Cache), false)
 9 FCPATH\index.php(79): CodeIgniter\CodeIgniter->run()
10 SYSTEMPATH\Commands\Server\rewrite.php(47): require_once('C:\\CapstoneSystem\\public\\index.php')
CRITICAL - 2024-04-07 11:35:40 --> Undefined array key "referralBy"
in APPPATH\Views\Agent\AgForm1.php on line 127.
 1 APPPATH\Views\Agent\AgForm1.php(127): CodeIgniter\Debug\Exceptions->errorHandler(2, 'Undefined array key "referralBy"', 'C:\\CapstoneSystem\\app\\Views\\Agent\\AgForm1.php', 127)
 2 SYSTEMPATH\View\View.php(226): include('C:\\CapstoneSystem\\app\\Views\\Agent\\AgForm1.php')
 3 SYSTEMPATH\View\View.php(229): CodeIgniter\View\View->CodeIgniter\View\{closure}()
 4 SYSTEMPATH\Common.php(1188): CodeIgniter\View\View->render('Agent/AgForm1', [], true)
 5 APPPATH\Controllers\AgentController.php(215): view('Agent/AgForm1', [...])
 6 SYSTEMPATH\CodeIgniter.php(919): App\Controllers\AgentController->AgForm1()
 7 SYSTEMPATH\CodeIgniter.php(494): CodeIgniter\CodeIgniter->runController(Object(App\Controllers\AgentController))
 8 SYSTEMPATH\CodeIgniter.php(353): CodeIgniter\CodeIgniter->handleRequest(null, Object(Config\Cache), false)
 9 FCPATH\index.php(79): CodeIgniter\CodeIgniter->run()
10 SYSTEMPATH\Commands\Server\rewrite.php(47): require_once('C:\\CapstoneSystem\\public\\index.php')
CRITICAL - 2024-04-07 11:51:16 --> Undefined variable $ranking
in APPPATH\Views\Agent\AgDash.php on line 121.
 1 APPPATH\Views\Agent\AgDash.php(121): CodeIgniter\Debug\Exceptions->errorHandler(2, 'Undefined variable $ranking', 'C:\\CapstoneSystem\\app\\Views\\Agent\\AgDash.php', 121)
 2 SYSTEMPATH\View\View.php(226): include('C:\\CapstoneSystem\\app\\Views\\Agent\\AgDash.php')
 3 SYSTEMPATH\View\View.php(229): CodeIgniter\View\View->CodeIgniter\View\{closure}()
 4 SYSTEMPATH\Common.php(1188): CodeIgniter\View\View->render('Agent/AgDash', [], true)
 5 APPPATH\Controllers\AgentController.php(27): view('Agent/AgDash', [...])
 6 SYSTEMPATH\CodeIgniter.php(919): App\Controllers\AgentController->AgDash()
 7 SYSTEMPATH\CodeIgniter.php(494): CodeIgniter\CodeIgniter->runController(Object(App\Controllers\AgentController))
 8 SYSTEMPATH\CodeIgniter.php(353): CodeIgniter\CodeIgniter->handleRequest(null, Object(Config\Cache), false)
 9 FCPATH\index.php(79): CodeIgniter\CodeIgniter->run()
10 SYSTEMPATH\Commands\Server\rewrite.php(47): require_once('C:\\CapstoneSystem\\public\\index.php')
CRITICAL - 2024-04-07 12:01:12 --> Undefined variable $totalAgents
in APPPATH\Views\Agent\AgDash.php on line 170.
 1 APPPATH\Views\Agent\AgDash.php(170): CodeIgniter\Debug\Exceptions->errorHandler(2, 'Undefined variable $totalAgents', 'C:\\CapstoneSystem\\app\\Views\\Agent\\AgDash.php', 170)
 2 SYSTEMPATH\View\View.php(226): include('C:\\CapstoneSystem\\app\\Views\\Agent\\AgDash.php')
 3 SYSTEMPATH\View\View.php(229): CodeIgniter\View\View->CodeIgniter\View\{closure}()
 4 SYSTEMPATH\Common.php(1188): CodeIgniter\View\View->render('Agent/AgDash', [], true)
 5 APPPATH\Controllers\AgentController.php(30): view('Agent/AgDash', [...])
 6 SYSTEMPATH\CodeIgniter.php(919): App\Controllers\AgentController->AgDash()
 7 SYSTEMPATH\CodeIgniter.php(494): CodeIgniter\CodeIgniter->runController(Object(App\Controllers\AgentController))
 8 SYSTEMPATH\CodeIgniter.php(353): CodeIgniter\CodeIgniter->handleRequest(null, Object(Config\Cache), false)
 9 FCPATH\index.php(79): CodeIgniter\CodeIgniter->run()
10 SYSTEMPATH\Commands\Server\rewrite.php(47): require_once('C:\\CapstoneSystem\\public\\index.php')
CRITICAL - 2024-04-07 12:01:16 --> Undefined variable $totalAgents
in APPPATH\Views\Agent\AgDash.php on line 170.
 1 APPPATH\Views\Agent\AgDash.php(170): CodeIgniter\Debug\Exceptions->errorHandler(2, 'Undefined variable $totalAgents', 'C:\\CapstoneSystem\\app\\Views\\Agent\\AgDash.php', 170)
 2 SYSTEMPATH\View\View.php(226): include('C:\\CapstoneSystem\\app\\Views\\Agent\\AgDash.php')
 3 SYSTEMPATH\View\View.php(229): CodeIgniter\View\View->CodeIgniter\View\{closure}()
 4 SYSTEMPATH\Common.php(1188): CodeIgniter\View\View->render('Agent/AgDash', [], true)
 5 APPPATH\Controllers\AgentController.php(30): view('Agent/AgDash', [...])
 6 SYSTEMPATH\CodeIgniter.php(919): App\Controllers\AgentController->AgDash()
 7 SYSTEMPATH\CodeIgniter.php(494): CodeIgniter\CodeIgniter->runController(Object(App\Controllers\AgentController))
 8 SYSTEMPATH\CodeIgniter.php(353): CodeIgniter\CodeIgniter->handleRequest(null, Object(Config\Cache), false)
 9 FCPATH\index.php(79): CodeIgniter\CodeIgniter->run()
10 SYSTEMPATH\Commands\Server\rewrite.php(47): require_once('C:\\CapstoneSystem\\public\\index.php')
CRITICAL - 2024-04-07 12:02:16 --> Undefined variable $totalAgents
in APPPATH\Views\Agent\AgDash.php on line 170.
 1 APPPATH\Views\Agent\AgDash.php(170): CodeIgniter\Debug\Exceptions->errorHandler(2, 'Undefined variable $totalAgents', 'C:\\CapstoneSystem\\app\\Views\\Agent\\AgDash.php', 170)
 2 SYSTEMPATH\View\View.php(226): include('C:\\CapstoneSystem\\app\\Views\\Agent\\AgDash.php')
 3 SYSTEMPATH\View\View.php(229): CodeIgniter\View\View->CodeIgniter\View\{closure}()
 4 SYSTEMPATH\Common.php(1188): CodeIgniter\View\View->render('Agent/AgDash', [], true)
 5 APPPATH\Controllers\AgentController.php(30): view('Agent/AgDash', [...])
 6 SYSTEMPATH\CodeIgniter.php(919): App\Controllers\AgentController->AgDash()
 7 SYSTEMPATH\CodeIgniter.php(494): CodeIgniter\CodeIgniter->runController(Object(App\Controllers\AgentController))
 8 SYSTEMPATH\CodeIgniter.php(353): CodeIgniter\CodeIgniter->handleRequest(null, Object(Config\Cache), false)
 9 FCPATH\index.php(79): CodeIgniter\CodeIgniter->run()
10 SYSTEMPATH\Commands\Server\rewrite.php(47): require_once('C:\\CapstoneSystem\\public\\index.php')
CRITICAL - 2024-04-07 12:02:19 --> Undefined variable $totalAgents
in APPPATH\Views\Agent\AgDash.php on line 170.
 1 APPPATH\Views\Agent\AgDash.php(170): CodeIgniter\Debug\Exceptions->errorHandler(2, 'Undefined variable $totalAgents', 'C:\\CapstoneSystem\\app\\Views\\Agent\\AgDash.php', 170)
 2 SYSTEMPATH\View\View.php(226): include('C:\\CapstoneSystem\\app\\Views\\Agent\\AgDash.php')
 3 SYSTEMPATH\View\View.php(229): CodeIgniter\View\View->CodeIgniter\View\{closure}()
 4 SYSTEMPATH\Common.php(1188): CodeIgniter\View\View->render('Agent/AgDash', [], true)
 5 APPPATH\Controllers\AgentController.php(30): view('Agent/AgDash', [...])
 6 SYSTEMPATH\CodeIgniter.php(919): App\Controllers\AgentController->AgDash()
 7 SYSTEMPATH\CodeIgniter.php(494): CodeIgniter\CodeIgniter->runController(Object(App\Controllers\AgentController))
 8 SYSTEMPATH\CodeIgniter.php(353): CodeIgniter\CodeIgniter->handleRequest(null, Object(Config\Cache), false)
 9 FCPATH\index.php(79): CodeIgniter\CodeIgniter->run()
10 SYSTEMPATH\Commands\Server\rewrite.php(47): require_once('C:\\CapstoneSystem\\public\\index.php')
CRITICAL - 2024-04-07 12:02:20 --> Undefined variable $totalAgents
in APPPATH\Views\Agent\AgDash.php on line 170.
 1 APPPATH\Views\Agent\AgDash.php(170): CodeIgniter\Debug\Exceptions->errorHandler(2, 'Undefined variable $totalAgents', 'C:\\CapstoneSystem\\app\\Views\\Agent\\AgDash.php', 170)
 2 SYSTEMPATH\View\View.php(226): include('C:\\CapstoneSystem\\app\\Views\\Agent\\AgDash.php')
 3 SYSTEMPATH\View\View.php(229): CodeIgniter\View\View->CodeIgniter\View\{closure}()
 4 SYSTEMPATH\Common.php(1188): CodeIgniter\View\View->render('Agent/AgDash', [], true)
 5 APPPATH\Controllers\AgentController.php(30): view('Agent/AgDash', [...])
 6 SYSTEMPATH\CodeIgniter.php(919): App\Controllers\AgentController->AgDash()
 7 SYSTEMPATH\CodeIgniter.php(494): CodeIgniter\CodeIgniter->runController(Object(App\Controllers\AgentController))
 8 SYSTEMPATH\CodeIgniter.php(353): CodeIgniter\CodeIgniter->handleRequest(null, Object(Config\Cache), false)
 9 FCPATH\index.php(79): CodeIgniter\CodeIgniter->run()
10 SYSTEMPATH\Commands\Server\rewrite.php(47): require_once('C:\\CapstoneSystem\\public\\index.php')
CRITICAL - 2024-04-07 12:02:20 --> Undefined variable $totalAgents
in APPPATH\Views\Agent\AgDash.php on line 170.
 1 APPPATH\Views\Agent\AgDash.php(170): CodeIgniter\Debug\Exceptions->errorHandler(2, 'Undefined variable $totalAgents', 'C:\\CapstoneSystem\\app\\Views\\Agent\\AgDash.php', 170)
 2 SYSTEMPATH\View\View.php(226): include('C:\\CapstoneSystem\\app\\Views\\Agent\\AgDash.php')
 3 SYSTEMPATH\View\View.php(229): CodeIgniter\View\View->CodeIgniter\View\{closure}()
 4 SYSTEMPATH\Common.php(1188): CodeIgniter\View\View->render('Agent/AgDash', [], true)
 5 APPPATH\Controllers\AgentController.php(30): view('Agent/AgDash', [...])
 6 SYSTEMPATH\CodeIgniter.php(919): App\Controllers\AgentController->AgDash()
 7 SYSTEMPATH\CodeIgniter.php(494): CodeIgniter\CodeIgniter->runController(Object(App\Controllers\AgentController))
 8 SYSTEMPATH\CodeIgniter.php(353): CodeIgniter\CodeIgniter->handleRequest(null, Object(Config\Cache), false)
 9 FCPATH\index.php(79): CodeIgniter\CodeIgniter->run()
10 SYSTEMPATH\Commands\Server\rewrite.php(47): require_once('C:\\CapstoneSystem\\public\\index.php')
CRITICAL - 2024-04-07 12:02:22 --> Undefined variable $totalAgents
in APPPATH\Views\Agent\AgDash.php on line 170.
 1 APPPATH\Views\Agent\AgDash.php(170): CodeIgniter\Debug\Exceptions->errorHandler(2, 'Undefined variable $totalAgents', 'C:\\CapstoneSystem\\app\\Views\\Agent\\AgDash.php', 170)
 2 SYSTEMPATH\View\View.php(226): include('C:\\CapstoneSystem\\app\\Views\\Agent\\AgDash.php')
 3 SYSTEMPATH\View\View.php(229): CodeIgniter\View\View->CodeIgniter\View\{closure}()
 4 SYSTEMPATH\Common.php(1188): CodeIgniter\View\View->render('Agent/AgDash', [], true)
 5 APPPATH\Controllers\AgentController.php(30): view('Agent/AgDash', [...])
 6 SYSTEMPATH\CodeIgniter.php(919): App\Controllers\AgentController->AgDash()
 7 SYSTEMPATH\CodeIgniter.php(494): CodeIgniter\CodeIgniter->runController(Object(App\Controllers\AgentController))
 8 SYSTEMPATH\CodeIgniter.php(353): CodeIgniter\CodeIgniter->handleRequest(null, Object(Config\Cache), false)
 9 FCPATH\index.php(79): CodeIgniter\CodeIgniter->run()
10 SYSTEMPATH\Commands\Server\rewrite.php(47): require_once('C:\\CapstoneSystem\\public\\index.php')
CRITICAL - 2024-04-07 12:02:22 --> Undefined variable $totalAgents
in APPPATH\Views\Agent\AgDash.php on line 170.
 1 APPPATH\Views\Agent\AgDash.php(170): CodeIgniter\Debug\Exceptions->errorHandler(2, 'Undefined variable $totalAgents', 'C:\\CapstoneSystem\\app\\Views\\Agent\\AgDash.php', 170)
 2 SYSTEMPATH\View\View.php(226): include('C:\\CapstoneSystem\\app\\Views\\Agent\\AgDash.php')
 3 SYSTEMPATH\View\View.php(229): CodeIgniter\View\View->CodeIgniter\View\{closure}()
 4 SYSTEMPATH\Common.php(1188): CodeIgniter\View\View->render('Agent/AgDash', [], true)
 5 APPPATH\Controllers\AgentController.php(30): view('Agent/AgDash', [...])
 6 SYSTEMPATH\CodeIgniter.php(919): App\Controllers\AgentController->AgDash()
 7 SYSTEMPATH\CodeIgniter.php(494): CodeIgniter\CodeIgniter->runController(Object(App\Controllers\AgentController))
 8 SYSTEMPATH\CodeIgniter.php(353): CodeIgniter\CodeIgniter->handleRequest(null, Object(Config\Cache), false)
 9 FCPATH\index.php(79): CodeIgniter\CodeIgniter->run()
10 SYSTEMPATH\Commands\Server\rewrite.php(47): require_once('C:\\CapstoneSystem\\public\\index.php')
CRITICAL - 2024-04-07 12:02:22 --> Undefined variable $totalAgents
in APPPATH\Views\Agent\AgDash.php on line 170.
 1 APPPATH\Views\Agent\AgDash.php(170): CodeIgniter\Debug\Exceptions->errorHandler(2, 'Undefined variable $totalAgents', 'C:\\CapstoneSystem\\app\\Views\\Agent\\AgDash.php', 170)
 2 SYSTEMPATH\View\View.php(226): include('C:\\CapstoneSystem\\app\\Views\\Agent\\AgDash.php')
 3 SYSTEMPATH\View\View.php(229): CodeIgniter\View\View->CodeIgniter\View\{closure}()
 4 SYSTEMPATH\Common.php(1188): CodeIgniter\View\View->render('Agent/AgDash', [], true)
 5 APPPATH\Controllers\AgentController.php(30): view('Agent/AgDash', [...])
 6 SYSTEMPATH\CodeIgniter.php(919): App\Controllers\AgentController->AgDash()
 7 SYSTEMPATH\CodeIgniter.php(494): CodeIgniter\CodeIgniter->runController(Object(App\Controllers\AgentController))
 8 SYSTEMPATH\CodeIgniter.php(353): CodeIgniter\CodeIgniter->handleRequest(null, Object(Config\Cache), false)
 9 FCPATH\index.php(79): CodeIgniter\CodeIgniter->run()
10 SYSTEMPATH\Commands\Server\rewrite.php(47): require_once('C:\\CapstoneSystem\\public\\index.php')
CRITICAL - 2024-04-07 12:02:23 --> Undefined variable $totalAgents
in APPPATH\Views\Agent\AgDash.php on line 170.
 1 APPPATH\Views\Agent\AgDash.php(170): CodeIgniter\Debug\Exceptions->errorHandler(2, 'Undefined variable $totalAgents', 'C:\\CapstoneSystem\\app\\Views\\Agent\\AgDash.php', 170)
 2 SYSTEMPATH\View\View.php(226): include('C:\\CapstoneSystem\\app\\Views\\Agent\\AgDash.php')
 3 SYSTEMPATH\View\View.php(229): CodeIgniter\View\View->CodeIgniter\View\{closure}()
 4 SYSTEMPATH\Common.php(1188): CodeIgniter\View\View->render('Agent/AgDash', [], true)
 5 APPPATH\Controllers\AgentController.php(30): view('Agent/AgDash', [...])
 6 SYSTEMPATH\CodeIgniter.php(919): App\Controllers\AgentController->AgDash()
 7 SYSTEMPATH\CodeIgniter.php(494): CodeIgniter\CodeIgniter->runController(Object(App\Controllers\AgentController))
 8 SYSTEMPATH\CodeIgniter.php(353): CodeIgniter\CodeIgniter->handleRequest(null, Object(Config\Cache), false)
 9 FCPATH\index.php(79): CodeIgniter\CodeIgniter->run()
10 SYSTEMPATH\Commands\Server\rewrite.php(47): require_once('C:\\CapstoneSystem\\public\\index.php')
CRITICAL - 2024-04-07 12:02:34 --> Undefined variable $totalAgents
in APPPATH\Views\Agent\AgDash.php on line 170.
 1 APPPATH\Views\Agent\AgDash.php(170): CodeIgniter\Debug\Exceptions->errorHandler(2, 'Undefined variable $totalAgents', 'C:\\CapstoneSystem\\app\\Views\\Agent\\AgDash.php', 170)
 2 SYSTEMPATH\View\View.php(226): include('C:\\CapstoneSystem\\app\\Views\\Agent\\AgDash.php')
 3 SYSTEMPATH\View\View.php(229): CodeIgniter\View\View->CodeIgniter\View\{closure}()
 4 SYSTEMPATH\Common.php(1188): CodeIgniter\View\View->render('Agent/AgDash', [], true)
 5 APPPATH\Controllers\AgentController.php(30): view('Agent/AgDash', [...])
 6 SYSTEMPATH\CodeIgniter.php(919): App\Controllers\AgentController->AgDash()
 7 SYSTEMPATH\CodeIgniter.php(494): CodeIgniter\CodeIgniter->runController(Object(App\Controllers\AgentController))
 8 SYSTEMPATH\CodeIgniter.php(353): CodeIgniter\CodeIgniter->handleRequest(null, Object(Config\Cache), false)
 9 FCPATH\index.php(79): CodeIgniter\CodeIgniter->run()
10 SYSTEMPATH\Commands\Server\rewrite.php(47): require_once('C:\\CapstoneSystem\\public\\index.php')
CRITICAL - 2024-04-07 12:02:34 --> Undefined variable $totalAgents
in APPPATH\Views\Agent\AgDash.php on line 170.
 1 APPPATH\Views\Agent\AgDash.php(170): CodeIgniter\Debug\Exceptions->errorHandler(2, 'Undefined variable $totalAgents', 'C:\\CapstoneSystem\\app\\Views\\Agent\\AgDash.php', 170)
 2 SYSTEMPATH\View\View.php(226): include('C:\\CapstoneSystem\\app\\Views\\Agent\\AgDash.php')
 3 SYSTEMPATH\View\View.php(229): CodeIgniter\View\View->CodeIgniter\View\{closure}()
 4 SYSTEMPATH\Common.php(1188): CodeIgniter\View\View->render('Agent/AgDash', [], true)
 5 APPPATH\Controllers\AgentController.php(30): view('Agent/AgDash', [...])
 6 SYSTEMPATH\CodeIgniter.php(919): App\Controllers\AgentController->AgDash()
 7 SYSTEMPATH\CodeIgniter.php(494): CodeIgniter\CodeIgniter->runController(Object(App\Controllers\AgentController))
 8 SYSTEMPATH\CodeIgniter.php(353): CodeIgniter\CodeIgniter->handleRequest(null, Object(Config\Cache), false)
 9 FCPATH\index.php(79): CodeIgniter\CodeIgniter->run()
10 SYSTEMPATH\Commands\Server\rewrite.php(47): require_once('C:\\CapstoneSystem\\public\\index.php')
CRITICAL - 2024-04-07 12:02:35 --> Undefined variable $totalAgents
in APPPATH\Views\Agent\AgDash.php on line 170.
 1 APPPATH\Views\Agent\AgDash.php(170): CodeIgniter\Debug\Exceptions->errorHandler(2, 'Undefined variable $totalAgents', 'C:\\CapstoneSystem\\app\\Views\\Agent\\AgDash.php', 170)
 2 SYSTEMPATH\View\View.php(226): include('C:\\CapstoneSystem\\app\\Views\\Agent\\AgDash.php')
 3 SYSTEMPATH\View\View.php(229): CodeIgniter\View\View->CodeIgniter\View\{closure}()
 4 SYSTEMPATH\Common.php(1188): CodeIgniter\View\View->render('Agent/AgDash', [], true)
 5 APPPATH\Controllers\AgentController.php(30): view('Agent/AgDash', [...])
 6 SYSTEMPATH\CodeIgniter.php(919): App\Controllers\AgentController->AgDash()
 7 SYSTEMPATH\CodeIgniter.php(494): CodeIgniter\CodeIgniter->runController(Object(App\Controllers\AgentController))
 8 SYSTEMPATH\CodeIgniter.php(353): CodeIgniter\CodeIgniter->handleRequest(null, Object(Config\Cache), false)
 9 FCPATH\index.php(79): CodeIgniter\CodeIgniter->run()
10 SYSTEMPATH\Commands\Server\rewrite.php(47): require_once('C:\\CapstoneSystem\\public\\index.php')
CRITICAL - 2024-04-07 12:02:35 --> Undefined variable $totalAgents
in APPPATH\Views\Agent\AgDash.php on line 170.
 1 APPPATH\Views\Agent\AgDash.php(170): CodeIgniter\Debug\Exceptions->errorHandler(2, 'Undefined variable $totalAgents', 'C:\\CapstoneSystem\\app\\Views\\Agent\\AgDash.php', 170)
 2 SYSTEMPATH\View\View.php(226): include('C:\\CapstoneSystem\\app\\Views\\Agent\\AgDash.php')
 3 SYSTEMPATH\View\View.php(229): CodeIgniter\View\View->CodeIgniter\View\{closure}()
 4 SYSTEMPATH\Common.php(1188): CodeIgniter\View\View->render('Agent/AgDash', [], true)
 5 APPPATH\Controllers\AgentController.php(30): view('Agent/AgDash', [...])
 6 SYSTEMPATH\CodeIgniter.php(919): App\Controllers\AgentController->AgDash()
 7 SYSTEMPATH\CodeIgniter.php(494): CodeIgniter\CodeIgniter->runController(Object(App\Controllers\AgentController))
 8 SYSTEMPATH\CodeIgniter.php(353): CodeIgniter\CodeIgniter->handleRequest(null, Object(Config\Cache), false)
 9 FCPATH\index.php(79): CodeIgniter\CodeIgniter->run()
10 SYSTEMPATH\Commands\Server\rewrite.php(47): require_once('C:\\CapstoneSystem\\public\\index.php')
>>>>>>> Stashed changes
