CRITICAL - 2024-04-01 00:07:21 --> Invalid file: "register.php"
in SYSTEMPATH\Exceptions\FrameworkException.php on line 39.
 1 SYSTEMPATH\View\View.php(214): CodeIgniter\Exceptions\FrameworkException::forInvalidFile('register.php')
 2 SYSTEMPATH\Common.php(1188): CodeIgniter\View\View->render('register', [], true)
 3 APPPATH\Controllers\HomepageController.php(98): view('register', [...])
 4 SYSTEMPATH\CodeIgniter.php(919): App\Controllers\HomepageController->Authreg()
 5 SYSTEMPATH\CodeIgniter.php(494): CodeIgniter\CodeIgniter->runController(Object(App\Controllers\HomepageController))
 6 SYSTEMPATH\CodeIgniter.php(353): CodeIgniter\CodeIgniter->handleRequest(null, Object(Config\Cache), false)
 7 FCPATH\index.php(79): CodeIgniter\CodeIgniter->run()
 8 SYSTEMPATH\Commands\Server\rewrite.php(47): require_once('C:\\CapstoneSystem\\public\\index.php')
CRITICAL - 2024-04-01 20:00:21 --> Undefined array key "applicantfullname"
in APPPATH\Views\Applicant\AppDash.php on line 127.
 1 APPPATH\Views\Applicant\AppDash.php(127): CodeIgniter\Debug\Exceptions->errorHandler(2, 'Undefined array key "applicantfullname"', 'C:\\CapstoneSystem\\app\\Views\\Applicant\\AppDash.php', 127)
 2 SYSTEMPATH\View\View.php(226): include('C:\\CapstoneSystem\\app\\Views\\Applicant\\AppDash.php')
 3 SYSTEMPATH\View\View.php(229): CodeIgniter\View\View->CodeIgniter\View\{closure}()
 4 SYSTEMPATH\Common.php(1188): CodeIgniter\View\View->render('Applicant/AppDash', [], true)
 5 APPPATH\Controllers\AppController.php(37): view('Applicant/AppDash', [...])
 6 SYSTEMPATH\CodeIgniter.php(919): App\Controllers\AppController->AppDash()
 7 SYSTEMPATH\CodeIgniter.php(494): CodeIgniter\CodeIgniter->runController(Object(App\Controllers\AppController))
 8 SYSTEMPATH\CodeIgniter.php(353): CodeIgniter\CodeIgniter->handleRequest(null, Object(Config\Cache), false)
 9 FCPATH\index.php(79): CodeIgniter\CodeIgniter->run()
10 SYSTEMPATH\Commands\Server\rewrite.php(47): require_once('C:\\CapstoneSystem\\public\\index.php')
CRITICAL - 2024-04-01 20:04:24 --> Undefined array key "applicantfullname"
in APPPATH\Views\Applicant\AppProfile.php on line 214.
 1 APPPATH\Views\Applicant\AppProfile.php(214): CodeIgniter\Debug\Exceptions->errorHandler(2, 'Undefined array key "applicantfullname"', 'C:\\CapstoneSystem\\app\\Views\\Applicant\\AppProfile.php', 214)
 2 SYSTEMPATH\View\View.php(226): include('C:\\CapstoneSystem\\app\\Views\\Applicant\\AppProfile.php')
 3 SYSTEMPATH\View\View.php(229): CodeIgniter\View\View->CodeIgniter\View\{closure}()
 4 SYSTEMPATH\Common.php(1188): CodeIgniter\View\View->render('Applicant/AppProfile', [], true)
 5 APPPATH\Controllers\AppController.php(44): view('Applicant/AppProfile', [...])
 6 SYSTEMPATH\CodeIgniter.php(919): App\Controllers\AppController->AppProfile()
 7 SYSTEMPATH\CodeIgniter.php(494): CodeIgniter\CodeIgniter->runController(Object(App\Controllers\AppController))
 8 SYSTEMPATH\CodeIgniter.php(353): CodeIgniter\CodeIgniter->handleRequest(null, Object(Config\Cache), false)
 9 FCPATH\index.php(79): CodeIgniter\CodeIgniter->run()
10 SYSTEMPATH\Commands\Server\rewrite.php(47): require_once('C:\\CapstoneSystem\\public\\index.php')
CRITICAL - 2024-04-01 21:55:50 --> Call to private method App\Controllers\AdminController::topagent() from scope App\Controllers\AgentController
in APPPATH\Controllers\AgentController.php on line 40.
 1 SYSTEMPATH\CodeIgniter.php(919): App\Controllers\AgentController->AgProfile()
 2 SYSTEMPATH\CodeIgniter.php(494): CodeIgniter\CodeIgniter->runController(Object(App\Controllers\AgentController))
 3 SYSTEMPATH\CodeIgniter.php(353): CodeIgniter\CodeIgniter->handleRequest(null, Object(Config\Cache), false)
 4 FCPATH\index.php(79): CodeIgniter\CodeIgniter->run()
 5 SYSTEMPATH\Commands\Server\rewrite.php(47): require_once('C:\\CapstoneSystem\\public\\index.php')
CRITICAL - 2024-04-01 21:56:06 --> Call to private method App\Controllers\AdminController::topagent() from scope App\Controllers\AgentController
in APPPATH\Controllers\AgentController.php on line 40.
 1 SYSTEMPATH\CodeIgniter.php(919): App\Controllers\AgentController->AgProfile()
 2 SYSTEMPATH\CodeIgniter.php(494): CodeIgniter\CodeIgniter->runController(Object(App\Controllers\AgentController))
 3 SYSTEMPATH\CodeIgniter.php(353): CodeIgniter\CodeIgniter->handleRequest(null, Object(Config\Cache), false)
 4 FCPATH\index.php(79): CodeIgniter\CodeIgniter->run()
 5 SYSTEMPATH\Commands\Server\rewrite.php(47): require_once('C:\\CapstoneSystem\\public\\index.php')
CRITICAL - 2024-04-01 21:57:08 --> Undefined variable $topagent
in APPPATH\Views\Agent\AgProfile.php on line 106.
 1 APPPATH\Views\Agent\AgProfile.php(106): CodeIgniter\Debug\Exceptions->errorHandler(2, 'Undefined variable $topagent', 'C:\\CapstoneSystem\\app\\Views\\Agent\\AgProfile.php', 106)
 2 SYSTEMPATH\View\View.php(226): include('C:\\CapstoneSystem\\app\\Views\\Agent\\AgProfile.php')
 3 SYSTEMPATH\View\View.php(229): CodeIgniter\View\View->CodeIgniter\View\{closure}()
 4 SYSTEMPATH\Common.php(1188): CodeIgniter\View\View->render('Agent/AgProfile', [], true)
 5 APPPATH\Controllers\AgentController.php(46): view('Agent/AgProfile', [...])
 6 SYSTEMPATH\CodeIgniter.php(919): App\Controllers\AgentController->AgProfile()
 7 SYSTEMPATH\CodeIgniter.php(494): CodeIgniter\CodeIgniter->runController(Object(App\Controllers\AgentController))
 8 SYSTEMPATH\CodeIgniter.php(353): CodeIgniter\CodeIgniter->handleRequest(null, Object(Config\Cache), false)
 9 FCPATH\index.php(79): CodeIgniter\CodeIgniter->run()
10 SYSTEMPATH\Commands\Server\rewrite.php(47): require_once('C:\\CapstoneSystem\\public\\index.php')
CRITICAL - 2024-04-01 21:57:12 --> Undefined array key "total_fA"
in APPPATH\Views\Agent\AgProfile.php on line 106.
 1 APPPATH\Views\Agent\AgProfile.php(106): CodeIgniter\Debug\Exceptions->errorHandler(2, 'Undefined array key "total_fA"', 'C:\\CapstoneSystem\\app\\Views\\Agent\\AgProfile.php', 106)
 2 SYSTEMPATH\View\View.php(226): include('C:\\CapstoneSystem\\app\\Views\\Agent\\AgProfile.php')
 3 SYSTEMPATH\View\View.php(229): CodeIgniter\View\View->CodeIgniter\View\{closure}()
 4 SYSTEMPATH\Common.php(1188): CodeIgniter\View\View->render('Agent/AgProfile', [], true)
 5 APPPATH\Controllers\AgentController.php(46): view('Agent/AgProfile', [...])
 6 SYSTEMPATH\CodeIgniter.php(919): App\Controllers\AgentController->AgProfile()
 7 SYSTEMPATH\CodeIgniter.php(494): CodeIgniter\CodeIgniter->runController(Object(App\Controllers\AgentController))
 8 SYSTEMPATH\CodeIgniter.php(353): CodeIgniter\CodeIgniter->handleRequest(null, Object(Config\Cache), false)
 9 FCPATH\index.php(79): CodeIgniter\CodeIgniter->run()
10 SYSTEMPATH\Commands\Server\rewrite.php(47): require_once('C:\\CapstoneSystem\\public\\index.php')
CRITICAL - 2024-04-01 21:57:18 --> Undefined variable $topagent
in APPPATH\Views\Agent\AgProfile.php on line 106.
 1 APPPATH\Views\Agent\AgProfile.php(106): CodeIgniter\Debug\Exceptions->errorHandler(2, 'Undefined variable $topagent', 'C:\\CapstoneSystem\\app\\Views\\Agent\\AgProfile.php', 106)
 2 SYSTEMPATH\View\View.php(226): include('C:\\CapstoneSystem\\app\\Views\\Agent\\AgProfile.php')
 3 SYSTEMPATH\View\View.php(229): CodeIgniter\View\View->CodeIgniter\View\{closure}()
 4 SYSTEMPATH\Common.php(1188): CodeIgniter\View\View->render('Agent/AgProfile', [], true)
 5 APPPATH\Controllers\AgentController.php(46): view('Agent/AgProfile', [...])
 6 SYSTEMPATH\CodeIgniter.php(919): App\Controllers\AgentController->AgProfile()
 7 SYSTEMPATH\CodeIgniter.php(494): CodeIgniter\CodeIgniter->runController(Object(App\Controllers\AgentController))
 8 SYSTEMPATH\CodeIgniter.php(353): CodeIgniter\CodeIgniter->handleRequest(null, Object(Config\Cache), false)
 9 FCPATH\index.php(79): CodeIgniter\CodeIgniter->run()
10 SYSTEMPATH\Commands\Server\rewrite.php(47): require_once('C:\\CapstoneSystem\\public\\index.php')
CRITICAL - 2024-04-01 21:57:47 --> Undefined variable $topagent
in APPPATH\Views\Agent\AgProfile.php on line 106.
 1 APPPATH\Views\Agent\AgProfile.php(106): CodeIgniter\Debug\Exceptions->errorHandler(2, 'Undefined variable $topagent', 'C:\\CapstoneSystem\\app\\Views\\Agent\\AgProfile.php', 106)
 2 SYSTEMPATH\View\View.php(226): include('C:\\CapstoneSystem\\app\\Views\\Agent\\AgProfile.php')
 3 SYSTEMPATH\View\View.php(229): CodeIgniter\View\View->CodeIgniter\View\{closure}()
 4 SYSTEMPATH\Common.php(1188): CodeIgniter\View\View->render('Agent/AgProfile', [], true)
 5 APPPATH\Controllers\AgentController.php(46): view('Agent/AgProfile', [...])
 6 SYSTEMPATH\CodeIgniter.php(919): App\Controllers\AgentController->AgProfile()
 7 SYSTEMPATH\CodeIgniter.php(494): CodeIgniter\CodeIgniter->runController(Object(App\Controllers\AgentController))
 8 SYSTEMPATH\CodeIgniter.php(353): CodeIgniter\CodeIgniter->handleRequest(null, Object(Config\Cache), false)
 9 FCPATH\index.php(79): CodeIgniter\CodeIgniter->run()
10 SYSTEMPATH\Commands\Server\rewrite.php(47): require_once('C:\\CapstoneSystem\\public\\index.php')
CRITICAL - 2024-04-01 21:57:47 --> Undefined variable $topagent
in APPPATH\Views\Agent\AgProfile.php on line 106.
 1 APPPATH\Views\Agent\AgProfile.php(106): CodeIgniter\Debug\Exceptions->errorHandler(2, 'Undefined variable $topagent', 'C:\\CapstoneSystem\\app\\Views\\Agent\\AgProfile.php', 106)
 2 SYSTEMPATH\View\View.php(226): include('C:\\CapstoneSystem\\app\\Views\\Agent\\AgProfile.php')
 3 SYSTEMPATH\View\View.php(229): CodeIgniter\View\View->CodeIgniter\View\{closure}()
 4 SYSTEMPATH\Common.php(1188): CodeIgniter\View\View->render('Agent/AgProfile', [], true)
 5 APPPATH\Controllers\AgentController.php(46): view('Agent/AgProfile', [...])
 6 SYSTEMPATH\CodeIgniter.php(919): App\Controllers\AgentController->AgProfile()
 7 SYSTEMPATH\CodeIgniter.php(494): CodeIgniter\CodeIgniter->runController(Object(App\Controllers\AgentController))
 8 SYSTEMPATH\CodeIgniter.php(353): CodeIgniter\CodeIgniter->handleRequest(null, Object(Config\Cache), false)
 9 FCPATH\index.php(79): CodeIgniter\CodeIgniter->run()
10 SYSTEMPATH\Commands\Server\rewrite.php(47): require_once('C:\\CapstoneSystem\\public\\index.php')
CRITICAL - 2024-04-01 21:57:48 --> Undefined variable $topagent
in APPPATH\Views\Agent\AgProfile.php on line 106.
 1 APPPATH\Views\Agent\AgProfile.php(106): CodeIgniter\Debug\Exceptions->errorHandler(2, 'Undefined variable $topagent', 'C:\\CapstoneSystem\\app\\Views\\Agent\\AgProfile.php', 106)
 2 SYSTEMPATH\View\View.php(226): include('C:\\CapstoneSystem\\app\\Views\\Agent\\AgProfile.php')
 3 SYSTEMPATH\View\View.php(229): CodeIgniter\View\View->CodeIgniter\View\{closure}()
 4 SYSTEMPATH\Common.php(1188): CodeIgniter\View\View->render('Agent/AgProfile', [], true)
 5 APPPATH\Controllers\AgentController.php(46): view('Agent/AgProfile', [...])
 6 SYSTEMPATH\CodeIgniter.php(919): App\Controllers\AgentController->AgProfile()
 7 SYSTEMPATH\CodeIgniter.php(494): CodeIgniter\CodeIgniter->runController(Object(App\Controllers\AgentController))
 8 SYSTEMPATH\CodeIgniter.php(353): CodeIgniter\CodeIgniter->handleRequest(null, Object(Config\Cache), false)
 9 FCPATH\index.php(79): CodeIgniter\CodeIgniter->run()
10 SYSTEMPATH\Commands\Server\rewrite.php(47): require_once('C:\\CapstoneSystem\\public\\index.php')
CRITICAL - 2024-04-01 21:57:48 --> Undefined variable $topagent
in APPPATH\Views\Agent\AgProfile.php on line 106.
 1 APPPATH\Views\Agent\AgProfile.php(106): CodeIgniter\Debug\Exceptions->errorHandler(2, 'Undefined variable $topagent', 'C:\\CapstoneSystem\\app\\Views\\Agent\\AgProfile.php', 106)
 2 SYSTEMPATH\View\View.php(226): include('C:\\CapstoneSystem\\app\\Views\\Agent\\AgProfile.php')
 3 SYSTEMPATH\View\View.php(229): CodeIgniter\View\View->CodeIgniter\View\{closure}()
 4 SYSTEMPATH\Common.php(1188): CodeIgniter\View\View->render('Agent/AgProfile', [], true)
 5 APPPATH\Controllers\AgentController.php(46): view('Agent/AgProfile', [...])
 6 SYSTEMPATH\CodeIgniter.php(919): App\Controllers\AgentController->AgProfile()
 7 SYSTEMPATH\CodeIgniter.php(494): CodeIgniter\CodeIgniter->runController(Object(App\Controllers\AgentController))
 8 SYSTEMPATH\CodeIgniter.php(353): CodeIgniter\CodeIgniter->handleRequest(null, Object(Config\Cache), false)
 9 FCPATH\index.php(79): CodeIgniter\CodeIgniter->run()
10 SYSTEMPATH\Commands\Server\rewrite.php(47): require_once('C:\\CapstoneSystem\\public\\index.php')
CRITICAL - 2024-04-01 21:57:48 --> Undefined variable $topagent
in APPPATH\Views\Agent\AgProfile.php on line 106.
 1 APPPATH\Views\Agent\AgProfile.php(106): CodeIgniter\Debug\Exceptions->errorHandler(2, 'Undefined variable $topagent', 'C:\\CapstoneSystem\\app\\Views\\Agent\\AgProfile.php', 106)
 2 SYSTEMPATH\View\View.php(226): include('C:\\CapstoneSystem\\app\\Views\\Agent\\AgProfile.php')
 3 SYSTEMPATH\View\View.php(229): CodeIgniter\View\View->CodeIgniter\View\{closure}()
 4 SYSTEMPATH\Common.php(1188): CodeIgniter\View\View->render('Agent/AgProfile', [], true)
 5 APPPATH\Controllers\AgentController.php(46): view('Agent/AgProfile', [...])
 6 SYSTEMPATH\CodeIgniter.php(919): App\Controllers\AgentController->AgProfile()
 7 SYSTEMPATH\CodeIgniter.php(494): CodeIgniter\CodeIgniter->runController(Object(App\Controllers\AgentController))
 8 SYSTEMPATH\CodeIgniter.php(353): CodeIgniter\CodeIgniter->handleRequest(null, Object(Config\Cache), false)
 9 FCPATH\index.php(79): CodeIgniter\CodeIgniter->run()
10 SYSTEMPATH\Commands\Server\rewrite.php(47): require_once('C:\\CapstoneSystem\\public\\index.php')
CRITICAL - 2024-04-01 21:57:48 --> Undefined variable $topagent
in APPPATH\Views\Agent\AgProfile.php on line 106.
 1 APPPATH\Views\Agent\AgProfile.php(106): CodeIgniter\Debug\Exceptions->errorHandler(2, 'Undefined variable $topagent', 'C:\\CapstoneSystem\\app\\Views\\Agent\\AgProfile.php', 106)
 2 SYSTEMPATH\View\View.php(226): include('C:\\CapstoneSystem\\app\\Views\\Agent\\AgProfile.php')
 3 SYSTEMPATH\View\View.php(229): CodeIgniter\View\View->CodeIgniter\View\{closure}()
 4 SYSTEMPATH\Common.php(1188): CodeIgniter\View\View->render('Agent/AgProfile', [], true)
 5 APPPATH\Controllers\AgentController.php(46): view('Agent/AgProfile', [...])
 6 SYSTEMPATH\CodeIgniter.php(919): App\Controllers\AgentController->AgProfile()
 7 SYSTEMPATH\CodeIgniter.php(494): CodeIgniter\CodeIgniter->runController(Object(App\Controllers\AgentController))
 8 SYSTEMPATH\CodeIgniter.php(353): CodeIgniter\CodeIgniter->handleRequest(null, Object(Config\Cache), false)
 9 FCPATH\index.php(79): CodeIgniter\CodeIgniter->run()
10 SYSTEMPATH\Commands\Server\rewrite.php(47): require_once('C:\\CapstoneSystem\\public\\index.php')
CRITICAL - 2024-04-01 21:57:48 --> Undefined variable $topagent
in APPPATH\Views\Agent\AgProfile.php on line 106.
 1 APPPATH\Views\Agent\AgProfile.php(106): CodeIgniter\Debug\Exceptions->errorHandler(2, 'Undefined variable $topagent', 'C:\\CapstoneSystem\\app\\Views\\Agent\\AgProfile.php', 106)
 2 SYSTEMPATH\View\View.php(226): include('C:\\CapstoneSystem\\app\\Views\\Agent\\AgProfile.php')
 3 SYSTEMPATH\View\View.php(229): CodeIgniter\View\View->CodeIgniter\View\{closure}()
 4 SYSTEMPATH\Common.php(1188): CodeIgniter\View\View->render('Agent/AgProfile', [], true)
 5 APPPATH\Controllers\AgentController.php(46): view('Agent/AgProfile', [...])
 6 SYSTEMPATH\CodeIgniter.php(919): App\Controllers\AgentController->AgProfile()
 7 SYSTEMPATH\CodeIgniter.php(494): CodeIgniter\CodeIgniter->runController(Object(App\Controllers\AgentController))
 8 SYSTEMPATH\CodeIgniter.php(353): CodeIgniter\CodeIgniter->handleRequest(null, Object(Config\Cache), false)
 9 FCPATH\index.php(79): CodeIgniter\CodeIgniter->run()
10 SYSTEMPATH\Commands\Server\rewrite.php(47): require_once('C:\\CapstoneSystem\\public\\index.php')
CRITICAL - 2024-04-01 21:57:49 --> Undefined variable $topagent
in APPPATH\Views\Agent\AgProfile.php on line 106.
 1 APPPATH\Views\Agent\AgProfile.php(106): CodeIgniter\Debug\Exceptions->errorHandler(2, 'Undefined variable $topagent', 'C:\\CapstoneSystem\\app\\Views\\Agent\\AgProfile.php', 106)
 2 SYSTEMPATH\View\View.php(226): include('C:\\CapstoneSystem\\app\\Views\\Agent\\AgProfile.php')
 3 SYSTEMPATH\View\View.php(229): CodeIgniter\View\View->CodeIgniter\View\{closure}()
 4 SYSTEMPATH\Common.php(1188): CodeIgniter\View\View->render('Agent/AgProfile', [], true)
 5 APPPATH\Controllers\AgentController.php(46): view('Agent/AgProfile', [...])
 6 SYSTEMPATH\CodeIgniter.php(919): App\Controllers\AgentController->AgProfile()
 7 SYSTEMPATH\CodeIgniter.php(494): CodeIgniter\CodeIgniter->runController(Object(App\Controllers\AgentController))
 8 SYSTEMPATH\CodeIgniter.php(353): CodeIgniter\CodeIgniter->handleRequest(null, Object(Config\Cache), false)
 9 FCPATH\index.php(79): CodeIgniter\CodeIgniter->run()
10 SYSTEMPATH\Commands\Server\rewrite.php(47): require_once('C:\\CapstoneSystem\\public\\index.php')
CRITICAL - 2024-04-01 21:57:49 --> Undefined variable $topagent
in APPPATH\Views\Agent\AgProfile.php on line 106.
 1 APPPATH\Views\Agent\AgProfile.php(106): CodeIgniter\Debug\Exceptions->errorHandler(2, 'Undefined variable $topagent', 'C:\\CapstoneSystem\\app\\Views\\Agent\\AgProfile.php', 106)
 2 SYSTEMPATH\View\View.php(226): include('C:\\CapstoneSystem\\app\\Views\\Agent\\AgProfile.php')
 3 SYSTEMPATH\View\View.php(229): CodeIgniter\View\View->CodeIgniter\View\{closure}()
 4 SYSTEMPATH\Common.php(1188): CodeIgniter\View\View->render('Agent/AgProfile', [], true)
 5 APPPATH\Controllers\AgentController.php(46): view('Agent/AgProfile', [...])
 6 SYSTEMPATH\CodeIgniter.php(919): App\Controllers\AgentController->AgProfile()
 7 SYSTEMPATH\CodeIgniter.php(494): CodeIgniter\CodeIgniter->runController(Object(App\Controllers\AgentController))
 8 SYSTEMPATH\CodeIgniter.php(353): CodeIgniter\CodeIgniter->handleRequest(null, Object(Config\Cache), false)
 9 FCPATH\index.php(79): CodeIgniter\CodeIgniter->run()
10 SYSTEMPATH\Commands\Server\rewrite.php(47): require_once('C:\\CapstoneSystem\\public\\index.php')
CRITICAL - 2024-04-01 21:57:49 --> Undefined variable $topagent
in APPPATH\Views\Agent\AgProfile.php on line 106.
 1 APPPATH\Views\Agent\AgProfile.php(106): CodeIgniter\Debug\Exceptions->errorHandler(2, 'Undefined variable $topagent', 'C:\\CapstoneSystem\\app\\Views\\Agent\\AgProfile.php', 106)
 2 SYSTEMPATH\View\View.php(226): include('C:\\CapstoneSystem\\app\\Views\\Agent\\AgProfile.php')
 3 SYSTEMPATH\View\View.php(229): CodeIgniter\View\View->CodeIgniter\View\{closure}()
 4 SYSTEMPATH\Common.php(1188): CodeIgniter\View\View->render('Agent/AgProfile', [], true)
 5 APPPATH\Controllers\AgentController.php(46): view('Agent/AgProfile', [...])
 6 SYSTEMPATH\CodeIgniter.php(919): App\Controllers\AgentController->AgProfile()
 7 SYSTEMPATH\CodeIgniter.php(494): CodeIgniter\CodeIgniter->runController(Object(App\Controllers\AgentController))
 8 SYSTEMPATH\CodeIgniter.php(353): CodeIgniter\CodeIgniter->handleRequest(null, Object(Config\Cache), false)
 9 FCPATH\index.php(79): CodeIgniter\CodeIgniter->run()
10 SYSTEMPATH\Commands\Server\rewrite.php(47): require_once('C:\\CapstoneSystem\\public\\index.php')
CRITICAL - 2024-04-01 21:57:49 --> Undefined variable $topagent
in APPPATH\Views\Agent\AgProfile.php on line 106.
 1 APPPATH\Views\Agent\AgProfile.php(106): CodeIgniter\Debug\Exceptions->errorHandler(2, 'Undefined variable $topagent', 'C:\\CapstoneSystem\\app\\Views\\Agent\\AgProfile.php', 106)
 2 SYSTEMPATH\View\View.php(226): include('C:\\CapstoneSystem\\app\\Views\\Agent\\AgProfile.php')
 3 SYSTEMPATH\View\View.php(229): CodeIgniter\View\View->CodeIgniter\View\{closure}()
 4 SYSTEMPATH\Common.php(1188): CodeIgniter\View\View->render('Agent/AgProfile', [], true)
 5 APPPATH\Controllers\AgentController.php(46): view('Agent/AgProfile', [...])
 6 SYSTEMPATH\CodeIgniter.php(919): App\Controllers\AgentController->AgProfile()
 7 SYSTEMPATH\CodeIgniter.php(494): CodeIgniter\CodeIgniter->runController(Object(App\Controllers\AgentController))
 8 SYSTEMPATH\CodeIgniter.php(353): CodeIgniter\CodeIgniter->handleRequest(null, Object(Config\Cache), false)
 9 FCPATH\index.php(79): CodeIgniter\CodeIgniter->run()
10 SYSTEMPATH\Commands\Server\rewrite.php(47): require_once('C:\\CapstoneSystem\\public\\index.php')
CRITICAL - 2024-04-01 22:00:10 --> Undefined variable $topagent
in APPPATH\Views\Agent\AgProfile.php on line 106.
 1 APPPATH\Views\Agent\AgProfile.php(106): CodeIgniter\Debug\Exceptions->errorHandler(2, 'Undefined variable $topagent', 'C:\\CapstoneSystem\\app\\Views\\Agent\\AgProfile.php', 106)
 2 SYSTEMPATH\View\View.php(226): include('C:\\CapstoneSystem\\app\\Views\\Agent\\AgProfile.php')
 3 SYSTEMPATH\View\View.php(229): CodeIgniter\View\View->CodeIgniter\View\{closure}()
 4 SYSTEMPATH\Common.php(1188): CodeIgniter\View\View->render('Agent/AgProfile', [], true)
 5 APPPATH\Controllers\AgentController.php(52): view('Agent/AgProfile', [...])
 6 SYSTEMPATH\CodeIgniter.php(919): App\Controllers\AgentController->AgProfile()
 7 SYSTEMPATH\CodeIgniter.php(494): CodeIgniter\CodeIgniter->runController(Object(App\Controllers\AgentController))
 8 SYSTEMPATH\CodeIgniter.php(353): CodeIgniter\CodeIgniter->handleRequest(null, Object(Config\Cache), false)
 9 FCPATH\index.php(79): CodeIgniter\CodeIgniter->run()
10 SYSTEMPATH\Commands\Server\rewrite.php(47): require_once('C:\\CapstoneSystem\\public\\index.php')
CRITICAL - 2024-04-01 22:00:11 --> Undefined variable $topagent
in APPPATH\Views\Agent\AgProfile.php on line 106.
 1 APPPATH\Views\Agent\AgProfile.php(106): CodeIgniter\Debug\Exceptions->errorHandler(2, 'Undefined variable $topagent', 'C:\\CapstoneSystem\\app\\Views\\Agent\\AgProfile.php', 106)
 2 SYSTEMPATH\View\View.php(226): include('C:\\CapstoneSystem\\app\\Views\\Agent\\AgProfile.php')
 3 SYSTEMPATH\View\View.php(229): CodeIgniter\View\View->CodeIgniter\View\{closure}()
 4 SYSTEMPATH\Common.php(1188): CodeIgniter\View\View->render('Agent/AgProfile', [], true)
 5 APPPATH\Controllers\AgentController.php(52): view('Agent/AgProfile', [...])
 6 SYSTEMPATH\CodeIgniter.php(919): App\Controllers\AgentController->AgProfile()
 7 SYSTEMPATH\CodeIgniter.php(494): CodeIgniter\CodeIgniter->runController(Object(App\Controllers\AgentController))
 8 SYSTEMPATH\CodeIgniter.php(353): CodeIgniter\CodeIgniter->handleRequest(null, Object(Config\Cache), false)
 9 FCPATH\index.php(79): CodeIgniter\CodeIgniter->run()
10 SYSTEMPATH\Commands\Server\rewrite.php(47): require_once('C:\\CapstoneSystem\\public\\index.php')
CRITICAL - 2024-04-01 22:00:12 --> Undefined variable $topagent
in APPPATH\Views\Agent\AgProfile.php on line 106.
 1 APPPATH\Views\Agent\AgProfile.php(106): CodeIgniter\Debug\Exceptions->errorHandler(2, 'Undefined variable $topagent', 'C:\\CapstoneSystem\\app\\Views\\Agent\\AgProfile.php', 106)
 2 SYSTEMPATH\View\View.php(226): include('C:\\CapstoneSystem\\app\\Views\\Agent\\AgProfile.php')
 3 SYSTEMPATH\View\View.php(229): CodeIgniter\View\View->CodeIgniter\View\{closure}()
 4 SYSTEMPATH\Common.php(1188): CodeIgniter\View\View->render('Agent/AgProfile', [], true)
 5 APPPATH\Controllers\AgentController.php(52): view('Agent/AgProfile', [...])
 6 SYSTEMPATH\CodeIgniter.php(919): App\Controllers\AgentController->AgProfile()
 7 SYSTEMPATH\CodeIgniter.php(494): CodeIgniter\CodeIgniter->runController(Object(App\Controllers\AgentController))
 8 SYSTEMPATH\CodeIgniter.php(353): CodeIgniter\CodeIgniter->handleRequest(null, Object(Config\Cache), false)
 9 FCPATH\index.php(79): CodeIgniter\CodeIgniter->run()
10 SYSTEMPATH\Commands\Server\rewrite.php(47): require_once('C:\\CapstoneSystem\\public\\index.php')
CRITICAL - 2024-04-01 22:00:19 --> Undefined array key "total_fA"
in APPPATH\Views\Agent\AgProfile.php on line 106.
 1 APPPATH\Views\Agent\AgProfile.php(106): CodeIgniter\Debug\Exceptions->errorHandler(2, 'Undefined array key "total_fA"', 'C:\\CapstoneSystem\\app\\Views\\Agent\\AgProfile.php', 106)
 2 SYSTEMPATH\View\View.php(226): include('C:\\CapstoneSystem\\app\\Views\\Agent\\AgProfile.php')
 3 SYSTEMPATH\View\View.php(229): CodeIgniter\View\View->CodeIgniter\View\{closure}()
 4 SYSTEMPATH\Common.php(1188): CodeIgniter\View\View->render('Agent/AgProfile', [], true)
 5 APPPATH\Controllers\AgentController.php(52): view('Agent/AgProfile', [...])
 6 SYSTEMPATH\CodeIgniter.php(919): App\Controllers\AgentController->AgProfile()
 7 SYSTEMPATH\CodeIgniter.php(494): CodeIgniter\CodeIgniter->runController(Object(App\Controllers\AgentController))
 8 SYSTEMPATH\CodeIgniter.php(353): CodeIgniter\CodeIgniter->handleRequest(null, Object(Config\Cache), false)
 9 FCPATH\index.php(79): CodeIgniter\CodeIgniter->run()
10 SYSTEMPATH\Commands\Server\rewrite.php(47): require_once('C:\\CapstoneSystem\\public\\index.php')
CRITICAL - 2024-04-01 22:00:33 --> Undefined array key "total_fA"
in APPPATH\Views\Agent\AgProfile.php on line 106.
 1 APPPATH\Views\Agent\AgProfile.php(106): CodeIgniter\Debug\Exceptions->errorHandler(2, 'Undefined array key "total_fA"', 'C:\\CapstoneSystem\\app\\Views\\Agent\\AgProfile.php', 106)
 2 SYSTEMPATH\View\View.php(226): include('C:\\CapstoneSystem\\app\\Views\\Agent\\AgProfile.php')
 3 SYSTEMPATH\View\View.php(229): CodeIgniter\View\View->CodeIgniter\View\{closure}()
 4 SYSTEMPATH\Common.php(1188): CodeIgniter\View\View->render('Agent/AgProfile', [], true)
 5 APPPATH\Controllers\AgentController.php(52): view('Agent/AgProfile', [...])
 6 SYSTEMPATH\CodeIgniter.php(919): App\Controllers\AgentController->AgProfile()
 7 SYSTEMPATH\CodeIgniter.php(494): CodeIgniter\CodeIgniter->runController(Object(App\Controllers\AgentController))
 8 SYSTEMPATH\CodeIgniter.php(353): CodeIgniter\CodeIgniter->handleRequest(null, Object(Config\Cache), false)
 9 FCPATH\index.php(79): CodeIgniter\CodeIgniter->run()
10 SYSTEMPATH\Commands\Server\rewrite.php(47): require_once('C:\\CapstoneSystem\\public\\index.php')
CRITICAL - 2024-04-01 22:00:51 --> Undefined array key "total_fA"
in APPPATH\Views\Agent\AgProfile.php on line 106.
 1 APPPATH\Views\Agent\AgProfile.php(106): CodeIgniter\Debug\Exceptions->errorHandler(2, 'Undefined array key "total_fA"', 'C:\\CapstoneSystem\\app\\Views\\Agent\\AgProfile.php', 106)
 2 SYSTEMPATH\View\View.php(226): include('C:\\CapstoneSystem\\app\\Views\\Agent\\AgProfile.php')
 3 SYSTEMPATH\View\View.php(229): CodeIgniter\View\View->CodeIgniter\View\{closure}()
 4 SYSTEMPATH\Common.php(1188): CodeIgniter\View\View->render('Agent/AgProfile', [], true)
 5 APPPATH\Controllers\AgentController.php(52): view('Agent/AgProfile', [...])
 6 SYSTEMPATH\CodeIgniter.php(919): App\Controllers\AgentController->AgProfile()
 7 SYSTEMPATH\CodeIgniter.php(494): CodeIgniter\CodeIgniter->runController(Object(App\Controllers\AgentController))
 8 SYSTEMPATH\CodeIgniter.php(353): CodeIgniter\CodeIgniter->handleRequest(null, Object(Config\Cache), false)
 9 FCPATH\index.php(79): CodeIgniter\CodeIgniter->run()
10 SYSTEMPATH\Commands\Server\rewrite.php(47): require_once('C:\\CapstoneSystem\\public\\index.php')
CRITICAL - 2024-04-01 22:00:51 --> Undefined array key "total_fA"
in APPPATH\Views\Agent\AgProfile.php on line 106.
 1 APPPATH\Views\Agent\AgProfile.php(106): CodeIgniter\Debug\Exceptions->errorHandler(2, 'Undefined array key "total_fA"', 'C:\\CapstoneSystem\\app\\Views\\Agent\\AgProfile.php', 106)
 2 SYSTEMPATH\View\View.php(226): include('C:\\CapstoneSystem\\app\\Views\\Agent\\AgProfile.php')
 3 SYSTEMPATH\View\View.php(229): CodeIgniter\View\View->CodeIgniter\View\{closure}()
 4 SYSTEMPATH\Common.php(1188): CodeIgniter\View\View->render('Agent/AgProfile', [], true)
 5 APPPATH\Controllers\AgentController.php(52): view('Agent/AgProfile', [...])
 6 SYSTEMPATH\CodeIgniter.php(919): App\Controllers\AgentController->AgProfile()
 7 SYSTEMPATH\CodeIgniter.php(494): CodeIgniter\CodeIgniter->runController(Object(App\Controllers\AgentController))
 8 SYSTEMPATH\CodeIgniter.php(353): CodeIgniter\CodeIgniter->handleRequest(null, Object(Config\Cache), false)
 9 FCPATH\index.php(79): CodeIgniter\CodeIgniter->run()
10 SYSTEMPATH\Commands\Server\rewrite.php(47): require_once('C:\\CapstoneSystem\\public\\index.php')
CRITICAL - 2024-04-01 22:00:52 --> Undefined array key "total_fA"
in APPPATH\Views\Agent\AgProfile.php on line 106.
 1 APPPATH\Views\Agent\AgProfile.php(106): CodeIgniter\Debug\Exceptions->errorHandler(2, 'Undefined array key "total_fA"', 'C:\\CapstoneSystem\\app\\Views\\Agent\\AgProfile.php', 106)
 2 SYSTEMPATH\View\View.php(226): include('C:\\CapstoneSystem\\app\\Views\\Agent\\AgProfile.php')
 3 SYSTEMPATH\View\View.php(229): CodeIgniter\View\View->CodeIgniter\View\{closure}()
 4 SYSTEMPATH\Common.php(1188): CodeIgniter\View\View->render('Agent/AgProfile', [], true)
 5 APPPATH\Controllers\AgentController.php(52): view('Agent/AgProfile', [...])
 6 SYSTEMPATH\CodeIgniter.php(919): App\Controllers\AgentController->AgProfile()
 7 SYSTEMPATH\CodeIgniter.php(494): CodeIgniter\CodeIgniter->runController(Object(App\Controllers\AgentController))
 8 SYSTEMPATH\CodeIgniter.php(353): CodeIgniter\CodeIgniter->handleRequest(null, Object(Config\Cache), false)
 9 FCPATH\index.php(79): CodeIgniter\CodeIgniter->run()
10 SYSTEMPATH\Commands\Server\rewrite.php(47): require_once('C:\\CapstoneSystem\\public\\index.php')
CRITICAL - 2024-04-01 22:02:43 --> Undefined array key "total_fA"
in APPPATH\Views\Agent\AgProfile.php on line 106.
 1 APPPATH\Views\Agent\AgProfile.php(106): CodeIgniter\Debug\Exceptions->errorHandler(2, 'Undefined array key "total_fA"', 'C:\\CapstoneSystem\\app\\Views\\Agent\\AgProfile.php', 106)
 2 SYSTEMPATH\View\View.php(226): include('C:\\CapstoneSystem\\app\\Views\\Agent\\AgProfile.php')
 3 SYSTEMPATH\View\View.php(229): CodeIgniter\View\View->CodeIgniter\View\{closure}()
 4 SYSTEMPATH\Common.php(1188): CodeIgniter\View\View->render('Agent/AgProfile', [], true)
 5 APPPATH\Controllers\AgentController.php(46): view('Agent/AgProfile', [...])
 6 SYSTEMPATH\CodeIgniter.php(919): App\Controllers\AgentController->AgProfile()
 7 SYSTEMPATH\CodeIgniter.php(494): CodeIgniter\CodeIgniter->runController(Object(App\Controllers\AgentController))
 8 SYSTEMPATH\CodeIgniter.php(353): CodeIgniter\CodeIgniter->handleRequest(null, Object(Config\Cache), false)
 9 FCPATH\index.php(79): CodeIgniter\CodeIgniter->run()
10 SYSTEMPATH\Commands\Server\rewrite.php(47): require_once('C:\\CapstoneSystem\\public\\index.php')
CRITICAL - 2024-04-01 22:02:43 --> Undefined array key "total_fA"
in APPPATH\Views\Agent\AgProfile.php on line 106.
 1 APPPATH\Views\Agent\AgProfile.php(106): CodeIgniter\Debug\Exceptions->errorHandler(2, 'Undefined array key "total_fA"', 'C:\\CapstoneSystem\\app\\Views\\Agent\\AgProfile.php', 106)
 2 SYSTEMPATH\View\View.php(226): include('C:\\CapstoneSystem\\app\\Views\\Agent\\AgProfile.php')
 3 SYSTEMPATH\View\View.php(229): CodeIgniter\View\View->CodeIgniter\View\{closure}()
 4 SYSTEMPATH\Common.php(1188): CodeIgniter\View\View->render('Agent/AgProfile', [], true)
 5 APPPATH\Controllers\AgentController.php(46): view('Agent/AgProfile', [...])
 6 SYSTEMPATH\CodeIgniter.php(919): App\Controllers\AgentController->AgProfile()
 7 SYSTEMPATH\CodeIgniter.php(494): CodeIgniter\CodeIgniter->runController(Object(App\Controllers\AgentController))
 8 SYSTEMPATH\CodeIgniter.php(353): CodeIgniter\CodeIgniter->handleRequest(null, Object(Config\Cache), false)
 9 FCPATH\index.php(79): CodeIgniter\CodeIgniter->run()
10 SYSTEMPATH\Commands\Server\rewrite.php(47): require_once('C:\\CapstoneSystem\\public\\index.php')
CRITICAL - 2024-04-01 22:02:44 --> Undefined array key "total_fA"
in APPPATH\Views\Agent\AgProfile.php on line 106.
 1 APPPATH\Views\Agent\AgProfile.php(106): CodeIgniter\Debug\Exceptions->errorHandler(2, 'Undefined array key "total_fA"', 'C:\\CapstoneSystem\\app\\Views\\Agent\\AgProfile.php', 106)
 2 SYSTEMPATH\View\View.php(226): include('C:\\CapstoneSystem\\app\\Views\\Agent\\AgProfile.php')
 3 SYSTEMPATH\View\View.php(229): CodeIgniter\View\View->CodeIgniter\View\{closure}()
 4 SYSTEMPATH\Common.php(1188): CodeIgniter\View\View->render('Agent/AgProfile', [], true)
 5 APPPATH\Controllers\AgentController.php(46): view('Agent/AgProfile', [...])
 6 SYSTEMPATH\CodeIgniter.php(919): App\Controllers\AgentController->AgProfile()
 7 SYSTEMPATH\CodeIgniter.php(494): CodeIgniter\CodeIgniter->runController(Object(App\Controllers\AgentController))
 8 SYSTEMPATH\CodeIgniter.php(353): CodeIgniter\CodeIgniter->handleRequest(null, Object(Config\Cache), false)
 9 FCPATH\index.php(79): CodeIgniter\CodeIgniter->run()
10 SYSTEMPATH\Commands\Server\rewrite.php(47): require_once('C:\\CapstoneSystem\\public\\index.php')
CRITICAL - 2024-04-01 22:02:44 --> Undefined array key "total_fA"
in APPPATH\Views\Agent\AgProfile.php on line 106.
 1 APPPATH\Views\Agent\AgProfile.php(106): CodeIgniter\Debug\Exceptions->errorHandler(2, 'Undefined array key "total_fA"', 'C:\\CapstoneSystem\\app\\Views\\Agent\\AgProfile.php', 106)
 2 SYSTEMPATH\View\View.php(226): include('C:\\CapstoneSystem\\app\\Views\\Agent\\AgProfile.php')
 3 SYSTEMPATH\View\View.php(229): CodeIgniter\View\View->CodeIgniter\View\{closure}()
 4 SYSTEMPATH\Common.php(1188): CodeIgniter\View\View->render('Agent/AgProfile', [], true)
 5 APPPATH\Controllers\AgentController.php(46): view('Agent/AgProfile', [...])
 6 SYSTEMPATH\CodeIgniter.php(919): App\Controllers\AgentController->AgProfile()
 7 SYSTEMPATH\CodeIgniter.php(494): CodeIgniter\CodeIgniter->runController(Object(App\Controllers\AgentController))
 8 SYSTEMPATH\CodeIgniter.php(353): CodeIgniter\CodeIgniter->handleRequest(null, Object(Config\Cache), false)
 9 FCPATH\index.php(79): CodeIgniter\CodeIgniter->run()
10 SYSTEMPATH\Commands\Server\rewrite.php(47): require_once('C:\\CapstoneSystem\\public\\index.php')
CRITICAL - 2024-04-01 22:02:44 --> Undefined array key "total_fA"
in APPPATH\Views\Agent\AgProfile.php on line 106.
 1 APPPATH\Views\Agent\AgProfile.php(106): CodeIgniter\Debug\Exceptions->errorHandler(2, 'Undefined array key "total_fA"', 'C:\\CapstoneSystem\\app\\Views\\Agent\\AgProfile.php', 106)
 2 SYSTEMPATH\View\View.php(226): include('C:\\CapstoneSystem\\app\\Views\\Agent\\AgProfile.php')
 3 SYSTEMPATH\View\View.php(229): CodeIgniter\View\View->CodeIgniter\View\{closure}()
 4 SYSTEMPATH\Common.php(1188): CodeIgniter\View\View->render('Agent/AgProfile', [], true)
 5 APPPATH\Controllers\AgentController.php(46): view('Agent/AgProfile', [...])
 6 SYSTEMPATH\CodeIgniter.php(919): App\Controllers\AgentController->AgProfile()
 7 SYSTEMPATH\CodeIgniter.php(494): CodeIgniter\CodeIgniter->runController(Object(App\Controllers\AgentController))
 8 SYSTEMPATH\CodeIgniter.php(353): CodeIgniter\CodeIgniter->handleRequest(null, Object(Config\Cache), false)
 9 FCPATH\index.php(79): CodeIgniter\CodeIgniter->run()
10 SYSTEMPATH\Commands\Server\rewrite.php(47): require_once('C:\\CapstoneSystem\\public\\index.php')
CRITICAL - 2024-04-01 22:02:44 --> Undefined array key "total_fA"
in APPPATH\Views\Agent\AgProfile.php on line 106.
 1 APPPATH\Views\Agent\AgProfile.php(106): CodeIgniter\Debug\Exceptions->errorHandler(2, 'Undefined array key "total_fA"', 'C:\\CapstoneSystem\\app\\Views\\Agent\\AgProfile.php', 106)
 2 SYSTEMPATH\View\View.php(226): include('C:\\CapstoneSystem\\app\\Views\\Agent\\AgProfile.php')
 3 SYSTEMPATH\View\View.php(229): CodeIgniter\View\View->CodeIgniter\View\{closure}()
 4 SYSTEMPATH\Common.php(1188): CodeIgniter\View\View->render('Agent/AgProfile', [], true)
 5 APPPATH\Controllers\AgentController.php(46): view('Agent/AgProfile', [...])
 6 SYSTEMPATH\CodeIgniter.php(919): App\Controllers\AgentController->AgProfile()
 7 SYSTEMPATH\CodeIgniter.php(494): CodeIgniter\CodeIgniter->runController(Object(App\Controllers\AgentController))
 8 SYSTEMPATH\CodeIgniter.php(353): CodeIgniter\CodeIgniter->handleRequest(null, Object(Config\Cache), false)
 9 FCPATH\index.php(79): CodeIgniter\CodeIgniter->run()
10 SYSTEMPATH\Commands\Server\rewrite.php(47): require_once('C:\\CapstoneSystem\\public\\index.php')
CRITICAL - 2024-04-01 22:02:45 --> Undefined array key "total_fA"
in APPPATH\Views\Agent\AgProfile.php on line 106.
 1 APPPATH\Views\Agent\AgProfile.php(106): CodeIgniter\Debug\Exceptions->errorHandler(2, 'Undefined array key "total_fA"', 'C:\\CapstoneSystem\\app\\Views\\Agent\\AgProfile.php', 106)
 2 SYSTEMPATH\View\View.php(226): include('C:\\CapstoneSystem\\app\\Views\\Agent\\AgProfile.php')
 3 SYSTEMPATH\View\View.php(229): CodeIgniter\View\View->CodeIgniter\View\{closure}()
 4 SYSTEMPATH\Common.php(1188): CodeIgniter\View\View->render('Agent/AgProfile', [], true)
 5 APPPATH\Controllers\AgentController.php(46): view('Agent/AgProfile', [...])
 6 SYSTEMPATH\CodeIgniter.php(919): App\Controllers\AgentController->AgProfile()
 7 SYSTEMPATH\CodeIgniter.php(494): CodeIgniter\CodeIgniter->runController(Object(App\Controllers\AgentController))
 8 SYSTEMPATH\CodeIgniter.php(353): CodeIgniter\CodeIgniter->handleRequest(null, Object(Config\Cache), false)
 9 FCPATH\index.php(79): CodeIgniter\CodeIgniter->run()
10 SYSTEMPATH\Commands\Server\rewrite.php(47): require_once('C:\\CapstoneSystem\\public\\index.php')
CRITICAL - 2024-04-01 22:06:50 --> Undefined variable $ranking
in APPPATH\Views\Agent\AgProfile.php on line 106.
 1 APPPATH\Views\Agent\AgProfile.php(106): CodeIgniter\Debug\Exceptions->errorHandler(2, 'Undefined variable $ranking', 'C:\\CapstoneSystem\\app\\Views\\Agent\\AgProfile.php', 106)
 2 SYSTEMPATH\View\View.php(226): include('C:\\CapstoneSystem\\app\\Views\\Agent\\AgProfile.php')
 3 SYSTEMPATH\View\View.php(229): CodeIgniter\View\View->CodeIgniter\View\{closure}()
 4 SYSTEMPATH\Common.php(1188): CodeIgniter\View\View->render('Agent/AgProfile', [], true)
 5 APPPATH\Controllers\AgentController.php(50): view('Agent/AgProfile', [...])
 6 SYSTEMPATH\CodeIgniter.php(919): App\Controllers\AgentController->AgProfile()
 7 SYSTEMPATH\CodeIgniter.php(494): CodeIgniter\CodeIgniter->runController(Object(App\Controllers\AgentController))
 8 SYSTEMPATH\CodeIgniter.php(353): CodeIgniter\CodeIgniter->handleRequest(null, Object(Config\Cache), false)
 9 FCPATH\index.php(79): CodeIgniter\CodeIgniter->run()
10 SYSTEMPATH\Commands\Server\rewrite.php(47): require_once('C:\\CapstoneSystem\\public\\index.php')
CRITICAL - 2024-04-01 22:08:08 --> Undefined variable $ranking
in APPPATH\Views\Agent\AgProfile.php on line 106.
 1 APPPATH\Views\Agent\AgProfile.php(106): CodeIgniter\Debug\Exceptions->errorHandler(2, 'Undefined variable $ranking', 'C:\\CapstoneSystem\\app\\Views\\Agent\\AgProfile.php', 106)
 2 SYSTEMPATH\View\View.php(226): include('C:\\CapstoneSystem\\app\\Views\\Agent\\AgProfile.php')
 3 SYSTEMPATH\View\View.php(229): CodeIgniter\View\View->CodeIgniter\View\{closure}()
 4 SYSTEMPATH\Common.php(1188): CodeIgniter\View\View->render('Agent/AgProfile', [], true)
 5 APPPATH\Controllers\AgentController.php(50): view('Agent/AgProfile', [...])
 6 SYSTEMPATH\CodeIgniter.php(919): App\Controllers\AgentController->AgProfile()
 7 SYSTEMPATH\CodeIgniter.php(494): CodeIgniter\CodeIgniter->runController(Object(App\Controllers\AgentController))
 8 SYSTEMPATH\CodeIgniter.php(353): CodeIgniter\CodeIgniter->handleRequest(null, Object(Config\Cache), false)
 9 FCPATH\index.php(79): CodeIgniter\CodeIgniter->run()
10 SYSTEMPATH\Commands\Server\rewrite.php(47): require_once('C:\\CapstoneSystem\\public\\index.php')
CRITICAL - 2024-04-01 22:08:25 --> Call to undefined method App\Models\AgentModel::count
in SYSTEMPATH\Model.php on line 873.
 1 APPPATH\Controllers\AgentController.php(31): CodeIgniter\Model->__call('count', [])
 2 APPPATH\Controllers\AgentController.php(44): App\Controllers\AgentController->rank()
 3 SYSTEMPATH\CodeIgniter.php(919): App\Controllers\AgentController->AgProfile()
 4 SYSTEMPATH\CodeIgniter.php(494): CodeIgniter\CodeIgniter->runController(Object(App\Controllers\AgentController))
 5 SYSTEMPATH\CodeIgniter.php(353): CodeIgniter\CodeIgniter->handleRequest(null, Object(Config\Cache), false)
 6 FCPATH\index.php(79): CodeIgniter\CodeIgniter->run()
 7 SYSTEMPATH\Commands\Server\rewrite.php(47): require_once('C:\\CapstoneSystem\\public\\index.php')
CRITICAL - 2024-04-01 22:08:39 --> Call to undefined method App\Models\AgentModel::ContAll
in SYSTEMPATH\Model.php on line 873.
 1 APPPATH\Controllers\AgentController.php(31): CodeIgniter\Model->__call('ContAll', [])
 2 APPPATH\Controllers\AgentController.php(44): App\Controllers\AgentController->rank()
 3 SYSTEMPATH\CodeIgniter.php(919): App\Controllers\AgentController->AgProfile()
 4 SYSTEMPATH\CodeIgniter.php(494): CodeIgniter\CodeIgniter->runController(Object(App\Controllers\AgentController))
 5 SYSTEMPATH\CodeIgniter.php(353): CodeIgniter\CodeIgniter->handleRequest(null, Object(Config\Cache), false)
 6 FCPATH\index.php(79): CodeIgniter\CodeIgniter->run()
 7 SYSTEMPATH\Commands\Server\rewrite.php(47): require_once('C:\\CapstoneSystem\\public\\index.php')
CRITICAL - 2024-04-01 22:08:45 --> Trying to access array offset on value of type int
in APPPATH\Views\Agent\AgProfile.php on line 106.
 1 APPPATH\Views\Agent\AgProfile.php(106): CodeIgniter\Debug\Exceptions->errorHandler(2, 'Trying to access array offset on value of type int', 'C:\\CapstoneSystem\\app\\Views\\Agent\\AgProfile.php', 106)
 2 SYSTEMPATH\View\View.php(226): include('C:\\CapstoneSystem\\app\\Views\\Agent\\AgProfile.php')
 3 SYSTEMPATH\View\View.php(229): CodeIgniter\View\View->CodeIgniter\View\{closure}()
 4 SYSTEMPATH\Common.php(1188): CodeIgniter\View\View->render('Agent/AgProfile', [], true)
 5 APPPATH\Controllers\AgentController.php(50): view('Agent/AgProfile', [...])
 6 SYSTEMPATH\CodeIgniter.php(919): App\Controllers\AgentController->AgProfile()
 7 SYSTEMPATH\CodeIgniter.php(494): CodeIgniter\CodeIgniter->runController(Object(App\Controllers\AgentController))
 8 SYSTEMPATH\CodeIgniter.php(353): CodeIgniter\CodeIgniter->handleRequest(null, Object(Config\Cache), false)
 9 FCPATH\index.php(79): CodeIgniter\CodeIgniter->run()
10 SYSTEMPATH\Commands\Server\rewrite.php(47): require_once('C:\\CapstoneSystem\\public\\index.php')
CRITICAL - 2024-04-01 22:09:50 --> Trying to access array offset on value of type int
in APPPATH\Views\Agent\AgProfile.php on line 106.
 1 APPPATH\Views\Agent\AgProfile.php(106): CodeIgniter\Debug\Exceptions->errorHandler(2, 'Trying to access array offset on value of type int', 'C:\\CapstoneSystem\\app\\Views\\Agent\\AgProfile.php', 106)
 2 SYSTEMPATH\View\View.php(226): include('C:\\CapstoneSystem\\app\\Views\\Agent\\AgProfile.php')
 3 SYSTEMPATH\View\View.php(229): CodeIgniter\View\View->CodeIgniter\View\{closure}()
 4 SYSTEMPATH\Common.php(1188): CodeIgniter\View\View->render('Agent/AgProfile', [], true)
 5 APPPATH\Controllers\AgentController.php(45): view('Agent/AgProfile', [...])
 6 SYSTEMPATH\CodeIgniter.php(919): App\Controllers\AgentController->AgProfile()
 7 SYSTEMPATH\CodeIgniter.php(494): CodeIgniter\CodeIgniter->runController(Object(App\Controllers\AgentController))
 8 SYSTEMPATH\CodeIgniter.php(353): CodeIgniter\CodeIgniter->handleRequest(null, Object(Config\Cache), false)
 9 FCPATH\index.php(79): CodeIgniter\CodeIgniter->run()
10 SYSTEMPATH\Commands\Server\rewrite.php(47): require_once('C:\\CapstoneSystem\\public\\index.php')
CRITICAL - 2024-04-01 22:11:09 --> Undefined array key "ranking"
in APPPATH\Views\Agent\AgProfile.php on line 106.
 1 APPPATH\Views\Agent\AgProfile.php(106): CodeIgniter\Debug\Exceptions->errorHandler(2, 'Undefined array key "ranking"', 'C:\\CapstoneSystem\\app\\Views\\Agent\\AgProfile.php', 106)
 2 SYSTEMPATH\View\View.php(226): include('C:\\CapstoneSystem\\app\\Views\\Agent\\AgProfile.php')
 3 SYSTEMPATH\View\View.php(229): CodeIgniter\View\View->CodeIgniter\View\{closure}()
 4 SYSTEMPATH\Common.php(1188): CodeIgniter\View\View->render('Agent/AgProfile', [], true)
 5 APPPATH\Controllers\AgentController.php(45): view('Agent/AgProfile', [...])
 6 SYSTEMPATH\CodeIgniter.php(919): App\Controllers\AgentController->AgProfile()
 7 SYSTEMPATH\CodeIgniter.php(494): CodeIgniter\CodeIgniter->runController(Object(App\Controllers\AgentController))
 8 SYSTEMPATH\CodeIgniter.php(353): CodeIgniter\CodeIgniter->handleRequest(null, Object(Config\Cache), false)
 9 FCPATH\index.php(79): CodeIgniter\CodeIgniter->run()
10 SYSTEMPATH\Commands\Server\rewrite.php(47): require_once('C:\\CapstoneSystem\\public\\index.php')
CRITICAL - 2024-04-01 22:11:40 --> Undefined array key "ranking"
in APPPATH\Views\Agent\AgProfile.php on line 106.
 1 APPPATH\Views\Agent\AgProfile.php(106): CodeIgniter\Debug\Exceptions->errorHandler(2, 'Undefined array key "ranking"', 'C:\\CapstoneSystem\\app\\Views\\Agent\\AgProfile.php', 106)
 2 SYSTEMPATH\View\View.php(226): include('C:\\CapstoneSystem\\app\\Views\\Agent\\AgProfile.php')
 3 SYSTEMPATH\View\View.php(229): CodeIgniter\View\View->CodeIgniter\View\{closure}()
 4 SYSTEMPATH\Common.php(1188): CodeIgniter\View\View->render('Agent/AgProfile', [], true)
 5 APPPATH\Controllers\AgentController.php(45): view('Agent/AgProfile', [...])
 6 SYSTEMPATH\CodeIgniter.php(919): App\Controllers\AgentController->AgProfile()
 7 SYSTEMPATH\CodeIgniter.php(494): CodeIgniter\CodeIgniter->runController(Object(App\Controllers\AgentController))
 8 SYSTEMPATH\CodeIgniter.php(353): CodeIgniter\CodeIgniter->handleRequest(null, Object(Config\Cache), false)
 9 FCPATH\index.php(79): CodeIgniter\CodeIgniter->run()
10 SYSTEMPATH\Commands\Server\rewrite.php(47): require_once('C:\\CapstoneSystem\\public\\index.php')
CRITICAL - 2024-04-01 22:11:41 --> Undefined array key "ranking"
in APPPATH\Views\Agent\AgProfile.php on line 106.
 1 APPPATH\Views\Agent\AgProfile.php(106): CodeIgniter\Debug\Exceptions->errorHandler(2, 'Undefined array key "ranking"', 'C:\\CapstoneSystem\\app\\Views\\Agent\\AgProfile.php', 106)
 2 SYSTEMPATH\View\View.php(226): include('C:\\CapstoneSystem\\app\\Views\\Agent\\AgProfile.php')
 3 SYSTEMPATH\View\View.php(229): CodeIgniter\View\View->CodeIgniter\View\{closure}()
 4 SYSTEMPATH\Common.php(1188): CodeIgniter\View\View->render('Agent/AgProfile', [], true)
 5 APPPATH\Controllers\AgentController.php(45): view('Agent/AgProfile', [...])
 6 SYSTEMPATH\CodeIgniter.php(919): App\Controllers\AgentController->AgProfile()
 7 SYSTEMPATH\CodeIgniter.php(494): CodeIgniter\CodeIgniter->runController(Object(App\Controllers\AgentController))
 8 SYSTEMPATH\CodeIgniter.php(353): CodeIgniter\CodeIgniter->handleRequest(null, Object(Config\Cache), false)
 9 FCPATH\index.php(79): CodeIgniter\CodeIgniter->run()
10 SYSTEMPATH\Commands\Server\rewrite.php(47): require_once('C:\\CapstoneSystem\\public\\index.php')
CRITICAL - 2024-04-01 22:11:41 --> Undefined array key "ranking"
in APPPATH\Views\Agent\AgProfile.php on line 106.
 1 APPPATH\Views\Agent\AgProfile.php(106): CodeIgniter\Debug\Exceptions->errorHandler(2, 'Undefined array key "ranking"', 'C:\\CapstoneSystem\\app\\Views\\Agent\\AgProfile.php', 106)
 2 SYSTEMPATH\View\View.php(226): include('C:\\CapstoneSystem\\app\\Views\\Agent\\AgProfile.php')
 3 SYSTEMPATH\View\View.php(229): CodeIgniter\View\View->CodeIgniter\View\{closure}()
 4 SYSTEMPATH\Common.php(1188): CodeIgniter\View\View->render('Agent/AgProfile', [], true)
 5 APPPATH\Controllers\AgentController.php(45): view('Agent/AgProfile', [...])
 6 SYSTEMPATH\CodeIgniter.php(919): App\Controllers\AgentController->AgProfile()
 7 SYSTEMPATH\CodeIgniter.php(494): CodeIgniter\CodeIgniter->runController(Object(App\Controllers\AgentController))
 8 SYSTEMPATH\CodeIgniter.php(353): CodeIgniter\CodeIgniter->handleRequest(null, Object(Config\Cache), false)
 9 FCPATH\index.php(79): CodeIgniter\CodeIgniter->run()
10 SYSTEMPATH\Commands\Server\rewrite.php(47): require_once('C:\\CapstoneSystem\\public\\index.php')
CRITICAL - 2024-04-01 22:11:41 --> Undefined array key "ranking"
in APPPATH\Views\Agent\AgProfile.php on line 106.
 1 APPPATH\Views\Agent\AgProfile.php(106): CodeIgniter\Debug\Exceptions->errorHandler(2, 'Undefined array key "ranking"', 'C:\\CapstoneSystem\\app\\Views\\Agent\\AgProfile.php', 106)
 2 SYSTEMPATH\View\View.php(226): include('C:\\CapstoneSystem\\app\\Views\\Agent\\AgProfile.php')
 3 SYSTEMPATH\View\View.php(229): CodeIgniter\View\View->CodeIgniter\View\{closure}()
 4 SYSTEMPATH\Common.php(1188): CodeIgniter\View\View->render('Agent/AgProfile', [], true)
 5 APPPATH\Controllers\AgentController.php(45): view('Agent/AgProfile', [...])
 6 SYSTEMPATH\CodeIgniter.php(919): App\Controllers\AgentController->AgProfile()
 7 SYSTEMPATH\CodeIgniter.php(494): CodeIgniter\CodeIgniter->runController(Object(App\Controllers\AgentController))
 8 SYSTEMPATH\CodeIgniter.php(353): CodeIgniter\CodeIgniter->handleRequest(null, Object(Config\Cache), false)
 9 FCPATH\index.php(79): CodeIgniter\CodeIgniter->run()
10 SYSTEMPATH\Commands\Server\rewrite.php(47): require_once('C:\\CapstoneSystem\\public\\index.php')
CRITICAL - 2024-04-01 22:12:21 --> Undefined variable $ranking
in APPPATH\Views\Agent\AgProfile.php on line 106.
 1 APPPATH\Views\Agent\AgProfile.php(106): CodeIgniter\Debug\Exceptions->errorHandler(2, 'Undefined variable $ranking', 'C:\\CapstoneSystem\\app\\Views\\Agent\\AgProfile.php', 106)
 2 SYSTEMPATH\View\View.php(226): include('C:\\CapstoneSystem\\app\\Views\\Agent\\AgProfile.php')
 3 SYSTEMPATH\View\View.php(229): CodeIgniter\View\View->CodeIgniter\View\{closure}()
 4 SYSTEMPATH\Common.php(1188): CodeIgniter\View\View->render('Agent/AgProfile', [], true)
 5 APPPATH\Controllers\AgentController.php(47): view('Agent/AgProfile', [...])
 6 SYSTEMPATH\CodeIgniter.php(919): App\Controllers\AgentController->AgProfile()
 7 SYSTEMPATH\CodeIgniter.php(494): CodeIgniter\CodeIgniter->runController(Object(App\Controllers\AgentController))
 8 SYSTEMPATH\CodeIgniter.php(353): CodeIgniter\CodeIgniter->handleRequest(null, Object(Config\Cache), false)
 9 FCPATH\index.php(79): CodeIgniter\CodeIgniter->run()
10 SYSTEMPATH\Commands\Server\rewrite.php(47): require_once('C:\\CapstoneSystem\\public\\index.php')
CRITICAL - 2024-04-01 22:12:22 --> Undefined variable $ranking
in APPPATH\Views\Agent\AgProfile.php on line 106.
 1 APPPATH\Views\Agent\AgProfile.php(106): CodeIgniter\Debug\Exceptions->errorHandler(2, 'Undefined variable $ranking', 'C:\\CapstoneSystem\\app\\Views\\Agent\\AgProfile.php', 106)
 2 SYSTEMPATH\View\View.php(226): include('C:\\CapstoneSystem\\app\\Views\\Agent\\AgProfile.php')
 3 SYSTEMPATH\View\View.php(229): CodeIgniter\View\View->CodeIgniter\View\{closure}()
 4 SYSTEMPATH\Common.php(1188): CodeIgniter\View\View->render('Agent/AgProfile', [], true)
 5 APPPATH\Controllers\AgentController.php(47): view('Agent/AgProfile', [...])
 6 SYSTEMPATH\CodeIgniter.php(919): App\Controllers\AgentController->AgProfile()
 7 SYSTEMPATH\CodeIgniter.php(494): CodeIgniter\CodeIgniter->runController(Object(App\Controllers\AgentController))
 8 SYSTEMPATH\CodeIgniter.php(353): CodeIgniter\CodeIgniter->handleRequest(null, Object(Config\Cache), false)
 9 FCPATH\index.php(79): CodeIgniter\CodeIgniter->run()
10 SYSTEMPATH\Commands\Server\rewrite.php(47): require_once('C:\\CapstoneSystem\\public\\index.php')
CRITICAL - 2024-04-01 22:12:22 --> Undefined variable $ranking
in APPPATH\Views\Agent\AgProfile.php on line 106.
 1 APPPATH\Views\Agent\AgProfile.php(106): CodeIgniter\Debug\Exceptions->errorHandler(2, 'Undefined variable $ranking', 'C:\\CapstoneSystem\\app\\Views\\Agent\\AgProfile.php', 106)
 2 SYSTEMPATH\View\View.php(226): include('C:\\CapstoneSystem\\app\\Views\\Agent\\AgProfile.php')
 3 SYSTEMPATH\View\View.php(229): CodeIgniter\View\View->CodeIgniter\View\{closure}()
 4 SYSTEMPATH\Common.php(1188): CodeIgniter\View\View->render('Agent/AgProfile', [], true)
 5 APPPATH\Controllers\AgentController.php(47): view('Agent/AgProfile', [...])
 6 SYSTEMPATH\CodeIgniter.php(919): App\Controllers\AgentController->AgProfile()
 7 SYSTEMPATH\CodeIgniter.php(494): CodeIgniter\CodeIgniter->runController(Object(App\Controllers\AgentController))
 8 SYSTEMPATH\CodeIgniter.php(353): CodeIgniter\CodeIgniter->handleRequest(null, Object(Config\Cache), false)
 9 FCPATH\index.php(79): CodeIgniter\CodeIgniter->run()
10 SYSTEMPATH\Commands\Server\rewrite.php(47): require_once('C:\\CapstoneSystem\\public\\index.php')
CRITICAL - 2024-04-01 22:12:22 --> Undefined variable $ranking
in APPPATH\Views\Agent\AgProfile.php on line 106.
 1 APPPATH\Views\Agent\AgProfile.php(106): CodeIgniter\Debug\Exceptions->errorHandler(2, 'Undefined variable $ranking', 'C:\\CapstoneSystem\\app\\Views\\Agent\\AgProfile.php', 106)
 2 SYSTEMPATH\View\View.php(226): include('C:\\CapstoneSystem\\app\\Views\\Agent\\AgProfile.php')
 3 SYSTEMPATH\View\View.php(229): CodeIgniter\View\View->CodeIgniter\View\{closure}()
 4 SYSTEMPATH\Common.php(1188): CodeIgniter\View\View->render('Agent/AgProfile', [], true)
 5 APPPATH\Controllers\AgentController.php(47): view('Agent/AgProfile', [...])
 6 SYSTEMPATH\CodeIgniter.php(919): App\Controllers\AgentController->AgProfile()
 7 SYSTEMPATH\CodeIgniter.php(494): CodeIgniter\CodeIgniter->runController(Object(App\Controllers\AgentController))
 8 SYSTEMPATH\CodeIgniter.php(353): CodeIgniter\CodeIgniter->handleRequest(null, Object(Config\Cache), false)
 9 FCPATH\index.php(79): CodeIgniter\CodeIgniter->run()
10 SYSTEMPATH\Commands\Server\rewrite.php(47): require_once('C:\\CapstoneSystem\\public\\index.php')
CRITICAL - 2024-04-01 22:12:22 --> Undefined variable $ranking
in APPPATH\Views\Agent\AgProfile.php on line 106.
 1 APPPATH\Views\Agent\AgProfile.php(106): CodeIgniter\Debug\Exceptions->errorHandler(2, 'Undefined variable $ranking', 'C:\\CapstoneSystem\\app\\Views\\Agent\\AgProfile.php', 106)
 2 SYSTEMPATH\View\View.php(226): include('C:\\CapstoneSystem\\app\\Views\\Agent\\AgProfile.php')
 3 SYSTEMPATH\View\View.php(229): CodeIgniter\View\View->CodeIgniter\View\{closure}()
 4 SYSTEMPATH\Common.php(1188): CodeIgniter\View\View->render('Agent/AgProfile', [], true)
 5 APPPATH\Controllers\AgentController.php(47): view('Agent/AgProfile', [...])
 6 SYSTEMPATH\CodeIgniter.php(919): App\Controllers\AgentController->AgProfile()
 7 SYSTEMPATH\CodeIgniter.php(494): CodeIgniter\CodeIgniter->runController(Object(App\Controllers\AgentController))
 8 SYSTEMPATH\CodeIgniter.php(353): CodeIgniter\CodeIgniter->handleRequest(null, Object(Config\Cache), false)
 9 FCPATH\index.php(79): CodeIgniter\CodeIgniter->run()
10 SYSTEMPATH\Commands\Server\rewrite.php(47): require_once('C:\\CapstoneSystem\\public\\index.php')
CRITICAL - 2024-04-01 22:13:15 --> Undefined variable $ranking
in APPPATH\Views\Agent\AgProfile.php on line 106.
 1 APPPATH\Views\Agent\AgProfile.php(106): CodeIgniter\Debug\Exceptions->errorHandler(2, 'Undefined variable $ranking', 'C:\\CapstoneSystem\\app\\Views\\Agent\\AgProfile.php', 106)
 2 SYSTEMPATH\View\View.php(226): include('C:\\CapstoneSystem\\app\\Views\\Agent\\AgProfile.php')
 3 SYSTEMPATH\View\View.php(229): CodeIgniter\View\View->CodeIgniter\View\{closure}()
 4 SYSTEMPATH\Common.php(1188): CodeIgniter\View\View->render('Agent/AgProfile', [], true)
 5 APPPATH\Controllers\AgentController.php(52): view('Agent/AgProfile', [...])
 6 SYSTEMPATH\CodeIgniter.php(919): App\Controllers\AgentController->AgProfile()
 7 SYSTEMPATH\CodeIgniter.php(494): CodeIgniter\CodeIgniter->runController(Object(App\Controllers\AgentController))
 8 SYSTEMPATH\CodeIgniter.php(353): CodeIgniter\CodeIgniter->handleRequest(null, Object(Config\Cache), false)
 9 FCPATH\index.php(79): CodeIgniter\CodeIgniter->run()
10 SYSTEMPATH\Commands\Server\rewrite.php(47): require_once('C:\\CapstoneSystem\\public\\index.php')
CRITICAL - 2024-04-01 22:13:16 --> Undefined variable $ranking
in APPPATH\Views\Agent\AgProfile.php on line 106.
 1 APPPATH\Views\Agent\AgProfile.php(106): CodeIgniter\Debug\Exceptions->errorHandler(2, 'Undefined variable $ranking', 'C:\\CapstoneSystem\\app\\Views\\Agent\\AgProfile.php', 106)
 2 SYSTEMPATH\View\View.php(226): include('C:\\CapstoneSystem\\app\\Views\\Agent\\AgProfile.php')
 3 SYSTEMPATH\View\View.php(229): CodeIgniter\View\View->CodeIgniter\View\{closure}()
 4 SYSTEMPATH\Common.php(1188): CodeIgniter\View\View->render('Agent/AgProfile', [], true)
 5 APPPATH\Controllers\AgentController.php(52): view('Agent/AgProfile', [...])
 6 SYSTEMPATH\CodeIgniter.php(919): App\Controllers\AgentController->AgProfile()
 7 SYSTEMPATH\CodeIgniter.php(494): CodeIgniter\CodeIgniter->runController(Object(App\Controllers\AgentController))
 8 SYSTEMPATH\CodeIgniter.php(353): CodeIgniter\CodeIgniter->handleRequest(null, Object(Config\Cache), false)
 9 FCPATH\index.php(79): CodeIgniter\CodeIgniter->run()
10 SYSTEMPATH\Commands\Server\rewrite.php(47): require_once('C:\\CapstoneSystem\\public\\index.php')
CRITICAL - 2024-04-01 22:13:32 --> Trying to access array offset on value of type int
in APPPATH\Views\Agent\AgProfile.php on line 106.
 1 APPPATH\Views\Agent\AgProfile.php(106): CodeIgniter\Debug\Exceptions->errorHandler(2, 'Trying to access array offset on value of type int', 'C:\\CapstoneSystem\\app\\Views\\Agent\\AgProfile.php', 106)
 2 SYSTEMPATH\View\View.php(226): include('C:\\CapstoneSystem\\app\\Views\\Agent\\AgProfile.php')
 3 SYSTEMPATH\View\View.php(229): CodeIgniter\View\View->CodeIgniter\View\{closure}()
 4 SYSTEMPATH\Common.php(1188): CodeIgniter\View\View->render('Agent/AgProfile', [], true)
 5 APPPATH\Controllers\AgentController.php(52): view('Agent/AgProfile', [...])
 6 SYSTEMPATH\CodeIgniter.php(919): App\Controllers\AgentController->AgProfile()
 7 SYSTEMPATH\CodeIgniter.php(494): CodeIgniter\CodeIgniter->runController(Object(App\Controllers\AgentController))
 8 SYSTEMPATH\CodeIgniter.php(353): CodeIgniter\CodeIgniter->handleRequest(null, Object(Config\Cache), false)
 9 FCPATH\index.php(79): CodeIgniter\CodeIgniter->run()
10 SYSTEMPATH\Commands\Server\rewrite.php(47): require_once('C:\\CapstoneSystem\\public\\index.php')
CRITICAL - 2024-04-01 22:13:34 --> Trying to access array offset on value of type int
in APPPATH\Views\Agent\AgProfile.php on line 106.
 1 APPPATH\Views\Agent\AgProfile.php(106): CodeIgniter\Debug\Exceptions->errorHandler(2, 'Trying to access array offset on value of type int', 'C:\\CapstoneSystem\\app\\Views\\Agent\\AgProfile.php', 106)
 2 SYSTEMPATH\View\View.php(226): include('C:\\CapstoneSystem\\app\\Views\\Agent\\AgProfile.php')
 3 SYSTEMPATH\View\View.php(229): CodeIgniter\View\View->CodeIgniter\View\{closure}()
 4 SYSTEMPATH\Common.php(1188): CodeIgniter\View\View->render('Agent/AgProfile', [], true)
 5 APPPATH\Controllers\AgentController.php(52): view('Agent/AgProfile', [...])
 6 SYSTEMPATH\CodeIgniter.php(919): App\Controllers\AgentController->AgProfile()
 7 SYSTEMPATH\CodeIgniter.php(494): CodeIgniter\CodeIgniter->runController(Object(App\Controllers\AgentController))
 8 SYSTEMPATH\CodeIgniter.php(353): CodeIgniter\CodeIgniter->handleRequest(null, Object(Config\Cache), false)
 9 FCPATH\index.php(79): CodeIgniter\CodeIgniter->run()
10 SYSTEMPATH\Commands\Server\rewrite.php(47): require_once('C:\\CapstoneSystem\\public\\index.php')
CRITICAL - 2024-04-01 22:13:34 --> Trying to access array offset on value of type int
in APPPATH\Views\Agent\AgProfile.php on line 106.
 1 APPPATH\Views\Agent\AgProfile.php(106): CodeIgniter\Debug\Exceptions->errorHandler(2, 'Trying to access array offset on value of type int', 'C:\\CapstoneSystem\\app\\Views\\Agent\\AgProfile.php', 106)
 2 SYSTEMPATH\View\View.php(226): include('C:\\CapstoneSystem\\app\\Views\\Agent\\AgProfile.php')
 3 SYSTEMPATH\View\View.php(229): CodeIgniter\View\View->CodeIgniter\View\{closure}()
 4 SYSTEMPATH\Common.php(1188): CodeIgniter\View\View->render('Agent/AgProfile', [], true)
 5 APPPATH\Controllers\AgentController.php(52): view('Agent/AgProfile', [...])
 6 SYSTEMPATH\CodeIgniter.php(919): App\Controllers\AgentController->AgProfile()
 7 SYSTEMPATH\CodeIgniter.php(494): CodeIgniter\CodeIgniter->runController(Object(App\Controllers\AgentController))
 8 SYSTEMPATH\CodeIgniter.php(353): CodeIgniter\CodeIgniter->handleRequest(null, Object(Config\Cache), false)
 9 FCPATH\index.php(79): CodeIgniter\CodeIgniter->run()
10 SYSTEMPATH\Commands\Server\rewrite.php(47): require_once('C:\\CapstoneSystem\\public\\index.php')
CRITICAL - 2024-04-01 22:13:34 --> Trying to access array offset on value of type int
in APPPATH\Views\Agent\AgProfile.php on line 106.
 1 APPPATH\Views\Agent\AgProfile.php(106): CodeIgniter\Debug\Exceptions->errorHandler(2, 'Trying to access array offset on value of type int', 'C:\\CapstoneSystem\\app\\Views\\Agent\\AgProfile.php', 106)
 2 SYSTEMPATH\View\View.php(226): include('C:\\CapstoneSystem\\app\\Views\\Agent\\AgProfile.php')
 3 SYSTEMPATH\View\View.php(229): CodeIgniter\View\View->CodeIgniter\View\{closure}()
 4 SYSTEMPATH\Common.php(1188): CodeIgniter\View\View->render('Agent/AgProfile', [], true)
 5 APPPATH\Controllers\AgentController.php(52): view('Agent/AgProfile', [...])
 6 SYSTEMPATH\CodeIgniter.php(919): App\Controllers\AgentController->AgProfile()
 7 SYSTEMPATH\CodeIgniter.php(494): CodeIgniter\CodeIgniter->runController(Object(App\Controllers\AgentController))
 8 SYSTEMPATH\CodeIgniter.php(353): CodeIgniter\CodeIgniter->handleRequest(null, Object(Config\Cache), false)
 9 FCPATH\index.php(79): CodeIgniter\CodeIgniter->run()
10 SYSTEMPATH\Commands\Server\rewrite.php(47): require_once('C:\\CapstoneSystem\\public\\index.php')
CRITICAL - 2024-04-01 22:13:35 --> Trying to access array offset on value of type int
in APPPATH\Views\Agent\AgProfile.php on line 106.
 1 APPPATH\Views\Agent\AgProfile.php(106): CodeIgniter\Debug\Exceptions->errorHandler(2, 'Trying to access array offset on value of type int', 'C:\\CapstoneSystem\\app\\Views\\Agent\\AgProfile.php', 106)
 2 SYSTEMPATH\View\View.php(226): include('C:\\CapstoneSystem\\app\\Views\\Agent\\AgProfile.php')
 3 SYSTEMPATH\View\View.php(229): CodeIgniter\View\View->CodeIgniter\View\{closure}()
 4 SYSTEMPATH\Common.php(1188): CodeIgniter\View\View->render('Agent/AgProfile', [], true)
 5 APPPATH\Controllers\AgentController.php(52): view('Agent/AgProfile', [...])
 6 SYSTEMPATH\CodeIgniter.php(919): App\Controllers\AgentController->AgProfile()
 7 SYSTEMPATH\CodeIgniter.php(494): CodeIgniter\CodeIgniter->runController(Object(App\Controllers\AgentController))
 8 SYSTEMPATH\CodeIgniter.php(353): CodeIgniter\CodeIgniter->handleRequest(null, Object(Config\Cache), false)
 9 FCPATH\index.php(79): CodeIgniter\CodeIgniter->run()
10 SYSTEMPATH\Commands\Server\rewrite.php(47): require_once('C:\\CapstoneSystem\\public\\index.php')
CRITICAL - 2024-04-01 22:13:35 --> Trying to access array offset on value of type int
in APPPATH\Views\Agent\AgProfile.php on line 106.
 1 APPPATH\Views\Agent\AgProfile.php(106): CodeIgniter\Debug\Exceptions->errorHandler(2, 'Trying to access array offset on value of type int', 'C:\\CapstoneSystem\\app\\Views\\Agent\\AgProfile.php', 106)
 2 SYSTEMPATH\View\View.php(226): include('C:\\CapstoneSystem\\app\\Views\\Agent\\AgProfile.php')
 3 SYSTEMPATH\View\View.php(229): CodeIgniter\View\View->CodeIgniter\View\{closure}()
 4 SYSTEMPATH\Common.php(1188): CodeIgniter\View\View->render('Agent/AgProfile', [], true)
 5 APPPATH\Controllers\AgentController.php(52): view('Agent/AgProfile', [...])
 6 SYSTEMPATH\CodeIgniter.php(919): App\Controllers\AgentController->AgProfile()
 7 SYSTEMPATH\CodeIgniter.php(494): CodeIgniter\CodeIgniter->runController(Object(App\Controllers\AgentController))
 8 SYSTEMPATH\CodeIgniter.php(353): CodeIgniter\CodeIgniter->handleRequest(null, Object(Config\Cache), false)
 9 FCPATH\index.php(79): CodeIgniter\CodeIgniter->run()
10 SYSTEMPATH\Commands\Server\rewrite.php(47): require_once('C:\\CapstoneSystem\\public\\index.php')
CRITICAL - 2024-04-01 22:13:35 --> Trying to access array offset on value of type int
in APPPATH\Views\Agent\AgProfile.php on line 106.
 1 APPPATH\Views\Agent\AgProfile.php(106): CodeIgniter\Debug\Exceptions->errorHandler(2, 'Trying to access array offset on value of type int', 'C:\\CapstoneSystem\\app\\Views\\Agent\\AgProfile.php', 106)
 2 SYSTEMPATH\View\View.php(226): include('C:\\CapstoneSystem\\app\\Views\\Agent\\AgProfile.php')
 3 SYSTEMPATH\View\View.php(229): CodeIgniter\View\View->CodeIgniter\View\{closure}()
 4 SYSTEMPATH\Common.php(1188): CodeIgniter\View\View->render('Agent/AgProfile', [], true)
 5 APPPATH\Controllers\AgentController.php(52): view('Agent/AgProfile', [...])
 6 SYSTEMPATH\CodeIgniter.php(919): App\Controllers\AgentController->AgProfile()
 7 SYSTEMPATH\CodeIgniter.php(494): CodeIgniter\CodeIgniter->runController(Object(App\Controllers\AgentController))
 8 SYSTEMPATH\CodeIgniter.php(353): CodeIgniter\CodeIgniter->handleRequest(null, Object(Config\Cache), false)
 9 FCPATH\index.php(79): CodeIgniter\CodeIgniter->run()
10 SYSTEMPATH\Commands\Server\rewrite.php(47): require_once('C:\\CapstoneSystem\\public\\index.php')
CRITICAL - 2024-04-01 22:13:35 --> Trying to access array offset on value of type int
in APPPATH\Views\Agent\AgProfile.php on line 106.
 1 APPPATH\Views\Agent\AgProfile.php(106): CodeIgniter\Debug\Exceptions->errorHandler(2, 'Trying to access array offset on value of type int', 'C:\\CapstoneSystem\\app\\Views\\Agent\\AgProfile.php', 106)
 2 SYSTEMPATH\View\View.php(226): include('C:\\CapstoneSystem\\app\\Views\\Agent\\AgProfile.php')
 3 SYSTEMPATH\View\View.php(229): CodeIgniter\View\View->CodeIgniter\View\{closure}()
 4 SYSTEMPATH\Common.php(1188): CodeIgniter\View\View->render('Agent/AgProfile', [], true)
 5 APPPATH\Controllers\AgentController.php(52): view('Agent/AgProfile', [...])
 6 SYSTEMPATH\CodeIgniter.php(919): App\Controllers\AgentController->AgProfile()
 7 SYSTEMPATH\CodeIgniter.php(494): CodeIgniter\CodeIgniter->runController(Object(App\Controllers\AgentController))
 8 SYSTEMPATH\CodeIgniter.php(353): CodeIgniter\CodeIgniter->handleRequest(null, Object(Config\Cache), false)
 9 FCPATH\index.php(79): CodeIgniter\CodeIgniter->run()
10 SYSTEMPATH\Commands\Server\rewrite.php(47): require_once('C:\\CapstoneSystem\\public\\index.php')
CRITICAL - 2024-04-01 22:13:36 --> Trying to access array offset on value of type int
in APPPATH\Views\Agent\AgProfile.php on line 106.
 1 APPPATH\Views\Agent\AgProfile.php(106): CodeIgniter\Debug\Exceptions->errorHandler(2, 'Trying to access array offset on value of type int', 'C:\\CapstoneSystem\\app\\Views\\Agent\\AgProfile.php', 106)
 2 SYSTEMPATH\View\View.php(226): include('C:\\CapstoneSystem\\app\\Views\\Agent\\AgProfile.php')
 3 SYSTEMPATH\View\View.php(229): CodeIgniter\View\View->CodeIgniter\View\{closure}()
 4 SYSTEMPATH\Common.php(1188): CodeIgniter\View\View->render('Agent/AgProfile', [], true)
 5 APPPATH\Controllers\AgentController.php(52): view('Agent/AgProfile', [...])
 6 SYSTEMPATH\CodeIgniter.php(919): App\Controllers\AgentController->AgProfile()
 7 SYSTEMPATH\CodeIgniter.php(494): CodeIgniter\CodeIgniter->runController(Object(App\Controllers\AgentController))
 8 SYSTEMPATH\CodeIgniter.php(353): CodeIgniter\CodeIgniter->handleRequest(null, Object(Config\Cache), false)
 9 FCPATH\index.php(79): CodeIgniter\CodeIgniter->run()
10 SYSTEMPATH\Commands\Server\rewrite.php(47): require_once('C:\\CapstoneSystem\\public\\index.php')
CRITICAL - 2024-04-01 22:13:36 --> Trying to access array offset on value of type int
in APPPATH\Views\Agent\AgProfile.php on line 106.
 1 APPPATH\Views\Agent\AgProfile.php(106): CodeIgniter\Debug\Exceptions->errorHandler(2, 'Trying to access array offset on value of type int', 'C:\\CapstoneSystem\\app\\Views\\Agent\\AgProfile.php', 106)
 2 SYSTEMPATH\View\View.php(226): include('C:\\CapstoneSystem\\app\\Views\\Agent\\AgProfile.php')
 3 SYSTEMPATH\View\View.php(229): CodeIgniter\View\View->CodeIgniter\View\{closure}()
 4 SYSTEMPATH\Common.php(1188): CodeIgniter\View\View->render('Agent/AgProfile', [], true)
 5 APPPATH\Controllers\AgentController.php(52): view('Agent/AgProfile', [...])
 6 SYSTEMPATH\CodeIgniter.php(919): App\Controllers\AgentController->AgProfile()
 7 SYSTEMPATH\CodeIgniter.php(494): CodeIgniter\CodeIgniter->runController(Object(App\Controllers\AgentController))
 8 SYSTEMPATH\CodeIgniter.php(353): CodeIgniter\CodeIgniter->handleRequest(null, Object(Config\Cache), false)
 9 FCPATH\index.php(79): CodeIgniter\CodeIgniter->run()
10 SYSTEMPATH\Commands\Server\rewrite.php(47): require_once('C:\\CapstoneSystem\\public\\index.php')
CRITICAL - 2024-04-01 22:13:36 --> Trying to access array offset on value of type int
in APPPATH\Views\Agent\AgProfile.php on line 106.
 1 APPPATH\Views\Agent\AgProfile.php(106): CodeIgniter\Debug\Exceptions->errorHandler(2, 'Trying to access array offset on value of type int', 'C:\\CapstoneSystem\\app\\Views\\Agent\\AgProfile.php', 106)
 2 SYSTEMPATH\View\View.php(226): include('C:\\CapstoneSystem\\app\\Views\\Agent\\AgProfile.php')
 3 SYSTEMPATH\View\View.php(229): CodeIgniter\View\View->CodeIgniter\View\{closure}()
 4 SYSTEMPATH\Common.php(1188): CodeIgniter\View\View->render('Agent/AgProfile', [], true)
 5 APPPATH\Controllers\AgentController.php(52): view('Agent/AgProfile', [...])
 6 SYSTEMPATH\CodeIgniter.php(919): App\Controllers\AgentController->AgProfile()
 7 SYSTEMPATH\CodeIgniter.php(494): CodeIgniter\CodeIgniter->runController(Object(App\Controllers\AgentController))
 8 SYSTEMPATH\CodeIgniter.php(353): CodeIgniter\CodeIgniter->handleRequest(null, Object(Config\Cache), false)
 9 FCPATH\index.php(79): CodeIgniter\CodeIgniter->run()
10 SYSTEMPATH\Commands\Server\rewrite.php(47): require_once('C:\\CapstoneSystem\\public\\index.php')
CRITICAL - 2024-04-01 22:15:06 --> Trying to access array offset on value of type int
in APPPATH\Views\Agent\AgProfile.php on line 106.
 1 APPPATH\Views\Agent\AgProfile.php(106): CodeIgniter\Debug\Exceptions->errorHandler(2, 'Trying to access array offset on value of type int', 'C:\\CapstoneSystem\\app\\Views\\Agent\\AgProfile.php', 106)
 2 SYSTEMPATH\View\View.php(226): include('C:\\CapstoneSystem\\app\\Views\\Agent\\AgProfile.php')
 3 SYSTEMPATH\View\View.php(229): CodeIgniter\View\View->CodeIgniter\View\{closure}()
 4 SYSTEMPATH\Common.php(1188): CodeIgniter\View\View->render('Agent/AgProfile', [], true)
 5 APPPATH\Controllers\AgentController.php(45): view('Agent/AgProfile', [...])
 6 SYSTEMPATH\CodeIgniter.php(919): App\Controllers\AgentController->AgProfile()
 7 SYSTEMPATH\CodeIgniter.php(494): CodeIgniter\CodeIgniter->runController(Object(App\Controllers\AgentController))
 8 SYSTEMPATH\CodeIgniter.php(353): CodeIgniter\CodeIgniter->handleRequest(null, Object(Config\Cache), false)
 9 FCPATH\index.php(79): CodeIgniter\CodeIgniter->run()
10 SYSTEMPATH\Commands\Server\rewrite.php(47): require_once('C:\\CapstoneSystem\\public\\index.php')
CRITICAL - 2024-04-01 22:15:22 --> Trying to access array offset on value of type int
in APPPATH\Views\Agent\AgProfile.php on line 106.
 1 APPPATH\Views\Agent\AgProfile.php(106): CodeIgniter\Debug\Exceptions->errorHandler(2, 'Trying to access array offset on value of type int', 'C:\\CapstoneSystem\\app\\Views\\Agent\\AgProfile.php', 106)
 2 SYSTEMPATH\View\View.php(226): include('C:\\CapstoneSystem\\app\\Views\\Agent\\AgProfile.php')
 3 SYSTEMPATH\View\View.php(229): CodeIgniter\View\View->CodeIgniter\View\{closure}()
 4 SYSTEMPATH\Common.php(1188): CodeIgniter\View\View->render('Agent/AgProfile', [], true)
 5 APPPATH\Controllers\AgentController.php(45): view('Agent/AgProfile', [...])
 6 SYSTEMPATH\CodeIgniter.php(919): App\Controllers\AgentController->AgProfile()
 7 SYSTEMPATH\CodeIgniter.php(494): CodeIgniter\CodeIgniter->runController(Object(App\Controllers\AgentController))
 8 SYSTEMPATH\CodeIgniter.php(353): CodeIgniter\CodeIgniter->handleRequest(null, Object(Config\Cache), false)
 9 FCPATH\index.php(79): CodeIgniter\CodeIgniter->run()
10 SYSTEMPATH\Commands\Server\rewrite.php(47): require_once('C:\\CapstoneSystem\\public\\index.php')
CRITICAL - 2024-04-01 22:15:50 --> Undefined variable $id
in APPPATH\Controllers\AgentController.php on line 30.
 1 APPPATH\Controllers\AgentController.php(30): CodeIgniter\Debug\Exceptions->errorHandler(2, 'Undefined variable $id', 'C:\\CapstoneSystem\\app\\Controllers\\AgentController.php', 30)
 2 APPPATH\Controllers\AgentController.php(40): App\Controllers\AgentController->rank()
 3 SYSTEMPATH\CodeIgniter.php(919): App\Controllers\AgentController->AgProfile()
 4 SYSTEMPATH\CodeIgniter.php(494): CodeIgniter\CodeIgniter->runController(Object(App\Controllers\AgentController))
 5 SYSTEMPATH\CodeIgniter.php(353): CodeIgniter\CodeIgniter->handleRequest(null, Object(Config\Cache), false)
 6 FCPATH\index.php(79): CodeIgniter\CodeIgniter->run()
 7 SYSTEMPATH\Commands\Server\rewrite.php(47): require_once('C:\\CapstoneSystem\\public\\index.php')
CRITICAL - 2024-04-01 22:16:12 --> Undefined variable $id
in APPPATH\Controllers\AgentController.php on line 30.
 1 APPPATH\Controllers\AgentController.php(30): CodeIgniter\Debug\Exceptions->errorHandler(2, 'Undefined variable $id', 'C:\\CapstoneSystem\\app\\Controllers\\AgentController.php', 30)
 2 APPPATH\Controllers\AgentController.php(38): App\Controllers\AgentController->rank()
 3 SYSTEMPATH\CodeIgniter.php(919): App\Controllers\AgentController->AgProfile()
 4 SYSTEMPATH\CodeIgniter.php(494): CodeIgniter\CodeIgniter->runController(Object(App\Controllers\AgentController))
 5 SYSTEMPATH\CodeIgniter.php(353): CodeIgniter\CodeIgniter->handleRequest(null, Object(Config\Cache), false)
 6 FCPATH\index.php(79): CodeIgniter\CodeIgniter->run()
 7 SYSTEMPATH\Commands\Server\rewrite.php(47): require_once('C:\\CapstoneSystem\\public\\index.php')
CRITICAL - 2024-04-01 22:16:19 --> Call to undefined method App\Controllers\AgentController::rank()
in APPPATH\Controllers\AgentController.php on line 38.
 1 SYSTEMPATH\CodeIgniter.php(919): App\Controllers\AgentController->AgProfile()
 2 SYSTEMPATH\CodeIgniter.php(494): CodeIgniter\CodeIgniter->runController(Object(App\Controllers\AgentController))
 3 SYSTEMPATH\CodeIgniter.php(353): CodeIgniter\CodeIgniter->handleRequest(null, Object(Config\Cache), false)
 4 FCPATH\index.php(79): CodeIgniter\CodeIgniter->run()
 5 SYSTEMPATH\Commands\Server\rewrite.php(47): require_once('C:\\CapstoneSystem\\public\\index.php')
CRITICAL - 2024-04-01 22:16:26 --> Trying to access array offset on value of type int
in APPPATH\Views\Agent\AgProfile.php on line 106.
 1 APPPATH\Views\Agent\AgProfile.php(106): CodeIgniter\Debug\Exceptions->errorHandler(2, 'Trying to access array offset on value of type int', 'C:\\CapstoneSystem\\app\\Views\\Agent\\AgProfile.php', 106)
 2 SYSTEMPATH\View\View.php(226): include('C:\\CapstoneSystem\\app\\Views\\Agent\\AgProfile.php')
 3 SYSTEMPATH\View\View.php(229): CodeIgniter\View\View->CodeIgniter\View\{closure}()
 4 SYSTEMPATH\Common.php(1188): CodeIgniter\View\View->render('Agent/AgProfile', [], true)
 5 APPPATH\Controllers\AgentController.php(45): view('Agent/AgProfile', [...])
 6 SYSTEMPATH\CodeIgniter.php(919): App\Controllers\AgentController->AgProfile()
 7 SYSTEMPATH\CodeIgniter.php(494): CodeIgniter\CodeIgniter->runController(Object(App\Controllers\AgentController))
 8 SYSTEMPATH\CodeIgniter.php(353): CodeIgniter\CodeIgniter->handleRequest(null, Object(Config\Cache), false)
 9 FCPATH\index.php(79): CodeIgniter\CodeIgniter->run()
10 SYSTEMPATH\Commands\Server\rewrite.php(47): require_once('C:\\CapstoneSystem\\public\\index.php')
CRITICAL - 2024-04-01 22:17:56 --> Undefined variable $agnet
in APPPATH\Views\Agent\AgProfile.php on line 106.
 1 APPPATH\Views\Agent\AgProfile.php(106): CodeIgniter\Debug\Exceptions->errorHandler(2, 'Undefined variable $agnet', 'C:\\CapstoneSystem\\app\\Views\\Agent\\AgProfile.php', 106)
 2 SYSTEMPATH\View\View.php(226): include('C:\\CapstoneSystem\\app\\Views\\Agent\\AgProfile.php')
 3 SYSTEMPATH\View\View.php(229): CodeIgniter\View\View->CodeIgniter\View\{closure}()
 4 SYSTEMPATH\Common.php(1188): CodeIgniter\View\View->render('Agent/AgProfile', [], true)
 5 APPPATH\Controllers\AgentController.php(44): view('Agent/AgProfile', [...])
 6 SYSTEMPATH\CodeIgniter.php(919): App\Controllers\AgentController->AgProfile()
 7 SYSTEMPATH\CodeIgniter.php(494): CodeIgniter\CodeIgniter->runController(Object(App\Controllers\AgentController))
 8 SYSTEMPATH\CodeIgniter.php(353): CodeIgniter\CodeIgniter->handleRequest(null, Object(Config\Cache), false)
 9 FCPATH\index.php(79): CodeIgniter\CodeIgniter->run()
10 SYSTEMPATH\Commands\Server\rewrite.php(47): require_once('C:\\CapstoneSystem\\public\\index.php')
CRITICAL - 2024-04-01 22:18:01 --> Undefined variable $agnet
in APPPATH\Views\Agent\AgProfile.php on line 106.
 1 APPPATH\Views\Agent\AgProfile.php(106): CodeIgniter\Debug\Exceptions->errorHandler(2, 'Undefined variable $agnet', 'C:\\CapstoneSystem\\app\\Views\\Agent\\AgProfile.php', 106)
 2 SYSTEMPATH\View\View.php(226): include('C:\\CapstoneSystem\\app\\Views\\Agent\\AgProfile.php')
 3 SYSTEMPATH\View\View.php(229): CodeIgniter\View\View->CodeIgniter\View\{closure}()
 4 SYSTEMPATH\Common.php(1188): CodeIgniter\View\View->render('Agent/AgProfile', [], true)
 5 APPPATH\Controllers\AgentController.php(44): view('Agent/AgProfile', [...])
 6 SYSTEMPATH\CodeIgniter.php(919): App\Controllers\AgentController->AgProfile()
 7 SYSTEMPATH\CodeIgniter.php(494): CodeIgniter\CodeIgniter->runController(Object(App\Controllers\AgentController))
 8 SYSTEMPATH\CodeIgniter.php(353): CodeIgniter\CodeIgniter->handleRequest(null, Object(Config\Cache), false)
 9 FCPATH\index.php(79): CodeIgniter\CodeIgniter->run()
10 SYSTEMPATH\Commands\Server\rewrite.php(47): require_once('C:\\CapstoneSystem\\public\\index.php')
CRITICAL - 2024-04-01 22:18:16 --> Undefined array key "ranking"
in APPPATH\Views\Agent\AgProfile.php on line 106.
 1 APPPATH\Views\Agent\AgProfile.php(106): CodeIgniter\Debug\Exceptions->errorHandler(2, 'Undefined array key "ranking"', 'C:\\CapstoneSystem\\app\\Views\\Agent\\AgProfile.php', 106)
 2 SYSTEMPATH\View\View.php(226): include('C:\\CapstoneSystem\\app\\Views\\Agent\\AgProfile.php')
 3 SYSTEMPATH\View\View.php(229): CodeIgniter\View\View->CodeIgniter\View\{closure}()
 4 SYSTEMPATH\Common.php(1188): CodeIgniter\View\View->render('Agent/AgProfile', [], true)
 5 APPPATH\Controllers\AgentController.php(44): view('Agent/AgProfile', [...])
 6 SYSTEMPATH\CodeIgniter.php(919): App\Controllers\AgentController->AgProfile()
 7 SYSTEMPATH\CodeIgniter.php(494): CodeIgniter\CodeIgniter->runController(Object(App\Controllers\AgentController))
 8 SYSTEMPATH\CodeIgniter.php(353): CodeIgniter\CodeIgniter->handleRequest(null, Object(Config\Cache), false)
 9 FCPATH\index.php(79): CodeIgniter\CodeIgniter->run()
10 SYSTEMPATH\Commands\Server\rewrite.php(47): require_once('C:\\CapstoneSystem\\public\\index.php')
CRITICAL - 2024-04-01 22:18:21 --> Trying to access array offset on value of type int
in APPPATH\Views\Agent\AgProfile.php on line 106.
 1 APPPATH\Views\Agent\AgProfile.php(106): CodeIgniter\Debug\Exceptions->errorHandler(2, 'Trying to access array offset on value of type int', 'C:\\CapstoneSystem\\app\\Views\\Agent\\AgProfile.php', 106)
 2 SYSTEMPATH\View\View.php(226): include('C:\\CapstoneSystem\\app\\Views\\Agent\\AgProfile.php')
 3 SYSTEMPATH\View\View.php(229): CodeIgniter\View\View->CodeIgniter\View\{closure}()
 4 SYSTEMPATH\Common.php(1188): CodeIgniter\View\View->render('Agent/AgProfile', [], true)
 5 APPPATH\Controllers\AgentController.php(44): view('Agent/AgProfile', [...])
 6 SYSTEMPATH\CodeIgniter.php(919): App\Controllers\AgentController->AgProfile()
 7 SYSTEMPATH\CodeIgniter.php(494): CodeIgniter\CodeIgniter->runController(Object(App\Controllers\AgentController))
 8 SYSTEMPATH\CodeIgniter.php(353): CodeIgniter\CodeIgniter->handleRequest(null, Object(Config\Cache), false)
 9 FCPATH\index.php(79): CodeIgniter\CodeIgniter->run()
10 SYSTEMPATH\Commands\Server\rewrite.php(47): require_once('C:\\CapstoneSystem\\public\\index.php')
CRITICAL - 2024-04-01 22:25:27 --> Undefined variable $rankingInt
in APPPATH\Views\Agent\AgProfile.php on line 108.
 1 APPPATH\Views\Agent\AgProfile.php(108): CodeIgniter\Debug\Exceptions->errorHandler(2, 'Undefined variable $rankingInt', 'C:\\CapstoneSystem\\app\\Views\\Agent\\AgProfile.php', 108)
 2 SYSTEMPATH\View\View.php(226): include('C:\\CapstoneSystem\\app\\Views\\Agent\\AgProfile.php')
 3 SYSTEMPATH\View\View.php(229): CodeIgniter\View\View->CodeIgniter\View\{closure}()
 4 SYSTEMPATH\Common.php(1188): CodeIgniter\View\View->render('Agent/AgProfile', [], true)
 5 APPPATH\Controllers\AgentController.php(36): view('Agent/AgProfile', [...])
 6 SYSTEMPATH\CodeIgniter.php(919): App\Controllers\AgentController->AgProfile()
 7 SYSTEMPATH\CodeIgniter.php(494): CodeIgniter\CodeIgniter->runController(Object(App\Controllers\AgentController))
 8 SYSTEMPATH\CodeIgniter.php(353): CodeIgniter\CodeIgniter->handleRequest(null, Object(Config\Cache), false)
 9 FCPATH\index.php(79): CodeIgniter\CodeIgniter->run()
10 SYSTEMPATH\Commands\Server\rewrite.php(47): require_once('C:\\CapstoneSystem\\public\\index.php')
CRITICAL - 2024-04-01 22:26:39 --> Undefined variable $rankingInt
in APPPATH\Views\Agent\AgProfile.php on line 104.
 1 APPPATH\Views\Agent\AgProfile.php(104): CodeIgniter\Debug\Exceptions->errorHandler(2, 'Undefined variable $rankingInt', 'C:\\CapstoneSystem\\app\\Views\\Agent\\AgProfile.php', 104)
 2 SYSTEMPATH\View\View.php(226): include('C:\\CapstoneSystem\\app\\Views\\Agent\\AgProfile.php')
 3 SYSTEMPATH\View\View.php(229): CodeIgniter\View\View->CodeIgniter\View\{closure}()
 4 SYSTEMPATH\Common.php(1188): CodeIgniter\View\View->render('Agent/AgProfile', [], true)
 5 APPPATH\Controllers\AgentController.php(36): view('Agent/AgProfile', [...])
 6 SYSTEMPATH\CodeIgniter.php(919): App\Controllers\AgentController->AgProfile()
 7 SYSTEMPATH\CodeIgniter.php(494): CodeIgniter\CodeIgniter->runController(Object(App\Controllers\AgentController))
 8 SYSTEMPATH\CodeIgniter.php(353): CodeIgniter\CodeIgniter->handleRequest(null, Object(Config\Cache), false)
 9 FCPATH\index.php(79): CodeIgniter\CodeIgniter->run()
10 SYSTEMPATH\Commands\Server\rewrite.php(47): require_once('C:\\CapstoneSystem\\public\\index.php')
