CRITICAL - 2024-05-12 23:26:25 --> Trying to access array offset on value of type null
in APPPATH\Controllers\AgentController.php on line 369.
 1 APPPATH\Controllers\AgentController.php(369): CodeIgniter\Debug\Exceptions->errorHandler(2, 'Trying to access array offset on value of type null', 'C:\\CapstoneSystem\\app\\Controllers\\AgentController.php', 369)
 2 SYSTEMPATH\CodeIgniter.php(919): App\Controllers\AgentController->upstatusplan('945ff6a5e6e48f8a551f3a178ff5fd62a7b492f20701f36ac4010ac6977e7035157c679c3871d9227f4e4989675b1fee3c13')
 3 SYSTEMPATH\CodeIgniter.php(494): CodeIgniter\CodeIgniter->runController(Object(App\Controllers\AgentController))
 4 SYSTEMPATH\CodeIgniter.php(353): CodeIgniter\CodeIgniter->handleRequest(null, Object(Config\Cache), false)
 5 FCPATH\index.php(79): CodeIgniter\CodeIgniter->run()
 6 SYSTEMPATH\Commands\Server\rewrite.php(47): require_once('C:\\CapstoneSystem\\public\\index.php')
CRITICAL - 2024-05-12 23:27:04 --> Trying to access array offset on value of type null
in APPPATH\Controllers\AgentController.php on line 369.
 1 APPPATH\Controllers\AgentController.php(369): CodeIgniter\Debug\Exceptions->errorHandler(2, 'Trying to access array offset on value of type null', 'C:\\CapstoneSystem\\app\\Controllers\\AgentController.php', 369)
 2 SYSTEMPATH\CodeIgniter.php(919): App\Controllers\AgentController->upstatusplan('54294ef598711f416005d33476a7ef5145915de98d41e3a3943d4301f37fb50799fc266e06ce36029cec5cb4464eab659c44')
 3 SYSTEMPATH\CodeIgniter.php(494): CodeIgniter\CodeIgniter->runController(Object(App\Controllers\AgentController))
 4 SYSTEMPATH\CodeIgniter.php(353): CodeIgniter\CodeIgniter->handleRequest(null, Object(Config\Cache), false)
 5 FCPATH\index.php(79): CodeIgniter\CodeIgniter->run()
 6 SYSTEMPATH\Commands\Server\rewrite.php(47): require_once('C:\\CapstoneSystem\\public\\index.php')
CRITICAL - 2024-05-12 23:28:42 --> Trying to access array offset on value of type null
in APPPATH\Controllers\AgentController.php on line 369.
 1 APPPATH\Controllers\AgentController.php(369): CodeIgniter\Debug\Exceptions->errorHandler(2, 'Trying to access array offset on value of type null', 'C:\\CapstoneSystem\\app\\Controllers\\AgentController.php', 369)
 2 SYSTEMPATH\CodeIgniter.php(919): App\Controllers\AgentController->upstatusplan('fbf610f71a5c07331a9d16a1717d2a221a55aa5e92c98624092fc1053de2eb40670df40d75ee729d64058112aa56fd85d041')
 3 SYSTEMPATH\CodeIgniter.php(494): CodeIgniter\CodeIgniter->runController(Object(App\Controllers\AgentController))
 4 SYSTEMPATH\CodeIgniter.php(353): CodeIgniter\CodeIgniter->handleRequest(null, Object(Config\Cache), false)
 5 FCPATH\index.php(79): CodeIgniter\CodeIgniter->run()
 6 SYSTEMPATH\Commands\Server\rewrite.php(47): require_once('C:\\CapstoneSystem\\public\\index.php')
CRITICAL - 2024-05-12 23:28:55 --> Trying to access array offset on value of type null
in APPPATH\Controllers\AgentController.php on line 369.
 1 APPPATH\Controllers\AgentController.php(369): CodeIgniter\Debug\Exceptions->errorHandler(2, 'Trying to access array offset on value of type null', 'C:\\CapstoneSystem\\app\\Controllers\\AgentController.php', 369)
 2 SYSTEMPATH\CodeIgniter.php(919): App\Controllers\AgentController->upstatusplan('2e50332ad25edf5e8fe9f42e6039051573ef785e67be3ba8246364805d9ce8db83e7dd92e3a47c1b5e5e1eb3d8eb77aa157a')
 3 SYSTEMPATH\CodeIgniter.php(494): CodeIgniter\CodeIgniter->runController(Object(App\Controllers\AgentController))
 4 SYSTEMPATH\CodeIgniter.php(353): CodeIgniter\CodeIgniter->handleRequest(null, Object(Config\Cache), false)
 5 FCPATH\index.php(79): CodeIgniter\CodeIgniter->run()
 6 SYSTEMPATH\Commands\Server\rewrite.php(47): require_once('C:\\CapstoneSystem\\public\\index.php')
