CRITICAL - 2024-03-04 00:50:06 --> Undefined variable $topAgents
in APPPATH\Views\Admin\AdDash.php on line 115.
 1 APPPATH\Views\Admin\AdDash.php(115): CodeIgniter\Debug\Exceptions->errorHandler(2, 'Undefined variable $topAgents', 'D:\\CapstoneSystem\\app\\Views\\Admin\\AdDash.php', 115)
 2 SYSTEMPATH\View\View.php(226): include('D:\\CapstoneSystem\\app\\Views\\Admin\\AdDash.php')
 3 SYSTEMPATH\View\View.php(229): CodeIgniter\View\View->CodeIgniter\View\{closure}()
 4 SYSTEMPATH\Common.php(1188): CodeIgniter\View\View->render('Admin/AdDash', [], true)
 5 APPPATH\Controllers\AdminController.php(51): view('Admin/AdDash', [...])
 6 SYSTEMPATH\CodeIgniter.php(919): App\Controllers\AdminController->AdDash()
 7 SYSTEMPATH\CodeIgniter.php(494): CodeIgniter\CodeIgniter->runController(Object(App\Controllers\AdminController))
 8 SYSTEMPATH\CodeIgniter.php(353): CodeIgniter\CodeIgniter->handleRequest(null, Object(Config\Cache), false)
 9 FCPATH\index.php(79): CodeIgniter\CodeIgniter->run()
10 SYSTEMPATH\Commands\Server\rewrite.php(47): require_once('D:\\CapstoneSystem\\public\\index.php')
CRITICAL - 2024-03-04 00:50:15 --> Undefined variable $agent
in APPPATH\Views\Admin\AdDash.php on line 119.
 1 APPPATH\Views\Admin\AdDash.php(119): CodeIgniter\Debug\Exceptions->errorHandler(2, 'Undefined variable $agent', 'D:\\CapstoneSystem\\app\\Views\\Admin\\AdDash.php', 119)
 2 SYSTEMPATH\View\View.php(226): include('D:\\CapstoneSystem\\app\\Views\\Admin\\AdDash.php')
 3 SYSTEMPATH\View\View.php(229): CodeIgniter\View\View->CodeIgniter\View\{closure}()
 4 SYSTEMPATH\Common.php(1188): CodeIgniter\View\View->render('Admin/AdDash', [], true)
 5 APPPATH\Controllers\AdminController.php(51): view('Admin/AdDash', [...])
 6 SYSTEMPATH\CodeIgniter.php(919): App\Controllers\AdminController->AdDash()
 7 SYSTEMPATH\CodeIgniter.php(494): CodeIgniter\CodeIgniter->runController(Object(App\Controllers\AdminController))
 8 SYSTEMPATH\CodeIgniter.php(353): CodeIgniter\CodeIgniter->handleRequest(null, Object(Config\Cache), false)
 9 FCPATH\index.php(79): CodeIgniter\CodeIgniter->run()
10 SYSTEMPATH\Commands\Server\rewrite.php(47): require_once('D:\\CapstoneSystem\\public\\index.php')
CRITICAL - 2024-03-04 00:50:24 --> Undefined variable $agent
in APPPATH\Views\Admin\AdDash.php on line 119.
 1 APPPATH\Views\Admin\AdDash.php(119): CodeIgniter\Debug\Exceptions->errorHandler(2, 'Undefined variable $agent', 'D:\\CapstoneSystem\\app\\Views\\Admin\\AdDash.php', 119)
 2 SYSTEMPATH\View\View.php(226): include('D:\\CapstoneSystem\\app\\Views\\Admin\\AdDash.php')
 3 SYSTEMPATH\View\View.php(229): CodeIgniter\View\View->CodeIgniter\View\{closure}()
 4 SYSTEMPATH\Common.php(1188): CodeIgniter\View\View->render('Admin/AdDash', [], true)
 5 APPPATH\Controllers\AdminController.php(51): view('Admin/AdDash', [...])
 6 SYSTEMPATH\CodeIgniter.php(919): App\Controllers\AdminController->AdDash()
 7 SYSTEMPATH\CodeIgniter.php(494): CodeIgniter\CodeIgniter->runController(Object(App\Controllers\AdminController))
 8 SYSTEMPATH\CodeIgniter.php(353): CodeIgniter\CodeIgniter->handleRequest(null, Object(Config\Cache), false)
 9 FCPATH\index.php(79): CodeIgniter\CodeIgniter->run()
10 SYSTEMPATH\Commands\Server\rewrite.php(47): require_once('D:\\CapstoneSystem\\public\\index.php')
CRITICAL - 2024-03-04 20:55:35 --> Trying to access array offset on value of type null
in APPPATH\Views\Admin\details.php on line 249.
 1 APPPATH\Views\Admin\details.php(249): CodeIgniter\Debug\Exceptions->errorHandler(2, 'Trying to access array offset on value of type null', 'D:\\CapstoneSystem\\app\\Views\\Admin\\details.php', 249)
 2 SYSTEMPATH\View\View.php(226): include('D:\\CapstoneSystem\\app\\Views\\Admin\\details.php')
 3 SYSTEMPATH\View\View.php(229): CodeIgniter\View\View->CodeIgniter\View\{closure}()
 4 SYSTEMPATH\Common.php(1188): CodeIgniter\View\View->render('Admin/details', [], true)
 5 APPPATH\Controllers\AdminController.php(178): view('Admin/details', [...])
 6 SYSTEMPATH\CodeIgniter.php(919): App\Controllers\AdminController->viewAppForm('135')
 7 SYSTEMPATH\CodeIgniter.php(494): CodeIgniter\CodeIgniter->runController(Object(App\Controllers\AdminController))
 8 SYSTEMPATH\CodeIgniter.php(353): CodeIgniter\CodeIgniter->handleRequest(null, Object(Config\Cache), false)
 9 FCPATH\index.php(79): CodeIgniter\CodeIgniter->run()
10 SYSTEMPATH\Commands\Server\rewrite.php(47): require_once('D:\\CapstoneSystem\\public\\index.php')
