ERROR - 2024-02-17 21:03:33 --> mysqli_sql_exception: Unknown column 'fullname' in 'field list' in D:\CapstoneSystem\system\Database\MySQLi\Connection.php:306
Stack trace:
#0 D:\CapstoneSystem\system\Database\MySQLi\Connection.php(306): mysqli->query('INSERT INTO `ap...', 0)
#1 D:\CapstoneSystem\system\Database\BaseConnection.php(692): CodeIgniter\Database\MySQLi\Connection->execute('INSERT INTO `ap...')
#2 D:\CapstoneSystem\system\Database\BaseConnection.php(606): CodeIgniter\Database\BaseConnection->simpleQuery('INSERT INTO `ap...')
#3 D:\CapstoneSystem\system\Database\BaseBuilder.php(2308): CodeIgniter\Database\BaseConnection->query('INSERT INTO `ap...', Array, false)
#4 D:\CapstoneSystem\system\Model.php(319): CodeIgniter\Database\BaseBuilder->insert()
#5 D:\CapstoneSystem\system\BaseModel.php(788): CodeIgniter\Model->doInsert(Array)
#6 D:\CapstoneSystem\system\Model.php(715): CodeIgniter\BaseModel->insert(Array, false)
#7 D:\CapstoneSystem\system\BaseModel.php(698): CodeIgniter\Model->insert(Array, false)
#8 D:\CapstoneSystem\app\Controllers\HomepageController.php(88): CodeIgniter\BaseModel->save(Array)
#9 D:\CapstoneSystem\system\CodeIgniter.php(919): App\Controllers\HomepageController->Authreg()
#10 D:\CapstoneSystem\system\CodeIgniter.php(494): CodeIgniter\CodeIgniter->runController(Object(App\Controllers\HomepageController))
#11 D:\CapstoneSystem\system\CodeIgniter.php(353): CodeIgniter\CodeIgniter->handleRequest(NULL, Object(Config\Cache), false)
#12 D:\CapstoneSystem\public\index.php(79): CodeIgniter\CodeIgniter->run()
#13 D:\CapstoneSystem\system\Commands\Server\rewrite.php(47): require_once('D:\\CapstoneSyst...')
#14 {main}
CRITICAL - 2024-02-17 21:03:33 --> Unknown column 'fullname' in 'field list'
in SYSTEMPATH\Database\BaseConnection.php on line 646.
 1 SYSTEMPATH\Database\BaseBuilder.php(2308): CodeIgniter\Database\BaseConnection->query('INSERT INTO `applicant` (`applicant_id`, `username`, `email`, `branch`, `fullname`, `birthday`, `number`) VALUES (:applicant_id:, :username:, :email:, :branch:, :fullname:, :birthday:, :number:)', [...], false)
 2 SYSTEMPATH\Model.php(319): CodeIgniter\Database\BaseBuilder->insert()
 3 SYSTEMPATH\BaseModel.php(788): CodeIgniter\Model->doInsert([...])
 4 SYSTEMPATH\Model.php(715): CodeIgniter\BaseModel->insert([...], false)
 5 SYSTEMPATH\BaseModel.php(698): CodeIgniter\Model->insert([...], false)
 6 APPPATH\Controllers\HomepageController.php(88): CodeIgniter\BaseModel->save([...])
 7 SYSTEMPATH\CodeIgniter.php(919): App\Controllers\HomepageController->Authreg()
 8 SYSTEMPATH\CodeIgniter.php(494): CodeIgniter\CodeIgniter->runController(Object(App\Controllers\HomepageController))
 9 SYSTEMPATH\CodeIgniter.php(353): CodeIgniter\CodeIgniter->handleRequest(null, Object(Config\Cache), false)
10 FCPATH\index.php(79): CodeIgniter\CodeIgniter->run()
11 SYSTEMPATH\Commands\Server\rewrite.php(47): require_once('D:\\CapstoneSystem\\public\\index.php')
ERROR - 2024-02-17 21:08:15 --> mysqli_sql_exception: Unknown column 'fullname' in 'field list' in D:\CapstoneSystem\system\Database\MySQLi\Connection.php:306
Stack trace:
#0 D:\CapstoneSystem\system\Database\MySQLi\Connection.php(306): mysqli->query('INSERT INTO `ap...', 0)
#1 D:\CapstoneSystem\system\Database\BaseConnection.php(692): CodeIgniter\Database\MySQLi\Connection->execute('INSERT INTO `ap...')
#2 D:\CapstoneSystem\system\Database\BaseConnection.php(606): CodeIgniter\Database\BaseConnection->simpleQuery('INSERT INTO `ap...')
#3 D:\CapstoneSystem\system\Database\BaseBuilder.php(2308): CodeIgniter\Database\BaseConnection->query('INSERT INTO `ap...', Array, false)
#4 D:\CapstoneSystem\system\Model.php(319): CodeIgniter\Database\BaseBuilder->insert()
#5 D:\CapstoneSystem\system\BaseModel.php(788): CodeIgniter\Model->doInsert(Array)
#6 D:\CapstoneSystem\system\Model.php(715): CodeIgniter\BaseModel->insert(Array, false)
#7 D:\CapstoneSystem\system\BaseModel.php(698): CodeIgniter\Model->insert(Array, false)
#8 D:\CapstoneSystem\app\Controllers\HomepageController.php(88): CodeIgniter\BaseModel->save(Array)
#9 D:\CapstoneSystem\system\CodeIgniter.php(919): App\Controllers\HomepageController->Authreg()
#10 D:\CapstoneSystem\system\CodeIgniter.php(494): CodeIgniter\CodeIgniter->runController(Object(App\Controllers\HomepageController))
#11 D:\CapstoneSystem\system\CodeIgniter.php(353): CodeIgniter\CodeIgniter->handleRequest(NULL, Object(Config\Cache), false)
#12 D:\CapstoneSystem\public\index.php(79): CodeIgniter\CodeIgniter->run()
#13 D:\CapstoneSystem\system\Commands\Server\rewrite.php(47): require_once('D:\\CapstoneSyst...')
#14 {main}
CRITICAL - 2024-02-17 21:08:15 --> Unknown column 'fullname' in 'field list'
in SYSTEMPATH\Database\BaseConnection.php on line 646.
 1 SYSTEMPATH\Database\BaseBuilder.php(2308): CodeIgniter\Database\BaseConnection->query('INSERT INTO `applicant` (`applicant_id`, `username`, `email`, `branch`, `fullname`, `birthday`, `number`) VALUES (:applicant_id:, :username:, :email:, :branch:, :fullname:, :birthday:, :number:)', [...], false)
 2 SYSTEMPATH\Model.php(319): CodeIgniter\Database\BaseBuilder->insert()
 3 SYSTEMPATH\BaseModel.php(788): CodeIgniter\Model->doInsert([...])
 4 SYSTEMPATH\Model.php(715): CodeIgniter\BaseModel->insert([...], false)
 5 SYSTEMPATH\BaseModel.php(698): CodeIgniter\Model->insert([...], false)
 6 APPPATH\Controllers\HomepageController.php(88): CodeIgniter\BaseModel->save([...])
 7 SYSTEMPATH\CodeIgniter.php(919): App\Controllers\HomepageController->Authreg()
 8 SYSTEMPATH\CodeIgniter.php(494): CodeIgniter\CodeIgniter->runController(Object(App\Controllers\HomepageController))
 9 SYSTEMPATH\CodeIgniter.php(353): CodeIgniter\CodeIgniter->handleRequest(null, Object(Config\Cache), false)
10 FCPATH\index.php(79): CodeIgniter\CodeIgniter->run()
11 SYSTEMPATH\Commands\Server\rewrite.php(47): require_once('D:\\CapstoneSystem\\public\\index.php')
CRITICAL - 2024-02-17 21:15:43 --> Trying to access array offset on value of type null
in APPPATH\Views\Agent\AgDash.php on line 222.
 1 APPPATH\Views\Agent\AgDash.php(222): CodeIgniter\Debug\Exceptions->errorHandler(2, 'Trying to access array offset on value of type null', 'D:\\CapstoneSystem\\app\\Views\\Agent\\AgDash.php', 222)
 2 SYSTEMPATH\View\View.php(226): include('D:\\CapstoneSystem\\app\\Views\\Agent\\AgDash.php')
 3 SYSTEMPATH\View\View.php(229): CodeIgniter\View\View->CodeIgniter\View\{closure}()
 4 SYSTEMPATH\Common.php(1188): CodeIgniter\View\View->render('Agent/AgDash', [], true)
 5 APPPATH\Controllers\AgentController.php(29): view('Agent/AgDash', [...])
 6 SYSTEMPATH\CodeIgniter.php(919): App\Controllers\AgentController->AgDash()
 7 SYSTEMPATH\CodeIgniter.php(494): CodeIgniter\CodeIgniter->runController(Object(App\Controllers\AgentController))
 8 SYSTEMPATH\CodeIgniter.php(353): CodeIgniter\CodeIgniter->handleRequest(null, Object(Config\Cache), false)
 9 FCPATH\index.php(79): CodeIgniter\CodeIgniter->run()
10 SYSTEMPATH\Commands\Server\rewrite.php(47): require_once('D:\\CapstoneSystem\\public\\index.php')
CRITICAL - 2024-02-17 23:13:30 --> Undefined array key "agentfullname"
in APPPATH\Views\Agent\AgProfile.php on line 93.
 1 APPPATH\Views\Agent\AgProfile.php(93): CodeIgniter\Debug\Exceptions->errorHandler(2, 'Undefined array key "agentfullname"', 'D:\\CapstoneSystem\\app\\Views\\Agent\\AgProfile.php', 93)
 2 SYSTEMPATH\View\View.php(226): include('D:\\CapstoneSystem\\app\\Views\\Agent\\AgProfile.php')
 3 SYSTEMPATH\View\View.php(229): CodeIgniter\View\View->CodeIgniter\View\{closure}()
 4 SYSTEMPATH\Common.php(1188): CodeIgniter\View\View->render('Agent/AgProfile', [], true)
 5 APPPATH\Controllers\AgentController.php(39): view('Agent/AgProfile', [...])
 6 SYSTEMPATH\CodeIgniter.php(919): App\Controllers\AgentController->AgProfile()
 7 SYSTEMPATH\CodeIgniter.php(494): CodeIgniter\CodeIgniter->runController(Object(App\Controllers\AgentController))
 8 SYSTEMPATH\CodeIgniter.php(353): CodeIgniter\CodeIgniter->handleRequest(null, Object(Config\Cache), false)
 9 FCPATH\index.php(79): CodeIgniter\CodeIgniter->run()
10 SYSTEMPATH\Commands\Server\rewrite.php(47): require_once('D:\\CapstoneSystem\\public\\index.php')
CRITICAL - 2024-02-17 23:24:04 --> Undefined variable $agent
in APPPATH\Views\Admin\AdSetting.php on line 190.
 1 APPPATH\Views\Admin\AdSetting.php(190): CodeIgniter\Debug\Exceptions->errorHandler(2, 'Undefined variable $agent', 'D:\\CapstoneSystem\\app\\Views\\Admin\\AdSetting.php', 190)
 2 SYSTEMPATH\View\View.php(226): include('D:\\CapstoneSystem\\app\\Views\\Admin\\AdSetting.php')
 3 SYSTEMPATH\View\View.php(229): CodeIgniter\View\View->CodeIgniter\View\{closure}()
 4 SYSTEMPATH\Common.php(1188): CodeIgniter\View\View->render('Admin/AdSetting', [], true)
 5 APPPATH\Controllers\AdminController.php(179): view('Admin/AdSetting', [...])
 6 SYSTEMPATH\CodeIgniter.php(919): App\Controllers\AdminController->AdSetting()
 7 SYSTEMPATH\CodeIgniter.php(494): CodeIgniter\CodeIgniter->runController(Object(App\Controllers\AdminController))
 8 SYSTEMPATH\CodeIgniter.php(353): CodeIgniter\CodeIgniter->handleRequest(null, Object(Config\Cache), false)
 9 FCPATH\index.php(79): CodeIgniter\CodeIgniter->run()
10 SYSTEMPATH\Commands\Server\rewrite.php(47): require_once('D:\\CapstoneSystem\\public\\index.php')
