CRITICAL - 2024-05-18 22:30:17 --> Trying to access array offset on value of type null
in APPPATH\Views\Client\dashboard\history.php on line 38.
 1 APPPATH\Views\Client\dashboard\history.php(38): CodeIgniter\Debug\Exceptions->errorHandler(2, 'Trying to access array offset on value of type null', 'C:\\CapstoneSystem\\app\\Views\\Client\\dashboard\\history.php', 38)
 2 SYSTEMPATH\View\View.php(226): include('C:\\CapstoneSystem\\app\\Views\\Client\\dashboard\\history.php')
 3 SYSTEMPATH\View\View.php(229): CodeIgniter\View\View->CodeIgniter\View\{closure}()
 4 SYSTEMPATH\Common.php(1188): CodeIgniter\View\View->render('Client/dashboard/history', [], true)
 5 APPPATH\Controllers\ClientController.php(200): view('Client/dashboard/history', [...])
 6 SYSTEMPATH\CodeIgniter.php(919): App\Controllers\ClientController->paymenthistory()
 7 SYSTEMPATH\CodeIgniter.php(494): CodeIgniter\CodeIgniter->runController(Object(App\Controllers\ClientController))
 8 SYSTEMPATH\CodeIgniter.php(353): CodeIgniter\CodeIgniter->handleRequest(null, Object(Config\Cache), false)
 9 FCPATH\index.php(79): CodeIgniter\CodeIgniter->run()
10 SYSTEMPATH\Commands\Server\rewrite.php(47): require_once('C:\\CapstoneSystem\\public\\index.php')
CRITICAL - 2024-05-18 22:30:38 --> Trying to access array offset on value of type null
in APPPATH\Views\Client\dashboard\history.php on line 38.
 1 APPPATH\Views\Client\dashboard\history.php(38): CodeIgniter\Debug\Exceptions->errorHandler(2, 'Trying to access array offset on value of type null', 'C:\\CapstoneSystem\\app\\Views\\Client\\dashboard\\history.php', 38)
 2 SYSTEMPATH\View\View.php(226): include('C:\\CapstoneSystem\\app\\Views\\Client\\dashboard\\history.php')
 3 SYSTEMPATH\View\View.php(229): CodeIgniter\View\View->CodeIgniter\View\{closure}()
 4 SYSTEMPATH\Common.php(1188): CodeIgniter\View\View->render('Client/dashboard/history', [], true)
 5 APPPATH\Controllers\ClientController.php(200): view('Client/dashboard/history', [...])
 6 SYSTEMPATH\CodeIgniter.php(919): App\Controllers\ClientController->paymenthistory()
 7 SYSTEMPATH\CodeIgniter.php(494): CodeIgniter\CodeIgniter->runController(Object(App\Controllers\ClientController))
 8 SYSTEMPATH\CodeIgniter.php(353): CodeIgniter\CodeIgniter->handleRequest(null, Object(Config\Cache), false)
 9 FCPATH\index.php(79): CodeIgniter\CodeIgniter->run()
10 SYSTEMPATH\Commands\Server\rewrite.php(47): require_once('C:\\CapstoneSystem\\public\\index.php')
CRITICAL - 2024-05-18 22:36:13 --> Undefined array key "receipt"
in APPPATH\Views\Client\dashboard\history.php on line 56.
 1 APPPATH\Views\Client\dashboard\history.php(56): CodeIgniter\Debug\Exceptions->errorHandler(2, 'Undefined array key "receipt"', 'C:\\CapstoneSystem\\app\\Views\\Client\\dashboard\\history.php', 56)
 2 SYSTEMPATH\View\View.php(226): include('C:\\CapstoneSystem\\app\\Views\\Client\\dashboard\\history.php')
 3 SYSTEMPATH\View\View.php(229): CodeIgniter\View\View->CodeIgniter\View\{closure}()
 4 SYSTEMPATH\Common.php(1188): CodeIgniter\View\View->render('Client/dashboard/history', [], true)
 5 APPPATH\Controllers\ClientController.php(200): view('Client/dashboard/history', [...])
 6 SYSTEMPATH\CodeIgniter.php(919): App\Controllers\ClientController->paymenthistory()
 7 SYSTEMPATH\CodeIgniter.php(494): CodeIgniter\CodeIgniter->runController(Object(App\Controllers\ClientController))
 8 SYSTEMPATH\CodeIgniter.php(353): CodeIgniter\CodeIgniter->handleRequest(null, Object(Config\Cache), false)
 9 FCPATH\index.php(79): CodeIgniter\CodeIgniter->run()
10 SYSTEMPATH\Commands\Server\rewrite.php(47): require_once('C:\\CapstoneSystem\\public\\index.php')
CRITICAL - 2024-05-18 22:46:08 --> Undefined variable $payment
in APPPATH\Views\Client\dashboard\dashboard.php on line 74.
 1 APPPATH\Views\Client\dashboard\dashboard.php(74): CodeIgniter\Debug\Exceptions->errorHandler(2, 'Undefined variable $payment', 'C:\\CapstoneSystem\\app\\Views\\Client\\dashboard\\dashboard.php', 74)
 2 SYSTEMPATH\View\View.php(226): include('C:\\CapstoneSystem\\app\\Views\\Client\\dashboard\\dashboard.php')
 3 SYSTEMPATH\View\View.php(229): CodeIgniter\View\View->CodeIgniter\View\{closure}()
 4 SYSTEMPATH\Common.php(1188): CodeIgniter\View\View->render('Client/dashboard/dashboard', [], true)
 5 APPPATH\Controllers\ClientController.php(194): view('Client/dashboard/dashboard', [...])
 6 SYSTEMPATH\CodeIgniter.php(919): App\Controllers\ClientController->ClientPage()
 7 SYSTEMPATH\CodeIgniter.php(494): CodeIgniter\CodeIgniter->runController(Object(App\Controllers\ClientController))
 8 SYSTEMPATH\CodeIgniter.php(353): CodeIgniter\CodeIgniter->handleRequest(null, Object(Config\Cache), false)
 9 FCPATH\index.php(79): CodeIgniter\CodeIgniter->run()
10 SYSTEMPATH\Commands\Server\rewrite.php(47): require_once('C:\\CapstoneSystem\\public\\index.php')
