CRITICAL - 2024-04-11 21:56:36 --> Constant expression contains invalid operations
in APPPATH\Models\PlanModel.php on line 16.
 1 [internal function]: CodeIgniter\Debug\Exceptions->shutdownHandler()
CRITICAL - 2024-04-11 21:56:52 --> Constant expression contains invalid operations
in APPPATH\Models\PlanModel.php on line 16.
 1 [internal function]: CodeIgniter\Debug\Exceptions->shutdownHandler()
CRITICAL - 2024-04-11 22:23:17 --> Call to private method App\Controllers\AdminController::getData() from scope App\Controllers\PlanController
in APPPATH\Controllers\PlanController.php on line 20.
 1 SYSTEMPATH\CodeIgniter.php(919): App\Controllers\PlanController->plans()
 2 SYSTEMPATH\CodeIgniter.php(494): CodeIgniter\CodeIgniter->runController(Object(App\Controllers\PlanController))
 3 SYSTEMPATH\CodeIgniter.php(353): CodeIgniter\CodeIgniter->handleRequest(null, Object(Config\Cache), false)
 4 FCPATH\index.php(79): CodeIgniter\CodeIgniter->run()
 5 SYSTEMPATH\Commands\Server\rewrite.php(47): require_once('C:\\CapstoneSystem\\public\\index.php')
CRITICAL - 2024-04-11 22:23:33 --> Call to private method App\Controllers\AdminController::getData() from scope App\Controllers\PlanController
in APPPATH\Controllers\PlanController.php on line 20.
 1 SYSTEMPATH\CodeIgniter.php(919): App\Controllers\PlanController->plans()
 2 SYSTEMPATH\CodeIgniter.php(494): CodeIgniter\CodeIgniter->runController(Object(App\Controllers\PlanController))
 3 SYSTEMPATH\CodeIgniter.php(353): CodeIgniter\CodeIgniter->handleRequest(null, Object(Config\Cache), false)
 4 FCPATH\index.php(79): CodeIgniter\CodeIgniter->run()
 5 SYSTEMPATH\Commands\Server\rewrite.php(47): require_once('C:\\CapstoneSystem\\public\\index.php')
CRITICAL - 2024-04-11 22:24:04 --> Call to private method App\Controllers\AdminController::getDataAd() from scope App\Controllers\PlanController
in APPPATH\Controllers\PlanController.php on line 20.
 1 SYSTEMPATH\CodeIgniter.php(919): App\Controllers\PlanController->plans()
 2 SYSTEMPATH\CodeIgniter.php(494): CodeIgniter\CodeIgniter->runController(Object(App\Controllers\PlanController))
 3 SYSTEMPATH\CodeIgniter.php(353): CodeIgniter\CodeIgniter->handleRequest(null, Object(Config\Cache), false)
 4 FCPATH\index.php(79): CodeIgniter\CodeIgniter->run()
 5 SYSTEMPATH\Commands\Server\rewrite.php(47): require_once('C:\\CapstoneSystem\\public\\index.php')
CRITICAL - 2024-04-11 22:24:24 --> Call to private method App\Controllers\AdminController::getDataAd() from scope App\Controllers\PlanController
in APPPATH\Controllers\PlanController.php on line 20.
 1 SYSTEMPATH\CodeIgniter.php(919): App\Controllers\PlanController->plans()
 2 SYSTEMPATH\CodeIgniter.php(494): CodeIgniter\CodeIgniter->runController(Object(App\Controllers\PlanController))
 3 SYSTEMPATH\CodeIgniter.php(353): CodeIgniter\CodeIgniter->handleRequest(null, Object(Config\Cache), false)
 4 FCPATH\index.php(79): CodeIgniter\CodeIgniter->run()
 5 SYSTEMPATH\Commands\Server\rewrite.php(47): require_once('C:\\CapstoneSystem\\public\\index.php')
CRITICAL - 2024-04-11 22:24:24 --> Call to private method App\Controllers\AdminController::getDataAd() from scope App\Controllers\PlanController
in APPPATH\Controllers\PlanController.php on line 20.
 1 SYSTEMPATH\CodeIgniter.php(919): App\Controllers\PlanController->plans()
 2 SYSTEMPATH\CodeIgniter.php(494): CodeIgniter\CodeIgniter->runController(Object(App\Controllers\PlanController))
 3 SYSTEMPATH\CodeIgniter.php(353): CodeIgniter\CodeIgniter->handleRequest(null, Object(Config\Cache), false)
 4 FCPATH\index.php(79): CodeIgniter\CodeIgniter->run()
 5 SYSTEMPATH\Commands\Server\rewrite.php(47): require_once('C:\\CapstoneSystem\\public\\index.php')
CRITICAL - 2024-04-11 22:24:25 --> Call to private method App\Controllers\AdminController::getDataAd() from scope App\Controllers\PlanController
in APPPATH\Controllers\PlanController.php on line 20.
 1 SYSTEMPATH\CodeIgniter.php(919): App\Controllers\PlanController->plans()
 2 SYSTEMPATH\CodeIgniter.php(494): CodeIgniter\CodeIgniter->runController(Object(App\Controllers\PlanController))
 3 SYSTEMPATH\CodeIgniter.php(353): CodeIgniter\CodeIgniter->handleRequest(null, Object(Config\Cache), false)
 4 FCPATH\index.php(79): CodeIgniter\CodeIgniter->run()
 5 SYSTEMPATH\Commands\Server\rewrite.php(47): require_once('C:\\CapstoneSystem\\public\\index.php')
CRITICAL - 2024-04-11 22:24:42 --> Undefined variable $applicant
in APPPATH\Views\Admin\plan.php on line 135.
 1 APPPATH\Views\Admin\plan.php(135): CodeIgniter\Debug\Exceptions->errorHandler(2, 'Undefined variable $applicant', 'C:\\CapstoneSystem\\app\\Views\\Admin\\plan.php', 135)
 2 SYSTEMPATH\View\View.php(226): include('C:\\CapstoneSystem\\app\\Views\\Admin\\plan.php')
 3 SYSTEMPATH\View\View.php(229): CodeIgniter\View\View->CodeIgniter\View\{closure}()
 4 SYSTEMPATH\Common.php(1188): CodeIgniter\View\View->render('Admin/plan', [], true)
 5 APPPATH\Controllers\PlanController.php(21): view('Admin/plan', [...])
 6 SYSTEMPATH\CodeIgniter.php(919): App\Controllers\PlanController->plans()
 7 SYSTEMPATH\CodeIgniter.php(494): CodeIgniter\CodeIgniter->runController(Object(App\Controllers\PlanController))
 8 SYSTEMPATH\CodeIgniter.php(353): CodeIgniter\CodeIgniter->handleRequest(null, Object(Config\Cache), false)
 9 FCPATH\index.php(79): CodeIgniter\CodeIgniter->run()
10 SYSTEMPATH\Commands\Server\rewrite.php(47): require_once('C:\\CapstoneSystem\\public\\index.php')
ERROR - 2024-04-11 23:47:46 --> mysqli_sql_exception: Column 'plan_name' cannot be null in C:\CapstoneSystem\system\Database\MySQLi\Connection.php:306
Stack trace:
#0 C:\CapstoneSystem\system\Database\MySQLi\Connection.php(306): mysqli->query('INSERT INTO `pl...', 0)
#1 C:\CapstoneSystem\system\Database\BaseConnection.php(692): CodeIgniter\Database\MySQLi\Connection->execute('INSERT INTO `pl...')
#2 C:\CapstoneSystem\system\Database\BaseConnection.php(606): CodeIgniter\Database\BaseConnection->simpleQuery('INSERT INTO `pl...')
#3 C:\CapstoneSystem\system\Database\BaseBuilder.php(2308): CodeIgniter\Database\BaseConnection->query('INSERT INTO `pl...', Array, false)
#4 C:\CapstoneSystem\system\Model.php(319): CodeIgniter\Database\BaseBuilder->insert()
#5 C:\CapstoneSystem\system\BaseModel.php(788): CodeIgniter\Model->doInsert(Array)
#6 C:\CapstoneSystem\system\Model.php(715): CodeIgniter\BaseModel->insert(Array, false)
#7 C:\CapstoneSystem\system\BaseModel.php(698): CodeIgniter\Model->insert(Array, false)
#8 C:\CapstoneSystem\app\Controllers\PlanController.php(34): CodeIgniter\BaseModel->save(Array)
#9 C:\CapstoneSystem\system\CodeIgniter.php(919): App\Controllers\PlanController->plans()
#10 C:\CapstoneSystem\system\CodeIgniter.php(494): CodeIgniter\CodeIgniter->runController(Object(App\Controllers\PlanController))
#11 C:\CapstoneSystem\system\CodeIgniter.php(353): CodeIgniter\CodeIgniter->handleRequest(NULL, Object(Config\Cache), false)
#12 C:\CapstoneSystem\public\index.php(79): CodeIgniter\CodeIgniter->run()
#13 C:\CapstoneSystem\system\Commands\Server\rewrite.php(47): require_once('C:\\CapstoneSyst...')
#14 {main}
CRITICAL - 2024-04-11 23:47:46 --> Column 'plan_name' cannot be null
in SYSTEMPATH\Database\BaseConnection.php on line 646.
 1 SYSTEMPATH\Database\BaseBuilder.php(2308): CodeIgniter\Database\BaseConnection->query('INSERT INTO `plan` (`plan_name`, `brief_description`, `description`, `price`, `token`, `created_at`, `image`, `com_percentage`) VALUES (:plan_name:, :brief_description:, :description:, :price:, :token:, :created_at:, :image:, :com_percentage:)', [...], false)
 2 SYSTEMPATH\Model.php(319): CodeIgniter\Database\BaseBuilder->insert()
 3 SYSTEMPATH\BaseModel.php(788): CodeIgniter\Model->doInsert([...])
 4 SYSTEMPATH\Model.php(715): CodeIgniter\BaseModel->insert([...], false)
 5 SYSTEMPATH\BaseModel.php(698): CodeIgniter\Model->insert([...], false)
 6 APPPATH\Controllers\PlanController.php(34): CodeIgniter\BaseModel->save([...])
 7 SYSTEMPATH\CodeIgniter.php(919): App\Controllers\PlanController->plans()
 8 SYSTEMPATH\CodeIgniter.php(494): CodeIgniter\CodeIgniter->runController(Object(App\Controllers\PlanController))
 9 SYSTEMPATH\CodeIgniter.php(353): CodeIgniter\CodeIgniter->handleRequest(null, Object(Config\Cache), false)
10 FCPATH\index.php(79): CodeIgniter\CodeIgniter->run()
11 SYSTEMPATH\Commands\Server\rewrite.php(47): require_once('C:\\CapstoneSystem\\public\\index.php')
ERROR - 2024-04-11 23:48:22 --> mysqli_sql_exception: Column 'plan_name' cannot be null in C:\CapstoneSystem\system\Database\MySQLi\Connection.php:306
Stack trace:
#0 C:\CapstoneSystem\system\Database\MySQLi\Connection.php(306): mysqli->query('INSERT INTO `pl...', 0)
#1 C:\CapstoneSystem\system\Database\BaseConnection.php(692): CodeIgniter\Database\MySQLi\Connection->execute('INSERT INTO `pl...')
#2 C:\CapstoneSystem\system\Database\BaseConnection.php(606): CodeIgniter\Database\BaseConnection->simpleQuery('INSERT INTO `pl...')
#3 C:\CapstoneSystem\system\Database\BaseBuilder.php(2308): CodeIgniter\Database\BaseConnection->query('INSERT INTO `pl...', Array, false)
#4 C:\CapstoneSystem\system\Model.php(319): CodeIgniter\Database\BaseBuilder->insert()
#5 C:\CapstoneSystem\system\BaseModel.php(788): CodeIgniter\Model->doInsert(Array)
#6 C:\CapstoneSystem\system\Model.php(715): CodeIgniter\BaseModel->insert(Array, false)
#7 C:\CapstoneSystem\system\BaseModel.php(698): CodeIgniter\Model->insert(Array, false)
#8 C:\CapstoneSystem\app\Controllers\PlanController.php(34): CodeIgniter\BaseModel->save(Array)
#9 C:\CapstoneSystem\system\CodeIgniter.php(919): App\Controllers\PlanController->plans()
#10 C:\CapstoneSystem\system\CodeIgniter.php(494): CodeIgniter\CodeIgniter->runController(Object(App\Controllers\PlanController))
#11 C:\CapstoneSystem\system\CodeIgniter.php(353): CodeIgniter\CodeIgniter->handleRequest(NULL, Object(Config\Cache), false)
#12 C:\CapstoneSystem\public\index.php(79): CodeIgniter\CodeIgniter->run()
#13 C:\CapstoneSystem\system\Commands\Server\rewrite.php(47): require_once('C:\\CapstoneSyst...')
#14 {main}
CRITICAL - 2024-04-11 23:48:22 --> Column 'plan_name' cannot be null
in SYSTEMPATH\Database\BaseConnection.php on line 646.
 1 SYSTEMPATH\Database\BaseBuilder.php(2308): CodeIgniter\Database\BaseConnection->query('INSERT INTO `plan` (`plan_name`, `brief_description`, `description`, `price`, `token`, `created_at`, `image`, `com_percentage`) VALUES (:plan_name:, :brief_description:, :description:, :price:, :token:, :created_at:, :image:, :com_percentage:)', [...], false)
 2 SYSTEMPATH\Model.php(319): CodeIgniter\Database\BaseBuilder->insert()
 3 SYSTEMPATH\BaseModel.php(788): CodeIgniter\Model->doInsert([...])
 4 SYSTEMPATH\Model.php(715): CodeIgniter\BaseModel->insert([...], false)
 5 SYSTEMPATH\BaseModel.php(698): CodeIgniter\Model->insert([...], false)
 6 APPPATH\Controllers\PlanController.php(34): CodeIgniter\BaseModel->save([...])
 7 SYSTEMPATH\CodeIgniter.php(919): App\Controllers\PlanController->plans()
 8 SYSTEMPATH\CodeIgniter.php(494): CodeIgniter\CodeIgniter->runController(Object(App\Controllers\PlanController))
 9 SYSTEMPATH\CodeIgniter.php(353): CodeIgniter\CodeIgniter->handleRequest(null, Object(Config\Cache), false)
10 FCPATH\index.php(79): CodeIgniter\CodeIgniter->run()
11 SYSTEMPATH\Commands\Server\rewrite.php(47): require_once('C:\\CapstoneSystem\\public\\index.php')
ERROR - 2024-04-11 23:49:32 --> mysqli_sql_exception: Column 'plan_name' cannot be null in C:\CapstoneSystem\system\Database\MySQLi\Connection.php:306
Stack trace:
#0 C:\CapstoneSystem\system\Database\MySQLi\Connection.php(306): mysqli->query('INSERT INTO `pl...', 0)
#1 C:\CapstoneSystem\system\Database\BaseConnection.php(692): CodeIgniter\Database\MySQLi\Connection->execute('INSERT INTO `pl...')
#2 C:\CapstoneSystem\system\Database\BaseConnection.php(606): CodeIgniter\Database\BaseConnection->simpleQuery('INSERT INTO `pl...')
#3 C:\CapstoneSystem\system\Database\BaseBuilder.php(2308): CodeIgniter\Database\BaseConnection->query('INSERT INTO `pl...', Array, false)
#4 C:\CapstoneSystem\system\Model.php(319): CodeIgniter\Database\BaseBuilder->insert()
#5 C:\CapstoneSystem\system\BaseModel.php(788): CodeIgniter\Model->doInsert(Array)
#6 C:\CapstoneSystem\system\Model.php(715): CodeIgniter\BaseModel->insert(Array, false)
#7 C:\CapstoneSystem\system\BaseModel.php(698): CodeIgniter\Model->insert(Array, false)
#8 C:\CapstoneSystem\app\Controllers\PlanController.php(35): CodeIgniter\BaseModel->save(Array)
#9 C:\CapstoneSystem\system\CodeIgniter.php(919): App\Controllers\PlanController->plans()
#10 C:\CapstoneSystem\system\CodeIgniter.php(494): CodeIgniter\CodeIgniter->runController(Object(App\Controllers\PlanController))
#11 C:\CapstoneSystem\system\CodeIgniter.php(353): CodeIgniter\CodeIgniter->handleRequest(NULL, Object(Config\Cache), false)
#12 C:\CapstoneSystem\public\index.php(79): CodeIgniter\CodeIgniter->run()
#13 C:\CapstoneSystem\system\Commands\Server\rewrite.php(47): require_once('C:\\CapstoneSyst...')
#14 {main}
CRITICAL - 2024-04-11 23:49:32 --> Column 'plan_name' cannot be null
in SYSTEMPATH\Database\BaseConnection.php on line 646.
 1 SYSTEMPATH\Database\BaseBuilder.php(2308): CodeIgniter\Database\BaseConnection->query('INSERT INTO `plan` (`plan_name`, `brief_description`, `description`, `price`, `token`, `created_at`, `image`, `com_percentage`) VALUES (:plan_name:, :brief_description:, :description:, :price:, :token:, :created_at:, :image:, :com_percentage:)', [...], false)
 2 SYSTEMPATH\Model.php(319): CodeIgniter\Database\BaseBuilder->insert()
 3 SYSTEMPATH\BaseModel.php(788): CodeIgniter\Model->doInsert([...])
 4 SYSTEMPATH\Model.php(715): CodeIgniter\BaseModel->insert([...], false)
 5 SYSTEMPATH\BaseModel.php(698): CodeIgniter\Model->insert([...], false)
 6 APPPATH\Controllers\PlanController.php(35): CodeIgniter\BaseModel->save([...])
 7 SYSTEMPATH\CodeIgniter.php(919): App\Controllers\PlanController->plans()
 8 SYSTEMPATH\CodeIgniter.php(494): CodeIgniter\CodeIgniter->runController(Object(App\Controllers\PlanController))
 9 SYSTEMPATH\CodeIgniter.php(353): CodeIgniter\CodeIgniter->handleRequest(null, Object(Config\Cache), false)
10 FCPATH\index.php(79): CodeIgniter\CodeIgniter->run()
11 SYSTEMPATH\Commands\Server\rewrite.php(47): require_once('C:\\CapstoneSystem\\public\\index.php')
ERROR - 2024-04-11 23:57:10 --> mysqli_sql_exception: Column 'created_at' cannot be null in C:\CapstoneSystem\system\Database\MySQLi\Connection.php:306
Stack trace:
#0 C:\CapstoneSystem\system\Database\MySQLi\Connection.php(306): mysqli->query('INSERT INTO `pl...', 0)
#1 C:\CapstoneSystem\system\Database\BaseConnection.php(692): CodeIgniter\Database\MySQLi\Connection->execute('INSERT INTO `pl...')
#2 C:\CapstoneSystem\system\Database\BaseConnection.php(606): CodeIgniter\Database\BaseConnection->simpleQuery('INSERT INTO `pl...')
#3 C:\CapstoneSystem\system\Database\BaseBuilder.php(2308): CodeIgniter\Database\BaseConnection->query('INSERT INTO `pl...', Array, false)
#4 C:\CapstoneSystem\system\Model.php(319): CodeIgniter\Database\BaseBuilder->insert()
#5 C:\CapstoneSystem\system\BaseModel.php(788): CodeIgniter\Model->doInsert(Array)
#6 C:\CapstoneSystem\system\Model.php(715): CodeIgniter\BaseModel->insert(Array, false)
#7 C:\CapstoneSystem\system\BaseModel.php(698): CodeIgniter\Model->insert(Array, false)
#8 C:\CapstoneSystem\app\Controllers\PlanController.php(38): CodeIgniter\BaseModel->save(Array)
#9 C:\CapstoneSystem\system\CodeIgniter.php(919): App\Controllers\PlanController->newplan()
#10 C:\CapstoneSystem\system\CodeIgniter.php(494): CodeIgniter\CodeIgniter->runController(Object(App\Controllers\PlanController))
#11 C:\CapstoneSystem\system\CodeIgniter.php(353): CodeIgniter\CodeIgniter->handleRequest(NULL, Object(Config\Cache), false)
#12 C:\CapstoneSystem\public\index.php(79): CodeIgniter\CodeIgniter->run()
#13 C:\CapstoneSystem\system\Commands\Server\rewrite.php(47): require_once('C:\\CapstoneSyst...')
#14 {main}
CRITICAL - 2024-04-11 23:57:10 --> Column 'created_at' cannot be null
in SYSTEMPATH\Database\BaseConnection.php on line 646.
 1 SYSTEMPATH\Database\BaseBuilder.php(2308): CodeIgniter\Database\BaseConnection->query('INSERT INTO `plan` (`plan_name`, `brief_description`, `description`, `price`, `token`, `created_at`, `image`, `com_percentage`) VALUES (:plan_name:, :brief_description:, :description:, :price:, :token:, :created_at:, :image:, :com_percentage:)', [...], false)
 2 SYSTEMPATH\Model.php(319): CodeIgniter\Database\BaseBuilder->insert()
 3 SYSTEMPATH\BaseModel.php(788): CodeIgniter\Model->doInsert([...])
 4 SYSTEMPATH\Model.php(715): CodeIgniter\BaseModel->insert([...], false)
 5 SYSTEMPATH\BaseModel.php(698): CodeIgniter\Model->insert([...], false)
 6 APPPATH\Controllers\PlanController.php(38): CodeIgniter\BaseModel->save([...])
 7 SYSTEMPATH\CodeIgniter.php(919): App\Controllers\PlanController->newplan()
 8 SYSTEMPATH\CodeIgniter.php(494): CodeIgniter\CodeIgniter->runController(Object(App\Controllers\PlanController))
 9 SYSTEMPATH\CodeIgniter.php(353): CodeIgniter\CodeIgniter->handleRequest(null, Object(Config\Cache), false)
10 FCPATH\index.php(79): CodeIgniter\CodeIgniter->run()
11 SYSTEMPATH\Commands\Server\rewrite.php(47): require_once('C:\\CapstoneSystem\\public\\index.php')
