CRITICAL - 2024-04-30 22:37:34 --> Undefined variable $sched
in APPPATH\Views\Agent\cliSched.php on line 121.
 1 APPPATH\Views\Agent\cliSched.php(121): CodeIgniter\Debug\Exceptions->errorHandler(2, 'Undefined variable $sched', 'C:\\CapstoneSystem\\app\\Views\\Agent\\cliSched.php', 121)
 2 SYSTEMPATH\View\View.php(226): include('C:\\CapstoneSystem\\app\\Views\\Agent\\cliSched.php')
 3 SYSTEMPATH\View\View.php(229): CodeIgniter\View\View->CodeIgniter\View\{closure}()
 4 SYSTEMPATH\Common.php(1188): CodeIgniter\View\View->render('Agent/cliSched', [], true)
 5 APPPATH\Controllers\AgentController.php(260): view('Agent/cliSched', [...])
 6 SYSTEMPATH\CodeIgniter.php(919): App\Controllers\AgentController->cliSched()
 7 SYSTEMPATH\CodeIgniter.php(494): CodeIgniter\CodeIgniter->runController(Object(App\Controllers\AgentController))
 8 SYSTEMPATH\CodeIgniter.php(353): CodeIgniter\CodeIgniter->handleRequest(null, Object(Config\Cache), false)
 9 FCPATH\index.php(79): CodeIgniter\CodeIgniter->run()
10 SYSTEMPATH\Commands\Server\rewrite.php(47): require_once('C:\\CapstoneSystem\\public\\index.php')
CRITICAL - 2024-04-30 22:39:53 --> Undefined variable $statuses
in APPPATH\Views\Agent\cliSched.php on line 120.
 1 APPPATH\Views\Agent\cliSched.php(120): CodeIgniter\Debug\Exceptions->errorHandler(2, 'Undefined variable $statuses', 'C:\\CapstoneSystem\\app\\Views\\Agent\\cliSched.php', 120)
 2 SYSTEMPATH\View\View.php(226): include('C:\\CapstoneSystem\\app\\Views\\Agent\\cliSched.php')
 3 SYSTEMPATH\View\View.php(229): CodeIgniter\View\View->CodeIgniter\View\{closure}()
 4 SYSTEMPATH\Common.php(1188): CodeIgniter\View\View->render('Agent/cliSched', [], true)
 5 APPPATH\Controllers\AgentController.php(260): view('Agent/cliSched', [...])
 6 SYSTEMPATH\CodeIgniter.php(919): App\Controllers\AgentController->cliSched()
 7 SYSTEMPATH\CodeIgniter.php(494): CodeIgniter\CodeIgniter->runController(Object(App\Controllers\AgentController))
 8 SYSTEMPATH\CodeIgniter.php(353): CodeIgniter\CodeIgniter->handleRequest(null, Object(Config\Cache), false)
 9 FCPATH\index.php(79): CodeIgniter\CodeIgniter->run()
10 SYSTEMPATH\Commands\Server\rewrite.php(47): require_once('C:\\CapstoneSystem\\public\\index.php')
CRITICAL - 2024-04-30 22:40:50 --> Undefined variable $status
in APPPATH\Views\Agent\cliSched.php on line 121.
 1 APPPATH\Views\Agent\cliSched.php(121): CodeIgniter\Debug\Exceptions->errorHandler(2, 'Undefined variable $status', 'C:\\CapstoneSystem\\app\\Views\\Agent\\cliSched.php', 121)
 2 SYSTEMPATH\View\View.php(226): include('C:\\CapstoneSystem\\app\\Views\\Agent\\cliSched.php')
 3 SYSTEMPATH\View\View.php(229): CodeIgniter\View\View->CodeIgniter\View\{closure}()
 4 SYSTEMPATH\Common.php(1188): CodeIgniter\View\View->render('Agent/cliSched', [], true)
 5 APPPATH\Controllers\AgentController.php(272): view('Agent/cliSched', [...])
 6 SYSTEMPATH\CodeIgniter.php(919): App\Controllers\AgentController->inprog()
 7 SYSTEMPATH\CodeIgniter.php(494): CodeIgniter\CodeIgniter->runController(Object(App\Controllers\AgentController))
 8 SYSTEMPATH\CodeIgniter.php(353): CodeIgniter\CodeIgniter->handleRequest(null, Object(Config\Cache), false)
 9 FCPATH\index.php(79): CodeIgniter\CodeIgniter->run()
10 SYSTEMPATH\Commands\Server\rewrite.php(47): require_once('C:\\CapstoneSystem\\public\\index.php')
CRITICAL - 2024-04-30 22:42:22 --> Undefined variable $sched
in APPPATH\Views\Agent\cliSched.php on line 120.
 1 APPPATH\Views\Agent\cliSched.php(120): CodeIgniter\Debug\Exceptions->errorHandler(2, 'Undefined variable $sched', 'C:\\CapstoneSystem\\app\\Views\\Agent\\cliSched.php', 120)
 2 SYSTEMPATH\View\View.php(226): include('C:\\CapstoneSystem\\app\\Views\\Agent\\cliSched.php')
 3 SYSTEMPATH\View\View.php(229): CodeIgniter\View\View->CodeIgniter\View\{closure}()
 4 SYSTEMPATH\Common.php(1188): CodeIgniter\View\View->render('Agent/cliSched', [], true)
 5 APPPATH\Controllers\AgentController.php(272): view('Agent/cliSched', [...])
 6 SYSTEMPATH\CodeIgniter.php(919): App\Controllers\AgentController->inprog()
 7 SYSTEMPATH\CodeIgniter.php(494): CodeIgniter\CodeIgniter->runController(Object(App\Controllers\AgentController))
 8 SYSTEMPATH\CodeIgniter.php(353): CodeIgniter\CodeIgniter->handleRequest(null, Object(Config\Cache), false)
 9 FCPATH\index.php(79): CodeIgniter\CodeIgniter->run()
10 SYSTEMPATH\Commands\Server\rewrite.php(47): require_once('C:\\CapstoneSystem\\public\\index.php')
CRITICAL - 2024-04-30 22:47:03 --> Undefined variable $status
in APPPATH\Views\Agent\cliSched.php on line 119.
 1 APPPATH\Views\Agent\cliSched.php(119): CodeIgniter\Debug\Exceptions->errorHandler(2, 'Undefined variable $status', 'C:\\CapstoneSystem\\app\\Views\\Agent\\cliSched.php', 119)
 2 SYSTEMPATH\View\View.php(226): include('C:\\CapstoneSystem\\app\\Views\\Agent\\cliSched.php')
 3 SYSTEMPATH\View\View.php(229): CodeIgniter\View\View->CodeIgniter\View\{closure}()
 4 SYSTEMPATH\Common.php(1188): CodeIgniter\View\View->render('Agent/cliSched', [], true)
 5 APPPATH\Controllers\AgentController.php(273): view('Agent/cliSched', [...])
 6 SYSTEMPATH\CodeIgniter.php(919): App\Controllers\AgentController->inprog()
 7 SYSTEMPATH\CodeIgniter.php(494): CodeIgniter\CodeIgniter->runController(Object(App\Controllers\AgentController))
 8 SYSTEMPATH\CodeIgniter.php(353): CodeIgniter\CodeIgniter->handleRequest(null, Object(Config\Cache), false)
 9 FCPATH\index.php(79): CodeIgniter\CodeIgniter->run()
10 SYSTEMPATH\Commands\Server\rewrite.php(47): require_once('C:\\CapstoneSystem\\public\\index.php')
