ERROR - 2024-02-12 22:50:05 --> Error connecting to the database: mysqli_sql_exception: No connection could be made because the target machine actively refused it in C:\laragon\www\ProjectSystem\system\Database\MySQLi\Connection.php:185
Stack trace:
#0 C:\laragon\www\ProjectSystem\system\Database\MySQLi\Connection.php(185): mysqli->real_connect('localhost', 'root', '', 'erecruit', 3306, '', 0)
#1 C:\laragon\www\ProjectSystem\system\Database\BaseConnection.php(391): CodeIgniter\Database\MySQLi\Connection->connect(false)
#2 C:\laragon\www\ProjectSystem\system\Database\BaseConnection.php(574): CodeIgniter\Database\BaseConnection->initialize()
#3 C:\laragon\www\ProjectSystem\system\Database\BaseBuilder.php(1615): CodeIgniter\Database\BaseConnection->query('SELECT *\nFROM `...', Array, false)
#4 C:\laragon\www\ProjectSystem\system\Model.php(264): CodeIgniter\Database\BaseBuilder->get()
#5 C:\laragon\www\ProjectSystem\system\BaseModel.php(662): CodeIgniter\Model->doFirst()
#6 C:\laragon\www\ProjectSystem\app\Controllers\AdminController.php(151): CodeIgniter\BaseModel->first()
#7 C:\laragon\www\ProjectSystem\app\Controllers\AdminController.php(89): App\Controllers\AdminController->getDataAd()
#8 C:\laragon\www\ProjectSystem\app\Controllers\AdminController.php(74): App\Controllers\AdminController->usermerge()
#9 C:\laragon\www\ProjectSystem\system\CodeIgniter.php(919): App\Controllers\AdminController->ManageApplicant()
#10 C:\laragon\www\ProjectSystem\system\CodeIgniter.php(494): CodeIgniter\CodeIgniter->runController(Object(App\Controllers\AdminController))
#11 C:\laragon\www\ProjectSystem\system\CodeIgniter.php(353): CodeIgniter\CodeIgniter->handleRequest(NULL, Object(Config\Cache), false)
#12 C:\laragon\www\ProjectSystem\public\index.php(79): CodeIgniter\CodeIgniter->run()
#13 C:\laragon\www\ProjectSystem\system\Commands\Server\rewrite.php(47): require_once('C:\\laragon\\www\\...')
#14 {main}

Next CodeIgniter\Database\Exceptions\DatabaseException: No connection could be made because the target machine actively refused it in C:\laragon\www\ProjectSystem\system\Database\MySQLi\Connection.php:229
Stack trace:
#0 C:\laragon\www\ProjectSystem\system\Database\BaseConnection.php(391): CodeIgniter\Database\MySQLi\Connection->connect(false)
#1 C:\laragon\www\ProjectSystem\system\Database\BaseConnection.php(574): CodeIgniter\Database\BaseConnection->initialize()
#2 C:\laragon\www\ProjectSystem\system\Database\BaseBuilder.php(1615): CodeIgniter\Database\BaseConnection->query('SELECT *\nFROM `...', Array, false)
#3 C:\laragon\www\ProjectSystem\system\Model.php(264): CodeIgniter\Database\BaseBuilder->get()
#4 C:\laragon\www\ProjectSystem\system\BaseModel.php(662): CodeIgniter\Model->doFirst()
#5 C:\laragon\www\ProjectSystem\app\Controllers\AdminController.php(151): CodeIgniter\BaseModel->first()
#6 C:\laragon\www\ProjectSystem\app\Controllers\AdminController.php(89): App\Controllers\AdminController->getDataAd()
#7 C:\laragon\www\ProjectSystem\app\Controllers\AdminController.php(74): App\Controllers\AdminController->usermerge()
#8 C:\laragon\www\ProjectSystem\system\CodeIgniter.php(919): App\Controllers\AdminController->ManageApplicant()
#9 C:\laragon\www\ProjectSystem\system\CodeIgniter.php(494): CodeIgniter\CodeIgniter->runController(Object(App\Controllers\AdminController))
#10 C:\laragon\www\ProjectSystem\system\CodeIgniter.php(353): CodeIgniter\CodeIgniter->handleRequest(NULL, Object(Config\Cache), false)
#11 C:\laragon\www\ProjectSystem\public\index.php(79): CodeIgniter\CodeIgniter->run()
#12 C:\laragon\www\ProjectSystem\system\Commands\Server\rewrite.php(47): require_once('C:\\laragon\\www\\...')
#13 {main}
CRITICAL - 2024-02-12 22:50:05 --> Unable to connect to the database.
Main connection [MySQLi]: No connection could be made because the target machine actively refused it
in SYSTEMPATH\Database\BaseConnection.php on line 427.
 1 SYSTEMPATH\Database\BaseConnection.php(574): CodeIgniter\Database\BaseConnection->initialize()
 2 SYSTEMPATH\Database\BaseBuilder.php(1615): CodeIgniter\Database\BaseConnection->query('SELECT *
FROM `admin`
WHERE `admin_id` = :admin_id:
ORDER BY `id` DESC
 LIMIT 1', [...], false)
 3 SYSTEMPATH\Model.php(264): CodeIgniter\Database\BaseBuilder->get()
 4 SYSTEMPATH\BaseModel.php(662): CodeIgniter\Model->doFirst()
 5 APPPATH\Controllers\AdminController.php(151): CodeIgniter\BaseModel->first()
 6 APPPATH\Controllers\AdminController.php(89): App\Controllers\AdminController->getDataAd()
 7 APPPATH\Controllers\AdminController.php(74): App\Controllers\AdminController->usermerge()
 8 SYSTEMPATH\CodeIgniter.php(919): App\Controllers\AdminController->ManageApplicant()
 9 SYSTEMPATH\CodeIgniter.php(494): CodeIgniter\CodeIgniter->runController(Object(App\Controllers\AdminController))
10 SYSTEMPATH\CodeIgniter.php(353): CodeIgniter\CodeIgniter->handleRequest(null, Object(Config\Cache), false)
11 FCPATH\index.php(79): CodeIgniter\CodeIgniter->run()
12 SYSTEMPATH\Commands\Server\rewrite.php(47): require_once('C:\\laragon\\www\\ProjectSystem\\public\\index.php')
ERROR - 2024-02-12 22:50:09 --> Error connecting to the database: mysqli_sql_exception: No connection could be made because the target machine actively refused it in C:\laragon\www\ProjectSystem\system\Database\MySQLi\Connection.php:185
Stack trace:
#0 C:\laragon\www\ProjectSystem\system\Database\MySQLi\Connection.php(185): mysqli->real_connect('localhost', 'root', '', 'erecruit', 3306, '', 0)
#1 C:\laragon\www\ProjectSystem\system\Database\BaseConnection.php(391): CodeIgniter\Database\MySQLi\Connection->connect(false)
#2 C:\laragon\www\ProjectSystem\system\Database\BaseConnection.php(574): CodeIgniter\Database\BaseConnection->initialize()
#3 C:\laragon\www\ProjectSystem\system\Database\BaseBuilder.php(1615): CodeIgniter\Database\BaseConnection->query('SELECT *\nFROM `...', Array, false)
#4 C:\laragon\www\ProjectSystem\system\Model.php(264): CodeIgniter\Database\BaseBuilder->get()
#5 C:\laragon\www\ProjectSystem\system\BaseModel.php(662): CodeIgniter\Model->doFirst()
#6 C:\laragon\www\ProjectSystem\app\Controllers\AdminController.php(151): CodeIgniter\BaseModel->first()
#7 C:\laragon\www\ProjectSystem\app\Controllers\AdminController.php(89): App\Controllers\AdminController->getDataAd()
#8 C:\laragon\www\ProjectSystem\app\Controllers\AdminController.php(74): App\Controllers\AdminController->usermerge()
#9 C:\laragon\www\ProjectSystem\system\CodeIgniter.php(919): App\Controllers\AdminController->ManageApplicant()
#10 C:\laragon\www\ProjectSystem\system\CodeIgniter.php(494): CodeIgniter\CodeIgniter->runController(Object(App\Controllers\AdminController))
#11 C:\laragon\www\ProjectSystem\system\CodeIgniter.php(353): CodeIgniter\CodeIgniter->handleRequest(NULL, Object(Config\Cache), false)
#12 C:\laragon\www\ProjectSystem\public\index.php(79): CodeIgniter\CodeIgniter->run()
#13 C:\laragon\www\ProjectSystem\system\Commands\Server\rewrite.php(47): require_once('C:\\laragon\\www\\...')
#14 {main}

Next CodeIgniter\Database\Exceptions\DatabaseException: No connection could be made because the target machine actively refused it in C:\laragon\www\ProjectSystem\system\Database\MySQLi\Connection.php:229
Stack trace:
#0 C:\laragon\www\ProjectSystem\system\Database\BaseConnection.php(391): CodeIgniter\Database\MySQLi\Connection->connect(false)
#1 C:\laragon\www\ProjectSystem\system\Database\BaseConnection.php(574): CodeIgniter\Database\BaseConnection->initialize()
#2 C:\laragon\www\ProjectSystem\system\Database\BaseBuilder.php(1615): CodeIgniter\Database\BaseConnection->query('SELECT *\nFROM `...', Array, false)
#3 C:\laragon\www\ProjectSystem\system\Model.php(264): CodeIgniter\Database\BaseBuilder->get()
#4 C:\laragon\www\ProjectSystem\system\BaseModel.php(662): CodeIgniter\Model->doFirst()
#5 C:\laragon\www\ProjectSystem\app\Controllers\AdminController.php(151): CodeIgniter\BaseModel->first()
#6 C:\laragon\www\ProjectSystem\app\Controllers\AdminController.php(89): App\Controllers\AdminController->getDataAd()
#7 C:\laragon\www\ProjectSystem\app\Controllers\AdminController.php(74): App\Controllers\AdminController->usermerge()
#8 C:\laragon\www\ProjectSystem\system\CodeIgniter.php(919): App\Controllers\AdminController->ManageApplicant()
#9 C:\laragon\www\ProjectSystem\system\CodeIgniter.php(494): CodeIgniter\CodeIgniter->runController(Object(App\Controllers\AdminController))
#10 C:\laragon\www\ProjectSystem\system\CodeIgniter.php(353): CodeIgniter\CodeIgniter->handleRequest(NULL, Object(Config\Cache), false)
#11 C:\laragon\www\ProjectSystem\public\index.php(79): CodeIgniter\CodeIgniter->run()
#12 C:\laragon\www\ProjectSystem\system\Commands\Server\rewrite.php(47): require_once('C:\\laragon\\www\\...')
#13 {main}
CRITICAL - 2024-02-12 22:50:09 --> Unable to connect to the database.
Main connection [MySQLi]: No connection could be made because the target machine actively refused it
in SYSTEMPATH\Database\BaseConnection.php on line 427.
 1 SYSTEMPATH\Database\BaseConnection.php(574): CodeIgniter\Database\BaseConnection->initialize()
 2 SYSTEMPATH\Database\BaseBuilder.php(1615): CodeIgniter\Database\BaseConnection->query('SELECT *
FROM `admin`
WHERE `admin_id` = :admin_id:
ORDER BY `id` DESC
 LIMIT 1', [...], false)
 3 SYSTEMPATH\Model.php(264): CodeIgniter\Database\BaseBuilder->get()
 4 SYSTEMPATH\BaseModel.php(662): CodeIgniter\Model->doFirst()
 5 APPPATH\Controllers\AdminController.php(151): CodeIgniter\BaseModel->first()
 6 APPPATH\Controllers\AdminController.php(89): App\Controllers\AdminController->getDataAd()
 7 APPPATH\Controllers\AdminController.php(74): App\Controllers\AdminController->usermerge()
 8 SYSTEMPATH\CodeIgniter.php(919): App\Controllers\AdminController->ManageApplicant()
 9 SYSTEMPATH\CodeIgniter.php(494): CodeIgniter\CodeIgniter->runController(Object(App\Controllers\AdminController))
10 SYSTEMPATH\CodeIgniter.php(353): CodeIgniter\CodeIgniter->handleRequest(null, Object(Config\Cache), false)
11 FCPATH\index.php(79): CodeIgniter\CodeIgniter->run()
12 SYSTEMPATH\Commands\Server\rewrite.php(47): require_once('C:\\laragon\\www\\ProjectSystem\\public\\index.php')
ERROR - 2024-02-12 22:50:13 --> Error connecting to the database: mysqli_sql_exception: No connection could be made because the target machine actively refused it in C:\laragon\www\ProjectSystem\system\Database\MySQLi\Connection.php:185
Stack trace:
#0 C:\laragon\www\ProjectSystem\system\Database\MySQLi\Connection.php(185): mysqli->real_connect('localhost', 'root', '', 'erecruit', 3306, '', 0)
#1 C:\laragon\www\ProjectSystem\system\Database\BaseConnection.php(391): CodeIgniter\Database\MySQLi\Connection->connect(false)
#2 C:\laragon\www\ProjectSystem\system\Database\BaseConnection.php(574): CodeIgniter\Database\BaseConnection->initialize()
#3 C:\laragon\www\ProjectSystem\system\Database\BaseBuilder.php(1615): CodeIgniter\Database\BaseConnection->query('SELECT *\nFROM `...', Array, false)
#4 C:\laragon\www\ProjectSystem\system\Model.php(264): CodeIgniter\Database\BaseBuilder->get()
#5 C:\laragon\www\ProjectSystem\system\BaseModel.php(662): CodeIgniter\Model->doFirst()
#6 C:\laragon\www\ProjectSystem\app\Controllers\AdminController.php(151): CodeIgniter\BaseModel->first()
#7 C:\laragon\www\ProjectSystem\app\Controllers\AdminController.php(89): App\Controllers\AdminController->getDataAd()
#8 C:\laragon\www\ProjectSystem\app\Controllers\AdminController.php(74): App\Controllers\AdminController->usermerge()
#9 C:\laragon\www\ProjectSystem\system\CodeIgniter.php(919): App\Controllers\AdminController->ManageApplicant()
#10 C:\laragon\www\ProjectSystem\system\CodeIgniter.php(494): CodeIgniter\CodeIgniter->runController(Object(App\Controllers\AdminController))
#11 C:\laragon\www\ProjectSystem\system\CodeIgniter.php(353): CodeIgniter\CodeIgniter->handleRequest(NULL, Object(Config\Cache), false)
#12 C:\laragon\www\ProjectSystem\public\index.php(79): CodeIgniter\CodeIgniter->run()
#13 C:\laragon\www\ProjectSystem\system\Commands\Server\rewrite.php(47): require_once('C:\\laragon\\www\\...')
#14 {main}

Next CodeIgniter\Database\Exceptions\DatabaseException: No connection could be made because the target machine actively refused it in C:\laragon\www\ProjectSystem\system\Database\MySQLi\Connection.php:229
Stack trace:
#0 C:\laragon\www\ProjectSystem\system\Database\BaseConnection.php(391): CodeIgniter\Database\MySQLi\Connection->connect(false)
#1 C:\laragon\www\ProjectSystem\system\Database\BaseConnection.php(574): CodeIgniter\Database\BaseConnection->initialize()
#2 C:\laragon\www\ProjectSystem\system\Database\BaseBuilder.php(1615): CodeIgniter\Database\BaseConnection->query('SELECT *\nFROM `...', Array, false)
#3 C:\laragon\www\ProjectSystem\system\Model.php(264): CodeIgniter\Database\BaseBuilder->get()
#4 C:\laragon\www\ProjectSystem\system\BaseModel.php(662): CodeIgniter\Model->doFirst()
#5 C:\laragon\www\ProjectSystem\app\Controllers\AdminController.php(151): CodeIgniter\BaseModel->first()
#6 C:\laragon\www\ProjectSystem\app\Controllers\AdminController.php(89): App\Controllers\AdminController->getDataAd()
#7 C:\laragon\www\ProjectSystem\app\Controllers\AdminController.php(74): App\Controllers\AdminController->usermerge()
#8 C:\laragon\www\ProjectSystem\system\CodeIgniter.php(919): App\Controllers\AdminController->ManageApplicant()
#9 C:\laragon\www\ProjectSystem\system\CodeIgniter.php(494): CodeIgniter\CodeIgniter->runController(Object(App\Controllers\AdminController))
#10 C:\laragon\www\ProjectSystem\system\CodeIgniter.php(353): CodeIgniter\CodeIgniter->handleRequest(NULL, Object(Config\Cache), false)
#11 C:\laragon\www\ProjectSystem\public\index.php(79): CodeIgniter\CodeIgniter->run()
#12 C:\laragon\www\ProjectSystem\system\Commands\Server\rewrite.php(47): require_once('C:\\laragon\\www\\...')
#13 {main}
CRITICAL - 2024-02-12 22:50:13 --> Unable to connect to the database.
Main connection [MySQLi]: No connection could be made because the target machine actively refused it
in SYSTEMPATH\Database\BaseConnection.php on line 427.
 1 SYSTEMPATH\Database\BaseConnection.php(574): CodeIgniter\Database\BaseConnection->initialize()
 2 SYSTEMPATH\Database\BaseBuilder.php(1615): CodeIgniter\Database\BaseConnection->query('SELECT *
FROM `admin`
WHERE `admin_id` = :admin_id:
ORDER BY `id` DESC
 LIMIT 1', [...], false)
 3 SYSTEMPATH\Model.php(264): CodeIgniter\Database\BaseBuilder->get()
 4 SYSTEMPATH\BaseModel.php(662): CodeIgniter\Model->doFirst()
 5 APPPATH\Controllers\AdminController.php(151): CodeIgniter\BaseModel->first()
 6 APPPATH\Controllers\AdminController.php(89): App\Controllers\AdminController->getDataAd()
 7 APPPATH\Controllers\AdminController.php(74): App\Controllers\AdminController->usermerge()
 8 SYSTEMPATH\CodeIgniter.php(919): App\Controllers\AdminController->ManageApplicant()
 9 SYSTEMPATH\CodeIgniter.php(494): CodeIgniter\CodeIgniter->runController(Object(App\Controllers\AdminController))
10 SYSTEMPATH\CodeIgniter.php(353): CodeIgniter\CodeIgniter->handleRequest(null, Object(Config\Cache), false)
11 FCPATH\index.php(79): CodeIgniter\CodeIgniter->run()
12 SYSTEMPATH\Commands\Server\rewrite.php(47): require_once('C:\\laragon\\www\\ProjectSystem\\public\\index.php')
ERROR - 2024-02-12 22:50:18 --> Error connecting to the database: mysqli_sql_exception: No connection could be made because the target machine actively refused it in C:\laragon\www\ProjectSystem\system\Database\MySQLi\Connection.php:185
Stack trace:
#0 C:\laragon\www\ProjectSystem\system\Database\MySQLi\Connection.php(185): mysqli->real_connect('localhost', 'root', '', 'erecruit', 3306, '', 0)
#1 C:\laragon\www\ProjectSystem\system\Database\BaseConnection.php(391): CodeIgniter\Database\MySQLi\Connection->connect(false)
#2 C:\laragon\www\ProjectSystem\system\Database\BaseConnection.php(574): CodeIgniter\Database\BaseConnection->initialize()
#3 C:\laragon\www\ProjectSystem\system\Database\BaseBuilder.php(1615): CodeIgniter\Database\BaseConnection->query('SELECT *\nFROM `...', Array, false)
#4 C:\laragon\www\ProjectSystem\system\Model.php(264): CodeIgniter\Database\BaseBuilder->get()
#5 C:\laragon\www\ProjectSystem\system\BaseModel.php(662): CodeIgniter\Model->doFirst()
#6 C:\laragon\www\ProjectSystem\app\Controllers\AdminController.php(151): CodeIgniter\BaseModel->first()
#7 C:\laragon\www\ProjectSystem\app\Controllers\AdminController.php(89): App\Controllers\AdminController->getDataAd()
#8 C:\laragon\www\ProjectSystem\app\Controllers\AdminController.php(74): App\Controllers\AdminController->usermerge()
#9 C:\laragon\www\ProjectSystem\system\CodeIgniter.php(919): App\Controllers\AdminController->ManageApplicant()
#10 C:\laragon\www\ProjectSystem\system\CodeIgniter.php(494): CodeIgniter\CodeIgniter->runController(Object(App\Controllers\AdminController))
#11 C:\laragon\www\ProjectSystem\system\CodeIgniter.php(353): CodeIgniter\CodeIgniter->handleRequest(NULL, Object(Config\Cache), false)
#12 C:\laragon\www\ProjectSystem\public\index.php(79): CodeIgniter\CodeIgniter->run()
#13 C:\laragon\www\ProjectSystem\system\Commands\Server\rewrite.php(47): require_once('C:\\laragon\\www\\...')
#14 {main}

Next CodeIgniter\Database\Exceptions\DatabaseException: No connection could be made because the target machine actively refused it in C:\laragon\www\ProjectSystem\system\Database\MySQLi\Connection.php:229
Stack trace:
#0 C:\laragon\www\ProjectSystem\system\Database\BaseConnection.php(391): CodeIgniter\Database\MySQLi\Connection->connect(false)
#1 C:\laragon\www\ProjectSystem\system\Database\BaseConnection.php(574): CodeIgniter\Database\BaseConnection->initialize()
#2 C:\laragon\www\ProjectSystem\system\Database\BaseBuilder.php(1615): CodeIgniter\Database\BaseConnection->query('SELECT *\nFROM `...', Array, false)
#3 C:\laragon\www\ProjectSystem\system\Model.php(264): CodeIgniter\Database\BaseBuilder->get()
#4 C:\laragon\www\ProjectSystem\system\BaseModel.php(662): CodeIgniter\Model->doFirst()
#5 C:\laragon\www\ProjectSystem\app\Controllers\AdminController.php(151): CodeIgniter\BaseModel->first()
#6 C:\laragon\www\ProjectSystem\app\Controllers\AdminController.php(89): App\Controllers\AdminController->getDataAd()
#7 C:\laragon\www\ProjectSystem\app\Controllers\AdminController.php(74): App\Controllers\AdminController->usermerge()
#8 C:\laragon\www\ProjectSystem\system\CodeIgniter.php(919): App\Controllers\AdminController->ManageApplicant()
#9 C:\laragon\www\ProjectSystem\system\CodeIgniter.php(494): CodeIgniter\CodeIgniter->runController(Object(App\Controllers\AdminController))
#10 C:\laragon\www\ProjectSystem\system\CodeIgniter.php(353): CodeIgniter\CodeIgniter->handleRequest(NULL, Object(Config\Cache), false)
#11 C:\laragon\www\ProjectSystem\public\index.php(79): CodeIgniter\CodeIgniter->run()
#12 C:\laragon\www\ProjectSystem\system\Commands\Server\rewrite.php(47): require_once('C:\\laragon\\www\\...')
#13 {main}
CRITICAL - 2024-02-12 22:50:18 --> Unable to connect to the database.
Main connection [MySQLi]: No connection could be made because the target machine actively refused it
in SYSTEMPATH\Database\BaseConnection.php on line 427.
 1 SYSTEMPATH\Database\BaseConnection.php(574): CodeIgniter\Database\BaseConnection->initialize()
 2 SYSTEMPATH\Database\BaseBuilder.php(1615): CodeIgniter\Database\BaseConnection->query('SELECT *
FROM `admin`
WHERE `admin_id` = :admin_id:
ORDER BY `id` DESC
 LIMIT 1', [...], false)
 3 SYSTEMPATH\Model.php(264): CodeIgniter\Database\BaseBuilder->get()
 4 SYSTEMPATH\BaseModel.php(662): CodeIgniter\Model->doFirst()
 5 APPPATH\Controllers\AdminController.php(151): CodeIgniter\BaseModel->first()
 6 APPPATH\Controllers\AdminController.php(89): App\Controllers\AdminController->getDataAd()
 7 APPPATH\Controllers\AdminController.php(74): App\Controllers\AdminController->usermerge()
 8 SYSTEMPATH\CodeIgniter.php(919): App\Controllers\AdminController->ManageApplicant()
 9 SYSTEMPATH\CodeIgniter.php(494): CodeIgniter\CodeIgniter->runController(Object(App\Controllers\AdminController))
10 SYSTEMPATH\CodeIgniter.php(353): CodeIgniter\CodeIgniter->handleRequest(null, Object(Config\Cache), false)
11 FCPATH\index.php(79): CodeIgniter\CodeIgniter->run()
12 SYSTEMPATH\Commands\Server\rewrite.php(47): require_once('C:\\laragon\\www\\ProjectSystem\\public\\index.php')
ERROR - 2024-02-12 22:50:39 --> Error connecting to the database: mysqli_sql_exception: No connection could be made because the target machine actively refused it in C:\laragon\www\ProjectSystem\system\Database\MySQLi\Connection.php:185
Stack trace:
#0 C:\laragon\www\ProjectSystem\system\Database\MySQLi\Connection.php(185): mysqli->real_connect('localhost', 'root', '', 'erecruit', 3306, '', 0)
#1 C:\laragon\www\ProjectSystem\system\Database\BaseConnection.php(391): CodeIgniter\Database\MySQLi\Connection->connect(false)
#2 C:\laragon\www\ProjectSystem\system\Database\BaseConnection.php(574): CodeIgniter\Database\BaseConnection->initialize()
#3 C:\laragon\www\ProjectSystem\system\Database\BaseBuilder.php(1615): CodeIgniter\Database\BaseConnection->query('SELECT *\nFROM `...', Array, false)
#4 C:\laragon\www\ProjectSystem\system\Model.php(264): CodeIgniter\Database\BaseBuilder->get()
#5 C:\laragon\www\ProjectSystem\system\BaseModel.php(662): CodeIgniter\Model->doFirst()
#6 C:\laragon\www\ProjectSystem\app\Controllers\HomepageController.php(175): CodeIgniter\BaseModel->first()
#7 C:\laragon\www\ProjectSystem\system\CodeIgniter.php(919): App\Controllers\HomepageController->authlog()
#8 C:\laragon\www\ProjectSystem\system\CodeIgniter.php(494): CodeIgniter\CodeIgniter->runController(Object(App\Controllers\HomepageController))
#9 C:\laragon\www\ProjectSystem\system\CodeIgniter.php(353): CodeIgniter\CodeIgniter->handleRequest(NULL, Object(Config\Cache), false)
#10 C:\laragon\www\ProjectSystem\public\index.php(79): CodeIgniter\CodeIgniter->run()
#11 C:\laragon\www\ProjectSystem\system\Commands\Server\rewrite.php(47): require_once('C:\\laragon\\www\\...')
#12 {main}

Next CodeIgniter\Database\Exceptions\DatabaseException: No connection could be made because the target machine actively refused it in C:\laragon\www\ProjectSystem\system\Database\MySQLi\Connection.php:229
Stack trace:
#0 C:\laragon\www\ProjectSystem\system\Database\BaseConnection.php(391): CodeIgniter\Database\MySQLi\Connection->connect(false)
#1 C:\laragon\www\ProjectSystem\system\Database\BaseConnection.php(574): CodeIgniter\Database\BaseConnection->initialize()
#2 C:\laragon\www\ProjectSystem\system\Database\BaseBuilder.php(1615): CodeIgniter\Database\BaseConnection->query('SELECT *\nFROM `...', Array, false)
#3 C:\laragon\www\ProjectSystem\system\Model.php(264): CodeIgniter\Database\BaseBuilder->get()
#4 C:\laragon\www\ProjectSystem\system\BaseModel.php(662): CodeIgniter\Model->doFirst()
#5 C:\laragon\www\ProjectSystem\app\Controllers\HomepageController.php(175): CodeIgniter\BaseModel->first()
#6 C:\laragon\www\ProjectSystem\system\CodeIgniter.php(919): App\Controllers\HomepageController->authlog()
#7 C:\laragon\www\ProjectSystem\system\CodeIgniter.php(494): CodeIgniter\CodeIgniter->runController(Object(App\Controllers\HomepageController))
#8 C:\laragon\www\ProjectSystem\system\CodeIgniter.php(353): CodeIgniter\CodeIgniter->handleRequest(NULL, Object(Config\Cache), false)
#9 C:\laragon\www\ProjectSystem\public\index.php(79): CodeIgniter\CodeIgniter->run()
#10 C:\laragon\www\ProjectSystem\system\Commands\Server\rewrite.php(47): require_once('C:\\laragon\\www\\...')
#11 {main}
CRITICAL - 2024-02-12 22:50:39 --> Unable to connect to the database.
Main connection [MySQLi]: No connection could be made because the target machine actively refused it
in SYSTEMPATH\Database\BaseConnection.php on line 427.
 1 SYSTEMPATH\Database\BaseConnection.php(574): CodeIgniter\Database\BaseConnection->initialize()
 2 SYSTEMPATH\Database\BaseBuilder.php(1615): CodeIgniter\Database\BaseConnection->query('SELECT *
FROM `users`
WHERE `email` = :email:
 LIMIT 1', [...], false)
 3 SYSTEMPATH\Model.php(264): CodeIgniter\Database\BaseBuilder->get()
 4 SYSTEMPATH\BaseModel.php(662): CodeIgniter\Model->doFirst()
 5 APPPATH\Controllers\HomepageController.php(175): CodeIgniter\BaseModel->first()
 6 SYSTEMPATH\CodeIgniter.php(919): App\Controllers\HomepageController->authlog()
 7 SYSTEMPATH\CodeIgniter.php(494): CodeIgniter\CodeIgniter->runController(Object(App\Controllers\HomepageController))
 8 SYSTEMPATH\CodeIgniter.php(353): CodeIgniter\CodeIgniter->handleRequest(null, Object(Config\Cache), false)
 9 FCPATH\index.php(79): CodeIgniter\CodeIgniter->run()
10 SYSTEMPATH\Commands\Server\rewrite.php(47): require_once('C:\\laragon\\www\\ProjectSystem\\public\\index.php')
CRITICAL - 2024-02-12 23:33:11 --> Cannot use object of type TCPDF as array
in APPPATH\Views\Admin\details.php on line 9.
 1 SYSTEMPATH\View\View.php(226): include()
 2 SYSTEMPATH\View\View.php(229): CodeIgniter\View\View->CodeIgniter\View\{closure}()
 3 SYSTEMPATH\Common.php(1188): CodeIgniter\View\View->render('Admin/details', [], true)
 4 APPPATH\Controllers\AdminController.php(335): view('Admin/details', [...])
 5 SYSTEMPATH\CodeIgniter.php(919): App\Controllers\AdminController->pdf()
 6 SYSTEMPATH\CodeIgniter.php(494): CodeIgniter\CodeIgniter->runController(Object(App\Controllers\AdminController))
 7 SYSTEMPATH\CodeIgniter.php(353): CodeIgniter\CodeIgniter->handleRequest(null, Object(Config\Cache), false)
 8 FCPATH\index.php(79): CodeIgniter\CodeIgniter->run()
 9 SYSTEMPATH\Commands\Server\rewrite.php(47): require_once('C:\\laragon\\www\\ProjectSystem\\public\\index.php')
CRITICAL - 2024-02-12 23:38:14 --> Call to undefined method App\Models\Form1Model::getSomeData
in SYSTEMPATH\Model.php on line 873.
 1 APPPATH\Controllers\AdminController.php(327): CodeIgniter\Model->__call('getSomeData', [])
 2 SYSTEMPATH\CodeIgniter.php(919): App\Controllers\AdminController->pdf()
 3 SYSTEMPATH\CodeIgniter.php(494): CodeIgniter\CodeIgniter->runController(Object(App\Controllers\AdminController))
 4 SYSTEMPATH\CodeIgniter.php(353): CodeIgniter\CodeIgniter->handleRequest(null, Object(Config\Cache), false)
 5 FCPATH\index.php(79): CodeIgniter\CodeIgniter->run()
 6 SYSTEMPATH\Commands\Server\rewrite.php(47): require_once('C:\\laragon\\www\\ProjectSystem\\public\\index.php')
CRITICAL - 2024-02-12 23:43:21 --> Call to undefined method App\Models\Form1Model::getSomeData
in SYSTEMPATH\Model.php on line 873.
 1 APPPATH\Controllers\AdminController.php(326): CodeIgniter\Model->__call('getSomeData', [])
 2 SYSTEMPATH\CodeIgniter.php(919): App\Controllers\AdminController->pdf()
 3 SYSTEMPATH\CodeIgniter.php(494): CodeIgniter\CodeIgniter->runController(Object(App\Controllers\AdminController))
 4 SYSTEMPATH\CodeIgniter.php(353): CodeIgniter\CodeIgniter->handleRequest(null, Object(Config\Cache), false)
 5 FCPATH\index.php(79): CodeIgniter\CodeIgniter->run()
 6 SYSTEMPATH\Commands\Server\rewrite.php(47): require_once('C:\\laragon\\www\\ProjectSystem\\public\\index.php')
CRITICAL - 2024-02-12 23:45:33 --> Call to undefined method App\Models\Form1Model::getSomeData
in SYSTEMPATH\Model.php on line 873.
 1 APPPATH\Controllers\AdminController.php(326): CodeIgniter\Model->__call('getSomeData', [])
 2 SYSTEMPATH\CodeIgniter.php(919): App\Controllers\AdminController->pdf()
 3 SYSTEMPATH\CodeIgniter.php(494): CodeIgniter\CodeIgniter->runController(Object(App\Controllers\AdminController))
 4 SYSTEMPATH\CodeIgniter.php(353): CodeIgniter\CodeIgniter->handleRequest(null, Object(Config\Cache), false)
 5 FCPATH\index.php(79): CodeIgniter\CodeIgniter->run()
 6 SYSTEMPATH\Commands\Server\rewrite.php(47): require_once('C:\\laragon\\www\\ProjectSystem\\public\\index.php')
CRITICAL - 2024-02-12 23:46:30 --> Call to undefined method App\Models\Form1Model::getAllData
in SYSTEMPATH\Model.php on line 873.
 1 APPPATH\Controllers\AdminController.php(326): CodeIgniter\Model->__call('getAllData', [])
 2 SYSTEMPATH\CodeIgniter.php(919): App\Controllers\AdminController->pdf()
 3 SYSTEMPATH\CodeIgniter.php(494): CodeIgniter\CodeIgniter->runController(Object(App\Controllers\AdminController))
 4 SYSTEMPATH\CodeIgniter.php(353): CodeIgniter\CodeIgniter->handleRequest(null, Object(Config\Cache), false)
 5 FCPATH\index.php(79): CodeIgniter\CodeIgniter->run()
 6 SYSTEMPATH\Commands\Server\rewrite.php(47): require_once('C:\\laragon\\www\\ProjectSystem\\public\\index.php')
CRITICAL - 2024-02-12 23:46:44 --> Call to undefined method App\Models\Form1Model::getAll
in SYSTEMPATH\Model.php on line 873.
 1 APPPATH\Controllers\AdminController.php(326): CodeIgniter\Model->__call('getAll', [])
 2 SYSTEMPATH\CodeIgniter.php(919): App\Controllers\AdminController->pdf()
 3 SYSTEMPATH\CodeIgniter.php(494): CodeIgniter\CodeIgniter->runController(Object(App\Controllers\AdminController))
 4 SYSTEMPATH\CodeIgniter.php(353): CodeIgniter\CodeIgniter->handleRequest(null, Object(Config\Cache), false)
 5 FCPATH\index.php(79): CodeIgniter\CodeIgniter->run()
 6 SYSTEMPATH\Commands\Server\rewrite.php(47): require_once('C:\\laragon\\www\\ProjectSystem\\public\\index.php')
