CRITICAL - 2024-06-05 00:11:52 --> Trying to access array offset on value of type null
in APPPATH\Views\Admin\Forms\details5.php on line 280.
 1 APPPATH\Views\Admin\Forms\details5.php(280): CodeIgniter\Debug\Exceptions->errorHandler(2, 'Trying to access array offset on value of type null', 'C:\\CapstoneSystem\\app\\Views\\Admin\\Forms\\details5.php', 280)
 2 SYSTEMPATH\View\View.php(226): include('C:\\CapstoneSystem\\app\\Views\\Admin\\Forms\\details5.php')
 3 SYSTEMPATH\View\View.php(229): CodeIgniter\View\View->CodeIgniter\View\{closure}()
 4 SYSTEMPATH\Common.php(1188): CodeIgniter\View\View->render('Admin/Forms/details5', [], true)
 5 APPPATH\Controllers\AdminController.php(277): view('Admin/Forms/details5', [...])
 6 SYSTEMPATH\CodeIgniter.php(919): App\Controllers\AdminController->viewAppForm5('a6c29c5fc3fa650c70c6f9ea03b47526021a3ac274d12e1f9e')
 7 SYSTEMPATH\CodeIgniter.php(494): CodeIgniter\CodeIgniter->runController(Object(App\Controllers\AdminController))
 8 SYSTEMPATH\CodeIgniter.php(353): CodeIgniter\CodeIgniter->handleRequest(null, Object(Config\Cache), false)
 9 FCPATH\index.php(79): CodeIgniter\CodeIgniter->run()
10 SYSTEMPATH\Commands\Server\rewrite.php(47): require_once('C:\\CapstoneSystem\\public\\index.php')
CRITICAL - 2024-06-05 00:18:10 --> Undefined variable $lifechangerform
in APPPATH\Views\Admin\Forms\details2.php on line 652.
 1 APPPATH\Views\Admin\Forms\details2.php(652): CodeIgniter\Debug\Exceptions->errorHandler(2, 'Undefined variable $lifechangerform', 'C:\\CapstoneSystem\\app\\Views\\Admin\\Forms\\details2.php', 652)
 2 SYSTEMPATH\View\View.php(226): include('C:\\CapstoneSystem\\app\\Views\\Admin\\Forms\\details2.php')
 3 SYSTEMPATH\View\View.php(229): CodeIgniter\View\View->CodeIgniter\View\{closure}()
 4 SYSTEMPATH\Common.php(1188): CodeIgniter\View\View->render('Admin/Forms/details2', [], true)
 5 APPPATH\Controllers\AdminController.php(256): view('Admin/Forms/details2', [...])
 6 SYSTEMPATH\CodeIgniter.php(919): App\Controllers\AdminController->viewAppForm2('435fa6ebd7478aa440e7bd447898c5d1d4a74b6bcf0ad2d899')
 7 SYSTEMPATH\CodeIgniter.php(494): CodeIgniter\CodeIgniter->runController(Object(App\Controllers\AdminController))
 8 SYSTEMPATH\CodeIgniter.php(353): CodeIgniter\CodeIgniter->handleRequest(null, Object(Config\Cache), false)
 9 FCPATH\index.php(79): CodeIgniter\CodeIgniter->run()
10 SYSTEMPATH\Commands\Server\rewrite.php(47): require_once('C:\\CapstoneSystem\\public\\index.php')
CRITICAL - 2024-06-05 00:18:18 --> Undefined variable $lifechangerform
in APPPATH\Views\Admin\Forms\details2.php on line 652.
 1 APPPATH\Views\Admin\Forms\details2.php(652): CodeIgniter\Debug\Exceptions->errorHandler(2, 'Undefined variable $lifechangerform', 'C:\\CapstoneSystem\\app\\Views\\Admin\\Forms\\details2.php', 652)
 2 SYSTEMPATH\View\View.php(226): include('C:\\CapstoneSystem\\app\\Views\\Admin\\Forms\\details2.php')
 3 SYSTEMPATH\View\View.php(229): CodeIgniter\View\View->CodeIgniter\View\{closure}()
 4 SYSTEMPATH\Common.php(1188): CodeIgniter\View\View->render('Admin/Forms/details2', [], true)
 5 APPPATH\Controllers\AdminController.php(256): view('Admin/Forms/details2', [...])
 6 SYSTEMPATH\CodeIgniter.php(919): App\Controllers\AdminController->viewAppForm2('435fa6ebd7478aa440e7bd447898c5d1d4a74b6bcf0ad2d899')
 7 SYSTEMPATH\CodeIgniter.php(494): CodeIgniter\CodeIgniter->runController(Object(App\Controllers\AdminController))
 8 SYSTEMPATH\CodeIgniter.php(353): CodeIgniter\CodeIgniter->handleRequest(null, Object(Config\Cache), false)
 9 FCPATH\index.php(79): CodeIgniter\CodeIgniter->run()
10 SYSTEMPATH\Commands\Server\rewrite.php(47): require_once('C:\\CapstoneSystem\\public\\index.php')
CRITICAL - 2024-06-05 00:18:33 --> Undefined array key "applicant_id"
in APPPATH\Views\Admin\Forms\details2.php on line 652.
 1 APPPATH\Views\Admin\Forms\details2.php(652): CodeIgniter\Debug\Exceptions->errorHandler(2, 'Undefined array key "applicant_id"', 'C:\\CapstoneSystem\\app\\Views\\Admin\\Forms\\details2.php', 652)
 2 SYSTEMPATH\View\View.php(226): include('C:\\CapstoneSystem\\app\\Views\\Admin\\Forms\\details2.php')
 3 SYSTEMPATH\View\View.php(229): CodeIgniter\View\View->CodeIgniter\View\{closure}()
 4 SYSTEMPATH\Common.php(1188): CodeIgniter\View\View->render('Admin/Forms/details2', [], true)
 5 APPPATH\Controllers\AdminController.php(256): view('Admin/Forms/details2', [...])
 6 SYSTEMPATH\CodeIgniter.php(919): App\Controllers\AdminController->viewAppForm2('435fa6ebd7478aa440e7bd447898c5d1d4a74b6bcf0ad2d899')
 7 SYSTEMPATH\CodeIgniter.php(494): CodeIgniter\CodeIgniter->runController(Object(App\Controllers\AdminController))
 8 SYSTEMPATH\CodeIgniter.php(353): CodeIgniter\CodeIgniter->handleRequest(null, Object(Config\Cache), false)
 9 FCPATH\index.php(79): CodeIgniter\CodeIgniter->run()
10 SYSTEMPATH\Commands\Server\rewrite.php(47): require_once('C:\\CapstoneSystem\\public\\index.php')
CRITICAL - 2024-06-05 00:19:24 --> Undefined array key "user_id"
in APPPATH\Views\Admin\Forms\details4.php on line 291.
 1 APPPATH\Views\Admin\Forms\details4.php(291): CodeIgniter\Debug\Exceptions->errorHandler(2, 'Undefined array key "user_id"', 'C:\\CapstoneSystem\\app\\Views\\Admin\\Forms\\details4.php', 291)
 2 SYSTEMPATH\View\View.php(226): include('C:\\CapstoneSystem\\app\\Views\\Admin\\Forms\\details4.php')
 3 SYSTEMPATH\View\View.php(229): CodeIgniter\View\View->CodeIgniter\View\{closure}()
 4 SYSTEMPATH\Common.php(1188): CodeIgniter\View\View->render('Admin/Forms/details4', [], true)
 5 APPPATH\Controllers\AdminController.php(270): view('Admin/Forms/details4', [...])
 6 SYSTEMPATH\CodeIgniter.php(919): App\Controllers\AdminController->viewAppForm4('435fa6ebd7478aa440e7bd447898c5d1d4a74b6bcf0ad2d899')
 7 SYSTEMPATH\CodeIgniter.php(494): CodeIgniter\CodeIgniter->runController(Object(App\Controllers\AdminController))
 8 SYSTEMPATH\CodeIgniter.php(353): CodeIgniter\CodeIgniter->handleRequest(null, Object(Config\Cache), false)
 9 FCPATH\index.php(79): CodeIgniter\CodeIgniter->run()
10 SYSTEMPATH\Commands\Server\rewrite.php(47): require_once('C:\\CapstoneSystem\\public\\index.php')
CRITICAL - 2024-06-05 00:20:08 --> Undefined variable $lifechangerform
in APPPATH\Views\Admin\Forms\details5.php on line 306.
 1 APPPATH\Views\Admin\Forms\details5.php(306): CodeIgniter\Debug\Exceptions->errorHandler(2, 'Undefined variable $lifechangerform', 'C:\\CapstoneSystem\\app\\Views\\Admin\\Forms\\details5.php', 306)
 2 SYSTEMPATH\View\View.php(226): include('C:\\CapstoneSystem\\app\\Views\\Admin\\Forms\\details5.php')
 3 SYSTEMPATH\View\View.php(229): CodeIgniter\View\View->CodeIgniter\View\{closure}()
 4 SYSTEMPATH\Common.php(1188): CodeIgniter\View\View->render('Admin/Forms/details5', [], true)
 5 APPPATH\Controllers\AdminController.php(277): view('Admin/Forms/details5', [...])
 6 SYSTEMPATH\CodeIgniter.php(919): App\Controllers\AdminController->viewAppForm5('435fa6ebd7478aa440e7bd447898c5d1d4a74b6bcf0ad2d899')
 7 SYSTEMPATH\CodeIgniter.php(494): CodeIgniter\CodeIgniter->runController(Object(App\Controllers\AdminController))
 8 SYSTEMPATH\CodeIgniter.php(353): CodeIgniter\CodeIgniter->handleRequest(null, Object(Config\Cache), false)
 9 FCPATH\index.php(79): CodeIgniter\CodeIgniter->run()
10 SYSTEMPATH\Commands\Server\rewrite.php(47): require_once('C:\\CapstoneSystem\\public\\index.php')
CRITICAL - 2024-06-05 00:20:14 --> Undefined variable $lifechangerform
in APPPATH\Views\Admin\Forms\details5.php on line 306.
 1 APPPATH\Views\Admin\Forms\details5.php(306): CodeIgniter\Debug\Exceptions->errorHandler(2, 'Undefined variable $lifechangerform', 'C:\\CapstoneSystem\\app\\Views\\Admin\\Forms\\details5.php', 306)
 2 SYSTEMPATH\View\View.php(226): include('C:\\CapstoneSystem\\app\\Views\\Admin\\Forms\\details5.php')
 3 SYSTEMPATH\View\View.php(229): CodeIgniter\View\View->CodeIgniter\View\{closure}()
 4 SYSTEMPATH\Common.php(1188): CodeIgniter\View\View->render('Admin/Forms/details5', [], true)
 5 APPPATH\Controllers\AdminController.php(277): view('Admin/Forms/details5', [...])
 6 SYSTEMPATH\CodeIgniter.php(919): App\Controllers\AdminController->viewAppForm5('435fa6ebd7478aa440e7bd447898c5d1d4a74b6bcf0ad2d899')
 7 SYSTEMPATH\CodeIgniter.php(494): CodeIgniter\CodeIgniter->runController(Object(App\Controllers\AdminController))
 8 SYSTEMPATH\CodeIgniter.php(353): CodeIgniter\CodeIgniter->handleRequest(null, Object(Config\Cache), false)
 9 FCPATH\index.php(79): CodeIgniter\CodeIgniter->run()
10 SYSTEMPATH\Commands\Server\rewrite.php(47): require_once('C:\\CapstoneSystem\\public\\index.php')
