ERROR - 2024-03-22 21:56:23 --> Error connecting to the database: mysqli_sql_exception: No connection could be made because the target machine actively refused it in C:\CapstoneSystem\system\Database\MySQLi\Connection.php:185
Stack trace:
#0 C:\CapstoneSystem\system\Database\MySQLi\Connection.php(185): mysqli->real_connect('localhost', 'root', '', 'erecruit', 3306, '', 0)
#1 C:\CapstoneSystem\system\Database\BaseConnection.php(391): CodeIgniter\Database\MySQLi\Connection->connect(false)
#2 C:\CapstoneSystem\system\Database\BaseConnection.php(574): CodeIgniter\Database\BaseConnection->initialize()
#3 C:\CapstoneSystem\system\Database\BaseBuilder.php(1615): CodeIgniter\Database\BaseConnection->query('SELECT *\nFROM `...', Array, false)
#4 C:\CapstoneSystem\system\Model.php(264): CodeIgniter\Database\BaseBuilder->get()
#5 C:\CapstoneSystem\system\BaseModel.php(662): CodeIgniter\Model->doFirst()
#6 C:\CapstoneSystem\app\Controllers\HomepageController.php(198): CodeIgniter\BaseModel->first()
#7 C:\CapstoneSystem\system\CodeIgniter.php(919): App\Controllers\HomepageController->authlog()
#8 C:\CapstoneSystem\system\CodeIgniter.php(494): CodeIgniter\CodeIgniter->runController(Object(App\Controllers\HomepageController))
#9 C:\CapstoneSystem\system\CodeIgniter.php(353): CodeIgniter\CodeIgniter->handleRequest(NULL, Object(Config\Cache), false)
#10 C:\CapstoneSystem\public\index.php(79): CodeIgniter\CodeIgniter->run()
#11 C:\CapstoneSystem\system\Commands\Server\rewrite.php(47): require_once('C:\\CapstoneSyst...')
#12 {main}

Next CodeIgniter\Database\Exceptions\DatabaseException: No connection could be made because the target machine actively refused it in C:\CapstoneSystem\system\Database\MySQLi\Connection.php:229
Stack trace:
#0 C:\CapstoneSystem\system\Database\BaseConnection.php(391): CodeIgniter\Database\MySQLi\Connection->connect(false)
#1 C:\CapstoneSystem\system\Database\BaseConnection.php(574): CodeIgniter\Database\BaseConnection->initialize()
#2 C:\CapstoneSystem\system\Database\BaseBuilder.php(1615): CodeIgniter\Database\BaseConnection->query('SELECT *\nFROM `...', Array, false)
#3 C:\CapstoneSystem\system\Model.php(264): CodeIgniter\Database\BaseBuilder->get()
#4 C:\CapstoneSystem\system\BaseModel.php(662): CodeIgniter\Model->doFirst()
#5 C:\CapstoneSystem\app\Controllers\HomepageController.php(198): CodeIgniter\BaseModel->first()
#6 C:\CapstoneSystem\system\CodeIgniter.php(919): App\Controllers\HomepageController->authlog()
#7 C:\CapstoneSystem\system\CodeIgniter.php(494): CodeIgniter\CodeIgniter->runController(Object(App\Controllers\HomepageController))
#8 C:\CapstoneSystem\system\CodeIgniter.php(353): CodeIgniter\CodeIgniter->handleRequest(NULL, Object(Config\Cache), false)
#9 C:\CapstoneSystem\public\index.php(79): CodeIgniter\CodeIgniter->run()
#10 C:\CapstoneSystem\system\Commands\Server\rewrite.php(47): require_once('C:\\CapstoneSyst...')
#11 {main}
CRITICAL - 2024-03-22 21:56:23 --> Unable to connect to the database.
Main connection [MySQLi]: No connection could be made because the target machine actively refused it
in SYSTEMPATH\Database\BaseConnection.php on line 427.
 1 SYSTEMPATH\Database\BaseConnection.php(574): CodeIgniter\Database\BaseConnection->initialize()
 2 SYSTEMPATH\Database\BaseBuilder.php(1615): CodeIgniter\Database\BaseConnection->query('SELECT *
FROM `users`
WHERE `email` = :email:
 LIMIT 1', [...], false)
 3 SYSTEMPATH\Model.php(264): CodeIgniter\Database\BaseBuilder->get()
 4 SYSTEMPATH\BaseModel.php(662): CodeIgniter\Model->doFirst()
 5 APPPATH\Controllers\HomepageController.php(198): CodeIgniter\BaseModel->first()
 6 SYSTEMPATH\CodeIgniter.php(919): App\Controllers\HomepageController->authlog()
 7 SYSTEMPATH\CodeIgniter.php(494): CodeIgniter\CodeIgniter->runController(Object(App\Controllers\HomepageController))
 8 SYSTEMPATH\CodeIgniter.php(353): CodeIgniter\CodeIgniter->handleRequest(null, Object(Config\Cache), false)
 9 FCPATH\index.php(79): CodeIgniter\CodeIgniter->run()
10 SYSTEMPATH\Commands\Server\rewrite.php(47): require_once('C:\\CapstoneSystem\\public\\index.php')
CRITICAL - 2024-03-22 22:30:34 --> Undefined array key "restricted"
in APPPATH\Views\Admin\usermanagement.php on line 289.
 1 APPPATH\Views\Admin\usermanagement.php(289): CodeIgniter\Debug\Exceptions->errorHandler(2, 'Undefined array key "restricted"', 'C:\\CapstoneSystem\\app\\Views\\Admin\\usermanagement.php', 289)
 2 SYSTEMPATH\View\View.php(226): include('C:\\CapstoneSystem\\app\\Views\\Admin\\usermanagement.php')
 3 SYSTEMPATH\View\View.php(229): CodeIgniter\View\View->CodeIgniter\View\{closure}()
 4 SYSTEMPATH\Common.php(1188): CodeIgniter\View\View->render('Admin/usermanagement', [], true)
 5 APPPATH\Controllers\UsersManageController.php(58): view('Admin/usermanagement', [...])
 6 SYSTEMPATH\CodeIgniter.php(919): App\Controllers\UsersManageController->usermanagement()
 7 SYSTEMPATH\CodeIgniter.php(494): CodeIgniter\CodeIgniter->runController(Object(App\Controllers\UsersManageController))
 8 SYSTEMPATH\CodeIgniter.php(353): CodeIgniter\CodeIgniter->handleRequest(null, Object(Config\Cache), false)
 9 FCPATH\index.php(79): CodeIgniter\CodeIgniter->run()
10 SYSTEMPATH\Commands\Server\rewrite.php(47): require_once('C:\\CapstoneSystem\\public\\index.php')
CRITICAL - 2024-03-22 23:04:56 --> Undefined variable $user
in APPPATH\Views\Admin\usermanagement.php on line 2.
 1 APPPATH\Views\Admin\usermanagement.php(2): CodeIgniter\Debug\Exceptions->errorHandler(2, 'Undefined variable $user', 'C:\\CapstoneSystem\\app\\Views\\Admin\\usermanagement.php', 2)
 2 SYSTEMPATH\View\View.php(226): include('C:\\CapstoneSystem\\app\\Views\\Admin\\usermanagement.php')
 3 SYSTEMPATH\View\View.php(229): CodeIgniter\View\View->CodeIgniter\View\{closure}()
 4 SYSTEMPATH\Common.php(1188): CodeIgniter\View\View->render('Admin/usermanagement', [], true)
 5 APPPATH\Controllers\UsersManageController.php(58): view('Admin/usermanagement', [...])
 6 SYSTEMPATH\CodeIgniter.php(919): App\Controllers\UsersManageController->usermanagement()
 7 SYSTEMPATH\CodeIgniter.php(494): CodeIgniter\CodeIgniter->runController(Object(App\Controllers\UsersManageController))
 8 SYSTEMPATH\CodeIgniter.php(353): CodeIgniter\CodeIgniter->handleRequest(null, Object(Config\Cache), false)
 9 FCPATH\index.php(79): CodeIgniter\CodeIgniter->run()
10 SYSTEMPATH\Commands\Server\rewrite.php(47): require_once('C:\\CapstoneSystem\\public\\index.php')
