CRITICAL - 2024-03-30 00:15:10 --> Updates are not allowed unless they contain a "where" or "like" clause.
in SYSTEMPATH\Model.php on line 380.
 1 SYSTEMPATH\BaseModel.php(949): CodeIgniter\Model->doUpdate(null, [...])
 2 SYSTEMPATH\Model.php(776): CodeIgniter\BaseModel->update(null, [...])
 3 APPPATH\Controllers\HomepageController.php(37): CodeIgniter\Model->update(null, [...])
 4 SYSTEMPATH\CodeIgniter.php(919): App\Controllers\HomepageController->logout()
 5 SYSTEMPATH\CodeIgniter.php(494): CodeIgniter\CodeIgniter->runController(Object(App\Controllers\HomepageController))
 6 SYSTEMPATH\CodeIgniter.php(353): CodeIgniter\CodeIgniter->handleRequest(null, Object(Config\Cache), false)
 7 FCPATH\index.php(79): CodeIgniter\CodeIgniter->run()
 8 SYSTEMPATH\Commands\Server\rewrite.php(47): require_once('C:\\laragon\\www\\CapstoneSystem\\public\\index.php')
CRITICAL - 2024-03-30 21:28:17 --> Invalid file: "Client/pricing.php"
in SYSTEMPATH\Exceptions\FrameworkException.php on line 39.
 1 SYSTEMPATH\View\View.php(214): CodeIgniter\Exceptions\FrameworkException::forInvalidFile('Client/pricing.php')
 2 SYSTEMPATH\Common.php(1188): CodeIgniter\View\View->render('Client/pricing', [], true)
 3 APPPATH\Controllers\ClientController.php(36): view('Client/pricing')
 4 SYSTEMPATH\CodeIgniter.php(919): App\Controllers\ClientController->pricing()
 5 SYSTEMPATH\CodeIgniter.php(494): CodeIgniter\CodeIgniter->runController(Object(App\Controllers\ClientController))
 6 SYSTEMPATH\CodeIgniter.php(353): CodeIgniter\CodeIgniter->handleRequest(null, Object(Config\Cache), false)
 7 FCPATH\index.php(79): CodeIgniter\CodeIgniter->run()
 8 SYSTEMPATH\Commands\Server\rewrite.php(47): require_once('C:\\CapstoneSystem\\public\\index.php')
ERROR - 2024-03-30 21:32:14 --> Error connecting to the database: mysqli_sql_exception: No connection could be made because the target machine actively refused it in C:\CapstoneSystem\system\Database\MySQLi\Connection.php:185
Stack trace:
#0 C:\CapstoneSystem\system\Database\MySQLi\Connection.php(185): mysqli->real_connect('localhost', 'root', '', 'erecruit', 3306, '', 0)
#1 C:\CapstoneSystem\system\Database\BaseConnection.php(391): CodeIgniter\Database\MySQLi\Connection->connect(false)
#2 C:\CapstoneSystem\system\Database\BaseConnection.php(574): CodeIgniter\Database\BaseConnection->initialize()
#3 C:\CapstoneSystem\system\Database\BaseBuilder.php(1615): CodeIgniter\Database\BaseConnection->query('SELECT *\nFROM `...', Array, false)
#4 C:\CapstoneSystem\system\Model.php(264): CodeIgniter\Database\BaseBuilder->get()
#5 C:\CapstoneSystem\system\BaseModel.php(662): CodeIgniter\Model->doFirst()
#6 C:\CapstoneSystem\app\Controllers\HomepageController.php(216): CodeIgniter\BaseModel->first()
#7 C:\CapstoneSystem\system\CodeIgniter.php(919): App\Controllers\HomepageController->authlog()
#8 C:\CapstoneSystem\system\CodeIgniter.php(494): CodeIgniter\CodeIgniter->runController(Object(App\Controllers\HomepageController))
#9 C:\CapstoneSystem\system\CodeIgniter.php(353): CodeIgniter\CodeIgniter->handleRequest(NULL, Object(Config\Cache), false)
#10 C:\CapstoneSystem\public\index.php(79): CodeIgniter\CodeIgniter->run()
#11 C:\CapstoneSystem\system\Commands\Server\rewrite.php(47): require_once('C:\\CapstoneSyst...')
#12 {main}

Next CodeIgniter\Database\Exceptions\DatabaseException: No connection could be made because the target machine actively refused it in C:\CapstoneSystem\system\Database\MySQLi\Connection.php:229
Stack trace:
#0 C:\CapstoneSystem\system\Database\BaseConnection.php(391): CodeIgniter\Database\MySQLi\Connection->connect(false)
#1 C:\CapstoneSystem\system\Database\BaseConnection.php(574): CodeIgniter\Database\BaseConnection->initialize()
#2 C:\CapstoneSystem\system\Database\BaseBuilder.php(1615): CodeIgniter\Database\BaseConnection->query('SELECT *\nFROM `...', Array, false)
#3 C:\CapstoneSystem\system\Model.php(264): CodeIgniter\Database\BaseBuilder->get()
#4 C:\CapstoneSystem\system\BaseModel.php(662): CodeIgniter\Model->doFirst()
#5 C:\CapstoneSystem\app\Controllers\HomepageController.php(216): CodeIgniter\BaseModel->first()
#6 C:\CapstoneSystem\system\CodeIgniter.php(919): App\Controllers\HomepageController->authlog()
#7 C:\CapstoneSystem\system\CodeIgniter.php(494): CodeIgniter\CodeIgniter->runController(Object(App\Controllers\HomepageController))
#8 C:\CapstoneSystem\system\CodeIgniter.php(353): CodeIgniter\CodeIgniter->handleRequest(NULL, Object(Config\Cache), false)
#9 C:\CapstoneSystem\public\index.php(79): CodeIgniter\CodeIgniter->run()
#10 C:\CapstoneSystem\system\Commands\Server\rewrite.php(47): require_once('C:\\CapstoneSyst...')
#11 {main}
CRITICAL - 2024-03-30 21:32:14 --> Unable to connect to the database.
Main connection [MySQLi]: No connection could be made because the target machine actively refused it
in SYSTEMPATH\Database\BaseConnection.php on line 427.
 1 SYSTEMPATH\Database\BaseConnection.php(574): CodeIgniter\Database\BaseConnection->initialize()
 2 SYSTEMPATH\Database\BaseBuilder.php(1615): CodeIgniter\Database\BaseConnection->query('SELECT *
FROM `users`
WHERE `email` = :email:
 LIMIT 1', [...], false)
 3 SYSTEMPATH\Model.php(264): CodeIgniter\Database\BaseBuilder->get()
 4 SYSTEMPATH\BaseModel.php(662): CodeIgniter\Model->doFirst()
 5 APPPATH\Controllers\HomepageController.php(216): CodeIgniter\BaseModel->first()
 6 SYSTEMPATH\CodeIgniter.php(919): App\Controllers\HomepageController->authlog()
 7 SYSTEMPATH\CodeIgniter.php(494): CodeIgniter\CodeIgniter->runController(Object(App\Controllers\HomepageController))
 8 SYSTEMPATH\CodeIgniter.php(353): CodeIgniter\CodeIgniter->handleRequest(null, Object(Config\Cache), false)
 9 FCPATH\index.php(79): CodeIgniter\CodeIgniter->run()
10 SYSTEMPATH\Commands\Server\rewrite.php(47): require_once('C:\\CapstoneSystem\\public\\index.php')
CRITICAL - 2024-03-30 21:38:40 --> Invalid file: "Client/contactus.php"
in SYSTEMPATH\Exceptions\FrameworkException.php on line 39.
 1 SYSTEMPATH\View\View.php(214): CodeIgniter\Exceptions\FrameworkException::forInvalidFile('Client/contactus.php')
 2 SYSTEMPATH\Common.php(1188): CodeIgniter\View\View->render('Client/contactus', [], true)
 3 APPPATH\Controllers\ClientController.php(41): view('Client/contactus')
 4 SYSTEMPATH\CodeIgniter.php(919): App\Controllers\ClientController->contactus()
 5 SYSTEMPATH\CodeIgniter.php(494): CodeIgniter\CodeIgniter->runController(Object(App\Controllers\ClientController))
 6 SYSTEMPATH\CodeIgniter.php(353): CodeIgniter\CodeIgniter->handleRequest(null, Object(Config\Cache), false)
 7 FCPATH\index.php(79): CodeIgniter\CodeIgniter->run()
 8 SYSTEMPATH\Commands\Server\rewrite.php(47): require_once('C:\\CapstoneSystem\\public\\index.php')
CRITICAL - 2024-03-30 22:19:24 --> Invalid file: "Client/services.php"
in SYSTEMPATH\Exceptions\FrameworkException.php on line 39.
 1 SYSTEMPATH\View\View.php(214): CodeIgniter\Exceptions\FrameworkException::forInvalidFile('Client/services.php')
 2 SYSTEMPATH\Common.php(1188): CodeIgniter\View\View->render('Client/services', [], true)
 3 APPPATH\Controllers\ClientController.php(25): view('Client/services')
 4 SYSTEMPATH\CodeIgniter.php(919): App\Controllers\ClientController->services()
 5 SYSTEMPATH\CodeIgniter.php(494): CodeIgniter\CodeIgniter->runController(Object(App\Controllers\ClientController))
 6 SYSTEMPATH\CodeIgniter.php(353): CodeIgniter\CodeIgniter->handleRequest(null, Object(Config\Cache), false)
 7 FCPATH\index.php(79): CodeIgniter\CodeIgniter->run()
 8 SYSTEMPATH\Commands\Server\rewrite.php(47): require_once('C:\\CapstoneSystem\\public\\index.php')
