CRITICAL - 2024-05-14 00:58:53 --> Undefined array key "agent_token"
in APPPATH\Views\Admin\AdDash.php on line 188.
 1 APPPATH\Views\Admin\AdDash.php(188): CodeIgniter\Debug\Exceptions->errorHandler(2, 'Undefined array key "agent_token"', 'C:\\CapstoneSystem\\app\\Views\\Admin\\AdDash.php', 188)
 2 SYSTEMPATH\View\View.php(226): include('C:\\CapstoneSystem\\app\\Views\\Admin\\AdDash.php')
 3 SYSTEMPATH\View\View.php(229): CodeIgniter\View\View->CodeIgniter\View\{closure}()
 4 SYSTEMPATH\Common.php(1188): CodeIgniter\View\View->render('Admin/AdDash', [], true)
 5 APPPATH\Controllers\AdminController.php(63): view('Admin/AdDash', [...])
 6 SYSTEMPATH\CodeIgniter.php(919): App\Controllers\AdminController->AdDash()
 7 SYSTEMPATH\CodeIgniter.php(494): CodeIgniter\CodeIgniter->runController(Object(App\Controllers\AdminController))
 8 SYSTEMPATH\CodeIgniter.php(353): CodeIgniter\CodeIgniter->handleRequest(null, Object(Config\Cache), false)
 9 FCPATH\index.php(79): CodeIgniter\CodeIgniter->run()
10 SYSTEMPATH\Commands\Server\rewrite.php(47): require_once('C:\\CapstoneSystem\\public\\index.php')
ERROR - 2024-05-14 00:59:25 --> mysqli_sql_exception: You have an error in your SQL syntax; check the manual that corresponds to your MySQL server version for the right syntax to use near 'SELECT COUNT(*) FROM agent b WHERE b.FA = a.agent_id) AS total_fA
FROM `agent` `' at line 1 in C:\CapstoneSystem\system\Database\MySQLi\Connection.php:306
Stack trace:
#0 C:\CapstoneSystem\system\Database\MySQLi\Connection.php(306): mysqli->query('SELECT `a`.`use...', 0)
#1 C:\CapstoneSystem\system\Database\BaseConnection.php(692): CodeIgniter\Database\MySQLi\Connection->execute('SELECT `a`.`use...')
#2 C:\CapstoneSystem\system\Database\BaseConnection.php(606): CodeIgniter\Database\BaseConnection->simpleQuery('SELECT `a`.`use...')
#3 C:\CapstoneSystem\system\Database\BaseBuilder.php(1615): CodeIgniter\Database\BaseConnection->query('SELECT `a`.`use...', Array, false)
#4 C:\CapstoneSystem\app\Controllers\AdminController.php(74): CodeIgniter\Database\BaseBuilder->get()
#5 C:\CapstoneSystem\app\Controllers\AdminController.php(59): App\Controllers\AdminController->topagent()
#6 C:\CapstoneSystem\system\CodeIgniter.php(919): App\Controllers\AdminController->AdDash()
#7 C:\CapstoneSystem\system\CodeIgniter.php(494): CodeIgniter\CodeIgniter->runController(Object(App\Controllers\AdminController))
#8 C:\CapstoneSystem\system\CodeIgniter.php(353): CodeIgniter\CodeIgniter->handleRequest(NULL, Object(Config\Cache), false)
#9 C:\CapstoneSystem\public\index.php(79): CodeIgniter\CodeIgniter->run()
#10 C:\CapstoneSystem\system\Commands\Server\rewrite.php(47): require_once('C:\\CapstoneSyst...')
#11 {main}
CRITICAL - 2024-05-14 00:59:25 --> You have an error in your SQL syntax; check the manual that corresponds to your MySQL server version for the right syntax to use near 'SELECT COUNT(*) FROM agent b WHERE b.FA = a.agent_id) AS total_fA
FROM `agent` `' at line 1
in SYSTEMPATH\Database\BaseConnection.php on line 646.
 1 SYSTEMPATH\Database\BaseBuilder.php(1615): CodeIgniter\Database\BaseConnection->query('SELECT `a`.`username`, `a`.`FA`, `a`.`agentprofile`, a.agent_token (SELECT COUNT(*) FROM agent b WHERE b.FA = a.agent_id) AS total_fA
FROM `agent` `a`
ORDER BY `total_fa` DESC
 LIMIT 3', [], false)
 2 APPPATH\Controllers\AdminController.php(74): CodeIgniter\Database\BaseBuilder->get()
 3 APPPATH\Controllers\AdminController.php(59): App\Controllers\AdminController->topagent()
 4 SYSTEMPATH\CodeIgniter.php(919): App\Controllers\AdminController->AdDash()
 5 SYSTEMPATH\CodeIgniter.php(494): CodeIgniter\CodeIgniter->runController(Object(App\Controllers\AdminController))
 6 SYSTEMPATH\CodeIgniter.php(353): CodeIgniter\CodeIgniter->handleRequest(null, Object(Config\Cache), false)
 7 FCPATH\index.php(79): CodeIgniter\CodeIgniter->run()
 8 SYSTEMPATH\Commands\Server\rewrite.php(47): require_once('C:\\CapstoneSystem\\public\\index.php')
CRITICAL - 2024-05-14 22:07:47 --> Trying to access array offset on value of type null
in APPPATH\Views\Agent\subagentprofile.php on line 103.
 1 APPPATH\Views\Agent\subagentprofile.php(103): CodeIgniter\Debug\Exceptions->errorHandler(2, 'Trying to access array offset on value of type null', 'C:\\CapstoneSystem\\app\\Views\\Agent\\subagentprofile.php', 103)
 2 SYSTEMPATH\View\View.php(226): include('C:\\CapstoneSystem\\app\\Views\\Agent\\subagentprofile.php')
 3 SYSTEMPATH\View\View.php(229): CodeIgniter\View\View->CodeIgniter\View\{closure}()
 4 SYSTEMPATH\Common.php(1188): CodeIgniter\View\View->render('Agent/subagentprofile', [], true)
 5 APPPATH\Controllers\ProfileController.php(52): view('Agent/subagentprofile', [...])
 6 SYSTEMPATH\CodeIgniter.php(919): App\Controllers\ProfileController->subagentprofile('<http:', 'localhost:8080', 'uploads', 'def.png')
 7 SYSTEMPATH\CodeIgniter.php(494): CodeIgniter\CodeIgniter->runController(Object(App\Controllers\ProfileController))
 8 SYSTEMPATH\CodeIgniter.php(353): CodeIgniter\CodeIgniter->handleRequest(null, Object(Config\Cache), false)
 9 FCPATH\index.php(79): CodeIgniter\CodeIgniter->run()
10 SYSTEMPATH\Commands\Server\rewrite.php(47): require_once('C:\\CapstoneSystem\\public\\index.php')
CRITICAL - 2024-05-14 22:07:53 --> Trying to access array offset on value of type null
in APPPATH\Views\Agent\subagentprofile.php on line 103.
 1 APPPATH\Views\Agent\subagentprofile.php(103): CodeIgniter\Debug\Exceptions->errorHandler(2, 'Trying to access array offset on value of type null', 'C:\\CapstoneSystem\\app\\Views\\Agent\\subagentprofile.php', 103)
 2 SYSTEMPATH\View\View.php(226): include('C:\\CapstoneSystem\\app\\Views\\Agent\\subagentprofile.php')
 3 SYSTEMPATH\View\View.php(229): CodeIgniter\View\View->CodeIgniter\View\{closure}()
 4 SYSTEMPATH\Common.php(1188): CodeIgniter\View\View->render('Agent/subagentprofile', [], true)
 5 APPPATH\Controllers\ProfileController.php(52): view('Agent/subagentprofile', [...])
 6 SYSTEMPATH\CodeIgniter.php(919): App\Controllers\ProfileController->subagentprofile('<http:', 'localhost:8080', 'uploads', 'def.png')
 7 SYSTEMPATH\CodeIgniter.php(494): CodeIgniter\CodeIgniter->runController(Object(App\Controllers\ProfileController))
 8 SYSTEMPATH\CodeIgniter.php(353): CodeIgniter\CodeIgniter->handleRequest(null, Object(Config\Cache), false)
 9 FCPATH\index.php(79): CodeIgniter\CodeIgniter->run()
10 SYSTEMPATH\Commands\Server\rewrite.php(47): require_once('C:\\CapstoneSystem\\public\\index.php')
CRITICAL - 2024-05-14 22:08:28 --> Trying to access array offset on value of type null
in APPPATH\Views\Agent\subagentprofile.php on line 103.
 1 APPPATH\Views\Agent\subagentprofile.php(103): CodeIgniter\Debug\Exceptions->errorHandler(2, 'Trying to access array offset on value of type null', 'C:\\CapstoneSystem\\app\\Views\\Agent\\subagentprofile.php', 103)
 2 SYSTEMPATH\View\View.php(226): include('C:\\CapstoneSystem\\app\\Views\\Agent\\subagentprofile.php')
 3 SYSTEMPATH\View\View.php(229): CodeIgniter\View\View->CodeIgniter\View\{closure}()
 4 SYSTEMPATH\Common.php(1188): CodeIgniter\View\View->render('Agent/subagentprofile', [], true)
 5 APPPATH\Controllers\ProfileController.php(52): view('Agent/subagentprofile', [...])
 6 SYSTEMPATH\CodeIgniter.php(919): App\Controllers\ProfileController->subagentprofile('<http:', 'localhost:8080', 'uploads', 'def.png')
 7 SYSTEMPATH\CodeIgniter.php(494): CodeIgniter\CodeIgniter->runController(Object(App\Controllers\ProfileController))
 8 SYSTEMPATH\CodeIgniter.php(353): CodeIgniter\CodeIgniter->handleRequest(null, Object(Config\Cache), false)
 9 FCPATH\index.php(79): CodeIgniter\CodeIgniter->run()
10 SYSTEMPATH\Commands\Server\rewrite.php(47): require_once('C:\\CapstoneSystem\\public\\index.php')
CRITICAL - 2024-05-14 22:08:47 --> Trying to access array offset on value of type null
in APPPATH\Views\Agent\subagentprofile.php on line 103.
 1 APPPATH\Views\Agent\subagentprofile.php(103): CodeIgniter\Debug\Exceptions->errorHandler(2, 'Trying to access array offset on value of type null', 'C:\\CapstoneSystem\\app\\Views\\Agent\\subagentprofile.php', 103)
 2 SYSTEMPATH\View\View.php(226): include('C:\\CapstoneSystem\\app\\Views\\Agent\\subagentprofile.php')
 3 SYSTEMPATH\View\View.php(229): CodeIgniter\View\View->CodeIgniter\View\{closure}()
 4 SYSTEMPATH\Common.php(1188): CodeIgniter\View\View->render('Agent/subagentprofile', [], true)
 5 APPPATH\Controllers\ProfileController.php(52): view('Agent/subagentprofile', [...])
 6 SYSTEMPATH\CodeIgniter.php(919): App\Controllers\ProfileController->subagentprofile('<http:', 'localhost:8080', 'uploads', 'def.png')
 7 SYSTEMPATH\CodeIgniter.php(494): CodeIgniter\CodeIgniter->runController(Object(App\Controllers\ProfileController))
 8 SYSTEMPATH\CodeIgniter.php(353): CodeIgniter\CodeIgniter->handleRequest(null, Object(Config\Cache), false)
 9 FCPATH\index.php(79): CodeIgniter\CodeIgniter->run()
10 SYSTEMPATH\Commands\Server\rewrite.php(47): require_once('C:\\CapstoneSystem\\public\\index.php')
CRITICAL - 2024-05-14 22:43:31 --> There is no data to insert.
in SYSTEMPATH\BaseModel.php on line 768.
 1 SYSTEMPATH\BaseModel.php(768): CodeIgniter\Database\Exceptions\DataException::forEmptyDataset('insert')
 2 SYSTEMPATH\Model.php(715): CodeIgniter\BaseModel->insert([], false)
 3 SYSTEMPATH\BaseModel.php(698): CodeIgniter\Model->insert([...], false)
 4 APPPATH\Controllers\AdminController.php(431): CodeIgniter\BaseModel->save([...])
 5 SYSTEMPATH\CodeIgniter.php(919): App\Controllers\AdminController->confirm('13d52d9dc1ecdb519d9ae0f396793517e53d061a9337eb8115')
 6 SYSTEMPATH\CodeIgniter.php(494): CodeIgniter\CodeIgniter->runController(Object(App\Controllers\AdminController))
 7 SYSTEMPATH\CodeIgniter.php(353): CodeIgniter\CodeIgniter->handleRequest(null, Object(Config\Cache), false)
 8 FCPATH\index.php(79): CodeIgniter\CodeIgniter->run()
 9 SYSTEMPATH\Commands\Server\rewrite.php(47): require_once('C:\\CapstoneSystem\\public\\index.php')
