CRITICAL - 2024-02-20 18:31:21 --> Trying to access array offset on value of type null
in APPPATH\Views\Agent\AgProfile.php on line 85.
 1 APPPATH\Views\Agent\AgProfile.php(85): CodeIgniter\Debug\Exceptions->errorHandler(2, 'Trying to access array offset on value of type null', 'D:\\CapstoneSystem\\app\\Views\\Agent\\AgProfile.php', 85)
 2 SYSTEMPATH\View\View.php(226): include('D:\\CapstoneSystem\\app\\Views\\Agent\\AgProfile.php')
 3 SYSTEMPATH\View\View.php(229): CodeIgniter\View\View->CodeIgniter\View\{closure}()
 4 SYSTEMPATH\Common.php(1188): CodeIgniter\View\View->render('Agent/AgProfile', [], true)
 5 APPPATH\Controllers\AgentController.php(39): view('Agent/AgProfile', [...])
 6 SYSTEMPATH\CodeIgniter.php(919): App\Controllers\AgentController->AgProfile()
 7 SYSTEMPATH\CodeIgniter.php(494): CodeIgniter\CodeIgniter->runController(Object(App\Controllers\AgentController))
 8 SYSTEMPATH\CodeIgniter.php(353): CodeIgniter\CodeIgniter->handleRequest(null, Object(Config\Cache), false)
 9 FCPATH\index.php(79): CodeIgniter\CodeIgniter->run()
10 SYSTEMPATH\Commands\Server\rewrite.php(47): require_once('D:\\CapstoneSystem\\public\\index.php')
CRITICAL - 2024-02-20 22:15:38 --> Trying to access array offset on value of type null
in APPPATH\Views\Admin\chop\header.php on line 91.
 1 APPPATH\Views\Admin\chop\header.php(91): CodeIgniter\Debug\Exceptions->errorHandler(2, 'Trying to access array offset on value of type null', 'D:\\CapstoneSystem\\app\\Views\\Admin\\chop\\header.php', 91)
 2 SYSTEMPATH\View\View.php(226): include('D:\\CapstoneSystem\\app\\Views\\Admin\\chop\\header.php')
 3 SYSTEMPATH\View\View.php(229): CodeIgniter\View\View->CodeIgniter\View\{closure}()
 4 SYSTEMPATH\Common.php(1188): CodeIgniter\View\View->render('Admin/chop/header', [], true)
 5 APPPATH\Views\Admin\AdDash.php(7): view('Admin/chop/header')
 6 SYSTEMPATH\View\View.php(226): include('D:\\CapstoneSystem\\app\\Views\\Admin\\AdDash.php')
 7 SYSTEMPATH\View\View.php(229): CodeIgniter\View\View->CodeIgniter\View\{closure}()
 8 SYSTEMPATH\Common.php(1188): CodeIgniter\View\View->render('Admin/AdDash', [], true)
 9 APPPATH\Controllers\AdminController.php(60): view('Admin/AdDash', [...])
10 SYSTEMPATH\CodeIgniter.php(919): App\Controllers\AdminController->AdDash()
11 SYSTEMPATH\CodeIgniter.php(494): CodeIgniter\CodeIgniter->runController(Object(App\Controllers\AdminController))
12 SYSTEMPATH\CodeIgniter.php(353): CodeIgniter\CodeIgniter->handleRequest(null, Object(Config\Cache), false)
13 FCPATH\index.php(79): CodeIgniter\CodeIgniter->run()
14 SYSTEMPATH\Commands\Server\rewrite.php(47): require_once('D:\\CapstoneSystem\\public\\index.php')
CRITICAL - 2024-02-20 22:18:22 --> Trying to access array offset on value of type null
in APPPATH\Views\Admin\chop\header.php on line 91.
 1 APPPATH\Views\Admin\chop\header.php(91): CodeIgniter\Debug\Exceptions->errorHandler(2, 'Trying to access array offset on value of type null', 'D:\\CapstoneSystem\\app\\Views\\Admin\\chop\\header.php', 91)
 2 SYSTEMPATH\View\View.php(226): include('D:\\CapstoneSystem\\app\\Views\\Admin\\chop\\header.php')
 3 SYSTEMPATH\View\View.php(229): CodeIgniter\View\View->CodeIgniter\View\{closure}()
 4 SYSTEMPATH\Common.php(1188): CodeIgniter\View\View->render('Admin/chop/header', [], true)
 5 APPPATH\Views\Admin\AdDash.php(7): view('Admin/chop/header')
 6 SYSTEMPATH\View\View.php(226): include('D:\\CapstoneSystem\\app\\Views\\Admin\\AdDash.php')
 7 SYSTEMPATH\View\View.php(229): CodeIgniter\View\View->CodeIgniter\View\{closure}()
 8 SYSTEMPATH\Common.php(1188): CodeIgniter\View\View->render('Admin/AdDash', [], true)
 9 APPPATH\Controllers\AdminController.php(62): view('Admin/AdDash', [...])
10 SYSTEMPATH\CodeIgniter.php(919): App\Controllers\AdminController->AdDash()
11 SYSTEMPATH\CodeIgniter.php(494): CodeIgniter\CodeIgniter->runController(Object(App\Controllers\AdminController))
12 SYSTEMPATH\CodeIgniter.php(353): CodeIgniter\CodeIgniter->handleRequest(null, Object(Config\Cache), false)
13 FCPATH\index.php(79): CodeIgniter\CodeIgniter->run()
14 SYSTEMPATH\Commands\Server\rewrite.php(47): require_once('D:\\CapstoneSystem\\public\\index.php')
CRITICAL - 2024-02-20 22:33:09 --> Class "Config\Role" not found
in SYSTEMPATH\Filters\Filters.php on line 173.
 1 SYSTEMPATH\CodeIgniter.php(466): CodeIgniter\Filters\Filters->run('authlog', 'before')
 2 SYSTEMPATH\CodeIgniter.php(353): CodeIgniter\CodeIgniter->handleRequest(null, Object(Config\Cache), false)
 3 FCPATH\index.php(79): CodeIgniter\CodeIgniter->run()
 4 SYSTEMPATH\Commands\Server\rewrite.php(47): require_once('D:\\CapstoneSystem\\public\\index.php')
