CRITICAL - 2024-04-13 00:11:59 --> Undefined variable $plan
in APPPATH\Views\Home\home.php on line 294.
 1 APPPATH\Views\Home\home.php(294): CodeIgniter\Debug\Exceptions->errorHandler(2, 'Undefined variable $plan', 'C:\\CapstoneSystem\\app\\Views\\Home\\home.php', 294)
 2 SYSTEMPATH\View\View.php(226): include('C:\\CapstoneSystem\\app\\Views\\Home\\home.php')
 3 SYSTEMPATH\View\View.php(229): CodeIgniter\View\View->CodeIgniter\View\{closure}()
 4 SYSTEMPATH\Common.php(1188): CodeIgniter\View\View->render('Home/home', [], true)
 5 APPPATH\Controllers\HomepageController.php(36): view('Home/home', [...])
 6 SYSTEMPATH\CodeIgniter.php(919): App\Controllers\HomepageController->home()
 7 SYSTEMPATH\CodeIgniter.php(494): CodeIgniter\CodeIgniter->runController(Object(App\Controllers\HomepageController))
 8 SYSTEMPATH\CodeIgniter.php(353): CodeIgniter\CodeIgniter->handleRequest(null, Object(Config\Cache), false)
 9 FCPATH\index.php(79): CodeIgniter\CodeIgniter->run()
10 SYSTEMPATH\Commands\Server\rewrite.php(47): require_once('C:\\CapstoneSystem\\public\\index.php')
CRITICAL - 2024-04-13 00:15:14 --> Undefined variable $plan
in APPPATH\Views\Home\home.php on line 294.
 1 APPPATH\Views\Home\home.php(294): CodeIgniter\Debug\Exceptions->errorHandler(2, 'Undefined variable $plan', 'C:\\CapstoneSystem\\app\\Views\\Home\\home.php', 294)
 2 SYSTEMPATH\View\View.php(226): include('C:\\CapstoneSystem\\app\\Views\\Home\\home.php')
 3 SYSTEMPATH\View\View.php(229): CodeIgniter\View\View->CodeIgniter\View\{closure}()
 4 SYSTEMPATH\Common.php(1188): CodeIgniter\View\View->render('Home/home', [], true)
 5 APPPATH\Controllers\HomepageController.php(41): view('Home/home', [...])
 6 SYSTEMPATH\CodeIgniter.php(919): App\Controllers\HomepageController->home()
 7 SYSTEMPATH\CodeIgniter.php(494): CodeIgniter\CodeIgniter->runController(Object(App\Controllers\HomepageController))
 8 SYSTEMPATH\CodeIgniter.php(353): CodeIgniter\CodeIgniter->handleRequest(null, Object(Config\Cache), false)
 9 FCPATH\index.php(79): CodeIgniter\CodeIgniter->run()
10 SYSTEMPATH\Commands\Server\rewrite.php(47): require_once('C:\\CapstoneSystem\\public\\index.php')
CRITICAL - 2024-04-13 20:07:40 --> Invalid file: "<?=base_url()?>Client/chop/head.php"
in SYSTEMPATH\Exceptions\FrameworkException.php on line 39.
 1 SYSTEMPATH\View\View.php(214): CodeIgniter\Exceptions\FrameworkException::forInvalidFile('<?=base_url()?>Client/chop/head.php')
 2 SYSTEMPATH\Common.php(1188): CodeIgniter\View\View->render('<?=base_url()?>Client/chop/head', [], true)
 3 APPPATH\Views\Client\ServiceDescription.php(4): view('<?=base_url()?>Client/chop/head')
 4 SYSTEMPATH\View\View.php(226): include('C:\\CapstoneSystem\\app\\Views\\Client\\ServiceDescription.php')
 5 SYSTEMPATH\View\View.php(229): CodeIgniter\View\View->CodeIgniter\View\{closure}()
 6 SYSTEMPATH\Common.php(1188): CodeIgniter\View\View->render('Client/ServiceDescription', [], true)
 7 APPPATH\Controllers\ClientController.php(35): view('Client/ServiceDescription')
 8 SYSTEMPATH\CodeIgniter.php(919): App\Controllers\ClientController->ServiceDescription('6a6d8c2aa7024b5a221f3108a2f79fe607b6d9146d3c6c8393313a085ecc3388dc9f54a89d93c0d411a9dd2e981f5bb40634')
 9 SYSTEMPATH\CodeIgniter.php(494): CodeIgniter\CodeIgniter->runController(Object(App\Controllers\ClientController))
10 SYSTEMPATH\CodeIgniter.php(353): CodeIgniter\CodeIgniter->handleRequest(null, Object(Config\Cache), false)
11 FCPATH\index.php(79): CodeIgniter\CodeIgniter->run()
12 SYSTEMPATH\Commands\Server\rewrite.php(47): require_once('C:\\CapstoneSystem\\public\\index.php')
CRITICAL - 2024-04-13 20:07:54 --> Invalid file: "<?=base_url()?>Client/chop/head.php"
in SYSTEMPATH\Exceptions\FrameworkException.php on line 39.
 1 SYSTEMPATH\View\View.php(214): CodeIgniter\Exceptions\FrameworkException::forInvalidFile('<?=base_url()?>Client/chop/head.php')
 2 SYSTEMPATH\Common.php(1188): CodeIgniter\View\View->render('<?=base_url()?>Client/chop/head', [], true)
 3 APPPATH\Views\Client\ServiceDescription.php(4): view('<?=base_url()?>Client/chop/head')
 4 SYSTEMPATH\View\View.php(226): include('C:\\CapstoneSystem\\app\\Views\\Client\\ServiceDescription.php')
 5 SYSTEMPATH\View\View.php(229): CodeIgniter\View\View->CodeIgniter\View\{closure}()
 6 SYSTEMPATH\Common.php(1188): CodeIgniter\View\View->render('Client/ServiceDescription', [], true)
 7 APPPATH\Controllers\ClientController.php(35): view('Client/ServiceDescription')
 8 SYSTEMPATH\CodeIgniter.php(919): App\Controllers\ClientController->ServiceDescription('6a6d8c2aa7024b5a221f3108a2f79fe607b6d9146d3c6c8393313a085ecc3388dc9f54a89d93c0d411a9dd2e981f5bb40634')
 9 SYSTEMPATH\CodeIgniter.php(494): CodeIgniter\CodeIgniter->runController(Object(App\Controllers\ClientController))
10 SYSTEMPATH\CodeIgniter.php(353): CodeIgniter\CodeIgniter->handleRequest(null, Object(Config\Cache), false)
11 FCPATH\index.php(79): CodeIgniter\CodeIgniter->run()
12 SYSTEMPATH\Commands\Server\rewrite.php(47): require_once('C:\\CapstoneSystem\\public\\index.php')
CRITICAL - 2024-04-13 20:31:00 --> Undefined variable $plan
in APPPATH\Controllers\PlanController.php on line 78.
 1 APPPATH\Controllers\PlanController.php(78): CodeIgniter\Debug\Exceptions->errorHandler(2, 'Undefined variable $plan', 'C:\\CapstoneSystem\\app\\Controllers\\PlanController.php', 78)
 2 SYSTEMPATH\CodeIgniter.php(919): App\Controllers\PlanController->newplanUpdate('c9b8a8614f468cd50329ef120a832b7e0c54abdae6d5b1d687baeb61b01c6fad3e5f4697ec094c8416f8e612b84b4620abf6')
 3 SYSTEMPATH\CodeIgniter.php(494): CodeIgniter\CodeIgniter->runController(Object(App\Controllers\PlanController))
 4 SYSTEMPATH\CodeIgniter.php(353): CodeIgniter\CodeIgniter->handleRequest(null, Object(Config\Cache), false)
 5 FCPATH\index.php(79): CodeIgniter\CodeIgniter->run()
 6 SYSTEMPATH\Commands\Server\rewrite.php(47): require_once('C:\\CapstoneSystem\\public\\index.php')
CRITICAL - 2024-04-13 20:31:09 --> Undefined variable $plan
in APPPATH\Controllers\PlanController.php on line 78.
 1 APPPATH\Controllers\PlanController.php(78): CodeIgniter\Debug\Exceptions->errorHandler(2, 'Undefined variable $plan', 'C:\\CapstoneSystem\\app\\Controllers\\PlanController.php', 78)
 2 SYSTEMPATH\CodeIgniter.php(919): App\Controllers\PlanController->newplanUpdate('c9b8a8614f468cd50329ef120a832b7e0c54abdae6d5b1d687baeb61b01c6fad3e5f4697ec094c8416f8e612b84b4620abf6')
 3 SYSTEMPATH\CodeIgniter.php(494): CodeIgniter\CodeIgniter->runController(Object(App\Controllers\PlanController))
 4 SYSTEMPATH\CodeIgniter.php(353): CodeIgniter\CodeIgniter->handleRequest(null, Object(Config\Cache), false)
 5 FCPATH\index.php(79): CodeIgniter\CodeIgniter->run()
 6 SYSTEMPATH\Commands\Server\rewrite.php(47): require_once('C:\\CapstoneSystem\\public\\index.php')
CRITICAL - 2024-04-13 20:32:54 --> Undefined variable $plan
in APPPATH\Controllers\PlanController.php on line 78.
 1 APPPATH\Controllers\PlanController.php(78): CodeIgniter\Debug\Exceptions->errorHandler(2, 'Undefined variable $plan', 'C:\\CapstoneSystem\\app\\Controllers\\PlanController.php', 78)
 2 SYSTEMPATH\CodeIgniter.php(919): App\Controllers\PlanController->newplanUpdate('b72393335f633dcb0183c6e3e470e3217a3babe0862e59414216af13b814843d73bf8c808b7dcfe0fe65a547dcd404591d63')
 3 SYSTEMPATH\CodeIgniter.php(494): CodeIgniter\CodeIgniter->runController(Object(App\Controllers\PlanController))
 4 SYSTEMPATH\CodeIgniter.php(353): CodeIgniter\CodeIgniter->handleRequest(null, Object(Config\Cache), false)
 5 FCPATH\index.php(79): CodeIgniter\CodeIgniter->run()
 6 SYSTEMPATH\Commands\Server\rewrite.php(47): require_once('C:\\CapstoneSystem\\public\\index.php')
CRITICAL - 2024-04-13 21:11:57 --> Undefined variable $pager
in APPPATH\Views\Client\ClientAgent.php on line 245.
 1 APPPATH\Views\Client\ClientAgent.php(245): CodeIgniter\Debug\Exceptions->errorHandler(2, 'Undefined variable $pager', 'C:\\CapstoneSystem\\app\\Views\\Client\\ClientAgent.php', 245)
 2 SYSTEMPATH\View\View.php(226): include('C:\\CapstoneSystem\\app\\Views\\Client\\ClientAgent.php')
 3 SYSTEMPATH\View\View.php(229): CodeIgniter\View\View->CodeIgniter\View\{closure}()
 4 SYSTEMPATH\Common.php(1188): CodeIgniter\View\View->render('Client/ClientAgent', [], true)
 5 APPPATH\Controllers\ClientController.php(44): view('Client/ClientAgent', [...])
 6 SYSTEMPATH\CodeIgniter.php(919): App\Controllers\ClientController->ClientAgent()
 7 SYSTEMPATH\CodeIgniter.php(494): CodeIgniter\CodeIgniter->runController(Object(App\Controllers\ClientController))
 8 SYSTEMPATH\CodeIgniter.php(353): CodeIgniter\CodeIgniter->handleRequest(null, Object(Config\Cache), false)
 9 FCPATH\index.php(79): CodeIgniter\CodeIgniter->run()
10 SYSTEMPATH\Commands\Server\rewrite.php(47): require_once('C:\\CapstoneSystem\\public\\index.php')
CRITICAL - 2024-04-13 21:12:39 --> Undefined variable $pager
in APPPATH\Views\Client\ClientAgent.php on line 245.
 1 APPPATH\Views\Client\ClientAgent.php(245): CodeIgniter\Debug\Exceptions->errorHandler(2, 'Undefined variable $pager', 'C:\\CapstoneSystem\\app\\Views\\Client\\ClientAgent.php', 245)
 2 SYSTEMPATH\View\View.php(226): include('C:\\CapstoneSystem\\app\\Views\\Client\\ClientAgent.php')
 3 SYSTEMPATH\View\View.php(229): CodeIgniter\View\View->CodeIgniter\View\{closure}()
 4 SYSTEMPATH\Common.php(1188): CodeIgniter\View\View->render('Client/ClientAgent', [], true)
 5 APPPATH\Controllers\ClientController.php(44): view('Client/ClientAgent', [...])
 6 SYSTEMPATH\CodeIgniter.php(919): App\Controllers\ClientController->ClientAgent()
 7 SYSTEMPATH\CodeIgniter.php(494): CodeIgniter\CodeIgniter->runController(Object(App\Controllers\ClientController))
 8 SYSTEMPATH\CodeIgniter.php(353): CodeIgniter\CodeIgniter->handleRequest(null, Object(Config\Cache), false)
 9 FCPATH\index.php(79): CodeIgniter\CodeIgniter->run()
10 SYSTEMPATH\Commands\Server\rewrite.php(47): require_once('C:\\CapstoneSystem\\public\\index.php')
CRITICAL - 2024-04-13 21:29:40 --> Undefined variable $agents
in APPPATH\Views\Home\home.php on line 420.
 1 APPPATH\Views\Home\home.php(420): CodeIgniter\Debug\Exceptions->errorHandler(2, 'Undefined variable $agents', 'C:\\CapstoneSystem\\app\\Views\\Home\\home.php', 420)
 2 SYSTEMPATH\View\View.php(226): include('C:\\CapstoneSystem\\app\\Views\\Home\\home.php')
 3 SYSTEMPATH\View\View.php(229): CodeIgniter\View\View->CodeIgniter\View\{closure}()
 4 SYSTEMPATH\Common.php(1188): CodeIgniter\View\View->render('Home/home', [], true)
 5 APPPATH\Controllers\HomepageController.php(41): view('Home/home', [...])
 6 SYSTEMPATH\CodeIgniter.php(919): App\Controllers\HomepageController->home()
 7 SYSTEMPATH\CodeIgniter.php(494): CodeIgniter\CodeIgniter->runController(Object(App\Controllers\HomepageController))
 8 SYSTEMPATH\CodeIgniter.php(353): CodeIgniter\CodeIgniter->handleRequest(null, Object(Config\Cache), false)
 9 FCPATH\index.php(79): CodeIgniter\CodeIgniter->run()
10 SYSTEMPATH\Commands\Server\rewrite.php(47): require_once('C:\\CapstoneSystem\\public\\index.php')
CRITICAL - 2024-04-13 21:32:58 --> Undefined variable $plan
in APPPATH\Views\Home\home.php on line 294.
 1 APPPATH\Views\Home\home.php(294): CodeIgniter\Debug\Exceptions->errorHandler(2, 'Undefined variable $plan', 'C:\\CapstoneSystem\\app\\Views\\Home\\home.php', 294)
 2 SYSTEMPATH\View\View.php(226): include('C:\\CapstoneSystem\\app\\Views\\Home\\home.php')
 3 SYSTEMPATH\View\View.php(229): CodeIgniter\View\View->CodeIgniter\View\{closure}()
 4 SYSTEMPATH\Common.php(1188): CodeIgniter\View\View->render('Home/home', [], true)
 5 APPPATH\Controllers\HomepageController.php(43): view('Home/home', [...])
 6 SYSTEMPATH\CodeIgniter.php(919): App\Controllers\HomepageController->home()
 7 SYSTEMPATH\CodeIgniter.php(494): CodeIgniter\CodeIgniter->runController(Object(App\Controllers\HomepageController))
 8 SYSTEMPATH\CodeIgniter.php(353): CodeIgniter\CodeIgniter->handleRequest(null, Object(Config\Cache), false)
 9 FCPATH\index.php(79): CodeIgniter\CodeIgniter->run()
10 SYSTEMPATH\Commands\Server\rewrite.php(47): require_once('C:\\CapstoneSystem\\public\\index.php')
CRITICAL - 2024-04-13 21:33:07 --> Undefined variable $agents
in APPPATH\Views\Home\home.php on line 420.
 1 APPPATH\Views\Home\home.php(420): CodeIgniter\Debug\Exceptions->errorHandler(2, 'Undefined variable $agents', 'C:\\CapstoneSystem\\app\\Views\\Home\\home.php', 420)
 2 SYSTEMPATH\View\View.php(226): include('C:\\CapstoneSystem\\app\\Views\\Home\\home.php')
 3 SYSTEMPATH\View\View.php(229): CodeIgniter\View\View->CodeIgniter\View\{closure}()
 4 SYSTEMPATH\Common.php(1188): CodeIgniter\View\View->render('Home/home', [], true)
 5 APPPATH\Controllers\HomepageController.php(42): view('Home/home', [...])
 6 SYSTEMPATH\CodeIgniter.php(919): App\Controllers\HomepageController->home()
 7 SYSTEMPATH\CodeIgniter.php(494): CodeIgniter\CodeIgniter->runController(Object(App\Controllers\HomepageController))
 8 SYSTEMPATH\CodeIgniter.php(353): CodeIgniter\CodeIgniter->handleRequest(null, Object(Config\Cache), false)
 9 FCPATH\index.php(79): CodeIgniter\CodeIgniter->run()
10 SYSTEMPATH\Commands\Server\rewrite.php(47): require_once('C:\\CapstoneSystem\\public\\index.php')
CRITICAL - 2024-04-13 21:34:52 --> Undefined array key "Lastname"
in APPPATH\Views\Home\home.php on line 427.
 1 APPPATH\Views\Home\home.php(427): CodeIgniter\Debug\Exceptions->errorHandler(2, 'Undefined array key "Lastname"', 'C:\\CapstoneSystem\\app\\Views\\Home\\home.php', 427)
 2 SYSTEMPATH\View\View.php(226): include('C:\\CapstoneSystem\\app\\Views\\Home\\home.php')
 3 SYSTEMPATH\View\View.php(229): CodeIgniter\View\View->CodeIgniter\View\{closure}()
 4 SYSTEMPATH\Common.php(1188): CodeIgniter\View\View->render('Home/home', [], true)
 5 APPPATH\Controllers\HomepageController.php(43): view('Home/home', [...])
 6 SYSTEMPATH\CodeIgniter.php(919): App\Controllers\HomepageController->home()
 7 SYSTEMPATH\CodeIgniter.php(494): CodeIgniter\CodeIgniter->runController(Object(App\Controllers\HomepageController))
 8 SYSTEMPATH\CodeIgniter.php(353): CodeIgniter\CodeIgniter->handleRequest(null, Object(Config\Cache), false)
 9 FCPATH\index.php(79): CodeIgniter\CodeIgniter->run()
10 SYSTEMPATH\Commands\Server\rewrite.php(47): require_once('C:\\CapstoneSystem\\public\\index.php')
