CRITICAL - 2024-03-09 22:49:11 --> Undefined variable $admin
in APPPATH\Views\Admin\usermanagement.php on line 76.
 1 APPPATH\Views\Admin\usermanagement.php(76): CodeIgniter\Debug\Exceptions->errorHandler(2, 'Undefined variable $admin', 'C:\\CapstoneSystem\\app\\Views\\Admin\\usermanagement.php', 76)
 2 SYSTEMPATH\View\View.php(226): include('C:\\CapstoneSystem\\app\\Views\\Admin\\usermanagement.php')
 3 SYSTEMPATH\View\View.php(229): CodeIgniter\View\View->CodeIgniter\View\{closure}()
 4 SYSTEMPATH\Common.php(1188): CodeIgniter\View\View->render('Admin/usermanagement', [], true)
 5 APPPATH\Controllers\UsersManageController.php(43): view('Admin/usermanagement', [...])
 6 SYSTEMPATH\CodeIgniter.php(919): App\Controllers\UsersManageController->filterusers('agents')
 7 SYSTEMPATH\CodeIgniter.php(494): CodeIgniter\CodeIgniter->runController(Object(App\Controllers\UsersManageController))
 8 SYSTEMPATH\CodeIgniter.php(353): CodeIgniter\CodeIgniter->handleRequest(null, Object(Config\Cache), false)
 9 FCPATH\index.php(79): CodeIgniter\CodeIgniter->run()
10 SYSTEMPATH\Commands\Server\rewrite.php(47): require_once('C:\\CapstoneSystem\\public\\index.php')
CRITICAL - 2024-03-09 22:49:20 --> Undefined variable $admin
in APPPATH\Views\Admin\usermanagement.php on line 76.
 1 APPPATH\Views\Admin\usermanagement.php(76): CodeIgniter\Debug\Exceptions->errorHandler(2, 'Undefined variable $admin', 'C:\\CapstoneSystem\\app\\Views\\Admin\\usermanagement.php', 76)
 2 SYSTEMPATH\View\View.php(226): include('C:\\CapstoneSystem\\app\\Views\\Admin\\usermanagement.php')
 3 SYSTEMPATH\View\View.php(229): CodeIgniter\View\View->CodeIgniter\View\{closure}()
 4 SYSTEMPATH\Common.php(1188): CodeIgniter\View\View->render('Admin/usermanagement', [], true)
 5 APPPATH\Controllers\UsersManageController.php(43): view('Admin/usermanagement', [...])
 6 SYSTEMPATH\CodeIgniter.php(919): App\Controllers\UsersManageController->filterusers('clients')
 7 SYSTEMPATH\CodeIgniter.php(494): CodeIgniter\CodeIgniter->runController(Object(App\Controllers\UsersManageController))
 8 SYSTEMPATH\CodeIgniter.php(353): CodeIgniter\CodeIgniter->handleRequest(null, Object(Config\Cache), false)
 9 FCPATH\index.php(79): CodeIgniter\CodeIgniter->run()
10 SYSTEMPATH\Commands\Server\rewrite.php(47): require_once('C:\\CapstoneSystem\\public\\index.php')
CRITICAL - 2024-03-09 22:54:52 --> Too few arguments to function App\Controllers\UsersManageController::usermanagement(), 0 passed in C:\CapstoneSystem\system\CodeIgniter.php on line 919 and exactly 1 expected
in APPPATH\Controllers\UsersManageController.php on line 33.
 1 SYSTEMPATH\CodeIgniter.php(919): App\Controllers\UsersManageController->usermanagement()
 2 SYSTEMPATH\CodeIgniter.php(494): CodeIgniter\CodeIgniter->runController(Object(App\Controllers\UsersManageController))
 3 SYSTEMPATH\CodeIgniter.php(353): CodeIgniter\CodeIgniter->handleRequest(null, Object(Config\Cache), false)
 4 FCPATH\index.php(79): CodeIgniter\CodeIgniter->run()
 5 SYSTEMPATH\Commands\Server\rewrite.php(47): require_once('C:\\CapstoneSystem\\public\\index.php')
CRITICAL - 2024-03-09 22:55:25 --> Too few arguments to function App\Controllers\UsersManageController::usermanagement(), 0 passed in C:\CapstoneSystem\system\CodeIgniter.php on line 919 and exactly 1 expected
in APPPATH\Controllers\UsersManageController.php on line 33.
 1 SYSTEMPATH\CodeIgniter.php(919): App\Controllers\UsersManageController->usermanagement()
 2 SYSTEMPATH\CodeIgniter.php(494): CodeIgniter\CodeIgniter->runController(Object(App\Controllers\UsersManageController))
 3 SYSTEMPATH\CodeIgniter.php(353): CodeIgniter\CodeIgniter->handleRequest(null, Object(Config\Cache), false)
 4 FCPATH\index.php(79): CodeIgniter\CodeIgniter->run()
 5 SYSTEMPATH\Commands\Server\rewrite.php(47): require_once('C:\\CapstoneSystem\\public\\index.php')
CRITICAL - 2024-03-09 23:52:12 --> Undefined property: App\Controllers\AppController::$applicat
in APPPATH\Controllers\AppController.php on line 61.
 1 APPPATH\Controllers\AppController.php(61): CodeIgniter\Debug\Exceptions->errorHandler(2, 'Undefined property: App\\Controllers\\AppController::$applicat', 'C:\\CapstoneSystem\\app\\Controllers\\AppController.php', 61)
 2 APPPATH\Controllers\AppController.php(294): App\Controllers\AppController->getDataApp()
 3 SYSTEMPATH\CodeIgniter.php(919): App\Controllers\AppController->FA()
 4 SYSTEMPATH\CodeIgniter.php(494): CodeIgniter\CodeIgniter->runController(Object(App\Controllers\AppController))
 5 SYSTEMPATH\CodeIgniter.php(353): CodeIgniter\CodeIgniter->handleRequest(null, Object(Config\Cache), false)
 6 FCPATH\index.php(79): CodeIgniter\CodeIgniter->run()
 7 SYSTEMPATH\Commands\Server\rewrite.php(47): require_once('C:\\CapstoneSystem\\public\\index.php')
CRITICAL - 2024-03-09 23:54:47 --> Undefined property: App\Controllers\AppController::$form
in APPPATH\Controllers\AppController.php on line 79.
 1 APPPATH\Controllers\AppController.php(79): CodeIgniter\Debug\Exceptions->errorHandler(2, 'Undefined property: App\\Controllers\\AppController::$form', 'C:\\CapstoneSystem\\app\\Controllers\\AppController.php', 79)
 2 APPPATH\Controllers\AppController.php(159): App\Controllers\AppController->getform1Data()
 3 SYSTEMPATH\CodeIgniter.php(919): App\Controllers\AppController->AppForm1()
 4 SYSTEMPATH\CodeIgniter.php(494): CodeIgniter\CodeIgniter->runController(Object(App\Controllers\AppController))
 5 SYSTEMPATH\CodeIgniter.php(353): CodeIgniter\CodeIgniter->handleRequest(null, Object(Config\Cache), false)
 6 FCPATH\index.php(79): CodeIgniter\CodeIgniter->run()
 7 SYSTEMPATH\Commands\Server\rewrite.php(47): require_once('C:\\CapstoneSystem\\public\\index.php')
