ERROR - 2024-03-19 19:34:48 --> Email: Unable to send email using SMTP. Your server might not be configured to send mail using this method.
ERROR - 2024-03-19 19:34:48 --> 220 smtp.gmail.com ESMTP w26-20020aa7859a000000b006e55a21ac02sm9544526pfn.152 - gsmtp

hello: 250-smtp.gmail.com at your service, [139.135.241.46]
250-SIZE 35882577
250-8BITMIME
250-STARTTLS
250-ENHANCEDSTATUSCODES
250-PIPELINING
250-CHUNKING
250 SMTPUTF8

starttls: 220 2.0.0 Ready to start TLS

hello: 250-smtp.gmail.com at your service, [139.135.241.46]
250-SIZE 35882577
250-8BITMIME
250-AUTH LOGIN PLAIN XOAUTH2 PLAIN-CLIENTTOKEN OAUTHBEARER XOAUTH
250-ENHANCEDSTATUSCODES
250-PIPELINING
250-CHUNKING
250 SMTPUTF8

Failed to authenticate password. Error: 535-5.7.8 Username and Password not accepted. For more information, go to
535 5.7.8  https://support.google.com/mail/?p=BadCredentials w26-20020aa7859a000000b006e55a21ac02sm9544526pfn.152 - gsmtp

