CRITICAL - 2024-03-25 00:00:37 --> Undefined variable $chat
in APPPATH\Views\rtc\chat.php on line 26.
 1 APPPATH\Views\rtc\chat.php(26): CodeIgniter\Debug\Exceptions->errorHandler(2, 'Undefined variable $chat', 'C:\\CapstoneSystem\\app\\Views\\rtc\\chat.php', 26)
 2 SYSTEMPATH\View\View.php(226): include('C:\\CapstoneSystem\\app\\Views\\rtc\\chat.php')
 3 SYSTEMPATH\View\View.php(229): CodeIgniter\View\View->CodeIgniter\View\{closure}()
 4 SYSTEMPATH\Common.php(1188): CodeIgniter\View\View->render('rtc/chat', [], true)
 5 APPPATH\Views\Applicant\AppDash.php(186): view('rtc/chat')
 6 SYSTEMPATH\View\View.php(226): include('C:\\CapstoneSystem\\app\\Views\\Applicant\\AppDash.php')
 7 SYSTEMPATH\View\View.php(229): CodeIgniter\View\View->CodeIgniter\View\{closure}()
 8 SYSTEMPATH\Common.php(1188): CodeIgniter\View\View->render('Applicant/AppDash', [], true)
 9 APPPATH\Controllers\AppController.php(34): view('Applicant/AppDash', [...])
10 SYSTEMPATH\CodeIgniter.php(919): App\Controllers\AppController->AppDash()
11 SYSTEMPATH\CodeIgniter.php(494): CodeIgniter\CodeIgniter->runController(Object(App\Controllers\AppController))
12 SYSTEMPATH\CodeIgniter.php(353): CodeIgniter\CodeIgniter->handleRequest(null, Object(Config\Cache), false)
13 FCPATH\index.php(79): CodeIgniter\CodeIgniter->run()
14 SYSTEMPATH\Commands\Server\rewrite.php(47): require_once('C:\\CapstoneSystem\\public\\index.php')
CRITICAL - 2024-03-25 00:00:38 --> Undefined variable $chat
in APPPATH\Views\rtc\chat.php on line 26.
 1 APPPATH\Views\rtc\chat.php(26): CodeIgniter\Debug\Exceptions->errorHandler(2, 'Undefined variable $chat', 'C:\\CapstoneSystem\\app\\Views\\rtc\\chat.php', 26)
 2 SYSTEMPATH\View\View.php(226): include('C:\\CapstoneSystem\\app\\Views\\rtc\\chat.php')
 3 SYSTEMPATH\View\View.php(229): CodeIgniter\View\View->CodeIgniter\View\{closure}()
 4 SYSTEMPATH\Common.php(1188): CodeIgniter\View\View->render('rtc/chat', [], true)
 5 APPPATH\Views\Applicant\AppDash.php(186): view('rtc/chat')
 6 SYSTEMPATH\View\View.php(226): include('C:\\CapstoneSystem\\app\\Views\\Applicant\\AppDash.php')
 7 SYSTEMPATH\View\View.php(229): CodeIgniter\View\View->CodeIgniter\View\{closure}()
 8 SYSTEMPATH\Common.php(1188): CodeIgniter\View\View->render('Applicant/AppDash', [], true)
 9 APPPATH\Controllers\AppController.php(34): view('Applicant/AppDash', [...])
10 SYSTEMPATH\CodeIgniter.php(919): App\Controllers\AppController->AppDash()
11 SYSTEMPATH\CodeIgniter.php(494): CodeIgniter\CodeIgniter->runController(Object(App\Controllers\AppController))
12 SYSTEMPATH\CodeIgniter.php(353): CodeIgniter\CodeIgniter->handleRequest(null, Object(Config\Cache), false)
13 FCPATH\index.php(79): CodeIgniter\CodeIgniter->run()
14 SYSTEMPATH\Commands\Server\rewrite.php(47): require_once('C:\\CapstoneSystem\\public\\index.php')
CRITICAL - 2024-03-25 00:00:38 --> Undefined variable $chat
in APPPATH\Views\rtc\chat.php on line 26.
 1 APPPATH\Views\rtc\chat.php(26): CodeIgniter\Debug\Exceptions->errorHandler(2, 'Undefined variable $chat', 'C:\\CapstoneSystem\\app\\Views\\rtc\\chat.php', 26)
 2 SYSTEMPATH\View\View.php(226): include('C:\\CapstoneSystem\\app\\Views\\rtc\\chat.php')
 3 SYSTEMPATH\View\View.php(229): CodeIgniter\View\View->CodeIgniter\View\{closure}()
 4 SYSTEMPATH\Common.php(1188): CodeIgniter\View\View->render('rtc/chat', [], true)
 5 APPPATH\Views\Applicant\AppDash.php(186): view('rtc/chat')
 6 SYSTEMPATH\View\View.php(226): include('C:\\CapstoneSystem\\app\\Views\\Applicant\\AppDash.php')
 7 SYSTEMPATH\View\View.php(229): CodeIgniter\View\View->CodeIgniter\View\{closure}()
 8 SYSTEMPATH\Common.php(1188): CodeIgniter\View\View->render('Applicant/AppDash', [], true)
 9 APPPATH\Controllers\AppController.php(34): view('Applicant/AppDash', [...])
10 SYSTEMPATH\CodeIgniter.php(919): App\Controllers\AppController->AppDash()
11 SYSTEMPATH\CodeIgniter.php(494): CodeIgniter\CodeIgniter->runController(Object(App\Controllers\AppController))
12 SYSTEMPATH\CodeIgniter.php(353): CodeIgniter\CodeIgniter->handleRequest(null, Object(Config\Cache), false)
13 FCPATH\index.php(79): CodeIgniter\CodeIgniter->run()
14 SYSTEMPATH\Commands\Server\rewrite.php(47): require_once('C:\\CapstoneSystem\\public\\index.php')
CRITICAL - 2024-03-25 00:31:41 --> array_merge(): Argument #3 must be of type array, string given
in APPPATH\Controllers\AppController.php on line 36.
 1 APPPATH\Controllers\AppController.php(36): array_merge([...], [...], '<head>
        <meta charset="utf-8">
        <meta name="viewport" content="width=device-width, initial-scale=1">
        <meta name="description" content="">
        <meta name="author" content="Tooplate">

        <title>ALLIANZ PNB</title>
    
        <link rel="preconnect" href="https://fonts.googleapis.com">
        <link rel="preconnect" href="https://fonts.gstatic.com" crossorigin>
        <link rel="stylesheet" href="https://cdnjs.cloudflare.com/ajax/libs/font-awesome/5.15.3/css/all.min.css">
        <link href="https://fonts.googleapis.com/css2?family=Unbounded:wght@300;400;700&display=swap" rel="stylesheet">
        <link href="http://localhost:8080/AdminInfo/css/bootstrap.min.css" rel="stylesheet">
        <link href="http://localhost:8080/AdminInfo/css/bootstrap-icons.css" rel="stylesheet">
        <link href="http://localhost:8080/AdminInfo/css/apexcharts.css" rel="stylesheet">
        <link href="http://localhost:8080/AdminInfo/css/tooplate-mini-finance.css" rel="stylesheet">
        <link href="http://localhost:8080/home/css/chat.css" rel="stylesheet">
        <link rel="shortcut icon" href="http://localhost:8080/home/images/allianzlogo1.png" />
    </head><div class="fixed-button">
    <button class="btn btn-primary" id="openMessageModal">
        <i class="fas fa-envelope"></i> <!-- Font Awesome message icon -->
        <span class="badge bg-danger"></span> <!-- Add the span element with the number 4 -->
    </button>
</div>

<div id="messageModal" class="message-modal col-md-3">
    <div class="box box-succsses direct-chat direct-chat-primary">
        <div class="box-header with-border">
            <h3 class="box-title">Chat Messages</h3>

            <div class="box-tools pull-right">
                <span data-toggle="tooltip" title="" class="badge bg-yellow"
                    data-original-title="3 New Messages">20</span>
                <button type="button" class="btn btn-box-tool" data-widget="remove" onclick="closeMessageModal()">
                    <i class="fa fa-times"></i>
                </button>
            </div>
        </div>
        <div class="box-body">
            <div class="direct-chat-messages">
                <ul>
                                            <li class="repaly">
                            <p>
                                Hi                            </p>
                            <span class="time">

                            </span>
                        </li>
                                    </ul>
            </div>
        </div>
        <div class="box-footer">
            <form action="#" method="post">
                <div class="input-group">
                    <input type="text" name="message" placeholder="Type Message ..." class="form-control">
                    <span class="input-group-btn">
                        <button type="button" class="btn btn-warning btn-flat">Send</button>
                    </span>
                </div>
            </form>
        </div>

    </div>
</div>
        <!-- JAVASCRIPT FILES -->
        <script src="http://localhost:8080/AdminInfo/js/jquery.min.js"></script>
        <script src="http://localhost:8080/AdminInfo/js/bootstrap.bundle.min.js"></script>
        <script src="http://localhost:8080/AdminInfo/js/apexcharts.min.js"></script>
        <script src="http://localhost:8080/AdminInfo/js/custom.js"></script>


        <script type="text/javascript">
        document.getElementById(\'openMessageModal\').addEventListener(\'click\', function () {
            document.getElementById(\'messageModal\').style.display = \'block\';
        });

        document.addEventListener(\'click\', function (e) {
            if (e.target.id !== \'openMessageModal\' && !document.getElementById(\'messageModal\').contains(e.target)) {
                document.getElementById(\'messageModal\').style.display = \'none\';
            }
        });

        function closeMessageModal() {
            document.getElementById(\'messageModal\').style.display = \'none\';
        }
    </script>

')
 2 SYSTEMPATH\CodeIgniter.php(919): App\Controllers\AppController->AppDash()
 3 SYSTEMPATH\CodeIgniter.php(494): CodeIgniter\CodeIgniter->runController(Object(App\Controllers\AppController))
 4 SYSTEMPATH\CodeIgniter.php(353): CodeIgniter\CodeIgniter->handleRequest(null, Object(Config\Cache), false)
 5 FCPATH\index.php(79): CodeIgniter\CodeIgniter->run()
 6 SYSTEMPATH\Commands\Server\rewrite.php(47): require_once('C:\\CapstoneSystem\\public\\index.php')
CRITICAL - 2024-03-25 00:41:27 --> Undefined array key "time_diff"
in APPPATH\Views\rtc\chat.php on line 38.
 1 APPPATH\Views\rtc\chat.php(38): CodeIgniter\Debug\Exceptions->errorHandler(2, 'Undefined array key "time_diff"', 'C:\\CapstoneSystem\\app\\Views\\rtc\\chat.php', 38)
 2 SYSTEMPATH\View\View.php(226): include('C:\\CapstoneSystem\\app\\Views\\rtc\\chat.php')
 3 SYSTEMPATH\View\View.php(229): CodeIgniter\View\View->CodeIgniter\View\{closure}()
 4 SYSTEMPATH\Common.php(1188): CodeIgniter\View\View->render('rtc/chat', [], true)
 5 APPPATH\Views\Applicant\AppDash.php(186): view('rtc/chat')
 6 SYSTEMPATH\View\View.php(226): include('C:\\CapstoneSystem\\app\\Views\\Applicant\\AppDash.php')
 7 SYSTEMPATH\View\View.php(229): CodeIgniter\View\View->CodeIgniter\View\{closure}()
 8 SYSTEMPATH\Common.php(1188): CodeIgniter\View\View->render('Applicant/AppDash', [], true)
 9 APPPATH\Controllers\AppController.php(37): view('Applicant/AppDash', [...])
10 SYSTEMPATH\CodeIgniter.php(919): App\Controllers\AppController->AppDash()
11 SYSTEMPATH\CodeIgniter.php(494): CodeIgniter\CodeIgniter->runController(Object(App\Controllers\AppController))
12 SYSTEMPATH\CodeIgniter.php(353): CodeIgniter\CodeIgniter->handleRequest(null, Object(Config\Cache), false)
13 FCPATH\index.php(79): CodeIgniter\CodeIgniter->run()
14 SYSTEMPATH\Commands\Server\rewrite.php(47): require_once('C:\\CapstoneSystem\\public\\index.php')
CRITICAL - 2024-03-25 00:41:42 --> Undefined array key "time_diff"
in APPPATH\Views\rtc\chat.php on line 37.
 1 APPPATH\Views\rtc\chat.php(37): CodeIgniter\Debug\Exceptions->errorHandler(2, 'Undefined array key "time_diff"', 'C:\\CapstoneSystem\\app\\Views\\rtc\\chat.php', 37)
 2 SYSTEMPATH\View\View.php(226): include('C:\\CapstoneSystem\\app\\Views\\rtc\\chat.php')
 3 SYSTEMPATH\View\View.php(229): CodeIgniter\View\View->CodeIgniter\View\{closure}()
 4 SYSTEMPATH\Common.php(1188): CodeIgniter\View\View->render('rtc/chat', [], true)
 5 APPPATH\Views\Applicant\AppDash.php(186): view('rtc/chat')
 6 SYSTEMPATH\View\View.php(226): include('C:\\CapstoneSystem\\app\\Views\\Applicant\\AppDash.php')
 7 SYSTEMPATH\View\View.php(229): CodeIgniter\View\View->CodeIgniter\View\{closure}()
 8 SYSTEMPATH\Common.php(1188): CodeIgniter\View\View->render('Applicant/AppDash', [], true)
 9 APPPATH\Controllers\AppController.php(37): view('Applicant/AppDash', [...])
10 SYSTEMPATH\CodeIgniter.php(919): App\Controllers\AppController->AppDash()
11 SYSTEMPATH\CodeIgniter.php(494): CodeIgniter\CodeIgniter->runController(Object(App\Controllers\AppController))
12 SYSTEMPATH\CodeIgniter.php(353): CodeIgniter\CodeIgniter->handleRequest(null, Object(Config\Cache), false)
13 FCPATH\index.php(79): CodeIgniter\CodeIgniter->run()
14 SYSTEMPATH\Commands\Server\rewrite.php(47): require_once('C:\\CapstoneSystem\\public\\index.php')
CRITICAL - 2024-03-25 00:42:14 --> array_merge(): Argument #3 must be of type array, string given
in APPPATH\Controllers\AppController.php on line 36.
 1 APPPATH\Controllers\AppController.php(36): array_merge([...], [...], '<head>
        <meta charset="utf-8">
        <meta name="viewport" content="width=device-width, initial-scale=1">
        <meta name="description" content="">
        <meta name="author" content="Tooplate">

        <title>ALLIANZ PNB</title>
    
        <link rel="preconnect" href="https://fonts.googleapis.com">
        <link rel="preconnect" href="https://fonts.gstatic.com" crossorigin>
        <link rel="stylesheet" href="https://cdnjs.cloudflare.com/ajax/libs/font-awesome/5.15.3/css/all.min.css">
        <link href="https://fonts.googleapis.com/css2?family=Unbounded:wght@300;400;700&display=swap" rel="stylesheet">
        <link href="http://localhost:8080/AdminInfo/css/bootstrap.min.css" rel="stylesheet">
        <link href="http://localhost:8080/AdminInfo/css/bootstrap-icons.css" rel="stylesheet">
        <link href="http://localhost:8080/AdminInfo/css/apexcharts.css" rel="stylesheet">
        <link href="http://localhost:8080/AdminInfo/css/tooplate-mini-finance.css" rel="stylesheet">
        <link href="http://localhost:8080/home/css/chat.css" rel="stylesheet">
        <link rel="shortcut icon" href="http://localhost:8080/home/images/allianzlogo1.png" />
    </head><div class="fixed-button">
    <button class="btn btn-primary" id="openMessageModal">
        <i class="fas fa-envelope"></i> <!-- Font Awesome message icon -->
        <span class="badge bg-danger"></span> <!-- Add the span element with the number 4 -->
    </button>
</div>

<div id="messageModal" class="message-modal col-md-3">
    <div class="box box-succsses direct-chat direct-chat-primary">
        <div class="box-header with-border">
            <h3 class="box-title">Chat Messages</h3>

            <div class="box-tools pull-right">
                <span data-toggle="tooltip" title="" class="badge bg-yellow"
                    data-original-title="3 New Messages">20</span>
                <button type="button" class="btn btn-box-tool" data-widget="remove" onclick="closeMessageModal()">
                    <i class="fa fa-times"></i>
                </button>
            </div>
        </div>
        <div class="box-body">
            <div class="direct-chat-messages">
                <ul>
                                            <li class="repaly">
                            <p>
                                Hi                            </p>
                            <span class="time">2 hour(s) 40 minute(s) 55 second(s) </span> 
                        </li>
                                            <li class="repaly">
                            <p>
                                qwe                            </p>
                            <span class="time">8 minute(s) 48 second(s) </span> 
                        </li>
                                            <li class="repaly">
                            <p>
                                try                            </p>
                            <span class="time">5 minute(s) 50 second(s) </span> 
                        </li>
                                            <li class="repaly">
                            <p>
                                qwe                            </p>
                            <span class="time">5 minute(s) 29 second(s) </span> 
                        </li>
                                            <li class="repaly">
                            <p>
                                qwe                            </p>
                            <span class="time">4 minute(s) 53 second(s) </span> 
                        </li>
                                    </ul>
            </div>
        </div>
        <div class="box-footer">
            <form action="chat" method="post">
                <div class="input-group">
                    <input type="hidden" name="sendto" value="107">
                    <input type="text" name="message" placeholder="Type Message ..." class="form-control">
                    <span class="input-group-btn">
                        <!-- <button type="button" class="btn btn-warning btn-flat">Send</button> -->
                        <input type="submit" class="btn btn-primary" value="Send">
                    </span>
                </div>
            </form>
        </div>

    </div>
</div>
        <!-- JAVASCRIPT FILES -->
        <script src="http://localhost:8080/AdminInfo/js/jquery.min.js"></script>
        <script src="http://localhost:8080/AdminInfo/js/bootstrap.bundle.min.js"></script>
        <script src="http://localhost:8080/AdminInfo/js/apexcharts.min.js"></script>
        <script src="http://localhost:8080/AdminInfo/js/custom.js"></script>


        <script type="text/javascript">
        document.getElementById(\'openMessageModal\').addEventListener(\'click\', function () {
            document.getElementById(\'messageModal\').style.display = \'block\';
        });

        document.addEventListener(\'click\', function (e) {
            if (e.target.id !== \'openMessageModal\' && !document.getElementById(\'messageModal\').contains(e.target)) {
                document.getElementById(\'messageModal\').style.display = \'none\';
            }
        });

        function closeMessageModal() {
            document.getElementById(\'messageModal\').style.display = \'none\';
        }
    </script>

')
 2 SYSTEMPATH\CodeIgniter.php(919): App\Controllers\AppController->AppDash()
 3 SYSTEMPATH\CodeIgniter.php(494): CodeIgniter\CodeIgniter->runController(Object(App\Controllers\AppController))
 4 SYSTEMPATH\CodeIgniter.php(353): CodeIgniter\CodeIgniter->handleRequest(null, Object(Config\Cache), false)
 5 FCPATH\index.php(79): CodeIgniter\CodeIgniter->run()
 6 SYSTEMPATH\Commands\Server\rewrite.php(47): require_once('C:\\CapstoneSystem\\public\\index.php')
