ERROR - 2024-04-02 22:12:07 --> mysqli_sql_exception: Unknown column 'refcode' in 'where clause' in C:\CapstoneSystem\system\Database\MySQLi\Connection.php:306
Stack trace:
#0 C:\CapstoneSystem\system\Database\MySQLi\Connection.php(306): mysqli->query('SELECT *\nFROM `...', 0)
#1 C:\CapstoneSystem\system\Database\BaseConnection.php(692): CodeIgniter\Database\MySQLi\Connection->execute('SELECT *\nFROM `...')
#2 C:\CapstoneSystem\system\Database\BaseConnection.php(606): CodeIgniter\Database\BaseConnection->simpleQuery('SELECT *\nFROM `...')
#3 C:\CapstoneSystem\system\Database\BaseBuilder.php(1615): CodeIgniter\Database\BaseConnection->query('SELECT *\nFROM `...', Array, false)
#4 C:\CapstoneSystem\system\Model.php(264): CodeIgniter\Database\BaseBuilder->get()
#5 C:\CapstoneSystem\system\BaseModel.php(662): CodeIgniter\Model->doFirst()
#6 C:\CapstoneSystem\app\Controllers\AdminController.php(225): CodeIgniter\BaseModel->first()
#7 C:\CapstoneSystem\system\CodeIgniter.php(919): App\Controllers\AdminController->newAgent('678bc581b50ea68...')
#8 C:\CapstoneSystem\system\CodeIgniter.php(494): CodeIgniter\CodeIgniter->runController(Object(App\Controllers\AdminController))
#9 C:\CapstoneSystem\system\CodeIgniter.php(353): CodeIgniter\CodeIgniter->handleRequest(NULL, Object(Config\Cache), false)
#10 C:\CapstoneSystem\public\index.php(79): CodeIgniter\CodeIgniter->run()
#11 C:\CapstoneSystem\system\Commands\Server\rewrite.php(47): require_once('C:\\CapstoneSyst...')
#12 {main}
CRITICAL - 2024-04-02 22:12:07 --> Unknown column 'refcode' in 'where clause'
in SYSTEMPATH\Database\BaseConnection.php on line 646.
 1 SYSTEMPATH\Database\BaseBuilder.php(1615): CodeIgniter\Database\BaseConnection->query('SELECT *
FROM `agent`
WHERE `refcode` = :refcode:
 LIMIT 1', [...], false)
 2 SYSTEMPATH\Model.php(264): CodeIgniter\Database\BaseBuilder->get()
 3 SYSTEMPATH\BaseModel.php(662): CodeIgniter\Model->doFirst()
 4 APPPATH\Controllers\AdminController.php(225): CodeIgniter\BaseModel->first()
 5 SYSTEMPATH\CodeIgniter.php(919): App\Controllers\AdminController->newAgent('678bc581b50ea68cd98743d9394190b3b9dbf313e9dd3efc')
 6 SYSTEMPATH\CodeIgniter.php(494): CodeIgniter\CodeIgniter->runController(Object(App\Controllers\AdminController))
 7 SYSTEMPATH\CodeIgniter.php(353): CodeIgniter\CodeIgniter->handleRequest(null, Object(Config\Cache), false)
 8 FCPATH\index.php(79): CodeIgniter\CodeIgniter->run()
 9 SYSTEMPATH\Commands\Server\rewrite.php(47): require_once('C:\\CapstoneSystem\\public\\index.php')
ERROR - 2024-04-02 22:18:17 --> mysqli_sql_exception: Unknown column 'refcode' in 'where clause' in C:\CapstoneSystem\system\Database\MySQLi\Connection.php:306
Stack trace:
#0 C:\CapstoneSystem\system\Database\MySQLi\Connection.php(306): mysqli->query('SELECT *\nFROM `...', 0)
#1 C:\CapstoneSystem\system\Database\BaseConnection.php(692): CodeIgniter\Database\MySQLi\Connection->execute('SELECT *\nFROM `...')
#2 C:\CapstoneSystem\system\Database\BaseConnection.php(606): CodeIgniter\Database\BaseConnection->simpleQuery('SELECT *\nFROM `...')
#3 C:\CapstoneSystem\system\Database\BaseBuilder.php(1615): CodeIgniter\Database\BaseConnection->query('SELECT *\nFROM `...', Array, false)
#4 C:\CapstoneSystem\system\Model.php(264): CodeIgniter\Database\BaseBuilder->get()
#5 C:\CapstoneSystem\system\BaseModel.php(662): CodeIgniter\Model->doFirst()
#6 C:\CapstoneSystem\app\Controllers\AdminController.php(226): CodeIgniter\BaseModel->first()
#7 C:\CapstoneSystem\system\CodeIgniter.php(919): App\Controllers\AdminController->newAgent('678bc581b50ea68...')
#8 C:\CapstoneSystem\system\CodeIgniter.php(494): CodeIgniter\CodeIgniter->runController(Object(App\Controllers\AdminController))
#9 C:\CapstoneSystem\system\CodeIgniter.php(353): CodeIgniter\CodeIgniter->handleRequest(NULL, Object(Config\Cache), false)
#10 C:\CapstoneSystem\public\index.php(79): CodeIgniter\CodeIgniter->run()
#11 C:\CapstoneSystem\system\Commands\Server\rewrite.php(47): require_once('C:\\CapstoneSyst...')
#12 {main}
CRITICAL - 2024-04-02 22:18:17 --> Unknown column 'refcode' in 'where clause'
in SYSTEMPATH\Database\BaseConnection.php on line 646.
 1 SYSTEMPATH\Database\BaseBuilder.php(1615): CodeIgniter\Database\BaseConnection->query('SELECT *
FROM `agent`
WHERE `refcode` = :refcode:
 LIMIT 1', [...], false)
 2 SYSTEMPATH\Model.php(264): CodeIgniter\Database\BaseBuilder->get()
 3 SYSTEMPATH\BaseModel.php(662): CodeIgniter\Model->doFirst()
 4 APPPATH\Controllers\AdminController.php(226): CodeIgniter\BaseModel->first()
 5 SYSTEMPATH\CodeIgniter.php(919): App\Controllers\AdminController->newAgent('678bc581b50ea68cd98743d9394190b3b9dbf313e9dd3efc')
 6 SYSTEMPATH\CodeIgniter.php(494): CodeIgniter\CodeIgniter->runController(Object(App\Controllers\AdminController))
 7 SYSTEMPATH\CodeIgniter.php(353): CodeIgniter\CodeIgniter->handleRequest(null, Object(Config\Cache), false)
 8 FCPATH\index.php(79): CodeIgniter\CodeIgniter->run()
 9 SYSTEMPATH\Commands\Server\rewrite.php(47): require_once('C:\\CapstoneSystem\\public\\index.php')
CRITICAL - 2024-04-02 23:22:12 --> Invalid file: "Home/registration/123.php"
in SYSTEMPATH\Exceptions\FrameworkException.php on line 39.
 1 SYSTEMPATH\View\View.php(214): CodeIgniter\Exceptions\FrameworkException::forInvalidFile('Home/registration/123.php')
 2 SYSTEMPATH\Common.php(1188): CodeIgniter\View\View->render('Home/registration/123', [], true)
 3 APPPATH\Controllers\HomepageController.php(226): view('Home/registration/123')
 4 SYSTEMPATH\CodeIgniter.php(919): App\Controllers\HomepageController->registration('asd')
 5 SYSTEMPATH\CodeIgniter.php(494): CodeIgniter\CodeIgniter->runController(Object(App\Controllers\HomepageController))
 6 SYSTEMPATH\CodeIgniter.php(353): CodeIgniter\CodeIgniter->handleRequest(null, Object(Config\Cache), false)
 7 FCPATH\index.php(79): CodeIgniter\CodeIgniter->run()
 8 SYSTEMPATH\Commands\Server\rewrite.php(47): require_once('C:\\CapstoneSystem\\public\\index.php')
CRITICAL - 2024-04-02 23:35:47 --> Too few arguments to function App\Controllers\HomepageController::register(), 0 passed in C:\CapstoneSystem\system\CodeIgniter.php on line 919 and exactly 1 expected
in APPPATH\Controllers\HomepageController.php on line 47.
 1 SYSTEMPATH\CodeIgniter.php(919): App\Controllers\HomepageController->register()
 2 SYSTEMPATH\CodeIgniter.php(494): CodeIgniter\CodeIgniter->runController(Object(App\Controllers\HomepageController))
 3 SYSTEMPATH\CodeIgniter.php(353): CodeIgniter\CodeIgniter->handleRequest(null, Object(Config\Cache), false)
 4 FCPATH\index.php(79): CodeIgniter\CodeIgniter->run()
 5 SYSTEMPATH\Commands\Server\rewrite.php(47): require_once('C:\\CapstoneSystem\\public\\index.php')
CRITICAL - 2024-04-02 23:36:22 --> Too few arguments to function App\Controllers\HomepageController::register(), 0 passed in C:\CapstoneSystem\system\CodeIgniter.php on line 919 and exactly 1 expected
in APPPATH\Controllers\HomepageController.php on line 47.
 1 SYSTEMPATH\CodeIgniter.php(919): App\Controllers\HomepageController->register()
 2 SYSTEMPATH\CodeIgniter.php(494): CodeIgniter\CodeIgniter->runController(Object(App\Controllers\HomepageController))
 3 SYSTEMPATH\CodeIgniter.php(353): CodeIgniter\CodeIgniter->handleRequest(null, Object(Config\Cache), false)
 4 FCPATH\index.php(79): CodeIgniter\CodeIgniter->run()
 5 SYSTEMPATH\Commands\Server\rewrite.php(47): require_once('C:\\CapstoneSystem\\public\\index.php')
CRITICAL - 2024-04-02 23:41:03 --> Too few arguments to function App\Controllers\HomepageController::Authreg(), 0 passed in C:\CapstoneSystem\system\CodeIgniter.php on line 919 and exactly 1 expected
in APPPATH\Controllers\HomepageController.php on line 60.
 1 SYSTEMPATH\CodeIgniter.php(919): App\Controllers\HomepageController->Authreg()
 2 SYSTEMPATH\CodeIgniter.php(494): CodeIgniter\CodeIgniter->runController(Object(App\Controllers\HomepageController))
 3 SYSTEMPATH\CodeIgniter.php(353): CodeIgniter\CodeIgniter->handleRequest(null, Object(Config\Cache), false)
 4 FCPATH\index.php(79): CodeIgniter\CodeIgniter->run()
 5 SYSTEMPATH\Commands\Server\rewrite.php(47): require_once('C:\\CapstoneSystem\\public\\index.php')
CRITICAL - 2024-04-02 23:47:05 --> Undefined variable $ref
in APPPATH\Views\Home\register.php on line 50.
 1 APPPATH\Views\Home\register.php(50): CodeIgniter\Debug\Exceptions->errorHandler(2, 'Undefined variable $ref', 'C:\\CapstoneSystem\\app\\Views\\Home\\register.php', 50)
 2 SYSTEMPATH\View\View.php(226): include('C:\\CapstoneSystem\\app\\Views\\Home\\register.php')
 3 SYSTEMPATH\View\View.php(229): CodeIgniter\View\View->CodeIgniter\View\{closure}()
 4 SYSTEMPATH\Common.php(1188): CodeIgniter\View\View->render('Home/register', [], true)
 5 APPPATH\Controllers\HomepageController.php(60): view('Home/register')
 6 SYSTEMPATH\CodeIgniter.php(919): App\Controllers\HomepageController->register('a')
 7 SYSTEMPATH\CodeIgniter.php(494): CodeIgniter\CodeIgniter->runController(Object(App\Controllers\HomepageController))
 8 SYSTEMPATH\CodeIgniter.php(353): CodeIgniter\CodeIgniter->handleRequest(null, Object(Config\Cache), false)
 9 FCPATH\index.php(79): CodeIgniter\CodeIgniter->run()
10 SYSTEMPATH\Commands\Server\rewrite.php(47): require_once('C:\\CapstoneSystem\\public\\index.php')
CRITICAL - 2024-04-02 23:48:02 --> Undefined variable $applicantData
in APPPATH\Controllers\HomepageController.php on line 153.
 1 APPPATH\Controllers\HomepageController.php(153): CodeIgniter\Debug\Exceptions->errorHandler(2, 'Undefined variable $applicantData', 'C:\\CapstoneSystem\\app\\Controllers\\HomepageController.php', 153)
 2 SYSTEMPATH\CodeIgniter.php(919): App\Controllers\HomepageController->Authreg('a')
 3 SYSTEMPATH\CodeIgniter.php(494): CodeIgniter\CodeIgniter->runController(Object(App\Controllers\HomepageController))
 4 SYSTEMPATH\CodeIgniter.php(353): CodeIgniter\CodeIgniter->handleRequest(null, Object(Config\Cache), false)
 5 FCPATH\index.php(79): CodeIgniter\CodeIgniter->run()
 6 SYSTEMPATH\Commands\Server\rewrite.php(47): require_once('C:\\CapstoneSystem\\public\\index.php')
