CRITICAL - 2024-04-04 00:10:34 --> Trying to access array offset on value of type null
in APPPATH\Views\Admin\Forms\details.php on line 795.
 1 APPPATH\Views\Admin\Forms\details.php(795): CodeIgniter\Debug\Exceptions->errorHandler(2, 'Trying to access array offset on value of type null', 'C:\\CapstoneSystem\\app\\Views\\Admin\\Forms\\details.php', 795)
 2 SYSTEMPATH\View\View.php(226): include('C:\\CapstoneSystem\\app\\Views\\Admin\\Forms\\details.php')
 3 SYSTEMPATH\View\View.php(229): CodeIgniter\View\View->CodeIgniter\View\{closure}()
 4 SYSTEMPATH\Common.php(1188): CodeIgniter\View\View->render('Admin/Forms/details', [], true)
 5 APPPATH\Controllers\AdminController.php(205): view('Admin/Forms/details', [...])
 6 SYSTEMPATH\CodeIgniter.php(919): App\Controllers\AdminController->viewAppForm('logo.png')
 7 SYSTEMPATH\CodeIgniter.php(494): CodeIgniter\CodeIgniter->runController(Object(App\Controllers\AdminController))
 8 SYSTEMPATH\CodeIgniter.php(353): CodeIgniter\CodeIgniter->handleRequest(null, Object(Config\Cache), false)
 9 FCPATH\index.php(79): CodeIgniter\CodeIgniter->run()
10 SYSTEMPATH\Commands\Server\rewrite.php(47): require_once('C:\\CapstoneSystem\\public\\index.php')
CRITICAL - 2024-04-04 00:11:24 --> Trying to access array offset on value of type null
in APPPATH\Views\Admin\Forms\details.php on line 795.
 1 APPPATH\Views\Admin\Forms\details.php(795): CodeIgniter\Debug\Exceptions->errorHandler(2, 'Trying to access array offset on value of type null', 'C:\\CapstoneSystem\\app\\Views\\Admin\\Forms\\details.php', 795)
 2 SYSTEMPATH\View\View.php(226): include('C:\\CapstoneSystem\\app\\Views\\Admin\\Forms\\details.php')
 3 SYSTEMPATH\View\View.php(229): CodeIgniter\View\View->CodeIgniter\View\{closure}()
 4 SYSTEMPATH\Common.php(1188): CodeIgniter\View\View->render('Admin/Forms/details', [], true)
 5 APPPATH\Controllers\AdminController.php(205): view('Admin/Forms/details', [...])
 6 SYSTEMPATH\CodeIgniter.php(919): App\Controllers\AdminController->viewAppForm('logo.png')
 7 SYSTEMPATH\CodeIgniter.php(494): CodeIgniter\CodeIgniter->runController(Object(App\Controllers\AdminController))
 8 SYSTEMPATH\CodeIgniter.php(353): CodeIgniter\CodeIgniter->handleRequest(null, Object(Config\Cache), false)
 9 FCPATH\index.php(79): CodeIgniter\CodeIgniter->run()
10 SYSTEMPATH\Commands\Server\rewrite.php(47): require_once('C:\\CapstoneSystem\\public\\index.php')
