ERROR - 2024-03-07 20:31:35 --> Error connecting to the database: mysqli_sql_exception: No connection could be made because the target machine actively refused it in C:\CapstoneSystem\system\Database\MySQLi\Connection.php:185
Stack trace:
#0 C:\CapstoneSystem\system\Database\MySQLi\Connection.php(185): mysqli->real_connect('localhost', 'root', '', 'erecruit', 3306, '', 0)
#1 C:\CapstoneSystem\system\Database\BaseConnection.php(391): CodeIgniter\Database\MySQLi\Connection->connect(false)
#2 C:\CapstoneSystem\system\Database\BaseConnection.php(574): CodeIgniter\Database\BaseConnection->initialize()
#3 C:\CapstoneSystem\system\Database\BaseBuilder.php(1615): CodeIgniter\Database\BaseConnection->query('SELECT *\nFROM `...', Array, false)
#4 C:\CapstoneSystem\system\Model.php(264): CodeIgniter\Database\BaseBuilder->get()
#5 C:\CapstoneSystem\system\BaseModel.php(662): CodeIgniter\Model->doFirst()
#6 C:\CapstoneSystem\app\Controllers\HomepageController.php(195): CodeIgniter\BaseModel->first()
#7 C:\CapstoneSystem\system\CodeIgniter.php(919): App\Controllers\HomepageController->authlog()
#8 C:\CapstoneSystem\system\CodeIgniter.php(494): CodeIgniter\CodeIgniter->runController(Object(App\Controllers\HomepageController))
#9 C:\CapstoneSystem\system\CodeIgniter.php(353): CodeIgniter\CodeIgniter->handleRequest(NULL, Object(Config\Cache), false)
#10 C:\CapstoneSystem\public\index.php(79): CodeIgniter\CodeIgniter->run()
#11 C:\CapstoneSystem\system\Commands\Server\rewrite.php(47): require_once('C:\\CapstoneSyst...')
#12 {main}

Next CodeIgniter\Database\Exceptions\DatabaseException: No connection could be made because the target machine actively refused it in C:\CapstoneSystem\system\Database\MySQLi\Connection.php:229
Stack trace:
#0 C:\CapstoneSystem\system\Database\BaseConnection.php(391): CodeIgniter\Database\MySQLi\Connection->connect(false)
#1 C:\CapstoneSystem\system\Database\BaseConnection.php(574): CodeIgniter\Database\BaseConnection->initialize()
#2 C:\CapstoneSystem\system\Database\BaseBuilder.php(1615): CodeIgniter\Database\BaseConnection->query('SELECT *\nFROM `...', Array, false)
#3 C:\CapstoneSystem\system\Model.php(264): CodeIgniter\Database\BaseBuilder->get()
#4 C:\CapstoneSystem\system\BaseModel.php(662): CodeIgniter\Model->doFirst()
#5 C:\CapstoneSystem\app\Controllers\HomepageController.php(195): CodeIgniter\BaseModel->first()
#6 C:\CapstoneSystem\system\CodeIgniter.php(919): App\Controllers\HomepageController->authlog()
#7 C:\CapstoneSystem\system\CodeIgniter.php(494): CodeIgniter\CodeIgniter->runController(Object(App\Controllers\HomepageController))
#8 C:\CapstoneSystem\system\CodeIgniter.php(353): CodeIgniter\CodeIgniter->handleRequest(NULL, Object(Config\Cache), false)
#9 C:\CapstoneSystem\public\index.php(79): CodeIgniter\CodeIgniter->run()
#10 C:\CapstoneSystem\system\Commands\Server\rewrite.php(47): require_once('C:\\CapstoneSyst...')
#11 {main}
CRITICAL - 2024-03-07 20:31:35 --> Unable to connect to the database.
Main connection [MySQLi]: No connection could be made because the target machine actively refused it
in SYSTEMPATH\Database\BaseConnection.php on line 427.
 1 SYSTEMPATH\Database\BaseConnection.php(574): CodeIgniter\Database\BaseConnection->initialize()
 2 SYSTEMPATH\Database\BaseBuilder.php(1615): CodeIgniter\Database\BaseConnection->query('SELECT *
FROM `users`
WHERE `email` = :email:
 LIMIT 1', [...], false)
 3 SYSTEMPATH\Model.php(264): CodeIgniter\Database\BaseBuilder->get()
 4 SYSTEMPATH\BaseModel.php(662): CodeIgniter\Model->doFirst()
 5 APPPATH\Controllers\HomepageController.php(195): CodeIgniter\BaseModel->first()
 6 SYSTEMPATH\CodeIgniter.php(919): App\Controllers\HomepageController->authlog()
 7 SYSTEMPATH\CodeIgniter.php(494): CodeIgniter\CodeIgniter->runController(Object(App\Controllers\HomepageController))
 8 SYSTEMPATH\CodeIgniter.php(353): CodeIgniter\CodeIgniter->handleRequest(null, Object(Config\Cache), false)
 9 FCPATH\index.php(79): CodeIgniter\CodeIgniter->run()
10 SYSTEMPATH\Commands\Server\rewrite.php(47): require_once('C:\\CapstoneSystem\\public\\index.php')
CRITICAL - 2024-03-07 21:03:01 --> Trying to access array offset on value of type null
in APPPATH\Views\Admin\details.php on line 253.
 1 APPPATH\Views\Admin\details.php(253): CodeIgniter\Debug\Exceptions->errorHandler(2, 'Trying to access array offset on value of type null', 'C:\\CapstoneSystem\\app\\Views\\Admin\\details.php', 253)
 2 SYSTEMPATH\View\View.php(226): include('C:\\CapstoneSystem\\app\\Views\\Admin\\details.php')
 3 SYSTEMPATH\View\View.php(229): CodeIgniter\View\View->CodeIgniter\View\{closure}()
 4 SYSTEMPATH\Common.php(1188): CodeIgniter\View\View->render('Admin/details', [], true)
 5 APPPATH\Controllers\AdminController.php(174): view('Admin/details', [...])
 6 SYSTEMPATH\CodeIgniter.php(919): App\Controllers\AdminController->viewAppForm('fe1acc0f7424c413008113258112a2171d08f3e149b4933b')
 7 SYSTEMPATH\CodeIgniter.php(494): CodeIgniter\CodeIgniter->runController(Object(App\Controllers\AdminController))
 8 SYSTEMPATH\CodeIgniter.php(353): CodeIgniter\CodeIgniter->handleRequest(null, Object(Config\Cache), false)
 9 FCPATH\index.php(79): CodeIgniter\CodeIgniter->run()
10 SYSTEMPATH\Commands\Server\rewrite.php(47): require_once('C:\\CapstoneSystem\\public\\index.php')
CRITICAL - 2024-03-07 21:03:24 --> Undefined variable $agent
in APPPATH\Views\Admin\applicantprofile.php on line 68.
 1 APPPATH\Views\Admin\applicantprofile.php(68): CodeIgniter\Debug\Exceptions->errorHandler(2, 'Undefined variable $agent', 'C:\\CapstoneSystem\\app\\Views\\Admin\\applicantprofile.php', 68)
 2 SYSTEMPATH\View\View.php(226): include('C:\\CapstoneSystem\\app\\Views\\Admin\\applicantprofile.php')
 3 SYSTEMPATH\View\View.php(229): CodeIgniter\View\View->CodeIgniter\View\{closure}()
 4 SYSTEMPATH\Common.php(1188): CodeIgniter\View\View->render('Admin/applicantprofile', [], true)
 5 APPPATH\Controllers\ProfileController.php(33): view('Admin/applicantprofile', [...])
 6 SYSTEMPATH\CodeIgniter.php(919): App\Controllers\ProfileController->applicantprofile('fe1acc0f7424c413008113258112a2171d08f3e149b4933b')
 7 SYSTEMPATH\CodeIgniter.php(494): CodeIgniter\CodeIgniter->runController(Object(App\Controllers\ProfileController))
 8 SYSTEMPATH\CodeIgniter.php(353): CodeIgniter\CodeIgniter->handleRequest(null, Object(Config\Cache), false)
 9 FCPATH\index.php(79): CodeIgniter\CodeIgniter->run()
10 SYSTEMPATH\Commands\Server\rewrite.php(47): require_once('C:\\CapstoneSystem\\public\\index.php')
CRITICAL - 2024-03-07 21:03:41 --> Undefined variable $agent
in APPPATH\Views\Admin\applicantprofile.php on line 68.
 1 APPPATH\Views\Admin\applicantprofile.php(68): CodeIgniter\Debug\Exceptions->errorHandler(2, 'Undefined variable $agent', 'C:\\CapstoneSystem\\app\\Views\\Admin\\applicantprofile.php', 68)
 2 SYSTEMPATH\View\View.php(226): include('C:\\CapstoneSystem\\app\\Views\\Admin\\applicantprofile.php')
 3 SYSTEMPATH\View\View.php(229): CodeIgniter\View\View->CodeIgniter\View\{closure}()
 4 SYSTEMPATH\Common.php(1188): CodeIgniter\View\View->render('Admin/applicantprofile', [], true)
 5 APPPATH\Controllers\ProfileController.php(33): view('Admin/applicantprofile', [...])
 6 SYSTEMPATH\CodeIgniter.php(919): App\Controllers\ProfileController->applicantprofile('fe1acc0f7424c413008113258112a2171d08f3e149b4933b')
 7 SYSTEMPATH\CodeIgniter.php(494): CodeIgniter\CodeIgniter->runController(Object(App\Controllers\ProfileController))
 8 SYSTEMPATH\CodeIgniter.php(353): CodeIgniter\CodeIgniter->handleRequest(null, Object(Config\Cache), false)
 9 FCPATH\index.php(79): CodeIgniter\CodeIgniter->run()
10 SYSTEMPATH\Commands\Server\rewrite.php(47): require_once('C:\\CapstoneSystem\\public\\index.php')
CRITICAL - 2024-03-07 21:03:54 --> Undefined variable $applicant
in APPPATH\Views\Admin\applicantprofile.php on line 68.
 1 APPPATH\Views\Admin\applicantprofile.php(68): CodeIgniter\Debug\Exceptions->errorHandler(2, 'Undefined variable $applicant', 'C:\\CapstoneSystem\\app\\Views\\Admin\\applicantprofile.php', 68)
 2 SYSTEMPATH\View\View.php(226): include('C:\\CapstoneSystem\\app\\Views\\Admin\\applicantprofile.php')
 3 SYSTEMPATH\View\View.php(229): CodeIgniter\View\View->CodeIgniter\View\{closure}()
 4 SYSTEMPATH\Common.php(1188): CodeIgniter\View\View->render('Admin/applicantprofile', [], true)
 5 APPPATH\Controllers\ProfileController.php(33): view('Admin/applicantprofile', [...])
 6 SYSTEMPATH\CodeIgniter.php(919): App\Controllers\ProfileController->applicantprofile('fe1acc0f7424c413008113258112a2171d08f3e149b4933b')
 7 SYSTEMPATH\CodeIgniter.php(494): CodeIgniter\CodeIgniter->runController(Object(App\Controllers\ProfileController))
 8 SYSTEMPATH\CodeIgniter.php(353): CodeIgniter\CodeIgniter->handleRequest(null, Object(Config\Cache), false)
 9 FCPATH\index.php(79): CodeIgniter\CodeIgniter->run()
10 SYSTEMPATH\Commands\Server\rewrite.php(47): require_once('C:\\CapstoneSystem\\public\\index.php')
CRITICAL - 2024-03-07 21:04:35 --> Undefined variable $agent
in APPPATH\Views\Admin\applicantprofile.php on line 80.
 1 APPPATH\Views\Admin\applicantprofile.php(80): CodeIgniter\Debug\Exceptions->errorHandler(2, 'Undefined variable $agent', 'C:\\CapstoneSystem\\app\\Views\\Admin\\applicantprofile.php', 80)
 2 SYSTEMPATH\View\View.php(226): include('C:\\CapstoneSystem\\app\\Views\\Admin\\applicantprofile.php')
 3 SYSTEMPATH\View\View.php(229): CodeIgniter\View\View->CodeIgniter\View\{closure}()
 4 SYSTEMPATH\Common.php(1188): CodeIgniter\View\View->render('Admin/applicantprofile', [], true)
 5 APPPATH\Controllers\ProfileController.php(33): view('Admin/applicantprofile', [...])
 6 SYSTEMPATH\CodeIgniter.php(919): App\Controllers\ProfileController->applicantprofile('fe1acc0f7424c413008113258112a2171d08f3e149b4933b')
 7 SYSTEMPATH\CodeIgniter.php(494): CodeIgniter\CodeIgniter->runController(Object(App\Controllers\ProfileController))
 8 SYSTEMPATH\CodeIgniter.php(353): CodeIgniter\CodeIgniter->handleRequest(null, Object(Config\Cache), false)
 9 FCPATH\index.php(79): CodeIgniter\CodeIgniter->run()
10 SYSTEMPATH\Commands\Server\rewrite.php(47): require_once('C:\\CapstoneSystem\\public\\index.php')
CRITICAL - 2024-03-07 21:05:28 --> Undefined variable $agent
in APPPATH\Views\Admin\applicantprofile.php on line 140.
 1 APPPATH\Views\Admin\applicantprofile.php(140): CodeIgniter\Debug\Exceptions->errorHandler(2, 'Undefined variable $agent', 'C:\\CapstoneSystem\\app\\Views\\Admin\\applicantprofile.php', 140)
 2 SYSTEMPATH\View\View.php(226): include('C:\\CapstoneSystem\\app\\Views\\Admin\\applicantprofile.php')
 3 SYSTEMPATH\View\View.php(229): CodeIgniter\View\View->CodeIgniter\View\{closure}()
 4 SYSTEMPATH\Common.php(1188): CodeIgniter\View\View->render('Admin/applicantprofile', [], true)
 5 APPPATH\Controllers\ProfileController.php(33): view('Admin/applicantprofile', [...])
 6 SYSTEMPATH\CodeIgniter.php(919): App\Controllers\ProfileController->applicantprofile('fe1acc0f7424c413008113258112a2171d08f3e149b4933b')
 7 SYSTEMPATH\CodeIgniter.php(494): CodeIgniter\CodeIgniter->runController(Object(App\Controllers\ProfileController))
 8 SYSTEMPATH\CodeIgniter.php(353): CodeIgniter\CodeIgniter->handleRequest(null, Object(Config\Cache), false)
 9 FCPATH\index.php(79): CodeIgniter\CodeIgniter->run()
10 SYSTEMPATH\Commands\Server\rewrite.php(47): require_once('C:\\CapstoneSystem\\public\\index.php')
CRITICAL - 2024-03-07 21:08:10 --> Undefined variable $agent
in APPPATH\Views\Admin\applicantprofile.php on line 164.
 1 APPPATH\Views\Admin\applicantprofile.php(164): CodeIgniter\Debug\Exceptions->errorHandler(2, 'Undefined variable $agent', 'C:\\CapstoneSystem\\app\\Views\\Admin\\applicantprofile.php', 164)
 2 SYSTEMPATH\View\View.php(226): include('C:\\CapstoneSystem\\app\\Views\\Admin\\applicantprofile.php')
 3 SYSTEMPATH\View\View.php(229): CodeIgniter\View\View->CodeIgniter\View\{closure}()
 4 SYSTEMPATH\Common.php(1188): CodeIgniter\View\View->render('Admin/applicantprofile', [], true)
 5 APPPATH\Controllers\ProfileController.php(33): view('Admin/applicantprofile', [...])
 6 SYSTEMPATH\CodeIgniter.php(919): App\Controllers\ProfileController->applicantprofile('fe1acc0f7424c413008113258112a2171d08f3e149b4933b')
 7 SYSTEMPATH\CodeIgniter.php(494): CodeIgniter\CodeIgniter->runController(Object(App\Controllers\ProfileController))
 8 SYSTEMPATH\CodeIgniter.php(353): CodeIgniter\CodeIgniter->handleRequest(null, Object(Config\Cache), false)
 9 FCPATH\index.php(79): CodeIgniter\CodeIgniter->run()
10 SYSTEMPATH\Commands\Server\rewrite.php(47): require_once('C:\\CapstoneSystem\\public\\index.php')
CRITICAL - 2024-03-07 21:09:20 --> Undefined variable $FA
in APPPATH\Views\Admin\applicantprofile.php on line 198.
 1 APPPATH\Views\Admin\applicantprofile.php(198): CodeIgniter\Debug\Exceptions->errorHandler(2, 'Undefined variable $FA', 'C:\\CapstoneSystem\\app\\Views\\Admin\\applicantprofile.php', 198)
 2 SYSTEMPATH\View\View.php(226): include('C:\\CapstoneSystem\\app\\Views\\Admin\\applicantprofile.php')
 3 SYSTEMPATH\View\View.php(229): CodeIgniter\View\View->CodeIgniter\View\{closure}()
 4 SYSTEMPATH\Common.php(1188): CodeIgniter\View\View->render('Admin/applicantprofile', [], true)
 5 APPPATH\Controllers\ProfileController.php(33): view('Admin/applicantprofile', [...])
 6 SYSTEMPATH\CodeIgniter.php(919): App\Controllers\ProfileController->applicantprofile('fe1acc0f7424c413008113258112a2171d08f3e149b4933b')
 7 SYSTEMPATH\CodeIgniter.php(494): CodeIgniter\CodeIgniter->runController(Object(App\Controllers\ProfileController))
 8 SYSTEMPATH\CodeIgniter.php(353): CodeIgniter\CodeIgniter->handleRequest(null, Object(Config\Cache), false)
 9 FCPATH\index.php(79): CodeIgniter\CodeIgniter->run()
10 SYSTEMPATH\Commands\Server\rewrite.php(47): require_once('C:\\CapstoneSystem\\public\\index.php')
CRITICAL - 2024-03-07 21:09:32 --> Undefined variable $agent
in APPPATH\Views\Admin\applicantprofile.php on line 187.
 1 APPPATH\Views\Admin\applicantprofile.php(187): CodeIgniter\Debug\Exceptions->errorHandler(2, 'Undefined variable $agent', 'C:\\CapstoneSystem\\app\\Views\\Admin\\applicantprofile.php', 187)
 2 SYSTEMPATH\View\View.php(226): include('C:\\CapstoneSystem\\app\\Views\\Admin\\applicantprofile.php')
 3 SYSTEMPATH\View\View.php(229): CodeIgniter\View\View->CodeIgniter\View\{closure}()
 4 SYSTEMPATH\Common.php(1188): CodeIgniter\View\View->render('Admin/applicantprofile', [], true)
 5 APPPATH\Controllers\ProfileController.php(33): view('Admin/applicantprofile', [...])
 6 SYSTEMPATH\CodeIgniter.php(919): App\Controllers\ProfileController->applicantprofile('fe1acc0f7424c413008113258112a2171d08f3e149b4933b')
 7 SYSTEMPATH\CodeIgniter.php(494): CodeIgniter\CodeIgniter->runController(Object(App\Controllers\ProfileController))
 8 SYSTEMPATH\CodeIgniter.php(353): CodeIgniter\CodeIgniter->handleRequest(null, Object(Config\Cache), false)
 9 FCPATH\index.php(79): CodeIgniter\CodeIgniter->run()
10 SYSTEMPATH\Commands\Server\rewrite.php(47): require_once('C:\\CapstoneSystem\\public\\index.php')
CRITICAL - 2024-03-07 21:11:36 --> Trying to access array offset on value of type null
in APPPATH\Views\Admin\details.php on line 253.
 1 APPPATH\Views\Admin\details.php(253): CodeIgniter\Debug\Exceptions->errorHandler(2, 'Trying to access array offset on value of type null', 'C:\\CapstoneSystem\\app\\Views\\Admin\\details.php', 253)
 2 SYSTEMPATH\View\View.php(226): include('C:\\CapstoneSystem\\app\\Views\\Admin\\details.php')
 3 SYSTEMPATH\View\View.php(229): CodeIgniter\View\View->CodeIgniter\View\{closure}()
 4 SYSTEMPATH\Common.php(1188): CodeIgniter\View\View->render('Admin/details', [], true)
 5 APPPATH\Controllers\AdminController.php(174): view('Admin/details', [...])
 6 SYSTEMPATH\CodeIgniter.php(919): App\Controllers\AdminController->viewAppForm('<')
 7 SYSTEMPATH\CodeIgniter.php(494): CodeIgniter\CodeIgniter->runController(Object(App\Controllers\AdminController))
 8 SYSTEMPATH\CodeIgniter.php(353): CodeIgniter\CodeIgniter->handleRequest(null, Object(Config\Cache), false)
 9 FCPATH\index.php(79): CodeIgniter\CodeIgniter->run()
10 SYSTEMPATH\Commands\Server\rewrite.php(47): require_once('C:\\CapstoneSystem\\public\\index.php')
CRITICAL - 2024-03-07 23:29:27 --> Undefined variable $user
in APPPATH\Views\Admin\usermanagement.php on line 76.
 1 APPPATH\Views\Admin\usermanagement.php(76): CodeIgniter\Debug\Exceptions->errorHandler(2, 'Undefined variable $user', 'C:\\CapstoneSystem\\app\\Views\\Admin\\usermanagement.php', 76)
 2 SYSTEMPATH\View\View.php(226): include('C:\\CapstoneSystem\\app\\Views\\Admin\\usermanagement.php')
 3 SYSTEMPATH\View\View.php(229): CodeIgniter\View\View->CodeIgniter\View\{closure}()
 4 SYSTEMPATH\Common.php(1188): CodeIgniter\View\View->render('Admin/usermanagement', [], true)
 5 APPPATH\Controllers\UsersManageController.php(11): view('Admin/usermanagement')
 6 SYSTEMPATH\CodeIgniter.php(919): App\Controllers\UsersManageController->usermanagement()
 7 SYSTEMPATH\CodeIgniter.php(494): CodeIgniter\CodeIgniter->runController(Object(App\Controllers\UsersManageController))
 8 SYSTEMPATH\CodeIgniter.php(353): CodeIgniter\CodeIgniter->handleRequest(null, Object(Config\Cache), false)
 9 FCPATH\index.php(79): CodeIgniter\CodeIgniter->run()
10 SYSTEMPATH\Commands\Server\rewrite.php(47): require_once('C:\\CapstoneSystem\\public\\index.php')
CRITICAL - 2024-03-07 23:35:26 --> Undefined variable $user
in APPPATH\Views\Admin\usermanagement.php on line 76.
 1 APPPATH\Views\Admin\usermanagement.php(76): CodeIgniter\Debug\Exceptions->errorHandler(2, 'Undefined variable $user', 'C:\\CapstoneSystem\\app\\Views\\Admin\\usermanagement.php', 76)
 2 SYSTEMPATH\View\View.php(226): include('C:\\CapstoneSystem\\app\\Views\\Admin\\usermanagement.php')
 3 SYSTEMPATH\View\View.php(229): CodeIgniter\View\View->CodeIgniter\View\{closure}()
 4 SYSTEMPATH\Common.php(1188): CodeIgniter\View\View->render('Admin/usermanagement', [], true)
 5 APPPATH\Controllers\UsersManageController.php(31): view('Admin/usermanagement', [...])
 6 SYSTEMPATH\CodeIgniter.php(919): App\Controllers\UsersManageController->usermanagement()
 7 SYSTEMPATH\CodeIgniter.php(494): CodeIgniter\CodeIgniter->runController(Object(App\Controllers\UsersManageController))
 8 SYSTEMPATH\CodeIgniter.php(353): CodeIgniter\CodeIgniter->handleRequest(null, Object(Config\Cache), false)
 9 FCPATH\index.php(79): CodeIgniter\CodeIgniter->run()
10 SYSTEMPATH\Commands\Server\rewrite.php(47): require_once('C:\\CapstoneSystem\\public\\index.php')
CRITICAL - 2024-03-07 23:36:36 --> Undefined variable $totalAgents
in APPPATH\Views\Admin\usermanagement.php on line 418.
 1 APPPATH\Views\Admin\usermanagement.php(418): CodeIgniter\Debug\Exceptions->errorHandler(2, 'Undefined variable $totalAgents', 'C:\\CapstoneSystem\\app\\Views\\Admin\\usermanagement.php', 418)
 2 SYSTEMPATH\View\View.php(226): include('C:\\CapstoneSystem\\app\\Views\\Admin\\usermanagement.php')
 3 SYSTEMPATH\View\View.php(229): CodeIgniter\View\View->CodeIgniter\View\{closure}()
 4 SYSTEMPATH\Common.php(1188): CodeIgniter\View\View->render('Admin/usermanagement', [], true)
 5 APPPATH\Controllers\UsersManageController.php(31): view('Admin/usermanagement', [...])
 6 SYSTEMPATH\CodeIgniter.php(919): App\Controllers\UsersManageController->usermanagement()
 7 SYSTEMPATH\CodeIgniter.php(494): CodeIgniter\CodeIgniter->runController(Object(App\Controllers\UsersManageController))
 8 SYSTEMPATH\CodeIgniter.php(353): CodeIgniter\CodeIgniter->handleRequest(null, Object(Config\Cache), false)
 9 FCPATH\index.php(79): CodeIgniter\CodeIgniter->run()
10 SYSTEMPATH\Commands\Server\rewrite.php(47): require_once('C:\\CapstoneSystem\\public\\index.php')
