ERROR - 2023-12-18 11:37:10 --> Error connecting to the database: mysqli_sql_exception: No connection could be made because the target machine actively refused it in D:\ProjectSystem\system\Database\MySQLi\Connection.php:185
Stack trace:
#0 D:\ProjectSystem\system\Database\MySQLi\Connection.php(185): mysqli->real_connect('localhost', 'root', '', 'erecruit', 3306, '', 0)
#1 D:\ProjectSystem\system\Database\BaseConnection.php(391): CodeIgniter\Database\MySQLi\Connection->connect(false)
#2 D:\ProjectSystem\system\Database\BaseConnection.php(574): CodeIgniter\Database\BaseConnection->initialize()
#3 D:\ProjectSystem\system\Database\BaseBuilder.php(1615): CodeIgniter\Database\BaseConnection->query('SELECT *\nFROM `...', Array, false)
#4 D:\ProjectSystem\system\Model.php(264): CodeIgniter\Database\BaseBuilder->get()
#5 D:\ProjectSystem\system\BaseModel.php(662): CodeIgniter\Model->doFirst()
#6 D:\ProjectSystem\app\Controllers\HomepageController.php(175): CodeIgniter\BaseModel->first()
#7 D:\ProjectSystem\system\CodeIgniter.php(919): App\Controllers\HomepageController->authlog()
#8 D:\ProjectSystem\system\CodeIgniter.php(494): CodeIgniter\CodeIgniter->runController(Object(App\Controllers\HomepageController))
#9 D:\ProjectSystem\system\CodeIgniter.php(353): CodeIgniter\CodeIgniter->handleRequest(NULL, Object(Config\Cache), false)
#10 D:\ProjectSystem\public\index.php(79): CodeIgniter\CodeIgniter->run()
#11 D:\ProjectSystem\system\Commands\Server\rewrite.php(47): require_once('D:\\ProjectSyste...')
#12 {main}

Next CodeIgniter\Database\Exceptions\DatabaseException: No connection could be made because the target machine actively refused it in D:\ProjectSystem\system\Database\MySQLi\Connection.php:229
Stack trace:
#0 D:\ProjectSystem\system\Database\BaseConnection.php(391): CodeIgniter\Database\MySQLi\Connection->connect(false)
#1 D:\ProjectSystem\system\Database\BaseConnection.php(574): CodeIgniter\Database\BaseConnection->initialize()
#2 D:\ProjectSystem\system\Database\BaseBuilder.php(1615): CodeIgniter\Database\BaseConnection->query('SELECT *\nFROM `...', Array, false)
#3 D:\ProjectSystem\system\Model.php(264): CodeIgniter\Database\BaseBuilder->get()
#4 D:\ProjectSystem\system\BaseModel.php(662): CodeIgniter\Model->doFirst()
#5 D:\ProjectSystem\app\Controllers\HomepageController.php(175): CodeIgniter\BaseModel->first()
#6 D:\ProjectSystem\system\CodeIgniter.php(919): App\Controllers\HomepageController->authlog()
#7 D:\ProjectSystem\system\CodeIgniter.php(494): CodeIgniter\CodeIgniter->runController(Object(App\Controllers\HomepageController))
#8 D:\ProjectSystem\system\CodeIgniter.php(353): CodeIgniter\CodeIgniter->handleRequest(NULL, Object(Config\Cache), false)
#9 D:\ProjectSystem\public\index.php(79): CodeIgniter\CodeIgniter->run()
#10 D:\ProjectSystem\system\Commands\Server\rewrite.php(47): require_once('D:\\ProjectSyste...')
#11 {main}
CRITICAL - 2023-12-18 11:37:10 --> Unable to connect to the database.
Main connection [MySQLi]: No connection could be made because the target machine actively refused it
in SYSTEMPATH\Database\BaseConnection.php on line 427.
 1 SYSTEMPATH\Database\BaseConnection.php(574): CodeIgniter\Database\BaseConnection->initialize()
 2 SYSTEMPATH\Database\BaseBuilder.php(1615): CodeIgniter\Database\BaseConnection->query('SELECT *
FROM `users`
WHERE `email` = :email:
 LIMIT 1', [...], false)
 3 SYSTEMPATH\Model.php(264): CodeIgniter\Database\BaseBuilder->get()
 4 SYSTEMPATH\BaseModel.php(662): CodeIgniter\Model->doFirst()
 5 APPPATH\Controllers\HomepageController.php(175): CodeIgniter\BaseModel->first()
 6 SYSTEMPATH\CodeIgniter.php(919): App\Controllers\HomepageController->authlog()
 7 SYSTEMPATH\CodeIgniter.php(494): CodeIgniter\CodeIgniter->runController(Object(App\Controllers\HomepageController))
 8 SYSTEMPATH\CodeIgniter.php(353): CodeIgniter\CodeIgniter->handleRequest(null, Object(Config\Cache), false)
 9 FCPATH\index.php(79): CodeIgniter\CodeIgniter->run()
10 SYSTEMPATH\Commands\Server\rewrite.php(47): require_once('D:\\ProjectSystem\\public\\index.php')
CRITICAL - 2023-12-18 11:43:57 --> Undefined variable $user
in APPPATH\Views\Admin\chop\header.php on line 145.
 1 APPPATH\Views\Admin\chop\header.php(145): CodeIgniter\Debug\Exceptions->errorHandler(2, 'Undefined variable $user', 'D:\\ProjectSystem\\app\\Views\\Admin\\chop\\header.php', 145)
 2 SYSTEMPATH\View\View.php(226): include('D:\\ProjectSystem\\app\\Views\\Admin\\chop\\header.php')
 3 SYSTEMPATH\View\View.php(229): CodeIgniter\View\View->CodeIgniter\View\{closure}()
 4 SYSTEMPATH\Common.php(1188): CodeIgniter\View\View->render('Admin/chop/header', [], true)
 5 APPPATH\Views\Admin\ManageApplicant.php(7): view('Admin/chop/header')
 6 SYSTEMPATH\View\View.php(226): include('D:\\ProjectSystem\\app\\Views\\Admin\\ManageApplicant.php')
 7 SYSTEMPATH\View\View.php(229): CodeIgniter\View\View->CodeIgniter\View\{closure}()
 8 SYSTEMPATH\Common.php(1188): CodeIgniter\View\View->render('Admin/ManageApplicant', [], true)
 9 APPPATH\Controllers\AdminController.php(83): view('Admin/ManageApplicant', [...])
10 SYSTEMPATH\CodeIgniter.php(919): App\Controllers\AdminController->ManageApplicant()
11 SYSTEMPATH\CodeIgniter.php(494): CodeIgniter\CodeIgniter->runController(Object(App\Controllers\AdminController))
12 SYSTEMPATH\CodeIgniter.php(353): CodeIgniter\CodeIgniter->handleRequest(null, Object(Config\Cache), false)
13 FCPATH\index.php(79): CodeIgniter\CodeIgniter->run()
14 SYSTEMPATH\Commands\Server\rewrite.php(47): require_once('D:\\ProjectSystem\\public\\index.php')
CRITICAL - 2023-12-18 11:57:56 --> Undefined variable $user
in APPPATH\Views\Admin\chop\header.php on line 145.
 1 APPPATH\Views\Admin\chop\header.php(145): CodeIgniter\Debug\Exceptions->errorHandler(2, 'Undefined variable $user', 'D:\\ProjectSystem\\app\\Views\\Admin\\chop\\header.php', 145)
 2 SYSTEMPATH\View\View.php(226): include('D:\\ProjectSystem\\app\\Views\\Admin\\chop\\header.php')
 3 SYSTEMPATH\View\View.php(229): CodeIgniter\View\View->CodeIgniter\View\{closure}()
 4 SYSTEMPATH\Common.php(1188): CodeIgniter\View\View->render('Admin/chop/header', [], true)
 5 APPPATH\Views\Admin\ManageAgent.php(6): view('Admin/chop/header')
 6 SYSTEMPATH\View\View.php(226): include('D:\\ProjectSystem\\app\\Views\\Admin\\ManageAgent.php')
 7 SYSTEMPATH\View\View.php(229): CodeIgniter\View\View->CodeIgniter\View\{closure}()
 8 SYSTEMPATH\Common.php(1188): CodeIgniter\View\View->render('Admin/ManageAgent', [], true)
 9 APPPATH\Controllers\AdminController.php(64): view('Admin/ManageAgent', [...])
10 SYSTEMPATH\CodeIgniter.php(919): App\Controllers\AdminController->ManageAgent()
11 SYSTEMPATH\CodeIgniter.php(494): CodeIgniter\CodeIgniter->runController(Object(App\Controllers\AdminController))
12 SYSTEMPATH\CodeIgniter.php(353): CodeIgniter\CodeIgniter->handleRequest(null, Object(Config\Cache), false)
13 FCPATH\index.php(79): CodeIgniter\CodeIgniter->run()
14 SYSTEMPATH\Commands\Server\rewrite.php(47): require_once('D:\\ProjectSystem\\public\\index.php')
