ERROR - 2024-04-03 00:22:55 --> mysqli_sql_exception: Duplicate entry 'YREP63' for key 'applicant.refcode' in C:\CapstoneSystem\system\Database\MySQLi\Connection.php:306
Stack trace:
#0 C:\CapstoneSystem\system\Database\MySQLi\Connection.php(306): mysqli->query('INSERT INTO `ap...', 0)
#1 C:\CapstoneSystem\system\Database\BaseConnection.php(692): CodeIgniter\Database\MySQLi\Connection->execute('INSERT INTO `ap...')
#2 C:\CapstoneSystem\system\Database\BaseConnection.php(606): CodeIgniter\Database\BaseConnection->simpleQuery('INSERT INTO `ap...')
#3 C:\CapstoneSystem\system\Database\BaseBuilder.php(2308): CodeIgniter\Database\BaseConnection->query('INSERT INTO `ap...', Array, false)
#4 C:\CapstoneSystem\system\Model.php(319): CodeIgniter\Database\BaseBuilder->insert()
#5 C:\CapstoneSystem\system\BaseModel.php(788): CodeIgniter\Model->doInsert(Array)
#6 C:\CapstoneSystem\system\Model.php(715): CodeIgniter\BaseModel->insert(Array, false)
#7 C:\CapstoneSystem\system\BaseModel.php(698): CodeIgniter\Model->insert(Array, false)
#8 C:\CapstoneSystem\app\Controllers\HomepageController.php(110): CodeIgniter\BaseModel->save(Array)
#9 C:\CapstoneSystem\system\CodeIgniter.php(919): App\Controllers\HomepageController->Authreg('YREP63')
#10 C:\CapstoneSystem\system\CodeIgniter.php(494): CodeIgniter\CodeIgniter->runController(Object(App\Controllers\HomepageController))
#11 C:\CapstoneSystem\system\CodeIgniter.php(353): CodeIgniter\CodeIgniter->handleRequest(NULL, Object(Config\Cache), false)
#12 C:\CapstoneSystem\public\index.php(79): CodeIgniter\CodeIgniter->run()
#13 C:\CapstoneSystem\system\Commands\Server\rewrite.php(47): require_once('C:\\CapstoneSyst...')
#14 {main}
CRITICAL - 2024-04-03 00:22:55 --> Duplicate entry 'YREP63' for key 'applicant.refcode'
in SYSTEMPATH\Database\BaseConnection.php on line 646.
 1 SYSTEMPATH\Database\BaseBuilder.php(2308): CodeIgniter\Database\BaseConnection->query('INSERT INTO `applicant` (`applicant_id`, `username`, `number`, `firstname`, `lastname`, `middlename`, `email`, `refcode`, `branch`, `app_token`) VALUES (:applicant_id:, :username:, :number:, :firstname:, :lastname:, :middlename:, :email:, :refcode:, :branch:, :app_token:)', [...], false)
 2 SYSTEMPATH\Model.php(319): CodeIgniter\Database\BaseBuilder->insert()
 3 SYSTEMPATH\BaseModel.php(788): CodeIgniter\Model->doInsert([...])
 4 SYSTEMPATH\Model.php(715): CodeIgniter\BaseModel->insert([...], false)
 5 SYSTEMPATH\BaseModel.php(698): CodeIgniter\Model->insert([...], false)
 6 APPPATH\Controllers\HomepageController.php(110): CodeIgniter\BaseModel->save([...])
 7 SYSTEMPATH\CodeIgniter.php(919): App\Controllers\HomepageController->Authreg('YREP63')
 8 SYSTEMPATH\CodeIgniter.php(494): CodeIgniter\CodeIgniter->runController(Object(App\Controllers\HomepageController))
 9 SYSTEMPATH\CodeIgniter.php(353): CodeIgniter\CodeIgniter->handleRequest(null, Object(Config\Cache), false)
10 FCPATH\index.php(79): CodeIgniter\CodeIgniter->run()
11 SYSTEMPATH\Commands\Server\rewrite.php(47): require_once('C:\\CapstoneSystem\\public\\index.php')
ERROR - 2024-04-03 00:24:49 --> mysqli_sql_exception: Duplicate entry 'YREP63' for key 'applicant.refcode' in C:\CapstoneSystem\system\Database\MySQLi\Connection.php:306
Stack trace:
#0 C:\CapstoneSystem\system\Database\MySQLi\Connection.php(306): mysqli->query('INSERT INTO `ap...', 0)
#1 C:\CapstoneSystem\system\Database\BaseConnection.php(692): CodeIgniter\Database\MySQLi\Connection->execute('INSERT INTO `ap...')
#2 C:\CapstoneSystem\system\Database\BaseConnection.php(606): CodeIgniter\Database\BaseConnection->simpleQuery('INSERT INTO `ap...')
#3 C:\CapstoneSystem\system\Database\BaseBuilder.php(2308): CodeIgniter\Database\BaseConnection->query('INSERT INTO `ap...', Array, false)
#4 C:\CapstoneSystem\system\Model.php(319): CodeIgniter\Database\BaseBuilder->insert()
#5 C:\CapstoneSystem\system\BaseModel.php(788): CodeIgniter\Model->doInsert(Array)
#6 C:\CapstoneSystem\system\Model.php(715): CodeIgniter\BaseModel->insert(Array, false)
#7 C:\CapstoneSystem\system\BaseModel.php(698): CodeIgniter\Model->insert(Array, false)
#8 C:\CapstoneSystem\app\Controllers\HomepageController.php(110): CodeIgniter\BaseModel->save(Array)
#9 C:\CapstoneSystem\system\CodeIgniter.php(919): App\Controllers\HomepageController->Authreg('YREP63')
#10 C:\CapstoneSystem\system\CodeIgniter.php(494): CodeIgniter\CodeIgniter->runController(Object(App\Controllers\HomepageController))
#11 C:\CapstoneSystem\system\CodeIgniter.php(353): CodeIgniter\CodeIgniter->handleRequest(NULL, Object(Config\Cache), false)
#12 C:\CapstoneSystem\public\index.php(79): CodeIgniter\CodeIgniter->run()
#13 C:\CapstoneSystem\system\Commands\Server\rewrite.php(47): require_once('C:\\CapstoneSyst...')
#14 {main}
CRITICAL - 2024-04-03 00:24:49 --> Duplicate entry 'YREP63' for key 'applicant.refcode'
in SYSTEMPATH\Database\BaseConnection.php on line 646.
 1 SYSTEMPATH\Database\BaseBuilder.php(2308): CodeIgniter\Database\BaseConnection->query('INSERT INTO `applicant` (`applicant_id`, `username`, `number`, `firstname`, `lastname`, `middlename`, `email`, `refcode`, `branch`, `app_token`) VALUES (:applicant_id:, :username:, :number:, :firstname:, :lastname:, :middlename:, :email:, :refcode:, :branch:, :app_token:)', [...], false)
 2 SYSTEMPATH\Model.php(319): CodeIgniter\Database\BaseBuilder->insert()
 3 SYSTEMPATH\BaseModel.php(788): CodeIgniter\Model->doInsert([...])
 4 SYSTEMPATH\Model.php(715): CodeIgniter\BaseModel->insert([...], false)
 5 SYSTEMPATH\BaseModel.php(698): CodeIgniter\Model->insert([...], false)
 6 APPPATH\Controllers\HomepageController.php(110): CodeIgniter\BaseModel->save([...])
 7 SYSTEMPATH\CodeIgniter.php(919): App\Controllers\HomepageController->Authreg('YREP63')
 8 SYSTEMPATH\CodeIgniter.php(494): CodeIgniter\CodeIgniter->runController(Object(App\Controllers\HomepageController))
 9 SYSTEMPATH\CodeIgniter.php(353): CodeIgniter\CodeIgniter->handleRequest(null, Object(Config\Cache), false)
10 FCPATH\index.php(79): CodeIgniter\CodeIgniter->run()
11 SYSTEMPATH\Commands\Server\rewrite.php(47): require_once('C:\\CapstoneSystem\\public\\index.php')
CRITICAL - 2024-04-03 18:44:35 --> There is no data to update.
in SYSTEMPATH\BaseModel.php on line 930.
 1 SYSTEMPATH\BaseModel.php(930): CodeIgniter\Database\Exceptions\DataException::forEmptyDataset('update')
 2 SYSTEMPATH\Model.php(776): CodeIgniter\BaseModel->update(null, [])
 3 APPPATH\Controllers\HomepageController.php(236): CodeIgniter\Model->update()
 4 SYSTEMPATH\CodeIgniter.php(919): App\Controllers\HomepageController->authlog()
 5 SYSTEMPATH\CodeIgniter.php(494): CodeIgniter\CodeIgniter->runController(Object(App\Controllers\HomepageController))
 6 SYSTEMPATH\CodeIgniter.php(353): CodeIgniter\CodeIgniter->handleRequest(null, Object(Config\Cache), false)
 7 FCPATH\index.php(79): CodeIgniter\CodeIgniter->run()
 8 SYSTEMPATH\Commands\Server\rewrite.php(47): require_once('C:\\CapstoneSystem\\public\\index.php')
CRITICAL - 2024-04-03 19:07:52 --> Updates are not allowed unless they contain a "where" or "like" clause.
in SYSTEMPATH\Model.php on line 380.
 1 SYSTEMPATH\BaseModel.php(949): CodeIgniter\Model->doUpdate(null, [...])
 2 SYSTEMPATH\Model.php(776): CodeIgniter\BaseModel->update(null, [...])
 3 APPPATH\Controllers\HomepageController.php(40): CodeIgniter\Model->update(null, [...])
 4 SYSTEMPATH\CodeIgniter.php(919): App\Controllers\HomepageController->logout()
 5 SYSTEMPATH\CodeIgniter.php(494): CodeIgniter\CodeIgniter->runController(Object(App\Controllers\HomepageController))
 6 SYSTEMPATH\CodeIgniter.php(353): CodeIgniter\CodeIgniter->handleRequest(null, Object(Config\Cache), false)
 7 FCPATH\index.php(79): CodeIgniter\CodeIgniter->run()
 8 SYSTEMPATH\Commands\Server\rewrite.php(47): require_once('C:\\CapstoneSystem\\public\\index.php')
CRITICAL - 2024-04-03 22:00:40 --> Undefined variable $applicant
in APPPATH\Views\Admin\formsTable.php on line 120.
 1 APPPATH\Views\Admin\formsTable.php(120): CodeIgniter\Debug\Exceptions->errorHandler(2, 'Undefined variable $applicant', 'C:\\CapstoneSystem\\app\\Views\\Admin\\formsTable.php', 120)
 2 SYSTEMPATH\View\View.php(226): include('C:\\CapstoneSystem\\app\\Views\\Admin\\formsTable.php')
 3 SYSTEMPATH\View\View.php(229): CodeIgniter\View\View->CodeIgniter\View\{closure}()
 4 SYSTEMPATH\Common.php(1188): CodeIgniter\View\View->render('Admin/formsTable', [], true)
 5 APPPATH\Controllers\AdminController.php(89): view('Admin/formsTable', [...])
 6 SYSTEMPATH\CodeIgniter.php(919): App\Controllers\AdminController->formsTable('as')
 7 SYSTEMPATH\CodeIgniter.php(494): CodeIgniter\CodeIgniter->runController(Object(App\Controllers\AdminController))
 8 SYSTEMPATH\CodeIgniter.php(353): CodeIgniter\CodeIgniter->handleRequest(null, Object(Config\Cache), false)
 9 FCPATH\index.php(79): CodeIgniter\CodeIgniter->run()
10 SYSTEMPATH\Commands\Server\rewrite.php(47): require_once('C:\\CapstoneSystem\\public\\index.php')
CRITICAL - 2024-04-03 22:01:26 --> Undefined variable $applicant
in APPPATH\Views\Admin\formsTable.php on line 120.
 1 APPPATH\Views\Admin\formsTable.php(120): CodeIgniter\Debug\Exceptions->errorHandler(2, 'Undefined variable $applicant', 'C:\\CapstoneSystem\\app\\Views\\Admin\\formsTable.php', 120)
 2 SYSTEMPATH\View\View.php(226): include('C:\\CapstoneSystem\\app\\Views\\Admin\\formsTable.php')
 3 SYSTEMPATH\View\View.php(229): CodeIgniter\View\View->CodeIgniter\View\{closure}()
 4 SYSTEMPATH\Common.php(1188): CodeIgniter\View\View->render('Admin/formsTable', [], true)
 5 APPPATH\Controllers\AdminController.php(89): view('Admin/formsTable', [...])
 6 SYSTEMPATH\CodeIgniter.php(919): App\Controllers\AdminController->formsTable('aial')
 7 SYSTEMPATH\CodeIgniter.php(494): CodeIgniter\CodeIgniter->runController(Object(App\Controllers\AdminController))
 8 SYSTEMPATH\CodeIgniter.php(353): CodeIgniter\CodeIgniter->handleRequest(null, Object(Config\Cache), false)
 9 FCPATH\index.php(79): CodeIgniter\CodeIgniter->run()
10 SYSTEMPATH\Commands\Server\rewrite.php(47): require_once('C:\\CapstoneSystem\\public\\index.php')
CRITICAL - 2024-04-03 22:01:28 --> Undefined variable $applicant
in APPPATH\Views\Admin\formsTable.php on line 120.
 1 APPPATH\Views\Admin\formsTable.php(120): CodeIgniter\Debug\Exceptions->errorHandler(2, 'Undefined variable $applicant', 'C:\\CapstoneSystem\\app\\Views\\Admin\\formsTable.php', 120)
 2 SYSTEMPATH\View\View.php(226): include('C:\\CapstoneSystem\\app\\Views\\Admin\\formsTable.php')
 3 SYSTEMPATH\View\View.php(229): CodeIgniter\View\View->CodeIgniter\View\{closure}()
 4 SYSTEMPATH\Common.php(1188): CodeIgniter\View\View->render('Admin/formsTable', [], true)
 5 APPPATH\Controllers\AdminController.php(89): view('Admin/formsTable', [...])
 6 SYSTEMPATH\CodeIgniter.php(919): App\Controllers\AdminController->formsTable('grouplife')
 7 SYSTEMPATH\CodeIgniter.php(494): CodeIgniter\CodeIgniter->runController(Object(App\Controllers\AdminController))
 8 SYSTEMPATH\CodeIgniter.php(353): CodeIgniter\CodeIgniter->handleRequest(null, Object(Config\Cache), false)
 9 FCPATH\index.php(79): CodeIgniter\CodeIgniter->run()
10 SYSTEMPATH\Commands\Server\rewrite.php(47): require_once('C:\\CapstoneSystem\\public\\index.php')
CRITICAL - 2024-04-03 22:01:30 --> Undefined variable $applicant
in APPPATH\Views\Admin\formsTable.php on line 120.
 1 APPPATH\Views\Admin\formsTable.php(120): CodeIgniter\Debug\Exceptions->errorHandler(2, 'Undefined variable $applicant', 'C:\\CapstoneSystem\\app\\Views\\Admin\\formsTable.php', 120)
 2 SYSTEMPATH\View\View.php(226): include('C:\\CapstoneSystem\\app\\Views\\Admin\\formsTable.php')
 3 SYSTEMPATH\View\View.php(229): CodeIgniter\View\View->CodeIgniter\View\{closure}()
 4 SYSTEMPATH\Common.php(1188): CodeIgniter\View\View->render('Admin/formsTable', [], true)
 5 APPPATH\Controllers\AdminController.php(89): view('Admin/formsTable', [...])
 6 SYSTEMPATH\CodeIgniter.php(919): App\Controllers\AdminController->formsTable('affidavit')
 7 SYSTEMPATH\CodeIgniter.php(494): CodeIgniter\CodeIgniter->runController(Object(App\Controllers\AdminController))
 8 SYSTEMPATH\CodeIgniter.php(353): CodeIgniter\CodeIgniter->handleRequest(null, Object(Config\Cache), false)
 9 FCPATH\index.php(79): CodeIgniter\CodeIgniter->run()
10 SYSTEMPATH\Commands\Server\rewrite.php(47): require_once('C:\\CapstoneSystem\\public\\index.php')
CRITICAL - 2024-04-03 22:01:33 --> Undefined variable $applicant
in APPPATH\Views\Admin\formsTable.php on line 120.
 1 APPPATH\Views\Admin\formsTable.php(120): CodeIgniter\Debug\Exceptions->errorHandler(2, 'Undefined variable $applicant', 'C:\\CapstoneSystem\\app\\Views\\Admin\\formsTable.php', 120)
 2 SYSTEMPATH\View\View.php(226): include('C:\\CapstoneSystem\\app\\Views\\Admin\\formsTable.php')
 3 SYSTEMPATH\View\View.php(229): CodeIgniter\View\View->CodeIgniter\View\{closure}()
 4 SYSTEMPATH\Common.php(1188): CodeIgniter\View\View->render('Admin/formsTable', [], true)
 5 APPPATH\Controllers\AdminController.php(89): view('Admin/formsTable', [...])
 6 SYSTEMPATH\CodeIgniter.php(919): App\Controllers\AdminController->formsTable('statement')
 7 SYSTEMPATH\CodeIgniter.php(494): CodeIgniter\CodeIgniter->runController(Object(App\Controllers\AdminController))
 8 SYSTEMPATH\CodeIgniter.php(353): CodeIgniter\CodeIgniter->handleRequest(null, Object(Config\Cache), false)
 9 FCPATH\index.php(79): CodeIgniter\CodeIgniter->run()
10 SYSTEMPATH\Commands\Server\rewrite.php(47): require_once('C:\\CapstoneSystem\\public\\index.php')
CRITICAL - 2024-04-03 22:03:13 --> Undefined variable $pager
in APPPATH\Views\Admin\formsTable.php on line 122.
 1 APPPATH\Views\Admin\formsTable.php(122): CodeIgniter\Debug\Exceptions->errorHandler(2, 'Undefined variable $pager', 'C:\\CapstoneSystem\\app\\Views\\Admin\\formsTable.php', 122)
 2 SYSTEMPATH\View\View.php(226): include('C:\\CapstoneSystem\\app\\Views\\Admin\\formsTable.php')
 3 SYSTEMPATH\View\View.php(229): CodeIgniter\View\View->CodeIgniter\View\{closure}()
 4 SYSTEMPATH\Common.php(1188): CodeIgniter\View\View->render('Admin/formsTable', [], true)
 5 APPPATH\Controllers\AdminController.php(89): view('Admin/formsTable', [...])
 6 SYSTEMPATH\CodeIgniter.php(919): App\Controllers\AdminController->formsTable('life')
 7 SYSTEMPATH\CodeIgniter.php(494): CodeIgniter\CodeIgniter->runController(Object(App\Controllers\AdminController))
 8 SYSTEMPATH\CodeIgniter.php(353): CodeIgniter\CodeIgniter->handleRequest(null, Object(Config\Cache), false)
 9 FCPATH\index.php(79): CodeIgniter\CodeIgniter->run()
10 SYSTEMPATH\Commands\Server\rewrite.php(47): require_once('C:\\CapstoneSystem\\public\\index.php')
CRITICAL - 2024-04-03 22:16:44 --> Undefined variable $applicant
in APPPATH\Views\Admin\formsTable.php on line 120.
 1 APPPATH\Views\Admin\formsTable.php(120): CodeIgniter\Debug\Exceptions->errorHandler(2, 'Undefined variable $applicant', 'C:\\CapstoneSystem\\app\\Views\\Admin\\formsTable.php', 120)
 2 SYSTEMPATH\View\View.php(226): include('C:\\CapstoneSystem\\app\\Views\\Admin\\formsTable.php')
 3 SYSTEMPATH\View\View.php(229): CodeIgniter\View\View->CodeIgniter\View\{closure}()
 4 SYSTEMPATH\Common.php(1188): CodeIgniter\View\View->render('Admin/formsTable', [], true)
 5 APPPATH\Controllers\AdminController.php(89): view('Admin/formsTable', [...])
 6 SYSTEMPATH\CodeIgniter.php(919): App\Controllers\AdminController->formsTable('life')
 7 SYSTEMPATH\CodeIgniter.php(494): CodeIgniter\CodeIgniter->runController(Object(App\Controllers\AdminController))
 8 SYSTEMPATH\CodeIgniter.php(353): CodeIgniter\CodeIgniter->handleRequest(null, Object(Config\Cache), false)
 9 FCPATH\index.php(79): CodeIgniter\CodeIgniter->run()
10 SYSTEMPATH\Commands\Server\rewrite.php(47): require_once('C:\\CapstoneSystem\\public\\index.php')
CRITICAL - 2024-04-03 22:17:02 --> Undefined variable $pager
in APPPATH\Views\Admin\formsTable.php on line 139.
 1 APPPATH\Views\Admin\formsTable.php(139): CodeIgniter\Debug\Exceptions->errorHandler(2, 'Undefined variable $pager', 'C:\\CapstoneSystem\\app\\Views\\Admin\\formsTable.php', 139)
 2 SYSTEMPATH\View\View.php(226): include('C:\\CapstoneSystem\\app\\Views\\Admin\\formsTable.php')
 3 SYSTEMPATH\View\View.php(229): CodeIgniter\View\View->CodeIgniter\View\{closure}()
 4 SYSTEMPATH\Common.php(1188): CodeIgniter\View\View->render('Admin/formsTable', [], true)
 5 APPPATH\Controllers\AdminController.php(89): view('Admin/formsTable', [...])
 6 SYSTEMPATH\CodeIgniter.php(919): App\Controllers\AdminController->formsTable('life')
 7 SYSTEMPATH\CodeIgniter.php(494): CodeIgniter\CodeIgniter->runController(Object(App\Controllers\AdminController))
 8 SYSTEMPATH\CodeIgniter.php(353): CodeIgniter\CodeIgniter->handleRequest(null, Object(Config\Cache), false)
 9 FCPATH\index.php(79): CodeIgniter\CodeIgniter->run()
10 SYSTEMPATH\Commands\Server\rewrite.php(47): require_once('C:\\CapstoneSystem\\public\\index.php')
CRITICAL - 2024-04-03 22:21:54 --> Undefined array key "app_token"
in APPPATH\Views\Admin\formsTable.php on line 129.
 1 APPPATH\Views\Admin\formsTable.php(129): CodeIgniter\Debug\Exceptions->errorHandler(2, 'Undefined array key "app_token"', 'C:\\CapstoneSystem\\app\\Views\\Admin\\formsTable.php', 129)
 2 SYSTEMPATH\View\View.php(226): include('C:\\CapstoneSystem\\app\\Views\\Admin\\formsTable.php')
 3 SYSTEMPATH\View\View.php(229): CodeIgniter\View\View->CodeIgniter\View\{closure}()
 4 SYSTEMPATH\Common.php(1188): CodeIgniter\View\View->render('Admin/formsTable', [], true)
 5 APPPATH\Controllers\AdminController.php(89): view('Admin/formsTable', [...])
 6 SYSTEMPATH\CodeIgniter.php(919): App\Controllers\AdminController->formsTable('life')
 7 SYSTEMPATH\CodeIgniter.php(494): CodeIgniter\CodeIgniter->runController(Object(App\Controllers\AdminController))
 8 SYSTEMPATH\CodeIgniter.php(353): CodeIgniter\CodeIgniter->handleRequest(null, Object(Config\Cache), false)
 9 FCPATH\index.php(79): CodeIgniter\CodeIgniter->run()
10 SYSTEMPATH\Commands\Server\rewrite.php(47): require_once('C:\\CapstoneSystem\\public\\index.php')
CRITICAL - 2024-04-03 22:27:05 --> Undefined variable $data
in APPPATH\Views\Admin\formsTable.php on line 129.
 1 APPPATH\Views\Admin\formsTable.php(129): CodeIgniter\Debug\Exceptions->errorHandler(2, 'Undefined variable $data', 'C:\\CapstoneSystem\\app\\Views\\Admin\\formsTable.php', 129)
 2 SYSTEMPATH\View\View.php(226): include('C:\\CapstoneSystem\\app\\Views\\Admin\\formsTable.php')
 3 SYSTEMPATH\View\View.php(229): CodeIgniter\View\View->CodeIgniter\View\{closure}()
 4 SYSTEMPATH\Common.php(1188): CodeIgniter\View\View->render('Admin/formsTable', [], true)
 5 APPPATH\Controllers\AdminController.php(89): view('Admin/formsTable', [...])
 6 SYSTEMPATH\CodeIgniter.php(919): App\Controllers\AdminController->formsTable('life')
 7 SYSTEMPATH\CodeIgniter.php(494): CodeIgniter\CodeIgniter->runController(Object(App\Controllers\AdminController))
 8 SYSTEMPATH\CodeIgniter.php(353): CodeIgniter\CodeIgniter->handleRequest(null, Object(Config\Cache), false)
 9 FCPATH\index.php(79): CodeIgniter\CodeIgniter->run()
10 SYSTEMPATH\Commands\Server\rewrite.php(47): require_once('C:\\CapstoneSystem\\public\\index.php')
CRITICAL - 2024-04-03 22:28:53 --> syntax error, unexpected token "$", expecting variable
in APPPATH\Controllers\AdminController.php on line 85.
 1 SYSTEMPATH\Autoloader\Autoloader.php(285): CodeIgniter\Autoloader\Autoloader->includeFile('C:\\CapstoneSystem\\app\\Controllers\\AdminController.php')
 2 SYSTEMPATH\Autoloader\Autoloader.php(263): CodeIgniter\Autoloader\Autoloader->loadInNamespace('App\\Controllers\\AdminController')
 3 [internal function]: CodeIgniter\Autoloader\Autoloader->loadClass('App\\Controllers\\AdminController')
 4 SYSTEMPATH\CodeIgniter.php(877): class_exists('\\App\\Controllers\\AdminController', true)
 5 SYSTEMPATH\CodeIgniter.php(481): CodeIgniter\CodeIgniter->startController()
 6 SYSTEMPATH\CodeIgniter.php(353): CodeIgniter\CodeIgniter->handleRequest(null, Object(Config\Cache), false)
 7 FCPATH\index.php(79): CodeIgniter\CodeIgniter->run()
 8 SYSTEMPATH\Commands\Server\rewrite.php(47): require_once('C:\\CapstoneSystem\\public\\index.php')
CRITICAL - 2024-04-03 22:32:39 --> Unsupported operand types: string / string
in APPPATH\Views\Admin\formsTable.php on line 129.
 1 SYSTEMPATH\View\View.php(226): include()
 2 SYSTEMPATH\View\View.php(229): CodeIgniter\View\View->CodeIgniter\View\{closure}()
 3 SYSTEMPATH\Common.php(1188): CodeIgniter\View\View->render('Admin/formsTable', [], true)
 4 APPPATH\Controllers\AdminController.php(90): view('Admin/formsTable', [...])
 5 SYSTEMPATH\CodeIgniter.php(919): App\Controllers\AdminController->formsTable('ViewAppForm')
 6 SYSTEMPATH\CodeIgniter.php(494): CodeIgniter\CodeIgniter->runController(Object(App\Controllers\AdminController))
 7 SYSTEMPATH\CodeIgniter.php(353): CodeIgniter\CodeIgniter->handleRequest(null, Object(Config\Cache), false)
 8 FCPATH\index.php(79): CodeIgniter\CodeIgniter->run()
 9 SYSTEMPATH\Commands\Server\rewrite.php(47): require_once('C:\\CapstoneSystem\\public\\index.php')
CRITICAL - 2024-04-03 22:51:21 --> Cannot access offset of type string on string
in APPPATH\Views\Admin\formsTable.php on line 123.
 1 SYSTEMPATH\View\View.php(226): include()
 2 SYSTEMPATH\View\View.php(229): CodeIgniter\View\View->CodeIgniter\View\{closure}()
 3 SYSTEMPATH\Common.php(1188): CodeIgniter\View\View->render('Admin/formsTable', [], true)
 4 APPPATH\Controllers\AdminController.php(97): view('Admin/formsTable', [...])
 5 SYSTEMPATH\CodeIgniter.php(919): App\Controllers\AdminController->formsTable('ViewAppForm')
 6 SYSTEMPATH\CodeIgniter.php(494): CodeIgniter\CodeIgniter->runController(Object(App\Controllers\AdminController))
 7 SYSTEMPATH\CodeIgniter.php(353): CodeIgniter\CodeIgniter->handleRequest(null, Object(Config\Cache), false)
 8 FCPATH\index.php(79): CodeIgniter\CodeIgniter->run()
 9 SYSTEMPATH\Commands\Server\rewrite.php(47): require_once('C:\\CapstoneSystem\\public\\index.php')
CRITICAL - 2024-04-03 22:51:56 --> Cannot access offset of type string on string
in APPPATH\Views\Admin\formsTable.php on line 123.
 1 SYSTEMPATH\View\View.php(226): include()
 2 SYSTEMPATH\View\View.php(229): CodeIgniter\View\View->CodeIgniter\View\{closure}()
 3 SYSTEMPATH\Common.php(1188): CodeIgniter\View\View->render('Admin/formsTable', [], true)
 4 APPPATH\Controllers\AdminController.php(98): view('Admin/formsTable', [...])
 5 SYSTEMPATH\CodeIgniter.php(919): App\Controllers\AdminController->formsTable('ViewAppForm')
 6 SYSTEMPATH\CodeIgniter.php(494): CodeIgniter\CodeIgniter->runController(Object(App\Controllers\AdminController))
 7 SYSTEMPATH\CodeIgniter.php(353): CodeIgniter\CodeIgniter->handleRequest(null, Object(Config\Cache), false)
 8 FCPATH\index.php(79): CodeIgniter\CodeIgniter->run()
 9 SYSTEMPATH\Commands\Server\rewrite.php(47): require_once('C:\\CapstoneSystem\\public\\index.php')
CRITICAL - 2024-04-03 23:00:45 --> Cannot access offset of type string on string
in APPPATH\Views\Admin\formsTable.php on line 123.
 1 SYSTEMPATH\View\View.php(226): include()
 2 SYSTEMPATH\View\View.php(229): CodeIgniter\View\View->CodeIgniter\View\{closure}()
 3 SYSTEMPATH\Common.php(1188): CodeIgniter\View\View->render('Admin/formsTable', [], true)
 4 APPPATH\Controllers\AdminController.php(97): view('Admin/formsTable', [...])
 5 SYSTEMPATH\CodeIgniter.php(919): App\Controllers\AdminController->formsTable('ViewAppForm')
 6 SYSTEMPATH\CodeIgniter.php(494): CodeIgniter\CodeIgniter->runController(Object(App\Controllers\AdminController))
 7 SYSTEMPATH\CodeIgniter.php(353): CodeIgniter\CodeIgniter->handleRequest(null, Object(Config\Cache), false)
 8 FCPATH\index.php(79): CodeIgniter\CodeIgniter->run()
 9 SYSTEMPATH\Commands\Server\rewrite.php(47): require_once('C:\\CapstoneSystem\\public\\index.php')
