CRITICAL - 2023-12-12 07:45:35 --> Undefined array key "number"
in APPPATH\Views\Applicant\AppDash.php on line 272.
 1 APPPATH\Views\Applicant\AppDash.php(272): CodeIgniter\Debug\Exceptions->errorHandler(2, 'Undefined array key "number"', 'C:\\laragon\\www\\ProjectSystem\\app\\Views\\Applicant\\AppDash.php', 272)
 2 SYSTEMPATH\View\View.php(226): include('C:\\laragon\\www\\ProjectSystem\\app\\Views\\Applicant\\AppDash.php')
 3 SYSTEMPATH\View\View.php(229): CodeIgniter\View\View->CodeIgniter\View\{closure}()
 4 SYSTEMPATH\Common.php(1188): CodeIgniter\View\View->render('Applicant/AppDash', [], true)
 5 APPPATH\Controllers\AppController.php(31): view('Applicant/AppDash', [...])
 6 SYSTEMPATH\CodeIgniter.php(919): App\Controllers\AppController->AppDash()
 7 SYSTEMPATH\CodeIgniter.php(494): CodeIgniter\CodeIgniter->runController(Object(App\Controllers\AppController))
 8 SYSTEMPATH\CodeIgniter.php(353): CodeIgniter\CodeIgniter->handleRequest(null, Object(Config\Cache), false)
 9 FCPATH\index.php(79): CodeIgniter\CodeIgniter->run()
10 SYSTEMPATH\Commands\Server\rewrite.php(47): require_once('C:\\laragon\\www\\ProjectSystem\\public\\index.php')
CRITICAL - 2023-12-12 07:46:54 --> Undefined variable $userId
in APPPATH\Views\Applicant\AppDash.php on line 272.
 1 APPPATH\Views\Applicant\AppDash.php(272): CodeIgniter\Debug\Exceptions->errorHandler(2, 'Undefined variable $userId', 'C:\\laragon\\www\\ProjectSystem\\app\\Views\\Applicant\\AppDash.php', 272)
 2 SYSTEMPATH\View\View.php(226): include('C:\\laragon\\www\\ProjectSystem\\app\\Views\\Applicant\\AppDash.php')
 3 SYSTEMPATH\View\View.php(229): CodeIgniter\View\View->CodeIgniter\View\{closure}()
 4 SYSTEMPATH\Common.php(1188): CodeIgniter\View\View->render('Applicant/AppDash', [], true)
 5 APPPATH\Controllers\AppController.php(31): view('Applicant/AppDash', [...])
 6 SYSTEMPATH\CodeIgniter.php(919): App\Controllers\AppController->AppDash()
 7 SYSTEMPATH\CodeIgniter.php(494): CodeIgniter\CodeIgniter->runController(Object(App\Controllers\AppController))
 8 SYSTEMPATH\CodeIgniter.php(353): CodeIgniter\CodeIgniter->handleRequest(null, Object(Config\Cache), false)
 9 FCPATH\index.php(79): CodeIgniter\CodeIgniter->run()
10 SYSTEMPATH\Commands\Server\rewrite.php(47): require_once('C:\\laragon\\www\\ProjectSystem\\public\\index.php')
CRITICAL - 2023-12-12 07:46:55 --> Undefined variable $userId
in APPPATH\Views\Applicant\AppDash.php on line 272.
 1 APPPATH\Views\Applicant\AppDash.php(272): CodeIgniter\Debug\Exceptions->errorHandler(2, 'Undefined variable $userId', 'C:\\laragon\\www\\ProjectSystem\\app\\Views\\Applicant\\AppDash.php', 272)
 2 SYSTEMPATH\View\View.php(226): include('C:\\laragon\\www\\ProjectSystem\\app\\Views\\Applicant\\AppDash.php')
 3 SYSTEMPATH\View\View.php(229): CodeIgniter\View\View->CodeIgniter\View\{closure}()
 4 SYSTEMPATH\Common.php(1188): CodeIgniter\View\View->render('Applicant/AppDash', [], true)
 5 APPPATH\Controllers\AppController.php(31): view('Applicant/AppDash', [...])
 6 SYSTEMPATH\CodeIgniter.php(919): App\Controllers\AppController->AppDash()
 7 SYSTEMPATH\CodeIgniter.php(494): CodeIgniter\CodeIgniter->runController(Object(App\Controllers\AppController))
 8 SYSTEMPATH\CodeIgniter.php(353): CodeIgniter\CodeIgniter->handleRequest(null, Object(Config\Cache), false)
 9 FCPATH\index.php(79): CodeIgniter\CodeIgniter->run()
10 SYSTEMPATH\Commands\Server\rewrite.php(47): require_once('C:\\laragon\\www\\ProjectSystem\\public\\index.php')
