CRITICAL - 2024-03-28 15:43:19 --> Undefined variable $pager
in APPPATH\Views\Admin\usermanagement.php on line 331.
 1 APPPATH\Views\Admin\usermanagement.php(331): CodeIgniter\Debug\Exceptions->errorHandler(2, 'Undefined variable $pager', 'C:\\CapstoneSystem\\app\\Views\\Admin\\usermanagement.php', 331)
 2 SYSTEMPATH\View\View.php(226): include('C:\\CapstoneSystem\\app\\Views\\Admin\\usermanagement.php')
 3 SYSTEMPATH\View\View.php(229): CodeIgniter\View\View->CodeIgniter\View\{closure}()
 4 SYSTEMPATH\Common.php(1188): CodeIgniter\View\View->render('Admin/usermanagement', [], true)
 5 APPPATH\Controllers\UsersManageController.php(62): view('Admin/usermanagement', [...])
 6 SYSTEMPATH\CodeIgniter.php(919): App\Controllers\UsersManageController->usermanagement()
 7 SYSTEMPATH\CodeIgniter.php(494): CodeIgniter\CodeIgniter->runController(Object(App\Controllers\UsersManageController))
 8 SYSTEMPATH\CodeIgniter.php(353): CodeIgniter\CodeIgniter->handleRequest(null, Object(Config\Cache), false)
 9 FCPATH\index.php(79): CodeIgniter\CodeIgniter->run()
10 SYSTEMPATH\Commands\Server\rewrite.php(47): require_once('C:\\CapstoneSystem\\public\\index.php')
CRITICAL - 2024-03-28 15:54:08 --> Undefined variable $chat
in APPPATH\Views\rtc\chat.php on line 26.
 1 APPPATH\Views\rtc\chat.php(26): CodeIgniter\Debug\Exceptions->errorHandler(2, 'Undefined variable $chat', 'C:\\CapstoneSystem\\app\\Views\\rtc\\chat.php', 26)
 2 SYSTEMPATH\View\View.php(226): include('C:\\CapstoneSystem\\app\\Views\\rtc\\chat.php')
 3 SYSTEMPATH\View\View.php(229): CodeIgniter\View\View->CodeIgniter\View\{closure}()
 4 SYSTEMPATH\Common.php(1188): CodeIgniter\View\View->render('rtc/chat', [], true)
 5 APPPATH\Views\Admin\usermanagement.php(328): view('rtc/chat')
 6 SYSTEMPATH\View\View.php(226): include('C:\\CapstoneSystem\\app\\Views\\Admin\\usermanagement.php')
 7 SYSTEMPATH\View\View.php(229): CodeIgniter\View\View->CodeIgniter\View\{closure}()
 8 SYSTEMPATH\Common.php(1188): CodeIgniter\View\View->render('Admin/usermanagement', [], true)
 9 APPPATH\Controllers\UsersManageController.php(63): view('Admin/usermanagement', [...])
10 SYSTEMPATH\CodeIgniter.php(919): App\Controllers\UsersManageController->usermanagement()
11 SYSTEMPATH\CodeIgniter.php(494): CodeIgniter\CodeIgniter->runController(Object(App\Controllers\UsersManageController))
12 SYSTEMPATH\CodeIgniter.php(353): CodeIgniter\CodeIgniter->handleRequest(null, Object(Config\Cache), false)
13 FCPATH\index.php(79): CodeIgniter\CodeIgniter->run()
14 SYSTEMPATH\Commands\Server\rewrite.php(47): require_once('C:\\CapstoneSystem\\public\\index.php')
CRITICAL - 2024-03-28 15:55:11 --> Undefined variable $chat
in APPPATH\Views\rtc\chat.php on line 26.
 1 APPPATH\Views\rtc\chat.php(26): CodeIgniter\Debug\Exceptions->errorHandler(2, 'Undefined variable $chat', 'C:\\CapstoneSystem\\app\\Views\\rtc\\chat.php', 26)
 2 SYSTEMPATH\View\View.php(226): include('C:\\CapstoneSystem\\app\\Views\\rtc\\chat.php')
 3 SYSTEMPATH\View\View.php(229): CodeIgniter\View\View->CodeIgniter\View\{closure}()
 4 SYSTEMPATH\Common.php(1188): CodeIgniter\View\View->render('rtc/chat', [], true)
 5 APPPATH\Views\Admin\usermanagement.php(328): view('rtc/chat')
 6 SYSTEMPATH\View\View.php(226): include('C:\\CapstoneSystem\\app\\Views\\Admin\\usermanagement.php')
 7 SYSTEMPATH\View\View.php(229): CodeIgniter\View\View->CodeIgniter\View\{closure}()
 8 SYSTEMPATH\Common.php(1188): CodeIgniter\View\View->render('Admin/usermanagement', [], true)
 9 APPPATH\Controllers\UsersManageController.php(63): view('Admin/usermanagement', [...])
10 SYSTEMPATH\CodeIgniter.php(919): App\Controllers\UsersManageController->usermanagement()
11 SYSTEMPATH\CodeIgniter.php(494): CodeIgniter\CodeIgniter->runController(Object(App\Controllers\UsersManageController))
12 SYSTEMPATH\CodeIgniter.php(353): CodeIgniter\CodeIgniter->handleRequest(null, Object(Config\Cache), false)
13 FCPATH\index.php(79): CodeIgniter\CodeIgniter->run()
14 SYSTEMPATH\Commands\Server\rewrite.php(47): require_once('C:\\CapstoneSystem\\public\\index.php')
CRITICAL - 2024-03-28 15:56:11 --> Call to a member function RTC() on null
in APPPATH\Controllers\UsersManageController.php on line 41.
 1 SYSTEMPATH\CodeIgniter.php(919): App\Controllers\UsersManageController->usermanagement()
 2 SYSTEMPATH\CodeIgniter.php(494): CodeIgniter\CodeIgniter->runController(Object(App\Controllers\UsersManageController))
 3 SYSTEMPATH\CodeIgniter.php(353): CodeIgniter\CodeIgniter->handleRequest(null, Object(Config\Cache), false)
 4 FCPATH\index.php(79): CodeIgniter\CodeIgniter->run()
 5 SYSTEMPATH\Commands\Server\rewrite.php(47): require_once('C:\\CapstoneSystem\\public\\index.php')
ERROR - 2024-03-28 18:58:28 --> Error connecting to the database: mysqli_sql_exception: No connection could be made because the target machine actively refused it in C:\CapstoneSystem\system\Database\MySQLi\Connection.php:185
Stack trace:
#0 C:\CapstoneSystem\system\Database\MySQLi\Connection.php(185): mysqli->real_connect('localhost', 'root', '', 'erecruit', 3306, '', 0)
#1 C:\CapstoneSystem\system\Database\BaseConnection.php(391): CodeIgniter\Database\MySQLi\Connection->connect(false)
#2 C:\CapstoneSystem\system\Database\BaseConnection.php(574): CodeIgniter\Database\BaseConnection->initialize()
#3 C:\CapstoneSystem\system\Database\BaseBuilder.php(1615): CodeIgniter\Database\BaseConnection->query('SELECT *\nFROM `...', Array, false)
#4 C:\CapstoneSystem\system\Model.php(264): CodeIgniter\Database\BaseBuilder->get()
#5 C:\CapstoneSystem\system\BaseModel.php(662): CodeIgniter\Model->doFirst()
#6 C:\CapstoneSystem\app\Controllers\HomepageController.php(216): CodeIgniter\BaseModel->first()
#7 C:\CapstoneSystem\system\CodeIgniter.php(919): App\Controllers\HomepageController->authlog()
#8 C:\CapstoneSystem\system\CodeIgniter.php(494): CodeIgniter\CodeIgniter->runController(Object(App\Controllers\HomepageController))
#9 C:\CapstoneSystem\system\CodeIgniter.php(353): CodeIgniter\CodeIgniter->handleRequest(NULL, Object(Config\Cache), false)
#10 C:\CapstoneSystem\public\index.php(79): CodeIgniter\CodeIgniter->run()
#11 C:\CapstoneSystem\system\Commands\Server\rewrite.php(47): require_once('C:\\CapstoneSyst...')
#12 {main}

Next CodeIgniter\Database\Exceptions\DatabaseException: No connection could be made because the target machine actively refused it in C:\CapstoneSystem\system\Database\MySQLi\Connection.php:229
Stack trace:
#0 C:\CapstoneSystem\system\Database\BaseConnection.php(391): CodeIgniter\Database\MySQLi\Connection->connect(false)
#1 C:\CapstoneSystem\system\Database\BaseConnection.php(574): CodeIgniter\Database\BaseConnection->initialize()
#2 C:\CapstoneSystem\system\Database\BaseBuilder.php(1615): CodeIgniter\Database\BaseConnection->query('SELECT *\nFROM `...', Array, false)
#3 C:\CapstoneSystem\system\Model.php(264): CodeIgniter\Database\BaseBuilder->get()
#4 C:\CapstoneSystem\system\BaseModel.php(662): CodeIgniter\Model->doFirst()
#5 C:\CapstoneSystem\app\Controllers\HomepageController.php(216): CodeIgniter\BaseModel->first()
#6 C:\CapstoneSystem\system\CodeIgniter.php(919): App\Controllers\HomepageController->authlog()
#7 C:\CapstoneSystem\system\CodeIgniter.php(494): CodeIgniter\CodeIgniter->runController(Object(App\Controllers\HomepageController))
#8 C:\CapstoneSystem\system\CodeIgniter.php(353): CodeIgniter\CodeIgniter->handleRequest(NULL, Object(Config\Cache), false)
#9 C:\CapstoneSystem\public\index.php(79): CodeIgniter\CodeIgniter->run()
#10 C:\CapstoneSystem\system\Commands\Server\rewrite.php(47): require_once('C:\\CapstoneSyst...')
#11 {main}
CRITICAL - 2024-03-28 18:58:28 --> Unable to connect to the database.
Main connection [MySQLi]: No connection could be made because the target machine actively refused it
in SYSTEMPATH\Database\BaseConnection.php on line 427.
 1 SYSTEMPATH\Database\BaseConnection.php(574): CodeIgniter\Database\BaseConnection->initialize()
 2 SYSTEMPATH\Database\BaseBuilder.php(1615): CodeIgniter\Database\BaseConnection->query('SELECT *
FROM `users`
WHERE `email` = :email:
 LIMIT 1', [...], false)
 3 SYSTEMPATH\Model.php(264): CodeIgniter\Database\BaseBuilder->get()
 4 SYSTEMPATH\BaseModel.php(662): CodeIgniter\Model->doFirst()
 5 APPPATH\Controllers\HomepageController.php(216): CodeIgniter\BaseModel->first()
 6 SYSTEMPATH\CodeIgniter.php(919): App\Controllers\HomepageController->authlog()
 7 SYSTEMPATH\CodeIgniter.php(494): CodeIgniter\CodeIgniter->runController(Object(App\Controllers\HomepageController))
 8 SYSTEMPATH\CodeIgniter.php(353): CodeIgniter\CodeIgniter->handleRequest(null, Object(Config\Cache), false)
 9 FCPATH\index.php(79): CodeIgniter\CodeIgniter->run()
10 SYSTEMPATH\Commands\Server\rewrite.php(47): require_once('C:\\CapstoneSystem\\public\\index.php')
CRITICAL - 2024-03-28 18:58:34 --> Invalid file: "Admin/promotion.php"
in SYSTEMPATH\Exceptions\FrameworkException.php on line 39.
 1 SYSTEMPATH\View\View.php(214): CodeIgniter\Exceptions\FrameworkException::forInvalidFile('Admin/promotion.php')
 2 SYSTEMPATH\Common.php(1188): CodeIgniter\View\View->render('Admin/promotion', [], true)
 3 APPPATH\Controllers\AdminController.php(161): view('Admin/promotion', [...])
 4 SYSTEMPATH\CodeIgniter.php(919): App\Controllers\AdminController->promotion()
 5 SYSTEMPATH\CodeIgniter.php(494): CodeIgniter\CodeIgniter->runController(Object(App\Controllers\AdminController))
 6 SYSTEMPATH\CodeIgniter.php(353): CodeIgniter\CodeIgniter->handleRequest(null, Object(Config\Cache), false)
 7 FCPATH\index.php(79): CodeIgniter\CodeIgniter->run()
 8 SYSTEMPATH\Commands\Server\rewrite.php(47): require_once('C:\\CapstoneSystem\\public\\index.php')
CRITICAL - 2024-03-28 18:59:12 --> Undefined variable $users
in APPPATH\Views\Admin\promotion.php on line 215.
 1 APPPATH\Views\Admin\promotion.php(215): CodeIgniter\Debug\Exceptions->errorHandler(2, 'Undefined variable $users', 'C:\\CapstoneSystem\\app\\Views\\Admin\\promotion.php', 215)
 2 SYSTEMPATH\View\View.php(226): include('C:\\CapstoneSystem\\app\\Views\\Admin\\promotion.php')
 3 SYSTEMPATH\View\View.php(229): CodeIgniter\View\View->CodeIgniter\View\{closure}()
 4 SYSTEMPATH\Common.php(1188): CodeIgniter\View\View->render('Admin/promotion', [], true)
 5 APPPATH\Controllers\AdminController.php(161): view('Admin/promotion', [...])
 6 SYSTEMPATH\CodeIgniter.php(919): App\Controllers\AdminController->promotion()
 7 SYSTEMPATH\CodeIgniter.php(494): CodeIgniter\CodeIgniter->runController(Object(App\Controllers\AdminController))
 8 SYSTEMPATH\CodeIgniter.php(353): CodeIgniter\CodeIgniter->handleRequest(null, Object(Config\Cache), false)
 9 FCPATH\index.php(79): CodeIgniter\CodeIgniter->run()
10 SYSTEMPATH\Commands\Server\rewrite.php(47): require_once('C:\\CapstoneSystem\\public\\index.php')
CRITICAL - 2024-03-28 19:05:35 --> syntax error, unexpected token "return"
in APPPATH\Controllers\AdminController.php on line 162.
 1 SYSTEMPATH\Autoloader\Autoloader.php(285): CodeIgniter\Autoloader\Autoloader->includeFile('C:\\CapstoneSystem\\app\\Controllers\\AdminController.php')
 2 SYSTEMPATH\Autoloader\Autoloader.php(263): CodeIgniter\Autoloader\Autoloader->loadInNamespace('App\\Controllers\\AdminController')
 3 [internal function]: CodeIgniter\Autoloader\Autoloader->loadClass('App\\Controllers\\AdminController')
 4 SYSTEMPATH\CodeIgniter.php(877): class_exists('\\App\\Controllers\\AdminController', true)
 5 SYSTEMPATH\CodeIgniter.php(481): CodeIgniter\CodeIgniter->startController()
 6 SYSTEMPATH\CodeIgniter.php(353): CodeIgniter\CodeIgniter->handleRequest(null, Object(Config\Cache), false)
 7 FCPATH\index.php(79): CodeIgniter\CodeIgniter->run()
 8 SYSTEMPATH\Commands\Server\rewrite.php(47): require_once('C:\\CapstoneSystem\\public\\index.php')
CRITICAL - 2024-03-28 19:23:59 --> Undefined array key "token"
in APPPATH\Views\Admin\promotion.php on line 135.
 1 APPPATH\Views\Admin\promotion.php(135): CodeIgniter\Debug\Exceptions->errorHandler(2, 'Undefined array key "token"', 'C:\\CapstoneSystem\\app\\Views\\Admin\\promotion.php', 135)
 2 SYSTEMPATH\View\View.php(226): include('C:\\CapstoneSystem\\app\\Views\\Admin\\promotion.php')
 3 SYSTEMPATH\View\View.php(229): CodeIgniter\View\View->CodeIgniter\View\{closure}()
 4 SYSTEMPATH\Common.php(1188): CodeIgniter\View\View->render('Admin/promotion', [], true)
 5 APPPATH\Controllers\AdminController.php(162): view('Admin/promotion', [...])
 6 SYSTEMPATH\CodeIgniter.php(919): App\Controllers\AdminController->promotion()
 7 SYSTEMPATH\CodeIgniter.php(494): CodeIgniter\CodeIgniter->runController(Object(App\Controllers\AdminController))
 8 SYSTEMPATH\CodeIgniter.php(353): CodeIgniter\CodeIgniter->handleRequest(null, Object(Config\Cache), false)
 9 FCPATH\index.php(79): CodeIgniter\CodeIgniter->run()
10 SYSTEMPATH\Commands\Server\rewrite.php(47): require_once('C:\\CapstoneSystem\\public\\index.php')
ERROR - 2024-03-28 19:27:02 --> mysqli_sql_exception: Unknown column 'app_life_token' in 'where clause' in C:\CapstoneSystem\system\Database\MySQLi\Connection.php:306
Stack trace:
#0 C:\CapstoneSystem\system\Database\MySQLi\Connection.php(306): mysqli->query('SELECT *\nFROM `...', 0)
#1 C:\CapstoneSystem\system\Database\BaseConnection.php(692): CodeIgniter\Database\MySQLi\Connection->execute('SELECT *\nFROM `...')
#2 C:\CapstoneSystem\system\Database\BaseConnection.php(606): CodeIgniter\Database\BaseConnection->simpleQuery('SELECT *\nFROM `...')
#3 C:\CapstoneSystem\system\Database\BaseBuilder.php(1615): CodeIgniter\Database\BaseConnection->query('SELECT *\nFROM `...', Array, false)
#4 C:\CapstoneSystem\system\Model.php(264): CodeIgniter\Database\BaseBuilder->get()
#5 C:\CapstoneSystem\system\BaseModel.php(662): CodeIgniter\Model->doFirst()
#6 C:\CapstoneSystem\app\Controllers\AdminController.php(213): CodeIgniter\BaseModel->first()
#7 C:\CapstoneSystem\system\CodeIgniter.php(919): App\Controllers\AdminController->newAgent('fe1acc0f7424c41...')
#8 C:\CapstoneSystem\system\CodeIgniter.php(494): CodeIgniter\CodeIgniter->runController(Object(App\Controllers\AdminController))
#9 C:\CapstoneSystem\system\CodeIgniter.php(353): CodeIgniter\CodeIgniter->handleRequest(NULL, Object(Config\Cache), false)
#10 C:\CapstoneSystem\public\index.php(79): CodeIgniter\CodeIgniter->run()
#11 C:\CapstoneSystem\system\Commands\Server\rewrite.php(47): require_once('C:\\CapstoneSyst...')
#12 {main}
CRITICAL - 2024-03-28 19:27:02 --> Unknown column 'app_life_token' in 'where clause'
in SYSTEMPATH\Database\BaseConnection.php on line 646.
 1 SYSTEMPATH\Database\BaseBuilder.php(1615): CodeIgniter\Database\BaseConnection->query('SELECT *
FROM `applicant`
WHERE `app_life_token` = :app_life_token:
 LIMIT 1', [...], false)
 2 SYSTEMPATH\Model.php(264): CodeIgniter\Database\BaseBuilder->get()
 3 SYSTEMPATH\BaseModel.php(662): CodeIgniter\Model->doFirst()
 4 APPPATH\Controllers\AdminController.php(213): CodeIgniter\BaseModel->first()
 5 SYSTEMPATH\CodeIgniter.php(919): App\Controllers\AdminController->newAgent('fe1acc0f7424c413008113258112a2171d08f3e149b4933b')
 6 SYSTEMPATH\CodeIgniter.php(494): CodeIgniter\CodeIgniter->runController(Object(App\Controllers\AdminController))
 7 SYSTEMPATH\CodeIgniter.php(353): CodeIgniter\CodeIgniter->handleRequest(null, Object(Config\Cache), false)
 8 FCPATH\index.php(79): CodeIgniter\CodeIgniter->run()
 9 SYSTEMPATH\Commands\Server\rewrite.php(47): require_once('C:\\CapstoneSystem\\public\\index.php')
CRITICAL - 2024-03-28 19:27:44 --> Call to undefined method App\Models\ApplicantModel::getAll
in SYSTEMPATH\Model.php on line 873.
 1 APPPATH\Controllers\AdminController.php(213): CodeIgniter\Model->__call('getAll', [])
 2 SYSTEMPATH\CodeIgniter.php(919): App\Controllers\AdminController->newAgent('fe1acc0f7424c413008113258112a2171d08f3e149b4933b')
 3 SYSTEMPATH\CodeIgniter.php(494): CodeIgniter\CodeIgniter->runController(Object(App\Controllers\AdminController))
 4 SYSTEMPATH\CodeIgniter.php(353): CodeIgniter\CodeIgniter->handleRequest(null, Object(Config\Cache), false)
 5 FCPATH\index.php(79): CodeIgniter\CodeIgniter->run()
 6 SYSTEMPATH\Commands\Server\rewrite.php(47): require_once('C:\\CapstoneSystem\\public\\index.php')
CRITICAL - 2024-03-28 19:32:36 --> Undefined array key "username"
in APPPATH\Controllers\AdminController.php on line 216.
 1 APPPATH\Controllers\AdminController.php(216): CodeIgniter\Debug\Exceptions->errorHandler(2, 'Undefined array key "username"', 'C:\\CapstoneSystem\\app\\Controllers\\AdminController.php', 216)
 2 SYSTEMPATH\CodeIgniter.php(919): App\Controllers\AdminController->newAgent('fe1acc0f7424c413008113258112a2171d08f3e149b4933b')
 3 SYSTEMPATH\CodeIgniter.php(494): CodeIgniter\CodeIgniter->runController(Object(App\Controllers\AdminController))
 4 SYSTEMPATH\CodeIgniter.php(353): CodeIgniter\CodeIgniter->handleRequest(null, Object(Config\Cache), false)
 5 FCPATH\index.php(79): CodeIgniter\CodeIgniter->run()
 6 SYSTEMPATH\Commands\Server\rewrite.php(47): require_once('C:\\CapstoneSystem\\public\\index.php')
CRITICAL - 2024-03-28 19:36:46 --> Undefined array key "FA"
in APPPATH\Controllers\AdminController.php on line 229.
 1 APPPATH\Controllers\AdminController.php(229): CodeIgniter\Debug\Exceptions->errorHandler(2, 'Undefined array key "FA"', 'C:\\CapstoneSystem\\app\\Controllers\\AdminController.php', 229)
 2 SYSTEMPATH\CodeIgniter.php(919): App\Controllers\AdminController->newAgent('fe1acc0f7424c413008113258112a2171d08f3e149b4933b')
 3 SYSTEMPATH\CodeIgniter.php(494): CodeIgniter\CodeIgniter->runController(Object(App\Controllers\AdminController))
 4 SYSTEMPATH\CodeIgniter.php(353): CodeIgniter\CodeIgniter->handleRequest(null, Object(Config\Cache), false)
 5 FCPATH\index.php(79): CodeIgniter\CodeIgniter->run()
 6 SYSTEMPATH\Commands\Server\rewrite.php(47): require_once('C:\\CapstoneSystem\\public\\index.php')
CRITICAL - 2024-03-28 19:38:06 --> Undefined array key 0
in APPPATH\Controllers\AdminController.php on line 216.
 1 APPPATH\Controllers\AdminController.php(216): CodeIgniter\Debug\Exceptions->errorHandler(2, 'Undefined array key 0', 'C:\\CapstoneSystem\\app\\Controllers\\AdminController.php', 216)
 2 SYSTEMPATH\CodeIgniter.php(919): App\Controllers\AdminController->newAgent('678bc581b50ea68cd98743d9394190b3b9dbf313e9dd3efc')
 3 SYSTEMPATH\CodeIgniter.php(494): CodeIgniter\CodeIgniter->runController(Object(App\Controllers\AdminController))
 4 SYSTEMPATH\CodeIgniter.php(353): CodeIgniter\CodeIgniter->handleRequest(null, Object(Config\Cache), false)
 5 FCPATH\index.php(79): CodeIgniter\CodeIgniter->run()
 6 SYSTEMPATH\Commands\Server\rewrite.php(47): require_once('C:\\CapstoneSystem\\public\\index.php')
ERROR - 2024-03-28 19:38:57 --> mysqli_sql_exception: Unknown column 'app_token' in 'where clause' in C:\CapstoneSystem\system\Database\MySQLi\Connection.php:306
Stack trace:
#0 C:\CapstoneSystem\system\Database\MySQLi\Connection.php(306): mysqli->query('SELECT *\nFROM `...', 0)
#1 C:\CapstoneSystem\system\Database\BaseConnection.php(692): CodeIgniter\Database\MySQLi\Connection->execute('SELECT *\nFROM `...')
#2 C:\CapstoneSystem\system\Database\BaseConnection.php(606): CodeIgniter\Database\BaseConnection->simpleQuery('SELECT *\nFROM `...')
#3 C:\CapstoneSystem\system\Database\BaseBuilder.php(1615): CodeIgniter\Database\BaseConnection->query('SELECT *\nFROM `...', Array, false)
#4 C:\CapstoneSystem\system\Model.php(264): CodeIgniter\Database\BaseBuilder->get()
#5 C:\CapstoneSystem\system\BaseModel.php(662): CodeIgniter\Model->doFirst()
#6 C:\CapstoneSystem\app\Controllers\AdminController.php(234): CodeIgniter\BaseModel->first()
#7 C:\CapstoneSystem\system\CodeIgniter.php(919): App\Controllers\AdminController->newAgent('fe1acc0f7424c41...')
#8 C:\CapstoneSystem\system\CodeIgniter.php(494): CodeIgniter\CodeIgniter->runController(Object(App\Controllers\AdminController))
#9 C:\CapstoneSystem\system\CodeIgniter.php(353): CodeIgniter\CodeIgniter->handleRequest(NULL, Object(Config\Cache), false)
#10 C:\CapstoneSystem\public\index.php(79): CodeIgniter\CodeIgniter->run()
#11 C:\CapstoneSystem\system\Commands\Server\rewrite.php(47): require_once('C:\\CapstoneSyst...')
#12 {main}
CRITICAL - 2024-03-28 19:38:57 --> Unknown column 'app_token' in 'where clause'
in SYSTEMPATH\Database\BaseConnection.php on line 646.
 1 SYSTEMPATH\Database\BaseBuilder.php(1615): CodeIgniter\Database\BaseConnection->query('SELECT *
FROM `users`
WHERE `app_token` = :app_token:
 LIMIT 1', [...], false)
 2 SYSTEMPATH\Model.php(264): CodeIgniter\Database\BaseBuilder->get()
 3 SYSTEMPATH\BaseModel.php(662): CodeIgniter\Model->doFirst()
 4 APPPATH\Controllers\AdminController.php(234): CodeIgniter\BaseModel->first()
 5 SYSTEMPATH\CodeIgniter.php(919): App\Controllers\AdminController->newAgent('fe1acc0f7424c413008113258112a2171d08f3e149b4933b')
 6 SYSTEMPATH\CodeIgniter.php(494): CodeIgniter\CodeIgniter->runController(Object(App\Controllers\AdminController))
 7 SYSTEMPATH\CodeIgniter.php(353): CodeIgniter\CodeIgniter->handleRequest(null, Object(Config\Cache), false)
 8 FCPATH\index.php(79): CodeIgniter\CodeIgniter->run()
 9 SYSTEMPATH\Commands\Server\rewrite.php(47): require_once('C:\\CapstoneSystem\\public\\index.php')
CRITICAL - 2024-03-28 19:46:02 --> Undefined array key "applicant"
in APPPATH\Controllers\AdminController.php on line 245.
 1 APPPATH\Controllers\AdminController.php(245): CodeIgniter\Debug\Exceptions->errorHandler(2, 'Undefined array key "applicant"', 'C:\\CapstoneSystem\\app\\Controllers\\AdminController.php', 245)
 2 SYSTEMPATH\CodeIgniter.php(919): App\Controllers\AdminController->newAgent('678bc581b50ea68cd98743d9394190b3b9dbf313e9dd3efc')
 3 SYSTEMPATH\CodeIgniter.php(494): CodeIgniter\CodeIgniter->runController(Object(App\Controllers\AdminController))
 4 SYSTEMPATH\CodeIgniter.php(353): CodeIgniter\CodeIgniter->handleRequest(null, Object(Config\Cache), false)
 5 FCPATH\index.php(79): CodeIgniter\CodeIgniter->run()
 6 SYSTEMPATH\Commands\Server\rewrite.php(47): require_once('C:\\CapstoneSystem\\public\\index.php')
CRITICAL - 2024-03-28 20:09:18 --> There is no data to update.
in SYSTEMPATH\BaseModel.php on line 930.
 1 SYSTEMPATH\BaseModel.php(930): CodeIgniter\Database\Exceptions\DataException::forEmptyDataset('update')
 2 SYSTEMPATH\Model.php(776): CodeIgniter\BaseModel->update(null, [])
 3 APPPATH\Controllers\AdminController.php(238): CodeIgniter\Model->update()
 4 SYSTEMPATH\CodeIgniter.php(919): App\Controllers\AdminController->newAgent('4ff38bf7ec3572addca965c6b6d0b1fdd9b9c290b283a209')
 5 SYSTEMPATH\CodeIgniter.php(494): CodeIgniter\CodeIgniter->runController(Object(App\Controllers\AdminController))
 6 SYSTEMPATH\CodeIgniter.php(353): CodeIgniter\CodeIgniter->handleRequest(null, Object(Config\Cache), false)
 7 FCPATH\index.php(79): CodeIgniter\CodeIgniter->run()
 8 SYSTEMPATH\Commands\Server\rewrite.php(47): require_once('C:\\CapstoneSystem\\public\\index.php')
ERROR - 2024-03-28 20:23:16 --> mysqli_sql_exception: Unknown column 'token' in 'where clause' in C:\CapstoneSystem\system\Database\MySQLi\Connection.php:306
Stack trace:
#0 C:\CapstoneSystem\system\Database\MySQLi\Connection.php(306): mysqli->query('UPDATE `applica...', 0)
#1 C:\CapstoneSystem\system\Database\BaseConnection.php(692): CodeIgniter\Database\MySQLi\Connection->execute('UPDATE `applica...')
#2 C:\CapstoneSystem\system\Database\BaseConnection.php(606): CodeIgniter\Database\BaseConnection->simpleQuery('UPDATE `applica...')
#3 C:\CapstoneSystem\system\Database\BaseBuilder.php(2475): CodeIgniter\Database\BaseConnection->query('UPDATE `applica...', Array, false)
#4 C:\CapstoneSystem\system\Model.php(385): CodeIgniter\Database\BaseBuilder->update()
#5 C:\CapstoneSystem\system\BaseModel.php(949): CodeIgniter\Model->doUpdate(NULL, Array)
#6 C:\CapstoneSystem\system\Model.php(776): CodeIgniter\BaseModel->update(NULL, Array)
#7 C:\CapstoneSystem\app\Controllers\AdminController.php(234): CodeIgniter\Model->update()
#8 C:\CapstoneSystem\system\CodeIgniter.php(919): App\Controllers\AdminController->newAgent('4ff38bf7ec3572a...')
#9 C:\CapstoneSystem\system\CodeIgniter.php(494): CodeIgniter\CodeIgniter->runController(Object(App\Controllers\AdminController))
#10 C:\CapstoneSystem\system\CodeIgniter.php(353): CodeIgniter\CodeIgniter->handleRequest(NULL, Object(Config\Cache), false)
#11 C:\CapstoneSystem\public\index.php(79): CodeIgniter\CodeIgniter->run()
#12 C:\CapstoneSystem\system\Commands\Server\rewrite.php(47): require_once('C:\\CapstoneSyst...')
#13 {main}
CRITICAL - 2024-03-28 20:23:16 --> Unknown column 'token' in 'where clause'
in SYSTEMPATH\Database\BaseConnection.php on line 646.
 1 SYSTEMPATH\Database\BaseBuilder.php(2475): CodeIgniter\Database\BaseConnection->query('UPDATE `applicant` SET `status` = :status:
WHERE `token` = :token:', [...], false)
 2 SYSTEMPATH\Model.php(385): CodeIgniter\Database\BaseBuilder->update()
 3 SYSTEMPATH\BaseModel.php(949): CodeIgniter\Model->doUpdate(null, [...])
 4 SYSTEMPATH\Model.php(776): CodeIgniter\BaseModel->update(null, [...])
 5 APPPATH\Controllers\AdminController.php(234): CodeIgniter\Model->update()
 6 SYSTEMPATH\CodeIgniter.php(919): App\Controllers\AdminController->newAgent('4ff38bf7ec3572addca965c6b6d0b1fdd9b9c290b283a209')
 7 SYSTEMPATH\CodeIgniter.php(494): CodeIgniter\CodeIgniter->runController(Object(App\Controllers\AdminController))
 8 SYSTEMPATH\CodeIgniter.php(353): CodeIgniter\CodeIgniter->handleRequest(null, Object(Config\Cache), false)
 9 FCPATH\index.php(79): CodeIgniter\CodeIgniter->run()
10 SYSTEMPATH\Commands\Server\rewrite.php(47): require_once('C:\\CapstoneSystem\\public\\index.php')
CRITICAL - 2024-03-28 20:31:06 --> CodeIgniter\Database\BaseBuilder::like(): Argument #2 ($match) must be of type string, null given, called in C:\CapstoneSystem\system\Model.php on line 871
in SYSTEMPATH\Database\BaseBuilder.php on line 983.
 1 SYSTEMPATH\Model.php(871): CodeIgniter\Database\BaseBuilder->like('username', null)
 2 APPPATH\Controllers\AdminController.php(165): CodeIgniter\Model->__call('like', [...])
 3 SYSTEMPATH\CodeIgniter.php(919): App\Controllers\AdminController->promotion()
 4 SYSTEMPATH\CodeIgniter.php(494): CodeIgniter\CodeIgniter->runController(Object(App\Controllers\AdminController))
 5 SYSTEMPATH\CodeIgniter.php(353): CodeIgniter\CodeIgniter->handleRequest(null, Object(Config\Cache), false)
 6 FCPATH\index.php(79): CodeIgniter\CodeIgniter->run()
 7 SYSTEMPATH\Commands\Server\rewrite.php(47): require_once('C:\\CapstoneSystem\\public\\index.php')
CRITICAL - 2024-03-28 20:32:06 --> CodeIgniter\Database\BaseBuilder::like(): Argument #2 ($match) must be of type string, null given, called in C:\CapstoneSystem\system\Model.php on line 871
in SYSTEMPATH\Database\BaseBuilder.php on line 983.
 1 SYSTEMPATH\Model.php(871): CodeIgniter\Database\BaseBuilder->like('username', null)
 2 APPPATH\Controllers\AdminController.php(162): CodeIgniter\Model->__call('like', [...])
 3 SYSTEMPATH\CodeIgniter.php(919): App\Controllers\AdminController->promotion()
 4 SYSTEMPATH\CodeIgniter.php(494): CodeIgniter\CodeIgniter->runController(Object(App\Controllers\AdminController))
 5 SYSTEMPATH\CodeIgniter.php(353): CodeIgniter\CodeIgniter->handleRequest(null, Object(Config\Cache), false)
 6 FCPATH\index.php(79): CodeIgniter\CodeIgniter->run()
 7 SYSTEMPATH\Commands\Server\rewrite.php(47): require_once('C:\\CapstoneSystem\\public\\index.php')
CRITICAL - 2024-03-28 20:33:15 --> CodeIgniter\Database\BaseBuilder::like(): Argument #2 ($match) must be of type string, null given, called in C:\CapstoneSystem\system\Model.php on line 871
in SYSTEMPATH\Database\BaseBuilder.php on line 983.
 1 SYSTEMPATH\Model.php(871): CodeIgniter\Database\BaseBuilder->like('username', null)
 2 APPPATH\Controllers\AdminController.php(164): CodeIgniter\Model->__call('like', [...])
 3 SYSTEMPATH\CodeIgniter.php(919): App\Controllers\AdminController->promotion()
 4 SYSTEMPATH\CodeIgniter.php(494): CodeIgniter\CodeIgniter->runController(Object(App\Controllers\AdminController))
 5 SYSTEMPATH\CodeIgniter.php(353): CodeIgniter\CodeIgniter->handleRequest(null, Object(Config\Cache), false)
 6 FCPATH\index.php(79): CodeIgniter\CodeIgniter->run()
 7 SYSTEMPATH\Commands\Server\rewrite.php(47): require_once('C:\\CapstoneSystem\\public\\index.php')
CRITICAL - 2024-03-28 20:33:15 --> CodeIgniter\Database\BaseBuilder::like(): Argument #2 ($match) must be of type string, null given, called in C:\CapstoneSystem\system\Model.php on line 871
in SYSTEMPATH\Database\BaseBuilder.php on line 983.
 1 SYSTEMPATH\Model.php(871): CodeIgniter\Database\BaseBuilder->like('username', null)
 2 APPPATH\Controllers\AdminController.php(164): CodeIgniter\Model->__call('like', [...])
 3 SYSTEMPATH\CodeIgniter.php(919): App\Controllers\AdminController->promotion()
 4 SYSTEMPATH\CodeIgniter.php(494): CodeIgniter\CodeIgniter->runController(Object(App\Controllers\AdminController))
 5 SYSTEMPATH\CodeIgniter.php(353): CodeIgniter\CodeIgniter->handleRequest(null, Object(Config\Cache), false)
 6 FCPATH\index.php(79): CodeIgniter\CodeIgniter->run()
 7 SYSTEMPATH\Commands\Server\rewrite.php(47): require_once('C:\\CapstoneSystem\\public\\index.php')
CRITICAL - 2024-03-28 20:33:30 --> CodeIgniter\Database\BaseBuilder::like(): Argument #2 ($match) must be of type string, null given, called in C:\CapstoneSystem\system\Model.php on line 871
in SYSTEMPATH\Database\BaseBuilder.php on line 983.
 1 SYSTEMPATH\Model.php(871): CodeIgniter\Database\BaseBuilder->like('username', null)
 2 APPPATH\Controllers\AdminController.php(164): CodeIgniter\Model->__call('like', [...])
 3 SYSTEMPATH\CodeIgniter.php(919): App\Controllers\AdminController->promotion()
 4 SYSTEMPATH\CodeIgniter.php(494): CodeIgniter\CodeIgniter->runController(Object(App\Controllers\AdminController))
 5 SYSTEMPATH\CodeIgniter.php(353): CodeIgniter\CodeIgniter->handleRequest(null, Object(Config\Cache), false)
 6 FCPATH\index.php(79): CodeIgniter\CodeIgniter->run()
 7 SYSTEMPATH\Commands\Server\rewrite.php(47): require_once('C:\\CapstoneSystem\\public\\index.php')
CRITICAL - 2024-03-28 20:33:40 --> CodeIgniter\Database\BaseBuilder::like(): Argument #2 ($match) must be of type string, null given, called in C:\CapstoneSystem\system\Model.php on line 871
in SYSTEMPATH\Database\BaseBuilder.php on line 983.
 1 SYSTEMPATH\Model.php(871): CodeIgniter\Database\BaseBuilder->like('username', null)
 2 APPPATH\Controllers\AdminController.php(164): CodeIgniter\Model->__call('like', [...])
 3 SYSTEMPATH\CodeIgniter.php(919): App\Controllers\AdminController->promotion()
 4 SYSTEMPATH\CodeIgniter.php(494): CodeIgniter\CodeIgniter->runController(Object(App\Controllers\AdminController))
 5 SYSTEMPATH\CodeIgniter.php(353): CodeIgniter\CodeIgniter->handleRequest(null, Object(Config\Cache), false)
 6 FCPATH\index.php(79): CodeIgniter\CodeIgniter->run()
 7 SYSTEMPATH\Commands\Server\rewrite.php(47): require_once('C:\\CapstoneSystem\\public\\index.php')
CRITICAL - 2024-03-28 20:33:53 --> CodeIgniter\Database\BaseBuilder::like(): Argument #2 ($match) must be of type string, null given, called in C:\CapstoneSystem\system\Model.php on line 871
in SYSTEMPATH\Database\BaseBuilder.php on line 983.
 1 SYSTEMPATH\Model.php(871): CodeIgniter\Database\BaseBuilder->like('username', null)
 2 APPPATH\Controllers\AdminController.php(164): CodeIgniter\Model->__call('like', [...])
 3 SYSTEMPATH\CodeIgniter.php(919): App\Controllers\AdminController->promotion()
 4 SYSTEMPATH\CodeIgniter.php(494): CodeIgniter\CodeIgniter->runController(Object(App\Controllers\AdminController))
 5 SYSTEMPATH\CodeIgniter.php(353): CodeIgniter\CodeIgniter->handleRequest(null, Object(Config\Cache), false)
 6 FCPATH\index.php(79): CodeIgniter\CodeIgniter->run()
 7 SYSTEMPATH\Commands\Server\rewrite.php(47): require_once('C:\\CapstoneSystem\\public\\index.php')
CRITICAL - 2024-03-28 20:34:47 --> CodeIgniter\Database\BaseBuilder::like(): Argument #2 ($match) must be of type string, null given, called in C:\CapstoneSystem\system\Model.php on line 871
in SYSTEMPATH\Database\BaseBuilder.php on line 983.
 1 SYSTEMPATH\Model.php(871): CodeIgniter\Database\BaseBuilder->like('username', null)
 2 APPPATH\Controllers\AdminController.php(161): CodeIgniter\Model->__call('like', [...])
 3 SYSTEMPATH\CodeIgniter.php(919): App\Controllers\AdminController->promotion()
 4 SYSTEMPATH\CodeIgniter.php(494): CodeIgniter\CodeIgniter->runController(Object(App\Controllers\AdminController))
 5 SYSTEMPATH\CodeIgniter.php(353): CodeIgniter\CodeIgniter->handleRequest(null, Object(Config\Cache), false)
 6 FCPATH\index.php(79): CodeIgniter\CodeIgniter->run()
 7 SYSTEMPATH\Commands\Server\rewrite.php(47): require_once('C:\\CapstoneSystem\\public\\index.php')
CRITICAL - 2024-03-28 20:35:19 --> CodeIgniter\Database\BaseBuilder::like(): Argument #2 ($match) must be of type string, null given, called in C:\CapstoneSystem\system\Model.php on line 871
in SYSTEMPATH\Database\BaseBuilder.php on line 983.
 1 SYSTEMPATH\Model.php(871): CodeIgniter\Database\BaseBuilder->like('username', null)
 2 APPPATH\Controllers\AdminController.php(164): CodeIgniter\Model->__call('like', [...])
 3 SYSTEMPATH\CodeIgniter.php(919): App\Controllers\AdminController->promotion()
 4 SYSTEMPATH\CodeIgniter.php(494): CodeIgniter\CodeIgniter->runController(Object(App\Controllers\AdminController))
 5 SYSTEMPATH\CodeIgniter.php(353): CodeIgniter\CodeIgniter->handleRequest(null, Object(Config\Cache), false)
 6 FCPATH\index.php(79): CodeIgniter\CodeIgniter->run()
 7 SYSTEMPATH\Commands\Server\rewrite.php(47): require_once('C:\\CapstoneSystem\\public\\index.php')
CRITICAL - 2024-03-28 20:35:27 --> CodeIgniter\Database\BaseBuilder::like(): Argument #2 ($match) must be of type string, null given, called in C:\CapstoneSystem\system\Model.php on line 871
in SYSTEMPATH\Database\BaseBuilder.php on line 983.
 1 SYSTEMPATH\Model.php(871): CodeIgniter\Database\BaseBuilder->like('username', null)
 2 APPPATH\Controllers\AdminController.php(164): CodeIgniter\Model->__call('like', [...])
 3 SYSTEMPATH\CodeIgniter.php(919): App\Controllers\AdminController->promotion()
 4 SYSTEMPATH\CodeIgniter.php(494): CodeIgniter\CodeIgniter->runController(Object(App\Controllers\AdminController))
 5 SYSTEMPATH\CodeIgniter.php(353): CodeIgniter\CodeIgniter->handleRequest(null, Object(Config\Cache), false)
 6 FCPATH\index.php(79): CodeIgniter\CodeIgniter->run()
 7 SYSTEMPATH\Commands\Server\rewrite.php(47): require_once('C:\\CapstoneSystem\\public\\index.php')
CRITICAL - 2024-03-28 20:37:41 --> Undefined variable $applicant
in APPPATH\Views\Admin\promotion.php on line 121.
 1 APPPATH\Views\Admin\promotion.php(121): CodeIgniter\Debug\Exceptions->errorHandler(2, 'Undefined variable $applicant', 'C:\\CapstoneSystem\\app\\Views\\Admin\\promotion.php', 121)
 2 SYSTEMPATH\View\View.php(226): include('C:\\CapstoneSystem\\app\\Views\\Admin\\promotion.php')
 3 SYSTEMPATH\View\View.php(229): CodeIgniter\View\View->CodeIgniter\View\{closure}()
 4 SYSTEMPATH\Common.php(1188): CodeIgniter\View\View->render('Admin/promotion', [], true)
 5 APPPATH\Controllers\AdminController.php(170): view('Admin/promotion', [...])
 6 SYSTEMPATH\CodeIgniter.php(919): App\Controllers\AdminController->promotion()
 7 SYSTEMPATH\CodeIgniter.php(494): CodeIgniter\CodeIgniter->runController(Object(App\Controllers\AdminController))
 8 SYSTEMPATH\CodeIgniter.php(353): CodeIgniter\CodeIgniter->handleRequest(null, Object(Config\Cache), false)
 9 FCPATH\index.php(79): CodeIgniter\CodeIgniter->run()
10 SYSTEMPATH\Commands\Server\rewrite.php(47): require_once('C:\\CapstoneSystem\\public\\index.php')
CRITICAL - 2024-03-28 20:44:00 --> Trying to access array offset on value of type null
in APPPATH\Controllers\ProfileController.php on line 20.
 1 APPPATH\Controllers\ProfileController.php(20): CodeIgniter\Debug\Exceptions->errorHandler(2, 'Trying to access array offset on value of type null', 'C:\\CapstoneSystem\\app\\Controllers\\ProfileController.php', 20)
 2 SYSTEMPATH\CodeIgniter.php(919): App\Controllers\ProfileController->agentprofile('4ff38bf7ec3572addca965c6b6d0b1fdd9b9c290b283a209')
 3 SYSTEMPATH\CodeIgniter.php(494): CodeIgniter\CodeIgniter->runController(Object(App\Controllers\ProfileController))
 4 SYSTEMPATH\CodeIgniter.php(353): CodeIgniter\CodeIgniter->handleRequest(null, Object(Config\Cache), false)
 5 FCPATH\index.php(79): CodeIgniter\CodeIgniter->run()
 6 SYSTEMPATH\Commands\Server\rewrite.php(47): require_once('C:\\CapstoneSystem\\public\\index.php')
