CRITICAL - 2024-03-20 00:59:06 --> Invalid file: "Admin/details.php"
in SYSTEMPATH\Exceptions\FrameworkException.php on line 39.
 1 SYSTEMPATH\View\View.php(214): CodeIgniter\Exceptions\FrameworkException::forInvalidFile('Admin/details.php')
 2 SYSTEMPATH\Common.php(1188): CodeIgniter\View\View->render('Admin/details', [], true)
 3 APPPATH\Controllers\AdminController.php(311): view('Admin/details', [...])
 4 SYSTEMPATH\CodeIgniter.php(919): App\Controllers\AdminController->generatePdf('133')
 5 SYSTEMPATH\CodeIgniter.php(494): CodeIgniter\CodeIgniter->runController(Object(App\Controllers\AdminController))
 6 SYSTEMPATH\CodeIgniter.php(353): CodeIgniter\CodeIgniter->handleRequest(null, Object(Config\Cache), false)
 7 FCPATH\index.php(79): CodeIgniter\CodeIgniter->run()
 8 SYSTEMPATH\Commands\Server\rewrite.php(47): require_once('C:\\CapstoneSystem\\public\\index.php')
CRITICAL - 2024-03-20 13:08:58 --> Undefined array key "agent_token"
in APPPATH\Views\Admin\ManageAgent.php on line 90.
 1 APPPATH\Views\Admin\ManageAgent.php(90): CodeIgniter\Debug\Exceptions->errorHandler(2, 'Undefined array key "agent_token"', 'C:\\laragon\\www\\ProjectSystem\\app\\Views\\Admin\\ManageAgent.php', 90)
 2 SYSTEMPATH\View\View.php(226): include('C:\\laragon\\www\\ProjectSystem\\app\\Views\\Admin\\ManageAgent.php')
 3 SYSTEMPATH\View\View.php(229): CodeIgniter\View\View->CodeIgniter\View\{closure}()
 4 SYSTEMPATH\Common.php(1188): CodeIgniter\View\View->render('Admin/ManageAgent', [], true)
 5 APPPATH\Controllers\AdminController.php(73): view('Admin/ManageAgent', [...])
 6 SYSTEMPATH\CodeIgniter.php(919): App\Controllers\AdminController->ManageAgent()
 7 SYSTEMPATH\CodeIgniter.php(494): CodeIgniter\CodeIgniter->runController(Object(App\Controllers\AdminController))
 8 SYSTEMPATH\CodeIgniter.php(353): CodeIgniter\CodeIgniter->handleRequest(null, Object(Config\Cache), false)
 9 FCPATH\index.php(79): CodeIgniter\CodeIgniter->run()
10 SYSTEMPATH\Commands\Server\rewrite.php(47): require_once('C:\\laragon\\www\\ProjectSystem\\public\\index.php')
ERROR - 2024-03-20 21:04:51 --> Email: Unable to send email using SMTP. Your server might not be configured to send mail using this method.
ERROR - 2024-03-20 21:04:51 --> 220 smtp.gmail.com ESMTP b19-20020a639313000000b005dcc075d5edsm10335003pge.60 - gsmtp

hello: 250-smtp.gmail.com at your service, [139.135.241.226]
250-SIZE 35882577
250-8BITMIME
250-STARTTLS
250-ENHANCEDSTATUSCODES
250-PIPELINING
250-CHUNKING
250 SMTPUTF8

starttls: 220 2.0.0 Ready to start TLS

hello: 250-smtp.gmail.com at your service, [139.135.241.226]
250-SIZE 35882577
250-8BITMIME
250-AUTH LOGIN PLAIN XOAUTH2 PLAIN-CLIENTTOKEN OAUTHBEARER XOAUTH
250-ENHANCEDSTATUSCODES
250-PIPELINING
250-CHUNKING
250 SMTPUTF8

Failed to authenticate password. Error: 535-5.7.8 Username and Password not accepted. For more information, go to
535 5.7.8  https://support.google.com/mail/?p=BadCredentials b19-20020a639313000000b005dcc075d5edsm10335003pge.60 - gsmtp

ERROR - 2024-03-20 21:04:58 --> Email: Unable to send email using SMTP. Your server might not be configured to send mail using this method.
ERROR - 2024-03-20 21:04:58 --> 220 smtp.gmail.com ESMTP rs12-20020a17090b2b8c00b0029c5ed2c9b3sm1535134pjb.21 - gsmtp

hello: 250-smtp.gmail.com at your service, [139.135.241.46]
250-SIZE 35882577
250-8BITMIME
250-STARTTLS
250-ENHANCEDSTATUSCODES
250-PIPELINING
250-CHUNKING
250 SMTPUTF8

starttls: 220 2.0.0 Ready to start TLS

hello: 250-smtp.gmail.com at your service, [139.135.241.46]
250-SIZE 35882577
250-8BITMIME
250-AUTH LOGIN PLAIN XOAUTH2 PLAIN-CLIENTTOKEN OAUTHBEARER XOAUTH
250-ENHANCEDSTATUSCODES
250-PIPELINING
250-CHUNKING
250 SMTPUTF8

Failed to authenticate password. Error: 535-5.7.8 Username and Password not accepted. For more information, go to
535 5.7.8  https://support.google.com/mail/?p=BadCredentials rs12-20020a17090b2b8c00b0029c5ed2c9b3sm1535134pjb.21 - gsmtp

ERROR - 2024-03-20 21:06:03 --> Email: Unable to send email using SMTP. Your server might not be configured to send mail using this method.
ERROR - 2024-03-20 21:06:03 --> 220 smtp.gmail.com ESMTP ks1-20020a056a004b8100b006e6cc458206sm11857440pfb.175 - gsmtp

hello: 250-smtp.gmail.com at your service, [139.135.241.106]
250-SIZE 35882577
250-8BITMIME
250-STARTTLS
250-ENHANCEDSTATUSCODES
250-PIPELINING
250-CHUNKING
250 SMTPUTF8

starttls: 220 2.0.0 Ready to start TLS

hello: 250-smtp.gmail.com at your service, [139.135.241.106]
250-SIZE 35882577
250-8BITMIME
250-AUTH LOGIN PLAIN XOAUTH2 PLAIN-CLIENTTOKEN OAUTHBEARER XOAUTH
250-ENHANCEDSTATUSCODES
250-PIPELINING
250-CHUNKING
250 SMTPUTF8

Failed to authenticate password. Error: 535-5.7.8 Username and Password not accepted. For more information, go to
535 5.7.8  https://support.google.com/mail/?p=BadCredentials ks1-20020a056a004b8100b006e6cc458206sm11857440pfb.175 - gsmtp

ERROR - 2024-03-20 21:08:15 --> Email: Unable to send email using SMTP. Your server might not be configured to send mail using this method.
ERROR - 2024-03-20 21:08:15 --> 220 smtp.gmail.com ESMTP kw11-20020a170902f90b00b001dcc18e1c10sm13460432plb.174 - gsmtp

hello: 250-smtp.gmail.com at your service, [139.135.241.46]
250-SIZE 35882577
250-8BITMIME
250-STARTTLS
250-ENHANCEDSTATUSCODES
250-PIPELINING
250-CHUNKING
250 SMTPUTF8

starttls: 220 2.0.0 Ready to start TLS

hello: 250-smtp.gmail.com at your service, [139.135.241.46]
250-SIZE 35882577
250-8BITMIME
250-AUTH LOGIN PLAIN XOAUTH2 PLAIN-CLIENTTOKEN OAUTHBEARER XOAUTH
250-ENHANCEDSTATUSCODES
250-PIPELINING
250-CHUNKING
250 SMTPUTF8

Failed to authenticate password. Error: 535-5.7.8 Username and Password not accepted. For more information, go to
535 5.7.8  https://support.google.com/mail/?p=BadCredentials kw11-20020a170902f90b00b001dcc18e1c10sm13460432plb.174 - gsmtp

ERROR - 2024-03-20 21:11:37 --> Email: Unable to send email using SMTP. Your server might not be configured to send mail using this method.
ERROR - 2024-03-20 21:11:37 --> 220 smtp.gmail.com ESMTP p16-20020a1709027ed000b001db3361bc1dsm13760840plb.102 - gsmtp

hello: 250-smtp.gmail.com at your service, [139.135.241.106]
250-SIZE 35882577
250-8BITMIME
250-STARTTLS
250-ENHANCEDSTATUSCODES
250-PIPELINING
250-CHUNKING
250 SMTPUTF8

starttls: 220 2.0.0 Ready to start TLS

hello: 250-smtp.gmail.com at your service, [139.135.241.106]
250-SIZE 35882577
250-8BITMIME
250-AUTH LOGIN PLAIN XOAUTH2 PLAIN-CLIENTTOKEN OAUTHBEARER XOAUTH
250-ENHANCEDSTATUSCODES
250-PIPELINING
250-CHUNKING
250 SMTPUTF8

Failed to authenticate password. Error: 535-5.7.8 Username and Password not accepted. For more information, go to
535 5.7.8  https://support.google.com/mail/?p=BadCredentials p16-20020a1709027ed000b001db3361bc1dsm13760840plb.102 - gsmtp

ERROR - 2024-03-20 21:37:18 --> Email: Unable to send email using SMTP. Your server might not be configured to send mail using this method.
ERROR - 2024-03-20 21:37:18 --> 220 smtp.gmail.com ESMTP b24-20020aa78718000000b006e68954b9c7sm11591695pfo.44 - gsmtp

hello: 250-smtp.gmail.com at your service, [139.135.241.226]
250-SIZE 35882577
250-8BITMIME
250-STARTTLS
250-ENHANCEDSTATUSCODES
250-PIPELINING
250-CHUNKING
250 SMTPUTF8

starttls: 220 2.0.0 Ready to start TLS

hello: 250-smtp.gmail.com at your service, [139.135.241.226]
250-SIZE 35882577
250-8BITMIME
250-AUTH LOGIN PLAIN XOAUTH2 PLAIN-CLIENTTOKEN OAUTHBEARER XOAUTH
250-ENHANCEDSTATUSCODES
250-PIPELINING
250-CHUNKING
250 SMTPUTF8

Failed to authenticate password. Error: 535-5.7.8 Username and Password not accepted. For more information, go to
535 5.7.8  https://support.google.com/mail/?p=BadCredentials b24-20020aa78718000000b006e68954b9c7sm11591695pfo.44 - gsmtp

