ERROR - 2024-05-20 13:21:26 --> Email: Unable to send email using SMTP. Your server might not be configured to send mail using this method.
ERROR - 2024-05-20 13:21:26 --> 220 smtp.gmail.com ESMTP 98e67ed59e1d1-2bd5f64240esm3178441a91.0 - gsmtp

hello: 250-smtp.gmail.com at your service, [139.135.241.111]
250-SIZE 35882577
250-8BITMIME
250-STARTTLS
250-ENHANCEDSTATUSCODES
250-PIPELINING
250-CHUNKING
250 SMTPUTF8

starttls: 220 2.0.0 Ready to start TLS

hello: 250-smtp.gmail.com at your service, [139.135.241.111]
250-SIZE 35882577
250-8BITMIME
250-AUTH LOGIN PLAIN XOAUTH2 PLAIN-CLIENTTOKEN OAUTHBEARER XOAUTH
250-ENHANCEDSTATUSCODES
250-PIPELINING
250-CHUNKING
250 SMTPUTF8

Failed to authenticate password. Error: 535-5.7.8 Username and Password not accepted. For more information, go to
535 5.7.8  https://support.google.com/mail/?p=BadCredentials 98e67ed59e1d1-2bd5f64240esm3178441a91.0 - gsmtp

CRITICAL - 2024-05-20 13:47:32 --> Serialization of 'Closure' is not allowed
in APPPATH\Models\BaseModel.php on line 36.
 1 APPPATH\Models\BaseModel.php(36): serialize(Object(Closure))
 2 APPPATH\Models\BaseModel.php(19): App\Models\BaseModel->getCachedQueryResults(Object(Closure), 60)
 3 SYSTEMPATH\BaseModel.php(1207): App\Models\BaseModel->findAll(8, 0)
 4 APPPATH\Controllers\ClientController.php(122): CodeIgniter\BaseModel->paginate(8, 'agent')
 5 APPPATH\Controllers\HomepageController.php(40): App\Controllers\ClientController->ag()
 6 SYSTEMPATH\CodeIgniter.php(919): App\Controllers\HomepageController->home()
 7 SYSTEMPATH\CodeIgniter.php(494): CodeIgniter\CodeIgniter->runController(Object(App\Controllers\HomepageController))
 8 SYSTEMPATH\CodeIgniter.php(353): CodeIgniter\CodeIgniter->handleRequest(null, Object(Config\Cache), false)
 9 FCPATH\index.php(79): CodeIgniter\CodeIgniter->run()
10 SYSTEMPATH\Commands\Server\rewrite.php(47): require_once('C:\\CapstoneSystem\\public\\index.php')
CRITICAL - 2024-05-20 13:48:05 --> Undefined array key "token"
in APPPATH\Views\Home\home.php on line 107.
 1 APPPATH\Views\Home\home.php(107): CodeIgniter\Debug\Exceptions->errorHandler(2, 'Undefined array key "token"', 'C:\\CapstoneSystem\\app\\Views\\Home\\home.php', 107)
 2 SYSTEMPATH\View\View.php(226): include('C:\\CapstoneSystem\\app\\Views\\Home\\home.php')
 3 SYSTEMPATH\View\View.php(229): CodeIgniter\View\View->CodeIgniter\View\{closure}()
 4 SYSTEMPATH\Common.php(1188): CodeIgniter\View\View->render('Home/home', [], true)
 5 APPPATH\Controllers\HomepageController.php(43): view('Home/home', [...])
 6 SYSTEMPATH\CodeIgniter.php(919): App\Controllers\HomepageController->home()
 7 SYSTEMPATH\CodeIgniter.php(494): CodeIgniter\CodeIgniter->runController(Object(App\Controllers\HomepageController))
 8 SYSTEMPATH\CodeIgniter.php(353): CodeIgniter\CodeIgniter->handleRequest(null, Object(Config\Cache), false)
 9 FCPATH\index.php(79): CodeIgniter\CodeIgniter->run()
10 SYSTEMPATH\Commands\Server\rewrite.php(47): require_once('C:\\CapstoneSystem\\public\\index.php')
CRITICAL - 2024-05-20 13:51:17 --> Serialization of 'Closure' is not allowed
in APPPATH\Models\AgentModel.php on line 91.
 1 APPPATH\Models\AgentModel.php(91): serialize(Object(Closure))
 2 APPPATH\Models\AgentModel.php(74): App\Models\AgentModel->getCachedQueryResults(Object(Closure), 60)
 3 SYSTEMPATH\BaseModel.php(1207): App\Models\AgentModel->findAll(10, 0)
 4 APPPATH\Controllers\AdminController.php(120): CodeIgniter\BaseModel->paginate(10, 'group1')
 5 SYSTEMPATH\CodeIgniter.php(919): App\Controllers\AdminController->ManageAgent()
 6 SYSTEMPATH\CodeIgniter.php(494): CodeIgniter\CodeIgniter->runController(Object(App\Controllers\AdminController))
 7 SYSTEMPATH\CodeIgniter.php(353): CodeIgniter\CodeIgniter->handleRequest(null, Object(Config\Cache), false)
 8 FCPATH\index.php(79): CodeIgniter\CodeIgniter->run()
 9 SYSTEMPATH\Commands\Server\rewrite.php(47): require_once('C:\\CapstoneSystem\\public\\index.php')
CRITICAL - 2024-05-20 13:52:42 --> Serialization of 'Closure' is not allowed
in APPPATH\Models\AgentModel.php on line 94.
 1 APPPATH\Models\AgentModel.php(94): serialize([...])
 2 APPPATH\Models\AgentModel.php(78): App\Models\AgentModel->getCachedQueryResults(Object(Closure), [...], 60)
 3 SYSTEMPATH\BaseModel.php(1207): App\Models\AgentModel->findAll(10, 0)
 4 APPPATH\Controllers\AdminController.php(120): CodeIgniter\BaseModel->paginate(10, 'group1')
 5 SYSTEMPATH\CodeIgniter.php(919): App\Controllers\AdminController->ManageAgent()
 6 SYSTEMPATH\CodeIgniter.php(494): CodeIgniter\CodeIgniter->runController(Object(App\Controllers\AdminController))
 7 SYSTEMPATH\CodeIgniter.php(353): CodeIgniter\CodeIgniter->handleRequest(null, Object(Config\Cache), false)
 8 FCPATH\index.php(79): CodeIgniter\CodeIgniter->run()
 9 SYSTEMPATH\Commands\Server\rewrite.php(47): require_once('C:\\CapstoneSystem\\public\\index.php')
CRITICAL - 2024-05-20 13:53:38 --> Serialization of 'Closure' is not allowed
in APPPATH\Models\AgentModel.php on line 91.
 1 APPPATH\Models\AgentModel.php(91): serialize(Object(Closure))
 2 APPPATH\Models\AgentModel.php(74): App\Models\AgentModel->getCachedQueryResults(Object(Closure), 60)
 3 SYSTEMPATH\BaseModel.php(1207): App\Models\AgentModel->findAll(10, 0)
 4 APPPATH\Controllers\AdminController.php(120): CodeIgniter\BaseModel->paginate(10, 'group1')
 5 SYSTEMPATH\CodeIgniter.php(919): App\Controllers\AdminController->ManageAgent()
 6 SYSTEMPATH\CodeIgniter.php(494): CodeIgniter\CodeIgniter->runController(Object(App\Controllers\AdminController))
 7 SYSTEMPATH\CodeIgniter.php(353): CodeIgniter\CodeIgniter->handleRequest(null, Object(Config\Cache), false)
 8 FCPATH\index.php(79): CodeIgniter\CodeIgniter->run()
 9 SYSTEMPATH\Commands\Server\rewrite.php(47): require_once('C:\\CapstoneSystem\\public\\index.php')
CRITICAL - 2024-05-20 13:54:18 --> App\Models\AgentModel::getCachedQueryResults(): Argument #1 ($queryIdentifier) must be of type string, Closure given, called in C:\CapstoneSystem\app\Models\AgentModel.php on line 74
in APPPATH\Models\AgentModel.php on line 86.
 1 APPPATH\Models\AgentModel.php(74): App\Models\AgentModel->getCachedQueryResults(Object(Closure), 60)
 2 SYSTEMPATH\BaseModel.php(1207): App\Models\AgentModel->findAll(10, 0)
 3 APPPATH\Controllers\AdminController.php(120): CodeIgniter\BaseModel->paginate(10, 'group1')
 4 SYSTEMPATH\CodeIgniter.php(919): App\Controllers\AdminController->ManageAgent()
 5 SYSTEMPATH\CodeIgniter.php(494): CodeIgniter\CodeIgniter->runController(Object(App\Controllers\AdminController))
 6 SYSTEMPATH\CodeIgniter.php(353): CodeIgniter\CodeIgniter->handleRequest(null, Object(Config\Cache), false)
 7 FCPATH\index.php(79): CodeIgniter\CodeIgniter->run()
 8 SYSTEMPATH\Commands\Server\rewrite.php(47): require_once('C:\\CapstoneSystem\\public\\index.php')
CRITICAL - 2024-05-20 23:14:32 --> Undefined variable $img
in APPPATH\Controllers\AdminController.php on line 378.
 1 APPPATH\Controllers\AdminController.php(378): CodeIgniter\Debug\Exceptions->errorHandler(2, 'Undefined variable $img', 'C:\\CapstoneSystem\\app\\Controllers\\AdminController.php', 378)
 2 SYSTEMPATH\CodeIgniter.php(919): App\Controllers\AdminController->svad()
 3 SYSTEMPATH\CodeIgniter.php(494): CodeIgniter\CodeIgniter->runController(Object(App\Controllers\AdminController))
 4 SYSTEMPATH\CodeIgniter.php(353): CodeIgniter\CodeIgniter->handleRequest(null, Object(Config\Cache), false)
 5 FCPATH\index.php(79): CodeIgniter\CodeIgniter->run()
 6 SYSTEMPATH\Commands\Server\rewrite.php(47): require_once('C:\\CapstoneSystem\\public\\index.php')
ERROR - 2024-05-20 23:34:16 --> Email: Unable to send email using SMTP. Your server might not be configured to send mail using this method.
ERROR - 2024-05-20 23:34:16 --> 220 smtp.gmail.com ESMTP 98e67ed59e1d1-2b671783519sm20165297a91.57 - gsmtp

hello: 250-smtp.gmail.com at your service, [139.135.241.231]
250-SIZE 35882577
250-8BITMIME
250-STARTTLS
250-ENHANCEDSTATUSCODES
250-PIPELINING
250-CHUNKING
250 SMTPUTF8

starttls: 220 2.0.0 Ready to start TLS

hello: 250-smtp.gmail.com at your service, [139.135.241.231]
250-SIZE 35882577
250-8BITMIME
250-AUTH LOGIN PLAIN XOAUTH2 PLAIN-CLIENTTOKEN OAUTHBEARER XOAUTH
250-ENHANCEDSTATUSCODES
250-PIPELINING
250-CHUNKING
250 SMTPUTF8

Failed to authenticate password. Error: 535-5.7.8 Username and Password not accepted. For more information, go to
535 5.7.8  https://support.google.com/mail/?p=BadCredentials 98e67ed59e1d1-2b671783519sm20165297a91.57 - gsmtp

CRITICAL - 2024-05-20 23:38:00 --> Undefined array key "completeAddress"
in APPPATH\Controllers\ClientController.php on line 360.
 1 APPPATH\Controllers\ClientController.php(360): CodeIgniter\Debug\Exceptions->errorHandler(2, 'Undefined array key "completeAddress"', 'C:\\CapstoneSystem\\app\\Controllers\\ClientController.php', 360)
 2 SYSTEMPATH\CodeIgniter.php(919): App\Controllers\ClientController->sched()
 3 SYSTEMPATH\CodeIgniter.php(494): CodeIgniter\CodeIgniter->runController(Object(App\Controllers\ClientController))
 4 SYSTEMPATH\CodeIgniter.php(353): CodeIgniter\CodeIgniter->handleRequest(null, Object(Config\Cache), false)
 5 FCPATH\index.php(79): CodeIgniter\CodeIgniter->run()
 6 SYSTEMPATH\Commands\Server\rewrite.php(47): require_once('C:\\CapstoneSystem\\public\\index.php')
CRITICAL - 2024-05-20 23:38:37 --> preg_match(): Argument #2 ($subject) must be of type string, array given
in SYSTEMPATH\Email\Email.php on line 965.
 1 SYSTEMPATH\Email\Email.php(965): preg_match('/\\<(.*)\\>/', [...], null)
 2 SYSTEMPATH\Email\Email.php(553): CodeIgniter\Email\Email->cleanEmail([...])
 3 APPPATH\Controllers\ClientController.php(146): CodeIgniter\Email\Email->setTo([...])
 4 APPPATH\Controllers\ClientController.php(360): App\Controllers\ClientController->sendVerificationEmail([...], 'New Appointment Scheduled', 'You have a new appointment scheduled with the following details:
Client Name: Jandel Escalera
Date: 2024-5-23
Time: 23:38
Meeting Type: phone-call

Client Contact Information:
Phone: 09366581432
Email: client@gmail.com
')
 5 SYSTEMPATH\CodeIgniter.php(919): App\Controllers\ClientController->sched()
 6 SYSTEMPATH\CodeIgniter.php(494): CodeIgniter\CodeIgniter->runController(Object(App\Controllers\ClientController))
 7 SYSTEMPATH\CodeIgniter.php(353): CodeIgniter\CodeIgniter->handleRequest(null, Object(Config\Cache), false)
 8 FCPATH\index.php(79): CodeIgniter\CodeIgniter->run()
 9 SYSTEMPATH\Commands\Server\rewrite.php(47): require_once('C:\\CapstoneSystem\\public\\index.php')
CRITICAL - 2024-05-20 23:40:20 --> preg_match(): Argument #2 ($subject) must be of type string, array given
in SYSTEMPATH\Email\Email.php on line 965.
 1 SYSTEMPATH\Email\Email.php(965): preg_match('/\\<(.*)\\>/', [...], null)
 2 SYSTEMPATH\Email\Email.php(553): CodeIgniter\Email\Email->cleanEmail([...])
 3 APPPATH\Controllers\ClientController.php(146): CodeIgniter\Email\Email->setTo([...])
 4 APPPATH\Controllers\ClientController.php(353): App\Controllers\ClientController->sendVerificationEmail([...], 'New Appointment Scheduled', 'You have a new appointment scheduled, please see at yout trsansations tab')
 5 SYSTEMPATH\CodeIgniter.php(919): App\Controllers\ClientController->sched()
 6 SYSTEMPATH\CodeIgniter.php(494): CodeIgniter\CodeIgniter->runController(Object(App\Controllers\ClientController))
 7 SYSTEMPATH\CodeIgniter.php(353): CodeIgniter\CodeIgniter->handleRequest(null, Object(Config\Cache), false)
 8 FCPATH\index.php(79): CodeIgniter\CodeIgniter->run()
 9 SYSTEMPATH\Commands\Server\rewrite.php(47): require_once('C:\\CapstoneSystem\\public\\index.php')
CRITICAL - 2024-05-20 23:43:12 --> preg_match(): Argument #2 ($subject) must be of type string, array given
in SYSTEMPATH\Email\Email.php on line 965.
 1 SYSTEMPATH\Email\Email.php(965): preg_match('/\\<(.*)\\>/', [...], null)
 2 SYSTEMPATH\Email\Email.php(553): CodeIgniter\Email\Email->cleanEmail([...])
 3 APPPATH\Controllers\ClientController.php(146): CodeIgniter\Email\Email->setTo([...])
 4 APPPATH\Controllers\ClientController.php(352): App\Controllers\ClientController->sendVerificationEmail([...], 'New Appointment Scheduled', 'You have a new appointment scheduled, please see at yout trsansations tab')
 5 SYSTEMPATH\CodeIgniter.php(919): App\Controllers\ClientController->sched()
 6 SYSTEMPATH\CodeIgniter.php(494): CodeIgniter\CodeIgniter->runController(Object(App\Controllers\ClientController))
 7 SYSTEMPATH\CodeIgniter.php(353): CodeIgniter\CodeIgniter->handleRequest(null, Object(Config\Cache), false)
 8 FCPATH\index.php(79): CodeIgniter\CodeIgniter->run()
 9 SYSTEMPATH\Commands\Server\rewrite.php(47): require_once('C:\\CapstoneSystem\\public\\index.php')
CRITICAL - 2024-05-20 23:44:02 --> preg_match(): Argument #2 ($subject) must be of type string, array given
in SYSTEMPATH\Email\Email.php on line 965.
 1 SYSTEMPATH\Email\Email.php(965): preg_match('/\\<(.*)\\>/', [...], null)
 2 SYSTEMPATH\Email\Email.php(553): CodeIgniter\Email\Email->cleanEmail([...])
 3 APPPATH\Controllers\ClientController.php(146): CodeIgniter\Email\Email->setTo([...])
 4 APPPATH\Controllers\ClientController.php(352): App\Controllers\ClientController->sendVerificationEmail([...], 'New Appointment Scheduled', 'You have a new appointment scheduled, please see at yout trsansations tab')
 5 SYSTEMPATH\CodeIgniter.php(919): App\Controllers\ClientController->sched()
 6 SYSTEMPATH\CodeIgniter.php(494): CodeIgniter\CodeIgniter->runController(Object(App\Controllers\ClientController))
 7 SYSTEMPATH\CodeIgniter.php(353): CodeIgniter\CodeIgniter->handleRequest(null, Object(Config\Cache), false)
 8 FCPATH\index.php(79): CodeIgniter\CodeIgniter->run()
 9 SYSTEMPATH\Commands\Server\rewrite.php(47): require_once('C:\\CapstoneSystem\\public\\index.php')
ERROR - 2024-05-20 23:46:43 --> Email: Unable to send email using SMTP. Your server might not be configured to send mail using this method.
ERROR - 2024-05-20 23:46:43 --> 220 smtp.gmail.com ESMTP d2e1a72fcca58-6f4d2b26cf5sm19232181b3a.195 - gsmtp

hello: 250-smtp.gmail.com at your service, [139.135.241.51]
250-SIZE 35882577
250-8BITMIME
250-STARTTLS
250-ENHANCEDSTATUSCODES
250-PIPELINING
250-CHUNKING
250 SMTPUTF8

starttls: 220 2.0.0 Ready to start TLS

hello: 250-smtp.gmail.com at your service, [139.135.241.51]
250-SIZE 35882577
250-8BITMIME
250-AUTH LOGIN PLAIN XOAUTH2 PLAIN-CLIENTTOKEN OAUTHBEARER XOAUTH
250-ENHANCEDSTATUSCODES
250-PIPELINING
250-CHUNKING
250 SMTPUTF8

Failed to authenticate password. Error: 535-5.7.8 Username and Password not accepted. For more information, go to
535 5.7.8  https://support.google.com/mail/?p=BadCredentials d2e1a72fcca58-6f4d2b26cf5sm19232181b3a.195 - gsmtp

ERROR - 2024-05-20 23:55:20 --> Email: Unable to send email using SMTP. Your server might not be configured to send mail using this method.
ERROR - 2024-05-20 23:55:20 --> 220 smtp.gmail.com ESMTP d2e1a72fcca58-6f4d2af2c36sm19906595b3a.173 - gsmtp

hello: 250-smtp.gmail.com at your service, [139.135.241.231]
250-SIZE 35882577
250-8BITMIME
250-STARTTLS
250-ENHANCEDSTATUSCODES
250-PIPELINING
250-CHUNKING
250 SMTPUTF8

starttls: 220 2.0.0 Ready to start TLS

hello: 250-smtp.gmail.com at your service, [139.135.241.231]
250-SIZE 35882577
250-8BITMIME
250-AUTH LOGIN PLAIN XOAUTH2 PLAIN-CLIENTTOKEN OAUTHBEARER XOAUTH
250-ENHANCEDSTATUSCODES
250-PIPELINING
250-CHUNKING
250 SMTPUTF8

from: 250 2.1.0 OK d2e1a72fcca58-6f4d2af2c36sm19906595b3a.173 - gsmtp

to: 555-5.5.2 Syntax error, cannot decode response. For more information, go to
555-5.5.2  https://support.google.com/a/answer/3221692 and review RFC 5321
555 5.5.2 specifications. d2e1a72fcca58-6f4d2af2c36sm19906595b3a.173 - gsmtp

The following SMTP error was encountered: 555-5.5.2 Syntax error, cannot decode response. For more information, go to
555-5.5.2  https://support.google.com/a/answer/3221692 and review RFC 5321
555 5.5.2 specifications. d2e1a72fcca58-6f4d2af2c36sm19906595b3a.173 - gsmtp

quit: 221 2.0.0 closing connection d2e1a72fcca58-6f4d2af2c36sm19906595b3a.173 - gsmtp

ERROR - 2024-05-20 23:59:27 --> Email: Unable to send email using SMTP. Your server might not be configured to send mail using this method.
ERROR - 2024-05-20 23:59:27 --> 220 smtp.gmail.com ESMTP d2e1a72fcca58-6f4f2fe72desm15640302b3a.135 - gsmtp

hello: 250-smtp.gmail.com at your service, [139.135.241.51]
250-SIZE 35882577
250-8BITMIME
250-STARTTLS
250-ENHANCEDSTATUSCODES
250-PIPELINING
250-CHUNKING
250 SMTPUTF8

starttls: 220 2.0.0 Ready to start TLS

hello: 250-smtp.gmail.com at your service, [139.135.241.51]
250-SIZE 35882577
250-8BITMIME
250-AUTH LOGIN PLAIN XOAUTH2 PLAIN-CLIENTTOKEN OAUTHBEARER XOAUTH
250-ENHANCEDSTATUSCODES
250-PIPELINING
250-CHUNKING
250 SMTPUTF8

from: 250 2.1.0 OK d2e1a72fcca58-6f4f2fe72desm15640302b3a.135 - gsmtp

to: 555-5.5.2 Syntax error, cannot decode response. For more information, go to
555-5.5.2  https://support.google.com/a/answer/3221692 and review RFC 5321
555 5.5.2 specifications. d2e1a72fcca58-6f4f2fe72desm15640302b3a.135 - gsmtp

The following SMTP error was encountered: 555-5.5.2 Syntax error, cannot decode response. For more information, go to
555-5.5.2  https://support.google.com/a/answer/3221692 and review RFC 5321
555 5.5.2 specifications. d2e1a72fcca58-6f4f2fe72desm15640302b3a.135 - gsmtp

quit: 221 2.0.0 closing connection d2e1a72fcca58-6f4f2fe72desm15640302b3a.135 - gsmtp

