CRITICAL - 2024-02-24 21:30:07 --> Invalid file: "AdChat.php"
in SYSTEMPATH\Exceptions\FrameworkException.php on line 39.
 1 SYSTEMPATH\View\View.php(214): CodeIgniter\Exceptions\FrameworkException::forInvalidFile('AdChat.php')
 2 SYSTEMPATH\Common.php(1188): CodeIgniter\View\View->render('AdChat', [], true)
 3 APPPATH\Controllers\RTCController.php(113): view('AdChat')
 4 SYSTEMPATH\CodeIgniter.php(919): App\Controllers\RTCController->AdChat()
 5 SYSTEMPATH\CodeIgniter.php(494): CodeIgniter\CodeIgniter->runController(Object(App\Controllers\RTCController))
 6 SYSTEMPATH\CodeIgniter.php(353): CodeIgniter\CodeIgniter->handleRequest(null, Object(Config\Cache), false)
 7 FCPATH\index.php(79): CodeIgniter\CodeIgniter->run()
 8 SYSTEMPATH\Commands\Server\rewrite.php(47): require_once('D:\\CapstoneSystem\\public\\index.php')
CRITICAL - 2024-02-24 21:30:23 --> Undefined variable $admin
in APPPATH\Views\Admin\chop\header.php on line 91.
 1 APPPATH\Views\Admin\chop\header.php(91): CodeIgniter\Debug\Exceptions->errorHandler(2, 'Undefined variable $admin', 'D:\\CapstoneSystem\\app\\Views\\Admin\\chop\\header.php', 91)
 2 SYSTEMPATH\View\View.php(226): include('D:\\CapstoneSystem\\app\\Views\\Admin\\chop\\header.php')
 3 SYSTEMPATH\View\View.php(229): CodeIgniter\View\View->CodeIgniter\View\{closure}()
 4 SYSTEMPATH\Common.php(1188): CodeIgniter\View\View->render('Admin/chop/header', [], true)
 5 APPPATH\Views\Admin\AdChat.php(7): view('Admin/chop/header')
 6 SYSTEMPATH\View\View.php(226): include('D:\\CapstoneSystem\\app\\Views\\Admin\\AdChat.php')
 7 SYSTEMPATH\View\View.php(229): CodeIgniter\View\View->CodeIgniter\View\{closure}()
 8 SYSTEMPATH\Common.php(1188): CodeIgniter\View\View->render('Admin/AdChat', [], true)
 9 APPPATH\Controllers\RTCController.php(113): view('Admin/AdChat')
10 SYSTEMPATH\CodeIgniter.php(919): App\Controllers\RTCController->AdChat()
11 SYSTEMPATH\CodeIgniter.php(494): CodeIgniter\CodeIgniter->runController(Object(App\Controllers\RTCController))
12 SYSTEMPATH\CodeIgniter.php(353): CodeIgniter\CodeIgniter->handleRequest(null, Object(Config\Cache), false)
13 FCPATH\index.php(79): CodeIgniter\CodeIgniter->run()
14 SYSTEMPATH\Commands\Server\rewrite.php(47): require_once('D:\\CapstoneSystem\\public\\index.php')
CRITICAL - 2024-02-24 21:30:34 --> Undefined variable $admin
in APPPATH\Views\Admin\chop\header.php on line 91.
 1 APPPATH\Views\Admin\chop\header.php(91): CodeIgniter\Debug\Exceptions->errorHandler(2, 'Undefined variable $admin', 'D:\\CapstoneSystem\\app\\Views\\Admin\\chop\\header.php', 91)
 2 SYSTEMPATH\View\View.php(226): include('D:\\CapstoneSystem\\app\\Views\\Admin\\chop\\header.php')
 3 SYSTEMPATH\View\View.php(229): CodeIgniter\View\View->CodeIgniter\View\{closure}()
 4 SYSTEMPATH\Common.php(1188): CodeIgniter\View\View->render('Admin/chop/header', [], true)
 5 APPPATH\Views\Admin\AdChat.php(7): view('Admin/chop/header')
 6 SYSTEMPATH\View\View.php(226): include('D:\\CapstoneSystem\\app\\Views\\Admin\\AdChat.php')
 7 SYSTEMPATH\View\View.php(229): CodeIgniter\View\View->CodeIgniter\View\{closure}()
 8 SYSTEMPATH\Common.php(1188): CodeIgniter\View\View->render('Admin/AdChat', [], true)
 9 APPPATH\Controllers\RTCController.php(113): view('Admin/AdChat')
10 SYSTEMPATH\CodeIgniter.php(919): App\Controllers\RTCController->AdChat()
11 SYSTEMPATH\CodeIgniter.php(494): CodeIgniter\CodeIgniter->runController(Object(App\Controllers\RTCController))
12 SYSTEMPATH\CodeIgniter.php(353): CodeIgniter\CodeIgniter->handleRequest(null, Object(Config\Cache), false)
13 FCPATH\index.php(79): CodeIgniter\CodeIgniter->run()
14 SYSTEMPATH\Commands\Server\rewrite.php(47): require_once('D:\\CapstoneSystem\\public\\index.php')
CRITICAL - 2024-02-24 21:30:51 --> Undefined variable $admin
in APPPATH\Views\Admin\chop\header.php on line 91.
 1 APPPATH\Views\Admin\chop\header.php(91): CodeIgniter\Debug\Exceptions->errorHandler(2, 'Undefined variable $admin', 'D:\\CapstoneSystem\\app\\Views\\Admin\\chop\\header.php', 91)
 2 SYSTEMPATH\View\View.php(226): include('D:\\CapstoneSystem\\app\\Views\\Admin\\chop\\header.php')
 3 SYSTEMPATH\View\View.php(229): CodeIgniter\View\View->CodeIgniter\View\{closure}()
 4 SYSTEMPATH\Common.php(1188): CodeIgniter\View\View->render('Admin/chop/header', [], true)
 5 APPPATH\Views\Admin\AdChat.php(7): view('Admin/chop/header')
 6 SYSTEMPATH\View\View.php(226): include('D:\\CapstoneSystem\\app\\Views\\Admin\\AdChat.php')
 7 SYSTEMPATH\View\View.php(229): CodeIgniter\View\View->CodeIgniter\View\{closure}()
 8 SYSTEMPATH\Common.php(1188): CodeIgniter\View\View->render('Admin/AdChat', [], true)
 9 APPPATH\Controllers\RTCController.php(113): view('Admin/AdChat')
10 SYSTEMPATH\CodeIgniter.php(919): App\Controllers\RTCController->AdChat()
11 SYSTEMPATH\CodeIgniter.php(494): CodeIgniter\CodeIgniter->runController(Object(App\Controllers\RTCController))
12 SYSTEMPATH\CodeIgniter.php(353): CodeIgniter\CodeIgniter->handleRequest(null, Object(Config\Cache), false)
13 FCPATH\index.php(79): CodeIgniter\CodeIgniter->run()
14 SYSTEMPATH\Commands\Server\rewrite.php(47): require_once('D:\\CapstoneSystem\\public\\index.php')
CRITICAL - 2024-02-24 21:31:28 --> Undefined variable $admin
in APPPATH\Views\Admin\chop\header.php on line 91.
 1 APPPATH\Views\Admin\chop\header.php(91): CodeIgniter\Debug\Exceptions->errorHandler(2, 'Undefined variable $admin', 'D:\\CapstoneSystem\\app\\Views\\Admin\\chop\\header.php', 91)
 2 SYSTEMPATH\View\View.php(226): include('D:\\CapstoneSystem\\app\\Views\\Admin\\chop\\header.php')
 3 SYSTEMPATH\View\View.php(229): CodeIgniter\View\View->CodeIgniter\View\{closure}()
 4 SYSTEMPATH\Common.php(1188): CodeIgniter\View\View->render('Admin/chop/header', [], true)
 5 APPPATH\Views\Admin\AdChat.php(7): view('Admin/chop/header')
 6 SYSTEMPATH\View\View.php(226): include('D:\\CapstoneSystem\\app\\Views\\Admin\\AdChat.php')
 7 SYSTEMPATH\View\View.php(229): CodeIgniter\View\View->CodeIgniter\View\{closure}()
 8 SYSTEMPATH\Common.php(1188): CodeIgniter\View\View->render('Admin/AdChat', [], true)
 9 APPPATH\Controllers\RTCController.php(113): view('Admin/AdChat')
10 SYSTEMPATH\CodeIgniter.php(919): App\Controllers\RTCController->AdChat()
11 SYSTEMPATH\CodeIgniter.php(494): CodeIgniter\CodeIgniter->runController(Object(App\Controllers\RTCController))
12 SYSTEMPATH\CodeIgniter.php(353): CodeIgniter\CodeIgniter->handleRequest(null, Object(Config\Cache), false)
13 FCPATH\index.php(79): CodeIgniter\CodeIgniter->run()
14 SYSTEMPATH\Commands\Server\rewrite.php(47): require_once('D:\\CapstoneSystem\\public\\index.php')
ERROR - 2024-02-24 21:33:36 --> Error connecting to the database: mysqli_sql_exception: No connection could be made because the target machine actively refused it in D:\CapstoneSystem\system\Database\MySQLi\Connection.php:185
Stack trace:
#0 D:\CapstoneSystem\system\Database\MySQLi\Connection.php(185): mysqli->real_connect('localhost', 'root', '', 'erecruit', 3306, '', 0)
#1 D:\CapstoneSystem\system\Database\BaseConnection.php(391): CodeIgniter\Database\MySQLi\Connection->connect(false)
#2 D:\CapstoneSystem\system\Database\BaseConnection.php(574): CodeIgniter\Database\BaseConnection->initialize()
#3 D:\CapstoneSystem\system\Database\BaseBuilder.php(1615): CodeIgniter\Database\BaseConnection->query('SELECT *\nFROM `...', Array, false)
#4 D:\CapstoneSystem\system\Model.php(264): CodeIgniter\Database\BaseBuilder->get()
#5 D:\CapstoneSystem\system\BaseModel.php(662): CodeIgniter\Model->doFirst()
#6 D:\CapstoneSystem\app\Controllers\HomepageController.php(176): CodeIgniter\BaseModel->first()
#7 D:\CapstoneSystem\system\CodeIgniter.php(919): App\Controllers\HomepageController->authlog()
#8 D:\CapstoneSystem\system\CodeIgniter.php(494): CodeIgniter\CodeIgniter->runController(Object(App\Controllers\HomepageController))
#9 D:\CapstoneSystem\system\CodeIgniter.php(353): CodeIgniter\CodeIgniter->handleRequest(NULL, Object(Config\Cache), false)
#10 D:\CapstoneSystem\public\index.php(79): CodeIgniter\CodeIgniter->run()
#11 D:\CapstoneSystem\system\Commands\Server\rewrite.php(47): require_once('D:\\CapstoneSyst...')
#12 {main}

Next CodeIgniter\Database\Exceptions\DatabaseException: No connection could be made because the target machine actively refused it in D:\CapstoneSystem\system\Database\MySQLi\Connection.php:229
Stack trace:
#0 D:\CapstoneSystem\system\Database\BaseConnection.php(391): CodeIgniter\Database\MySQLi\Connection->connect(false)
#1 D:\CapstoneSystem\system\Database\BaseConnection.php(574): CodeIgniter\Database\BaseConnection->initialize()
#2 D:\CapstoneSystem\system\Database\BaseBuilder.php(1615): CodeIgniter\Database\BaseConnection->query('SELECT *\nFROM `...', Array, false)
#3 D:\CapstoneSystem\system\Model.php(264): CodeIgniter\Database\BaseBuilder->get()
#4 D:\CapstoneSystem\system\BaseModel.php(662): CodeIgniter\Model->doFirst()
#5 D:\CapstoneSystem\app\Controllers\HomepageController.php(176): CodeIgniter\BaseModel->first()
#6 D:\CapstoneSystem\system\CodeIgniter.php(919): App\Controllers\HomepageController->authlog()
#7 D:\CapstoneSystem\system\CodeIgniter.php(494): CodeIgniter\CodeIgniter->runController(Object(App\Controllers\HomepageController))
#8 D:\CapstoneSystem\system\CodeIgniter.php(353): CodeIgniter\CodeIgniter->handleRequest(NULL, Object(Config\Cache), false)
#9 D:\CapstoneSystem\public\index.php(79): CodeIgniter\CodeIgniter->run()
#10 D:\CapstoneSystem\system\Commands\Server\rewrite.php(47): require_once('D:\\CapstoneSyst...')
#11 {main}
CRITICAL - 2024-02-24 21:33:36 --> Unable to connect to the database.
Main connection [MySQLi]: No connection could be made because the target machine actively refused it
in SYSTEMPATH\Database\BaseConnection.php on line 427.
 1 SYSTEMPATH\Database\BaseConnection.php(574): CodeIgniter\Database\BaseConnection->initialize()
 2 SYSTEMPATH\Database\BaseBuilder.php(1615): CodeIgniter\Database\BaseConnection->query('SELECT *
FROM `users`
WHERE `email` = :email:
 LIMIT 1', [...], false)
 3 SYSTEMPATH\Model.php(264): CodeIgniter\Database\BaseBuilder->get()
 4 SYSTEMPATH\BaseModel.php(662): CodeIgniter\Model->doFirst()
 5 APPPATH\Controllers\HomepageController.php(176): CodeIgniter\BaseModel->first()
 6 SYSTEMPATH\CodeIgniter.php(919): App\Controllers\HomepageController->authlog()
 7 SYSTEMPATH\CodeIgniter.php(494): CodeIgniter\CodeIgniter->runController(Object(App\Controllers\HomepageController))
 8 SYSTEMPATH\CodeIgniter.php(353): CodeIgniter\CodeIgniter->handleRequest(null, Object(Config\Cache), false)
 9 FCPATH\index.php(79): CodeIgniter\CodeIgniter->run()
10 SYSTEMPATH\Commands\Server\rewrite.php(47): require_once('D:\\CapstoneSystem\\public\\index.php')
CRITICAL - 2024-02-24 21:33:47 --> Undefined variable $admin
in APPPATH\Views\Admin\chop\header.php on line 91.
 1 APPPATH\Views\Admin\chop\header.php(91): CodeIgniter\Debug\Exceptions->errorHandler(2, 'Undefined variable $admin', 'D:\\CapstoneSystem\\app\\Views\\Admin\\chop\\header.php', 91)
 2 SYSTEMPATH\View\View.php(226): include('D:\\CapstoneSystem\\app\\Views\\Admin\\chop\\header.php')
 3 SYSTEMPATH\View\View.php(229): CodeIgniter\View\View->CodeIgniter\View\{closure}()
 4 SYSTEMPATH\Common.php(1188): CodeIgniter\View\View->render('Admin/chop/header', [], true)
 5 APPPATH\Views\Admin\AdChat.php(7): view('Admin/chop/header')
 6 SYSTEMPATH\View\View.php(226): include('D:\\CapstoneSystem\\app\\Views\\Admin\\AdChat.php')
 7 SYSTEMPATH\View\View.php(229): CodeIgniter\View\View->CodeIgniter\View\{closure}()
 8 SYSTEMPATH\Common.php(1188): CodeIgniter\View\View->render('Admin/AdChat', [], true)
 9 APPPATH\Controllers\RTCController.php(113): view('Admin/AdChat')
10 SYSTEMPATH\CodeIgniter.php(919): App\Controllers\RTCController->AdChat()
11 SYSTEMPATH\CodeIgniter.php(494): CodeIgniter\CodeIgniter->runController(Object(App\Controllers\RTCController))
12 SYSTEMPATH\CodeIgniter.php(353): CodeIgniter\CodeIgniter->handleRequest(null, Object(Config\Cache), false)
13 FCPATH\index.php(79): CodeIgniter\CodeIgniter->run()
14 SYSTEMPATH\Commands\Server\rewrite.php(47): require_once('D:\\CapstoneSystem\\public\\index.php')
CRITICAL - 2024-02-24 21:35:19 --> Undefined variable $totalAgents
in APPPATH\Views\Admin\AdChat.php on line 122.
 1 APPPATH\Views\Admin\AdChat.php(122): CodeIgniter\Debug\Exceptions->errorHandler(2, 'Undefined variable $totalAgents', 'D:\\CapstoneSystem\\app\\Views\\Admin\\AdChat.php', 122)
 2 SYSTEMPATH\View\View.php(226): include('D:\\CapstoneSystem\\app\\Views\\Admin\\AdChat.php')
 3 SYSTEMPATH\View\View.php(229): CodeIgniter\View\View->CodeIgniter\View\{closure}()
 4 SYSTEMPATH\Common.php(1188): CodeIgniter\View\View->render('Admin/AdChat', [], true)
 5 APPPATH\Controllers\AdminController.php(325): view('Admin/AdChat', [...])
 6 SYSTEMPATH\CodeIgniter.php(919): App\Controllers\AdminController->RTC()
 7 SYSTEMPATH\CodeIgniter.php(494): CodeIgniter\CodeIgniter->runController(Object(App\Controllers\AdminController))
 8 SYSTEMPATH\CodeIgniter.php(353): CodeIgniter\CodeIgniter->handleRequest(null, Object(Config\Cache), false)
 9 FCPATH\index.php(79): CodeIgniter\CodeIgniter->run()
10 SYSTEMPATH\Commands\Server\rewrite.php(47): require_once('D:\\CapstoneSystem\\public\\index.php')
CRITICAL - 2024-02-24 21:36:36 --> Undefined variable $chat
in APPPATH\Views\chat.php on line 966.
 1 APPPATH\Views\chat.php(966): CodeIgniter\Debug\Exceptions->errorHandler(2, 'Undefined variable $chat', 'D:\\CapstoneSystem\\app\\Views\\chat.php', 966)
 2 SYSTEMPATH\View\View.php(226): include('D:\\CapstoneSystem\\app\\Views\\chat.php')
 3 SYSTEMPATH\View\View.php(229): CodeIgniter\View\View->CodeIgniter\View\{closure}()
 4 SYSTEMPATH\Common.php(1188): CodeIgniter\View\View->render('chat', [], true)
 5 APPPATH\Views\Admin\AdChat.php(70): view('chat')
 6 SYSTEMPATH\View\View.php(226): include('D:\\CapstoneSystem\\app\\Views\\Admin\\AdChat.php')
 7 SYSTEMPATH\View\View.php(229): CodeIgniter\View\View->CodeIgniter\View\{closure}()
 8 SYSTEMPATH\Common.php(1188): CodeIgniter\View\View->render('Admin/AdChat', [], true)
 9 APPPATH\Controllers\AdminController.php(325): view('Admin/AdChat', [...])
10 SYSTEMPATH\CodeIgniter.php(919): App\Controllers\AdminController->RTC()
11 SYSTEMPATH\CodeIgniter.php(494): CodeIgniter\CodeIgniter->runController(Object(App\Controllers\AdminController))
12 SYSTEMPATH\CodeIgniter.php(353): CodeIgniter\CodeIgniter->handleRequest(null, Object(Config\Cache), false)
13 FCPATH\index.php(79): CodeIgniter\CodeIgniter->run()
14 SYSTEMPATH\Commands\Server\rewrite.php(47): require_once('D:\\CapstoneSystem\\public\\index.php')
CRITICAL - 2024-02-24 21:39:15 --> Undefined variable $chat
in APPPATH\Views\chat.php on line 966.
 1 APPPATH\Views\chat.php(966): CodeIgniter\Debug\Exceptions->errorHandler(2, 'Undefined variable $chat', 'D:\\CapstoneSystem\\app\\Views\\chat.php', 966)
 2 SYSTEMPATH\View\View.php(226): include('D:\\CapstoneSystem\\app\\Views\\chat.php')
 3 SYSTEMPATH\View\View.php(229): CodeIgniter\View\View->CodeIgniter\View\{closure}()
 4 SYSTEMPATH\Common.php(1188): CodeIgniter\View\View->render('chat', [], true)
 5 APPPATH\Views\Admin\AdChat.php(70): view('chat')
 6 SYSTEMPATH\View\View.php(226): include('D:\\CapstoneSystem\\app\\Views\\Admin\\AdChat.php')
 7 SYSTEMPATH\View\View.php(229): CodeIgniter\View\View->CodeIgniter\View\{closure}()
 8 SYSTEMPATH\Common.php(1188): CodeIgniter\View\View->render('Admin/AdChat', [], true)
 9 APPPATH\Controllers\RTCController.php(145): view('Admin/AdChat', [...])
10 SYSTEMPATH\CodeIgniter.php(919): App\Controllers\RTCController->RTC()
11 SYSTEMPATH\CodeIgniter.php(494): CodeIgniter\CodeIgniter->runController(Object(App\Controllers\RTCController))
12 SYSTEMPATH\CodeIgniter.php(353): CodeIgniter\CodeIgniter->handleRequest(null, Object(Config\Cache), false)
13 FCPATH\index.php(79): CodeIgniter\CodeIgniter->run()
14 SYSTEMPATH\Commands\Server\rewrite.php(47): require_once('D:\\CapstoneSystem\\public\\index.php')
CRITICAL - 2024-02-24 21:46:13 --> Undefined variable $admin
in APPPATH\Views\Admin\chop\header.php on line 91.
 1 APPPATH\Views\Admin\chop\header.php(91): CodeIgniter\Debug\Exceptions->errorHandler(2, 'Undefined variable $admin', 'D:\\CapstoneSystem\\app\\Views\\Admin\\chop\\header.php', 91)
 2 SYSTEMPATH\View\View.php(226): include('D:\\CapstoneSystem\\app\\Views\\Admin\\chop\\header.php')
 3 SYSTEMPATH\View\View.php(229): CodeIgniter\View\View->CodeIgniter\View\{closure}()
 4 SYSTEMPATH\Common.php(1188): CodeIgniter\View\View->render('Admin/chop/header', [], true)
 5 APPPATH\Views\chat.php(7): view('Admin/chop/header')
 6 SYSTEMPATH\View\View.php(226): include('D:\\CapstoneSystem\\app\\Views\\chat.php')
 7 SYSTEMPATH\View\View.php(229): CodeIgniter\View\View->CodeIgniter\View\{closure}()
 8 SYSTEMPATH\Common.php(1188): CodeIgniter\View\View->render('chat', [], true)
 9 APPPATH\Controllers\RTCController.php(153): view('chat', [...])
10 SYSTEMPATH\CodeIgniter.php(919): App\Controllers\RTCController->RTC()
11 SYSTEMPATH\CodeIgniter.php(494): CodeIgniter\CodeIgniter->runController(Object(App\Controllers\RTCController))
12 SYSTEMPATH\CodeIgniter.php(353): CodeIgniter\CodeIgniter->handleRequest(null, Object(Config\Cache), false)
13 FCPATH\index.php(79): CodeIgniter\CodeIgniter->run()
14 SYSTEMPATH\Commands\Server\rewrite.php(47): require_once('D:\\CapstoneSystem\\public\\index.php')
CRITICAL - 2024-02-24 21:47:29 --> Undefined variable $admin
in APPPATH\Views\Admin\chop\header.php on line 91.
 1 APPPATH\Views\Admin\chop\header.php(91): CodeIgniter\Debug\Exceptions->errorHandler(2, 'Undefined variable $admin', 'D:\\CapstoneSystem\\app\\Views\\Admin\\chop\\header.php', 91)
 2 SYSTEMPATH\View\View.php(226): include('D:\\CapstoneSystem\\app\\Views\\Admin\\chop\\header.php')
 3 SYSTEMPATH\View\View.php(229): CodeIgniter\View\View->CodeIgniter\View\{closure}()
 4 SYSTEMPATH\Common.php(1188): CodeIgniter\View\View->render('Admin/chop/header', [], true)
 5 APPPATH\Views\chat.php(7): view('Admin/chop/header')
 6 SYSTEMPATH\View\View.php(226): include('D:\\CapstoneSystem\\app\\Views\\chat.php')
 7 SYSTEMPATH\View\View.php(229): CodeIgniter\View\View->CodeIgniter\View\{closure}()
 8 SYSTEMPATH\Common.php(1188): CodeIgniter\View\View->render('chat', [], true)
 9 APPPATH\Controllers\RTCController.php(153): view('chat', [...])
10 SYSTEMPATH\CodeIgniter.php(919): App\Controllers\RTCController->RTC()
11 SYSTEMPATH\CodeIgniter.php(494): CodeIgniter\CodeIgniter->runController(Object(App\Controllers\RTCController))
12 SYSTEMPATH\CodeIgniter.php(353): CodeIgniter\CodeIgniter->handleRequest(null, Object(Config\Cache), false)
13 FCPATH\index.php(79): CodeIgniter\CodeIgniter->run()
14 SYSTEMPATH\Commands\Server\rewrite.php(47): require_once('D:\\CapstoneSystem\\public\\index.php')
CRITICAL - 2024-02-24 21:48:35 --> Undefined variable $admin
in APPPATH\Views\Admin\chop\header.php on line 91.
 1 APPPATH\Views\Admin\chop\header.php(91): CodeIgniter\Debug\Exceptions->errorHandler(2, 'Undefined variable $admin', 'D:\\CapstoneSystem\\app\\Views\\Admin\\chop\\header.php', 91)
 2 SYSTEMPATH\View\View.php(226): include('D:\\CapstoneSystem\\app\\Views\\Admin\\chop\\header.php')
 3 SYSTEMPATH\View\View.php(229): CodeIgniter\View\View->CodeIgniter\View\{closure}()
 4 SYSTEMPATH\Common.php(1188): CodeIgniter\View\View->render('Admin/chop/header', [], true)
 5 APPPATH\Views\Admin\AdChat.php(7): view('Admin/chop/header')
 6 SYSTEMPATH\View\View.php(226): include('D:\\CapstoneSystem\\app\\Views\\Admin\\AdChat.php')
 7 SYSTEMPATH\View\View.php(229): CodeIgniter\View\View->CodeIgniter\View\{closure}()
 8 SYSTEMPATH\Common.php(1188): CodeIgniter\View\View->render('Admin/AdChat', [], true)
 9 APPPATH\Controllers\RTCController.php(153): view('Admin/AdChat', [...])
10 SYSTEMPATH\CodeIgniter.php(919): App\Controllers\RTCController->RTC()
11 SYSTEMPATH\CodeIgniter.php(494): CodeIgniter\CodeIgniter->runController(Object(App\Controllers\RTCController))
12 SYSTEMPATH\CodeIgniter.php(353): CodeIgniter\CodeIgniter->handleRequest(null, Object(Config\Cache), false)
13 FCPATH\index.php(79): CodeIgniter\CodeIgniter->run()
14 SYSTEMPATH\Commands\Server\rewrite.php(47): require_once('D:\\CapstoneSystem\\public\\index.php')
CRITICAL - 2024-02-24 21:49:28 --> Undefined variable $admin
in APPPATH\Views\Admin\chop\header.php on line 91.
 1 APPPATH\Views\Admin\chop\header.php(91): CodeIgniter\Debug\Exceptions->errorHandler(2, 'Undefined variable $admin', 'D:\\CapstoneSystem\\app\\Views\\Admin\\chop\\header.php', 91)
 2 SYSTEMPATH\View\View.php(226): include('D:\\CapstoneSystem\\app\\Views\\Admin\\chop\\header.php')
 3 SYSTEMPATH\View\View.php(229): CodeIgniter\View\View->CodeIgniter\View\{closure}()
 4 SYSTEMPATH\Common.php(1188): CodeIgniter\View\View->render('Admin/chop/header', [], true)
 5 APPPATH\Views\Admin\AdChat.php(7): view('Admin/chop/header')
 6 SYSTEMPATH\View\View.php(226): include('D:\\CapstoneSystem\\app\\Views\\Admin\\AdChat.php')
 7 SYSTEMPATH\View\View.php(229): CodeIgniter\View\View->CodeIgniter\View\{closure}()
 8 SYSTEMPATH\Common.php(1188): CodeIgniter\View\View->render('Admin/AdChat', [], true)
 9 APPPATH\Controllers\RTCController.php(153): view('Admin/AdChat', [...])
10 SYSTEMPATH\CodeIgniter.php(919): App\Controllers\RTCController->RTC()
11 SYSTEMPATH\CodeIgniter.php(494): CodeIgniter\CodeIgniter->runController(Object(App\Controllers\RTCController))
12 SYSTEMPATH\CodeIgniter.php(353): CodeIgniter\CodeIgniter->handleRequest(null, Object(Config\Cache), false)
13 FCPATH\index.php(79): CodeIgniter\CodeIgniter->run()
14 SYSTEMPATH\Commands\Server\rewrite.php(47): require_once('D:\\CapstoneSystem\\public\\index.php')
CRITICAL - 2024-02-24 22:29:55 --> Undefined variable $userId
in APPPATH\Views\chat.php on line 944.
 1 APPPATH\Views\chat.php(944): CodeIgniter\Debug\Exceptions->errorHandler(2, 'Undefined variable $userId', 'D:\\CapstoneSystem\\app\\Views\\chat.php', 944)
 2 SYSTEMPATH\View\View.php(226): include('D:\\CapstoneSystem\\app\\Views\\chat.php')
 3 SYSTEMPATH\View\View.php(229): CodeIgniter\View\View->CodeIgniter\View\{closure}()
 4 SYSTEMPATH\Common.php(1188): CodeIgniter\View\View->render('chat', [], true)
 5 APPPATH\Views\Admin\AdChat.php(75): view('chat')
 6 SYSTEMPATH\View\View.php(226): include('D:\\CapstoneSystem\\app\\Views\\Admin\\AdChat.php')
 7 SYSTEMPATH\View\View.php(229): CodeIgniter\View\View->CodeIgniter\View\{closure}()
 8 SYSTEMPATH\Common.php(1188): CodeIgniter\View\View->render('Admin/AdChat', [], true)
 9 APPPATH\Controllers\RTCController.php(150): view('Admin/AdChat', [...])
10 SYSTEMPATH\CodeIgniter.php(919): App\Controllers\RTCController->RTC()
11 SYSTEMPATH\CodeIgniter.php(494): CodeIgniter\CodeIgniter->runController(Object(App\Controllers\RTCController))
12 SYSTEMPATH\CodeIgniter.php(353): CodeIgniter\CodeIgniter->handleRequest(null, Object(Config\Cache), false)
13 FCPATH\index.php(79): CodeIgniter\CodeIgniter->run()
14 SYSTEMPATH\Commands\Server\rewrite.php(47): require_once('D:\\CapstoneSystem\\public\\index.php')
CRITICAL - 2024-02-24 22:30:28 --> Undefined variable $message
in APPPATH\Views\chat.php on line 944.
 1 APPPATH\Views\chat.php(944): CodeIgniter\Debug\Exceptions->errorHandler(2, 'Undefined variable $message', 'D:\\CapstoneSystem\\app\\Views\\chat.php', 944)
 2 SYSTEMPATH\View\View.php(226): include('D:\\CapstoneSystem\\app\\Views\\chat.php')
 3 SYSTEMPATH\View\View.php(229): CodeIgniter\View\View->CodeIgniter\View\{closure}()
 4 SYSTEMPATH\Common.php(1188): CodeIgniter\View\View->render('chat', [], true)
 5 APPPATH\Views\Admin\AdChat.php(75): view('chat')
 6 SYSTEMPATH\View\View.php(226): include('D:\\CapstoneSystem\\app\\Views\\Admin\\AdChat.php')
 7 SYSTEMPATH\View\View.php(229): CodeIgniter\View\View->CodeIgniter\View\{closure}()
 8 SYSTEMPATH\Common.php(1188): CodeIgniter\View\View->render('Admin/AdChat', [], true)
 9 APPPATH\Controllers\RTCController.php(150): view('Admin/AdChat', [...])
10 SYSTEMPATH\CodeIgniter.php(919): App\Controllers\RTCController->RTC()
11 SYSTEMPATH\CodeIgniter.php(494): CodeIgniter\CodeIgniter->runController(Object(App\Controllers\RTCController))
12 SYSTEMPATH\CodeIgniter.php(353): CodeIgniter\CodeIgniter->handleRequest(null, Object(Config\Cache), false)
13 FCPATH\index.php(79): CodeIgniter\CodeIgniter->run()
14 SYSTEMPATH\Commands\Server\rewrite.php(47): require_once('D:\\CapstoneSystem\\public\\index.php')
CRITICAL - 2024-02-24 22:31:29 --> Undefined variable $userId
in APPPATH\Views\chat.php on line 944.
 1 APPPATH\Views\chat.php(944): CodeIgniter\Debug\Exceptions->errorHandler(2, 'Undefined variable $userId', 'D:\\CapstoneSystem\\app\\Views\\chat.php', 944)
 2 SYSTEMPATH\View\View.php(226): include('D:\\CapstoneSystem\\app\\Views\\chat.php')
 3 SYSTEMPATH\View\View.php(229): CodeIgniter\View\View->CodeIgniter\View\{closure}()
 4 SYSTEMPATH\Common.php(1188): CodeIgniter\View\View->render('chat', [], true)
 5 APPPATH\Views\Admin\AdChat.php(75): view('chat')
 6 SYSTEMPATH\View\View.php(226): include('D:\\CapstoneSystem\\app\\Views\\Admin\\AdChat.php')
 7 SYSTEMPATH\View\View.php(229): CodeIgniter\View\View->CodeIgniter\View\{closure}()
 8 SYSTEMPATH\Common.php(1188): CodeIgniter\View\View->render('Admin/AdChat', [], true)
 9 APPPATH\Controllers\RTCController.php(150): view('Admin/AdChat', [...])
10 SYSTEMPATH\CodeIgniter.php(919): App\Controllers\RTCController->RTC()
11 SYSTEMPATH\CodeIgniter.php(494): CodeIgniter\CodeIgniter->runController(Object(App\Controllers\RTCController))
12 SYSTEMPATH\CodeIgniter.php(353): CodeIgniter\CodeIgniter->handleRequest(null, Object(Config\Cache), false)
13 FCPATH\index.php(79): CodeIgniter\CodeIgniter->run()
14 SYSTEMPATH\Commands\Server\rewrite.php(47): require_once('D:\\CapstoneSystem\\public\\index.php')
CRITICAL - 2024-02-24 22:34:44 --> Undefined variable $userId
in APPPATH\Views\chat.php on line 928.
 1 APPPATH\Views\chat.php(928): CodeIgniter\Debug\Exceptions->errorHandler(2, 'Undefined variable $userId', 'D:\\CapstoneSystem\\app\\Views\\chat.php', 928)
 2 SYSTEMPATH\View\View.php(226): include('D:\\CapstoneSystem\\app\\Views\\chat.php')
 3 SYSTEMPATH\View\View.php(229): CodeIgniter\View\View->CodeIgniter\View\{closure}()
 4 SYSTEMPATH\Common.php(1188): CodeIgniter\View\View->render('chat', [], true)
 5 APPPATH\Views\Admin\AdChat.php(75): view('chat')
 6 SYSTEMPATH\View\View.php(226): include('D:\\CapstoneSystem\\app\\Views\\Admin\\AdChat.php')
 7 SYSTEMPATH\View\View.php(229): CodeIgniter\View\View->CodeIgniter\View\{closure}()
 8 SYSTEMPATH\Common.php(1188): CodeIgniter\View\View->render('Admin/AdChat', [], true)
 9 APPPATH\Controllers\RTCController.php(159): view('Admin/AdChat', [...])
10 SYSTEMPATH\CodeIgniter.php(919): App\Controllers\RTCController->RTC()
11 SYSTEMPATH\CodeIgniter.php(494): CodeIgniter\CodeIgniter->runController(Object(App\Controllers\RTCController))
12 SYSTEMPATH\CodeIgniter.php(353): CodeIgniter\CodeIgniter->handleRequest(null, Object(Config\Cache), false)
13 FCPATH\index.php(79): CodeIgniter\CodeIgniter->run()
14 SYSTEMPATH\Commands\Server\rewrite.php(47): require_once('D:\\CapstoneSystem\\public\\index.php')
CRITICAL - 2024-02-24 22:35:23 --> Undefined variable $userId
in APPPATH\Views\chat.php on line 928.
 1 APPPATH\Views\chat.php(928): CodeIgniter\Debug\Exceptions->errorHandler(2, 'Undefined variable $userId', 'D:\\CapstoneSystem\\app\\Views\\chat.php', 928)
 2 SYSTEMPATH\View\View.php(226): include('D:\\CapstoneSystem\\app\\Views\\chat.php')
 3 SYSTEMPATH\View\View.php(229): CodeIgniter\View\View->CodeIgniter\View\{closure}()
 4 SYSTEMPATH\Common.php(1188): CodeIgniter\View\View->render('chat', [], true)
 5 APPPATH\Views\Admin\AdChat.php(75): view('chat')
 6 SYSTEMPATH\View\View.php(226): include('D:\\CapstoneSystem\\app\\Views\\Admin\\AdChat.php')
 7 SYSTEMPATH\View\View.php(229): CodeIgniter\View\View->CodeIgniter\View\{closure}()
 8 SYSTEMPATH\Common.php(1188): CodeIgniter\View\View->render('Admin/AdChat', [], true)
 9 APPPATH\Controllers\RTCController.php(160): view('Admin/AdChat', [...])
10 SYSTEMPATH\CodeIgniter.php(919): App\Controllers\RTCController->RTC()
11 SYSTEMPATH\CodeIgniter.php(494): CodeIgniter\CodeIgniter->runController(Object(App\Controllers\RTCController))
12 SYSTEMPATH\CodeIgniter.php(353): CodeIgniter\CodeIgniter->handleRequest(null, Object(Config\Cache), false)
13 FCPATH\index.php(79): CodeIgniter\CodeIgniter->run()
14 SYSTEMPATH\Commands\Server\rewrite.php(47): require_once('D:\\CapstoneSystem\\public\\index.php')
CRITICAL - 2024-02-24 22:39:25 --> Undefined variable $c
in APPPATH\Views\chat.php on line 937.
 1 APPPATH\Views\chat.php(937): CodeIgniter\Debug\Exceptions->errorHandler(2, 'Undefined variable $c', 'D:\\CapstoneSystem\\app\\Views\\chat.php', 937)
 2 SYSTEMPATH\View\View.php(226): include('D:\\CapstoneSystem\\app\\Views\\chat.php')
 3 SYSTEMPATH\View\View.php(229): CodeIgniter\View\View->CodeIgniter\View\{closure}()
 4 SYSTEMPATH\Common.php(1188): CodeIgniter\View\View->render('chat', [], true)
 5 APPPATH\Views\Admin\AdChat.php(75): view('chat')
 6 SYSTEMPATH\View\View.php(226): include('D:\\CapstoneSystem\\app\\Views\\Admin\\AdChat.php')
 7 SYSTEMPATH\View\View.php(229): CodeIgniter\View\View->CodeIgniter\View\{closure}()
 8 SYSTEMPATH\Common.php(1188): CodeIgniter\View\View->render('Admin/AdChat', [], true)
 9 APPPATH\Controllers\RTCController.php(160): view('Admin/AdChat', [...])
10 SYSTEMPATH\CodeIgniter.php(919): App\Controllers\RTCController->RTC()
11 SYSTEMPATH\CodeIgniter.php(494): CodeIgniter\CodeIgniter->runController(Object(App\Controllers\RTCController))
12 SYSTEMPATH\CodeIgniter.php(353): CodeIgniter\CodeIgniter->handleRequest(null, Object(Config\Cache), false)
13 FCPATH\index.php(79): CodeIgniter\CodeIgniter->run()
14 SYSTEMPATH\Commands\Server\rewrite.php(47): require_once('D:\\CapstoneSystem\\public\\index.php')
CRITICAL - 2024-02-24 22:39:35 --> Undefined array key "time_diff"
in APPPATH\Views\chat.php on line 937.
 1 APPPATH\Views\chat.php(937): CodeIgniter\Debug\Exceptions->errorHandler(2, 'Undefined array key "time_diff"', 'D:\\CapstoneSystem\\app\\Views\\chat.php', 937)
 2 SYSTEMPATH\View\View.php(226): include('D:\\CapstoneSystem\\app\\Views\\chat.php')
 3 SYSTEMPATH\View\View.php(229): CodeIgniter\View\View->CodeIgniter\View\{closure}()
 4 SYSTEMPATH\Common.php(1188): CodeIgniter\View\View->render('chat', [], true)
 5 APPPATH\Views\Admin\AdChat.php(75): view('chat')
 6 SYSTEMPATH\View\View.php(226): include('D:\\CapstoneSystem\\app\\Views\\Admin\\AdChat.php')
 7 SYSTEMPATH\View\View.php(229): CodeIgniter\View\View->CodeIgniter\View\{closure}()
 8 SYSTEMPATH\Common.php(1188): CodeIgniter\View\View->render('Admin/AdChat', [], true)
 9 APPPATH\Controllers\RTCController.php(160): view('Admin/AdChat', [...])
10 SYSTEMPATH\CodeIgniter.php(919): App\Controllers\RTCController->RTC()
11 SYSTEMPATH\CodeIgniter.php(494): CodeIgniter\CodeIgniter->runController(Object(App\Controllers\RTCController))
12 SYSTEMPATH\CodeIgniter.php(353): CodeIgniter\CodeIgniter->handleRequest(null, Object(Config\Cache), false)
13 FCPATH\index.php(79): CodeIgniter\CodeIgniter->run()
14 SYSTEMPATH\Commands\Server\rewrite.php(47): require_once('D:\\CapstoneSystem\\public\\index.php')
CRITICAL - 2024-02-24 22:40:43 --> foreach() argument must be of type array|object, null given
in APPPATH\Controllers\RTCController.php on line 161.
 1 APPPATH\Controllers\RTCController.php(161): CodeIgniter\Debug\Exceptions->errorHandler(2, 'foreach() argument must be of type array|object, null given', 'D:\\CapstoneSystem\\app\\Controllers\\RTCController.php', 161)
 2 SYSTEMPATH\CodeIgniter.php(919): App\Controllers\RTCController->RTC()
 3 SYSTEMPATH\CodeIgniter.php(494): CodeIgniter\CodeIgniter->runController(Object(App\Controllers\RTCController))
 4 SYSTEMPATH\CodeIgniter.php(353): CodeIgniter\CodeIgniter->handleRequest(null, Object(Config\Cache), false)
 5 FCPATH\index.php(79): CodeIgniter\CodeIgniter->run()
 6 SYSTEMPATH\Commands\Server\rewrite.php(47): require_once('D:\\CapstoneSystem\\public\\index.php')
CRITICAL - 2024-02-24 22:46:17 --> Undefined variable $formattedDiff
in APPPATH\Controllers\RTCController.php on line 98.
 1 APPPATH\Controllers\RTCController.php(98): CodeIgniter\Debug\Exceptions->errorHandler(2, 'Undefined variable $formattedDiff', 'D:\\CapstoneSystem\\app\\Controllers\\RTCController.php', 98)
 2 APPPATH\Controllers\RTCController.php(172): App\Controllers\RTCController->formatTimeDifference(Object(DateInterval))
 3 SYSTEMPATH\CodeIgniter.php(919): App\Controllers\RTCController->RTC()
 4 SYSTEMPATH\CodeIgniter.php(494): CodeIgniter\CodeIgniter->runController(Object(App\Controllers\RTCController))
 5 SYSTEMPATH\CodeIgniter.php(353): CodeIgniter\CodeIgniter->handleRequest(null, Object(Config\Cache), false)
 6 FCPATH\index.php(79): CodeIgniter\CodeIgniter->run()
 7 SYSTEMPATH\Commands\Server\rewrite.php(47): require_once('D:\\CapstoneSystem\\public\\index.php')
CRITICAL - 2024-02-24 23:04:16 --> foreach() argument must be of type array|object, null given
in APPPATH\Controllers\RTCController.php on line 167.
 1 APPPATH\Controllers\RTCController.php(167): CodeIgniter\Debug\Exceptions->errorHandler(2, 'foreach() argument must be of type array|object, null given', 'D:\\CapstoneSystem\\app\\Controllers\\RTCController.php', 167)
 2 SYSTEMPATH\CodeIgniter.php(919): App\Controllers\RTCController->RTC()
 3 SYSTEMPATH\CodeIgniter.php(494): CodeIgniter\CodeIgniter->runController(Object(App\Controllers\RTCController))
 4 SYSTEMPATH\CodeIgniter.php(353): CodeIgniter\CodeIgniter->handleRequest(null, Object(Config\Cache), false)
 5 FCPATH\index.php(79): CodeIgniter\CodeIgniter->run()
 6 SYSTEMPATH\Commands\Server\rewrite.php(47): require_once('D:\\CapstoneSystem\\public\\index.php')
CRITICAL - 2024-02-24 23:05:50 --> Undefined array key "time_diff"
in APPPATH\Views\chat.php on line 937.
 1 APPPATH\Views\chat.php(937): CodeIgniter\Debug\Exceptions->errorHandler(2, 'Undefined array key "time_diff"', 'D:\\CapstoneSystem\\app\\Views\\chat.php', 937)
 2 SYSTEMPATH\View\View.php(226): include('D:\\CapstoneSystem\\app\\Views\\chat.php')
 3 SYSTEMPATH\View\View.php(229): CodeIgniter\View\View->CodeIgniter\View\{closure}()
 4 SYSTEMPATH\Common.php(1188): CodeIgniter\View\View->render('chat', [], true)
 5 APPPATH\Views\Admin\AdChat.php(75): view('chat')
 6 SYSTEMPATH\View\View.php(226): include('D:\\CapstoneSystem\\app\\Views\\Admin\\AdChat.php')
 7 SYSTEMPATH\View\View.php(229): CodeIgniter\View\View->CodeIgniter\View\{closure}()
 8 SYSTEMPATH\Common.php(1188): CodeIgniter\View\View->render('Admin/AdChat', [], true)
 9 APPPATH\Controllers\RTCController.php(150): view('Admin/AdChat', [...])
10 SYSTEMPATH\CodeIgniter.php(919): App\Controllers\RTCController->RTC()
11 SYSTEMPATH\CodeIgniter.php(494): CodeIgniter\CodeIgniter->runController(Object(App\Controllers\RTCController))
12 SYSTEMPATH\CodeIgniter.php(353): CodeIgniter\CodeIgniter->handleRequest(null, Object(Config\Cache), false)
13 FCPATH\index.php(79): CodeIgniter\CodeIgniter->run()
14 SYSTEMPATH\Commands\Server\rewrite.php(47): require_once('D:\\CapstoneSystem\\public\\index.php')
CRITICAL - 2024-02-24 23:06:03 --> Undefined array key "time_diff"
in APPPATH\Views\chat.php on line 937.
 1 APPPATH\Views\chat.php(937): CodeIgniter\Debug\Exceptions->errorHandler(2, 'Undefined array key "time_diff"', 'D:\\CapstoneSystem\\app\\Views\\chat.php', 937)
 2 SYSTEMPATH\View\View.php(226): include('D:\\CapstoneSystem\\app\\Views\\chat.php')
 3 SYSTEMPATH\View\View.php(229): CodeIgniter\View\View->CodeIgniter\View\{closure}()
 4 SYSTEMPATH\Common.php(1188): CodeIgniter\View\View->render('chat', [], true)
 5 APPPATH\Views\Admin\AdChat.php(75): view('chat')
 6 SYSTEMPATH\View\View.php(226): include('D:\\CapstoneSystem\\app\\Views\\Admin\\AdChat.php')
 7 SYSTEMPATH\View\View.php(229): CodeIgniter\View\View->CodeIgniter\View\{closure}()
 8 SYSTEMPATH\Common.php(1188): CodeIgniter\View\View->render('Admin/AdChat', [], true)
 9 APPPATH\Controllers\RTCController.php(150): view('Admin/AdChat', [...])
10 SYSTEMPATH\CodeIgniter.php(919): App\Controllers\RTCController->RTC()
11 SYSTEMPATH\CodeIgniter.php(494): CodeIgniter\CodeIgniter->runController(Object(App\Controllers\RTCController))
12 SYSTEMPATH\CodeIgniter.php(353): CodeIgniter\CodeIgniter->handleRequest(null, Object(Config\Cache), false)
13 FCPATH\index.php(79): CodeIgniter\CodeIgniter->run()
14 SYSTEMPATH\Commands\Server\rewrite.php(47): require_once('D:\\CapstoneSystem\\public\\index.php')
CRITICAL - 2024-02-24 23:06:08 --> Undefined variable $userId
in APPPATH\Views\chat.php on line 949.
 1 APPPATH\Views\chat.php(949): CodeIgniter\Debug\Exceptions->errorHandler(2, 'Undefined variable $userId', 'D:\\CapstoneSystem\\app\\Views\\chat.php', 949)
 2 SYSTEMPATH\View\View.php(226): include('D:\\CapstoneSystem\\app\\Views\\chat.php')
 3 SYSTEMPATH\View\View.php(229): CodeIgniter\View\View->CodeIgniter\View\{closure}()
 4 SYSTEMPATH\Common.php(1188): CodeIgniter\View\View->render('chat', [], true)
 5 APPPATH\Views\Admin\AdChat.php(75): view('chat')
 6 SYSTEMPATH\View\View.php(226): include('D:\\CapstoneSystem\\app\\Views\\Admin\\AdChat.php')
 7 SYSTEMPATH\View\View.php(229): CodeIgniter\View\View->CodeIgniter\View\{closure}()
 8 SYSTEMPATH\Common.php(1188): CodeIgniter\View\View->render('Admin/AdChat', [], true)
 9 APPPATH\Controllers\RTCController.php(150): view('Admin/AdChat', [...])
10 SYSTEMPATH\CodeIgniter.php(919): App\Controllers\RTCController->RTC()
11 SYSTEMPATH\CodeIgniter.php(494): CodeIgniter\CodeIgniter->runController(Object(App\Controllers\RTCController))
12 SYSTEMPATH\CodeIgniter.php(353): CodeIgniter\CodeIgniter->handleRequest(null, Object(Config\Cache), false)
13 FCPATH\index.php(79): CodeIgniter\CodeIgniter->run()
14 SYSTEMPATH\Commands\Server\rewrite.php(47): require_once('D:\\CapstoneSystem\\public\\index.php')
CRITICAL - 2024-02-24 23:06:20 --> Undefined array key "time_diff"
in APPPATH\Views\chat.php on line 937.
 1 APPPATH\Views\chat.php(937): CodeIgniter\Debug\Exceptions->errorHandler(2, 'Undefined array key "time_diff"', 'D:\\CapstoneSystem\\app\\Views\\chat.php', 937)
 2 SYSTEMPATH\View\View.php(226): include('D:\\CapstoneSystem\\app\\Views\\chat.php')
 3 SYSTEMPATH\View\View.php(229): CodeIgniter\View\View->CodeIgniter\View\{closure}()
 4 SYSTEMPATH\Common.php(1188): CodeIgniter\View\View->render('chat', [], true)
 5 APPPATH\Views\Admin\AdChat.php(75): view('chat')
 6 SYSTEMPATH\View\View.php(226): include('D:\\CapstoneSystem\\app\\Views\\Admin\\AdChat.php')
 7 SYSTEMPATH\View\View.php(229): CodeIgniter\View\View->CodeIgniter\View\{closure}()
 8 SYSTEMPATH\Common.php(1188): CodeIgniter\View\View->render('Admin/AdChat', [], true)
 9 APPPATH\Controllers\RTCController.php(150): view('Admin/AdChat', [...])
10 SYSTEMPATH\CodeIgniter.php(919): App\Controllers\RTCController->RTC()
11 SYSTEMPATH\CodeIgniter.php(494): CodeIgniter\CodeIgniter->runController(Object(App\Controllers\RTCController))
12 SYSTEMPATH\CodeIgniter.php(353): CodeIgniter\CodeIgniter->handleRequest(null, Object(Config\Cache), false)
13 FCPATH\index.php(79): CodeIgniter\CodeIgniter->run()
14 SYSTEMPATH\Commands\Server\rewrite.php(47): require_once('D:\\CapstoneSystem\\public\\index.php')
CRITICAL - 2024-02-24 23:06:26 --> Undefined variable $userId
in APPPATH\Views\chat.php on line 949.
 1 APPPATH\Views\chat.php(949): CodeIgniter\Debug\Exceptions->errorHandler(2, 'Undefined variable $userId', 'D:\\CapstoneSystem\\app\\Views\\chat.php', 949)
 2 SYSTEMPATH\View\View.php(226): include('D:\\CapstoneSystem\\app\\Views\\chat.php')
 3 SYSTEMPATH\View\View.php(229): CodeIgniter\View\View->CodeIgniter\View\{closure}()
 4 SYSTEMPATH\Common.php(1188): CodeIgniter\View\View->render('chat', [], true)
 5 APPPATH\Views\Admin\AdChat.php(75): view('chat')
 6 SYSTEMPATH\View\View.php(226): include('D:\\CapstoneSystem\\app\\Views\\Admin\\AdChat.php')
 7 SYSTEMPATH\View\View.php(229): CodeIgniter\View\View->CodeIgniter\View\{closure}()
 8 SYSTEMPATH\Common.php(1188): CodeIgniter\View\View->render('Admin/AdChat', [], true)
 9 APPPATH\Controllers\RTCController.php(150): view('Admin/AdChat', [...])
10 SYSTEMPATH\CodeIgniter.php(919): App\Controllers\RTCController->RTC()
11 SYSTEMPATH\CodeIgniter.php(494): CodeIgniter\CodeIgniter->runController(Object(App\Controllers\RTCController))
12 SYSTEMPATH\CodeIgniter.php(353): CodeIgniter\CodeIgniter->handleRequest(null, Object(Config\Cache), false)
13 FCPATH\index.php(79): CodeIgniter\CodeIgniter->run()
14 SYSTEMPATH\Commands\Server\rewrite.php(47): require_once('D:\\CapstoneSystem\\public\\index.php')
CRITICAL - 2024-02-24 23:07:25 --> Undefined array key "time_diff"
in APPPATH\Views\chat.php on line 937.
 1 APPPATH\Views\chat.php(937): CodeIgniter\Debug\Exceptions->errorHandler(2, 'Undefined array key "time_diff"', 'D:\\CapstoneSystem\\app\\Views\\chat.php', 937)
 2 SYSTEMPATH\View\View.php(226): include('D:\\CapstoneSystem\\app\\Views\\chat.php')
 3 SYSTEMPATH\View\View.php(229): CodeIgniter\View\View->CodeIgniter\View\{closure}()
 4 SYSTEMPATH\Common.php(1188): CodeIgniter\View\View->render('chat', [], true)
 5 APPPATH\Views\Admin\AdChat.php(75): view('chat')
 6 SYSTEMPATH\View\View.php(226): include('D:\\CapstoneSystem\\app\\Views\\Admin\\AdChat.php')
 7 SYSTEMPATH\View\View.php(229): CodeIgniter\View\View->CodeIgniter\View\{closure}()
 8 SYSTEMPATH\Common.php(1188): CodeIgniter\View\View->render('Admin/AdChat', [], true)
 9 APPPATH\Controllers\RTCController.php(178): view('Admin/AdChat', [...])
10 SYSTEMPATH\CodeIgniter.php(919): App\Controllers\RTCController->RTC()
11 SYSTEMPATH\CodeIgniter.php(494): CodeIgniter\CodeIgniter->runController(Object(App\Controllers\RTCController))
12 SYSTEMPATH\CodeIgniter.php(353): CodeIgniter\CodeIgniter->handleRequest(null, Object(Config\Cache), false)
13 FCPATH\index.php(79): CodeIgniter\CodeIgniter->run()
14 SYSTEMPATH\Commands\Server\rewrite.php(47): require_once('D:\\CapstoneSystem\\public\\index.php')
CRITICAL - 2024-02-24 23:15:07 --> Illegal offset type
in SYSTEMPATH\Database\BaseBuilder.php on line 740.
 1 SYSTEMPATH\Database\BaseBuilder.php(698): CodeIgniter\Database\BaseBuilder->whereHaving('QBWhere', Object(Closure), null, 'AND ', null)
 2 SYSTEMPATH\Model.php(871): CodeIgniter\Database\BaseBuilder->where(Object(Closure))
 3 APPPATH\Controllers\RTCController.php(183): CodeIgniter\Model->__call('where', [...])
 4 SYSTEMPATH\CodeIgniter.php(919): App\Controllers\RTCController->RTC()
 5 SYSTEMPATH\CodeIgniter.php(494): CodeIgniter\CodeIgniter->runController(Object(App\Controllers\RTCController))
 6 SYSTEMPATH\CodeIgniter.php(353): CodeIgniter\CodeIgniter->handleRequest(null, Object(Config\Cache), false)
 7 FCPATH\index.php(79): CodeIgniter\CodeIgniter->run()
 8 SYSTEMPATH\Commands\Server\rewrite.php(47): require_once('D:\\CapstoneSystem\\public\\index.php')
CRITICAL - 2024-02-24 23:16:04 --> Illegal offset type
in SYSTEMPATH\Database\BaseBuilder.php on line 740.
 1 SYSTEMPATH\Database\BaseBuilder.php(698): CodeIgniter\Database\BaseBuilder->whereHaving('QBWhere', Object(Closure), null, 'AND ', null)
 2 SYSTEMPATH\Model.php(871): CodeIgniter\Database\BaseBuilder->where(Object(Closure))
 3 APPPATH\Controllers\RTCController.php(184): CodeIgniter\Model->__call('where', [...])
 4 SYSTEMPATH\CodeIgniter.php(919): App\Controllers\RTCController->RTC()
 5 SYSTEMPATH\CodeIgniter.php(494): CodeIgniter\CodeIgniter->runController(Object(App\Controllers\RTCController))
 6 SYSTEMPATH\CodeIgniter.php(353): CodeIgniter\CodeIgniter->handleRequest(null, Object(Config\Cache), false)
 7 FCPATH\index.php(79): CodeIgniter\CodeIgniter->run()
 8 SYSTEMPATH\Commands\Server\rewrite.php(47): require_once('D:\\CapstoneSystem\\public\\index.php')
CRITICAL - 2024-02-24 23:16:30 --> Illegal offset type
in SYSTEMPATH\Database\BaseBuilder.php on line 740.
 1 SYSTEMPATH\Database\BaseBuilder.php(698): CodeIgniter\Database\BaseBuilder->whereHaving('QBWhere', Object(Closure), null, 'AND ', null)
 2 SYSTEMPATH\Model.php(871): CodeIgniter\Database\BaseBuilder->where(Object(Closure))
 3 APPPATH\Controllers\RTCController.php(187): CodeIgniter\Model->__call('where', [...])
 4 SYSTEMPATH\CodeIgniter.php(919): App\Controllers\RTCController->RTC()
 5 SYSTEMPATH\CodeIgniter.php(494): CodeIgniter\CodeIgniter->runController(Object(App\Controllers\RTCController))
 6 SYSTEMPATH\CodeIgniter.php(353): CodeIgniter\CodeIgniter->handleRequest(null, Object(Config\Cache), false)
 7 FCPATH\index.php(79): CodeIgniter\CodeIgniter->run()
 8 SYSTEMPATH\Commands\Server\rewrite.php(47): require_once('D:\\CapstoneSystem\\public\\index.php')
CRITICAL - 2024-02-24 23:18:29 --> Undefined array key "recipient"
in APPPATH\Controllers\RTCController.php on line 183.
 1 APPPATH\Controllers\RTCController.php(183): CodeIgniter\Debug\Exceptions->errorHandler(2, 'Undefined array key "recipient"', 'D:\\CapstoneSystem\\app\\Controllers\\RTCController.php', 183)
 2 SYSTEMPATH\CodeIgniter.php(919): App\Controllers\RTCController->RTC()
 3 SYSTEMPATH\CodeIgniter.php(494): CodeIgniter\CodeIgniter->runController(Object(App\Controllers\RTCController))
 4 SYSTEMPATH\CodeIgniter.php(353): CodeIgniter\CodeIgniter->handleRequest(null, Object(Config\Cache), false)
 5 FCPATH\index.php(79): CodeIgniter\CodeIgniter->run()
 6 SYSTEMPATH\Commands\Server\rewrite.php(47): require_once('D:\\CapstoneSystem\\public\\index.php')
CRITICAL - 2024-02-24 23:19:11 --> Undefined array key "recipient"
in APPPATH\Controllers\RTCController.php on line 183.
 1 APPPATH\Controllers\RTCController.php(183): CodeIgniter\Debug\Exceptions->errorHandler(2, 'Undefined array key "recipient"', 'D:\\CapstoneSystem\\app\\Controllers\\RTCController.php', 183)
 2 SYSTEMPATH\CodeIgniter.php(919): App\Controllers\RTCController->RTC()
 3 SYSTEMPATH\CodeIgniter.php(494): CodeIgniter\CodeIgniter->runController(Object(App\Controllers\RTCController))
 4 SYSTEMPATH\CodeIgniter.php(353): CodeIgniter\CodeIgniter->handleRequest(null, Object(Config\Cache), false)
 5 FCPATH\index.php(79): CodeIgniter\CodeIgniter->run()
 6 SYSTEMPATH\Commands\Server\rewrite.php(47): require_once('D:\\CapstoneSystem\\public\\index.php')
CRITICAL - 2024-02-24 23:22:53 --> Call to undefined method CodeIgniter\Database\MySQLi\Result::orWhere()
in APPPATH\Controllers\RTCController.php on line 62.
 1 SYSTEMPATH\CodeIgniter.php(919): App\Controllers\RTCController->chat()
 2 SYSTEMPATH\CodeIgniter.php(494): CodeIgniter\CodeIgniter->runController(Object(App\Controllers\RTCController))
 3 SYSTEMPATH\CodeIgniter.php(353): CodeIgniter\CodeIgniter->handleRequest(null, Object(Config\Cache), false)
 4 FCPATH\index.php(79): CodeIgniter\CodeIgniter->run()
 5 SYSTEMPATH\Commands\Server\rewrite.php(47): require_once('D:\\CapstoneSystem\\public\\index.php')
CRITICAL - 2024-02-24 23:23:57 --> Call to undefined method CodeIgniter\Database\MySQLi\Result::orWhere()
in APPPATH\Controllers\RTCController.php on line 62.
 1 SYSTEMPATH\CodeIgniter.php(919): App\Controllers\RTCController->chat()
 2 SYSTEMPATH\CodeIgniter.php(494): CodeIgniter\CodeIgniter->runController(Object(App\Controllers\RTCController))
 3 SYSTEMPATH\CodeIgniter.php(353): CodeIgniter\CodeIgniter->handleRequest(null, Object(Config\Cache), false)
 4 FCPATH\index.php(79): CodeIgniter\CodeIgniter->run()
 5 SYSTEMPATH\Commands\Server\rewrite.php(47): require_once('D:\\CapstoneSystem\\public\\index.php')
CRITICAL - 2024-02-24 23:31:18 --> Undefined variable $message
in APPPATH\Views\chat.php on line 928.
 1 APPPATH\Views\chat.php(928): CodeIgniter\Debug\Exceptions->errorHandler(2, 'Undefined variable $message', 'D:\\CapstoneSystem\\app\\Views\\chat.php', 928)
 2 SYSTEMPATH\View\View.php(226): include('D:\\CapstoneSystem\\app\\Views\\chat.php')
 3 SYSTEMPATH\View\View.php(229): CodeIgniter\View\View->CodeIgniter\View\{closure}()
 4 SYSTEMPATH\Common.php(1188): CodeIgniter\View\View->render('chat', [], true)
 5 APPPATH\Views\Admin\AdChat.php(75): view('chat')
 6 SYSTEMPATH\View\View.php(226): include('D:\\CapstoneSystem\\app\\Views\\Admin\\AdChat.php')
 7 SYSTEMPATH\View\View.php(229): CodeIgniter\View\View->CodeIgniter\View\{closure}()
 8 SYSTEMPATH\Common.php(1188): CodeIgniter\View\View->render('Admin/AdChat', [], true)
 9 APPPATH\Controllers\RTCController.php(190): view('Admin/AdChat', [...])
10 SYSTEMPATH\CodeIgniter.php(919): App\Controllers\RTCController->RTC()
11 SYSTEMPATH\CodeIgniter.php(494): CodeIgniter\CodeIgniter->runController(Object(App\Controllers\RTCController))
12 SYSTEMPATH\CodeIgniter.php(353): CodeIgniter\CodeIgniter->handleRequest(null, Object(Config\Cache), false)
13 FCPATH\index.php(79): CodeIgniter\CodeIgniter->run()
14 SYSTEMPATH\Commands\Server\rewrite.php(47): require_once('D:\\CapstoneSystem\\public\\index.php')
CRITICAL - 2024-02-24 23:33:56 --> Undefined variable $data
in APPPATH\Views\chat.php on line 926.
 1 APPPATH\Views\chat.php(926): CodeIgniter\Debug\Exceptions->errorHandler(2, 'Undefined variable $data', 'D:\\CapstoneSystem\\app\\Views\\chat.php', 926)
 2 SYSTEMPATH\View\View.php(226): include('D:\\CapstoneSystem\\app\\Views\\chat.php')
 3 SYSTEMPATH\View\View.php(229): CodeIgniter\View\View->CodeIgniter\View\{closure}()
 4 SYSTEMPATH\Common.php(1188): CodeIgniter\View\View->render('chat', [], true)
 5 APPPATH\Views\Admin\AdChat.php(75): view('chat')
 6 SYSTEMPATH\View\View.php(226): include('D:\\CapstoneSystem\\app\\Views\\Admin\\AdChat.php')
 7 SYSTEMPATH\View\View.php(229): CodeIgniter\View\View->CodeIgniter\View\{closure}()
 8 SYSTEMPATH\Common.php(1188): CodeIgniter\View\View->render('Admin/AdChat', [], true)
 9 APPPATH\Controllers\RTCController.php(190): view('Admin/AdChat', [...])
10 SYSTEMPATH\CodeIgniter.php(919): App\Controllers\RTCController->RTC()
11 SYSTEMPATH\CodeIgniter.php(494): CodeIgniter\CodeIgniter->runController(Object(App\Controllers\RTCController))
12 SYSTEMPATH\CodeIgniter.php(353): CodeIgniter\CodeIgniter->handleRequest(null, Object(Config\Cache), false)
13 FCPATH\index.php(79): CodeIgniter\CodeIgniter->run()
14 SYSTEMPATH\Commands\Server\rewrite.php(47): require_once('D:\\CapstoneSystem\\public\\index.php')
CRITICAL - 2024-02-24 23:52:24 --> Undefined variable $recieve
in APPPATH\Views\chat.php on line 926.
 1 APPPATH\Views\chat.php(926): CodeIgniter\Debug\Exceptions->errorHandler(2, 'Undefined variable $recieve', 'D:\\CapstoneSystem\\app\\Views\\chat.php', 926)
 2 SYSTEMPATH\View\View.php(226): include('D:\\CapstoneSystem\\app\\Views\\chat.php')
 3 SYSTEMPATH\View\View.php(229): CodeIgniter\View\View->CodeIgniter\View\{closure}()
 4 SYSTEMPATH\Common.php(1188): CodeIgniter\View\View->render('chat', [], true)
 5 APPPATH\Views\Admin\AdChat.php(75): view('chat')
 6 SYSTEMPATH\View\View.php(226): include('D:\\CapstoneSystem\\app\\Views\\Admin\\AdChat.php')
 7 SYSTEMPATH\View\View.php(229): CodeIgniter\View\View->CodeIgniter\View\{closure}()
 8 SYSTEMPATH\Common.php(1188): CodeIgniter\View\View->render('Admin/AdChat', [], true)
 9 APPPATH\Controllers\RTCController.php(190): view('Admin/AdChat', [...])
10 SYSTEMPATH\CodeIgniter.php(919): App\Controllers\RTCController->RTC()
11 SYSTEMPATH\CodeIgniter.php(494): CodeIgniter\CodeIgniter->runController(Object(App\Controllers\RTCController))
12 SYSTEMPATH\CodeIgniter.php(353): CodeIgniter\CodeIgniter->handleRequest(null, Object(Config\Cache), false)
13 FCPATH\index.php(79): CodeIgniter\CodeIgniter->run()
14 SYSTEMPATH\Commands\Server\rewrite.php(47): require_once('D:\\CapstoneSystem\\public\\index.php')
CRITICAL - 2024-02-24 23:58:55 --> Undefined array key "time_diff"
in APPPATH\Views\chat.php on line 940.
 1 APPPATH\Views\chat.php(940): CodeIgniter\Debug\Exceptions->errorHandler(2, 'Undefined array key "time_diff"', 'D:\\CapstoneSystem\\app\\Views\\chat.php', 940)
 2 SYSTEMPATH\View\View.php(226): include('D:\\CapstoneSystem\\app\\Views\\chat.php')
 3 SYSTEMPATH\View\View.php(229): CodeIgniter\View\View->CodeIgniter\View\{closure}()
 4 SYSTEMPATH\Common.php(1188): CodeIgniter\View\View->render('chat', [], true)
 5 APPPATH\Views\Admin\AdChat.php(75): view('chat')
 6 SYSTEMPATH\View\View.php(226): include('D:\\CapstoneSystem\\app\\Views\\Admin\\AdChat.php')
 7 SYSTEMPATH\View\View.php(229): CodeIgniter\View\View->CodeIgniter\View\{closure}()
 8 SYSTEMPATH\Common.php(1188): CodeIgniter\View\View->render('Admin/AdChat', [], true)
 9 APPPATH\Controllers\RTCController.php(190): view('Admin/AdChat', [...])
10 SYSTEMPATH\CodeIgniter.php(919): App\Controllers\RTCController->RTC()
11 SYSTEMPATH\CodeIgniter.php(494): CodeIgniter\CodeIgniter->runController(Object(App\Controllers\RTCController))
12 SYSTEMPATH\CodeIgniter.php(353): CodeIgniter\CodeIgniter->handleRequest(null, Object(Config\Cache), false)
13 FCPATH\index.php(79): CodeIgniter\CodeIgniter->run()
14 SYSTEMPATH\Commands\Server\rewrite.php(47): require_once('D:\\CapstoneSystem\\public\\index.php')
CRITICAL - 2024-02-24 23:59:42 --> Undefined array key "time_diff"
in APPPATH\Views\chat.php on line 940.
 1 APPPATH\Views\chat.php(940): CodeIgniter\Debug\Exceptions->errorHandler(2, 'Undefined array key "time_diff"', 'D:\\CapstoneSystem\\app\\Views\\chat.php', 940)
 2 SYSTEMPATH\View\View.php(226): include('D:\\CapstoneSystem\\app\\Views\\chat.php')
 3 SYSTEMPATH\View\View.php(229): CodeIgniter\View\View->CodeIgniter\View\{closure}()
 4 SYSTEMPATH\Common.php(1188): CodeIgniter\View\View->render('chat', [], true)
 5 APPPATH\Views\Admin\AdChat.php(75): view('chat')
 6 SYSTEMPATH\View\View.php(226): include('D:\\CapstoneSystem\\app\\Views\\Admin\\AdChat.php')
 7 SYSTEMPATH\View\View.php(229): CodeIgniter\View\View->CodeIgniter\View\{closure}()
 8 SYSTEMPATH\Common.php(1188): CodeIgniter\View\View->render('Admin/AdChat', [], true)
 9 APPPATH\Controllers\RTCController.php(190): view('Admin/AdChat', [...])
10 SYSTEMPATH\CodeIgniter.php(919): App\Controllers\RTCController->RTC()
11 SYSTEMPATH\CodeIgniter.php(494): CodeIgniter\CodeIgniter->runController(Object(App\Controllers\RTCController))
12 SYSTEMPATH\CodeIgniter.php(353): CodeIgniter\CodeIgniter->handleRequest(null, Object(Config\Cache), false)
13 FCPATH\index.php(79): CodeIgniter\CodeIgniter->run()
14 SYSTEMPATH\Commands\Server\rewrite.php(47): require_once('D:\\CapstoneSystem\\public\\index.php')
