CRITICAL - 2023-12-14 08:29:29 --> Undefined variable $user
in APPPATH\Views\chat.php on line 145.
 1 APPPATH\Views\chat.php(145): CodeIgniter\Debug\Exceptions->errorHandler(2, 'Undefined variable $user', 'D:\\ProjectSystem\\app\\Views\\chat.php', 145)
 2 SYSTEMPATH\View\View.php(226): include('D:\\ProjectSystem\\app\\Views\\chat.php')
 3 SYSTEMPATH\View\View.php(229): CodeIgniter\View\View->CodeIgniter\View\{closure}()
 4 SYSTEMPATH\Common.php(1188): CodeIgniter\View\View->render('chat', [], true)
 5 APPPATH\Controllers\RTCController.php(22): view('chat', [...])
 6 SYSTEMPATH\CodeIgniter.php(919): App\Controllers\RTCController->homechat()
 7 SYSTEMPATH\CodeIgniter.php(494): CodeIgniter\CodeIgniter->runController(Object(App\Controllers\RTCController))
 8 SYSTEMPATH\CodeIgniter.php(353): CodeIgniter\CodeIgniter->handleRequest(null, Object(Config\Cache), false)
 9 FCPATH\index.php(79): CodeIgniter\CodeIgniter->run()
10 SYSTEMPATH\Commands\Server\rewrite.php(47): require_once('D:\\ProjectSystem\\public\\index.php')
CRITICAL - 2023-12-14 08:30:28 --> Undefined variable $user
in APPPATH\Views\chat.php on line 145.
 1 APPPATH\Views\chat.php(145): CodeIgniter\Debug\Exceptions->errorHandler(2, 'Undefined variable $user', 'D:\\ProjectSystem\\app\\Views\\chat.php', 145)
 2 SYSTEMPATH\View\View.php(226): include('D:\\ProjectSystem\\app\\Views\\chat.php')
 3 SYSTEMPATH\View\View.php(229): CodeIgniter\View\View->CodeIgniter\View\{closure}()
 4 SYSTEMPATH\Common.php(1188): CodeIgniter\View\View->render('chat', [], true)
 5 APPPATH\Controllers\RTCController.php(22): view('chat', [...])
 6 SYSTEMPATH\CodeIgniter.php(919): App\Controllers\RTCController->homechat()
 7 SYSTEMPATH\CodeIgniter.php(494): CodeIgniter\CodeIgniter->runController(Object(App\Controllers\RTCController))
 8 SYSTEMPATH\CodeIgniter.php(353): CodeIgniter\CodeIgniter->handleRequest(null, Object(Config\Cache), false)
 9 FCPATH\index.php(79): CodeIgniter\CodeIgniter->run()
10 SYSTEMPATH\Commands\Server\rewrite.php(47): require_once('D:\\ProjectSystem\\public\\index.php')
CRITICAL - 2023-12-14 08:50:40 --> Undefined variable $chats
in APPPATH\Views\rec.php on line 17.
 1 APPPATH\Views\rec.php(17): CodeIgniter\Debug\Exceptions->errorHandler(2, 'Undefined variable $chats', 'D:\\ProjectSystem\\app\\Views\\rec.php', 17)
 2 SYSTEMPATH\View\View.php(226): include('D:\\ProjectSystem\\app\\Views\\rec.php')
 3 SYSTEMPATH\View\View.php(229): CodeIgniter\View\View->CodeIgniter\View\{closure}()
 4 SYSTEMPATH\Common.php(1188): CodeIgniter\View\View->render('rec', [], true)
 5 APPPATH\Controllers\RTCController.php(44): view('rec', [...])
 6 SYSTEMPATH\CodeIgniter.php(919): App\Controllers\RTCController->send()
 7 SYSTEMPATH\CodeIgniter.php(494): CodeIgniter\CodeIgniter->runController(Object(App\Controllers\RTCController))
 8 SYSTEMPATH\CodeIgniter.php(353): CodeIgniter\CodeIgniter->handleRequest(null, Object(Config\Cache), false)
 9 FCPATH\index.php(79): CodeIgniter\CodeIgniter->run()
10 SYSTEMPATH\Commands\Server\rewrite.php(47): require_once('D:\\ProjectSystem\\public\\index.php')
CRITICAL - 2023-12-14 08:50:52 --> Undefined variable $chats
in APPPATH\Views\rec.php on line 17.
 1 APPPATH\Views\rec.php(17): CodeIgniter\Debug\Exceptions->errorHandler(2, 'Undefined variable $chats', 'D:\\ProjectSystem\\app\\Views\\rec.php', 17)
 2 SYSTEMPATH\View\View.php(226): include('D:\\ProjectSystem\\app\\Views\\rec.php')
 3 SYSTEMPATH\View\View.php(229): CodeIgniter\View\View->CodeIgniter\View\{closure}()
 4 SYSTEMPATH\Common.php(1188): CodeIgniter\View\View->render('rec', [], true)
 5 APPPATH\Controllers\RTCController.php(44): view('rec', [...])
 6 SYSTEMPATH\CodeIgniter.php(919): App\Controllers\RTCController->send()
 7 SYSTEMPATH\CodeIgniter.php(494): CodeIgniter\CodeIgniter->runController(Object(App\Controllers\RTCController))
 8 SYSTEMPATH\CodeIgniter.php(353): CodeIgniter\CodeIgniter->handleRequest(null, Object(Config\Cache), false)
 9 FCPATH\index.php(79): CodeIgniter\CodeIgniter->run()
10 SYSTEMPATH\Commands\Server\rewrite.php(47): require_once('D:\\ProjectSystem\\public\\index.php')
ERROR - 2023-12-14 08:56:01 --> mysqli_sql_exception: Column 'recipient' cannot be null in D:\ProjectSystem\system\Database\MySQLi\Connection.php:306
Stack trace:
#0 D:\ProjectSystem\system\Database\MySQLi\Connection.php(306): mysqli->query('INSERT INTO `ch...', 0)
#1 D:\ProjectSystem\system\Database\BaseConnection.php(692): CodeIgniter\Database\MySQLi\Connection->execute('INSERT INTO `ch...')
#2 D:\ProjectSystem\system\Database\BaseConnection.php(606): CodeIgniter\Database\BaseConnection->simpleQuery('INSERT INTO `ch...')
#3 D:\ProjectSystem\system\Database\BaseBuilder.php(2308): CodeIgniter\Database\BaseConnection->query('INSERT INTO `ch...', Array, false)
#4 D:\ProjectSystem\system\Model.php(319): CodeIgniter\Database\BaseBuilder->insert()
#5 D:\ProjectSystem\system\BaseModel.php(788): CodeIgniter\Model->doInsert(Array)
#6 D:\ProjectSystem\system\Model.php(715): CodeIgniter\BaseModel->insert(Array, true)
#7 D:\ProjectSystem\app\Controllers\RTCController.php(35): CodeIgniter\Model->insert(Array)
#8 D:\ProjectSystem\system\CodeIgniter.php(919): App\Controllers\RTCController->chat()
#9 D:\ProjectSystem\system\CodeIgniter.php(494): CodeIgniter\CodeIgniter->runController(Object(App\Controllers\RTCController))
#10 D:\ProjectSystem\system\CodeIgniter.php(353): CodeIgniter\CodeIgniter->handleRequest(NULL, Object(Config\Cache), false)
#11 D:\ProjectSystem\public\index.php(79): CodeIgniter\CodeIgniter->run()
#12 D:\ProjectSystem\system\Commands\Server\rewrite.php(47): require_once('D:\\ProjectSyste...')
#13 {main}
CRITICAL - 2023-12-14 08:56:01 --> Column 'recipient' cannot be null
in SYSTEMPATH\Database\BaseConnection.php on line 646.
 1 SYSTEMPATH\Database\BaseBuilder.php(2308): CodeIgniter\Database\BaseConnection->query('INSERT INTO `chat` (`sender`, `recipient`, `message`) VALUES (:sender:, :recipient:, :message:)', [...], false)
 2 SYSTEMPATH\Model.php(319): CodeIgniter\Database\BaseBuilder->insert()
 3 SYSTEMPATH\BaseModel.php(788): CodeIgniter\Model->doInsert([...])
 4 SYSTEMPATH\Model.php(715): CodeIgniter\BaseModel->insert([...], true)
 5 APPPATH\Controllers\RTCController.php(35): CodeIgniter\Model->insert([...])
 6 SYSTEMPATH\CodeIgniter.php(919): App\Controllers\RTCController->chat()
 7 SYSTEMPATH\CodeIgniter.php(494): CodeIgniter\CodeIgniter->runController(Object(App\Controllers\RTCController))
 8 SYSTEMPATH\CodeIgniter.php(353): CodeIgniter\CodeIgniter->handleRequest(null, Object(Config\Cache), false)
 9 FCPATH\index.php(79): CodeIgniter\CodeIgniter->run()
10 SYSTEMPATH\Commands\Server\rewrite.php(47): require_once('D:\\ProjectSystem\\public\\index.php')
ERROR - 2023-12-14 08:58:38 --> mysqli_sql_exception: Column 'recipient' cannot be null in D:\ProjectSystem\system\Database\MySQLi\Connection.php:306
Stack trace:
#0 D:\ProjectSystem\system\Database\MySQLi\Connection.php(306): mysqli->query('INSERT INTO `ch...', 0)
#1 D:\ProjectSystem\system\Database\BaseConnection.php(692): CodeIgniter\Database\MySQLi\Connection->execute('INSERT INTO `ch...')
#2 D:\ProjectSystem\system\Database\BaseConnection.php(606): CodeIgniter\Database\BaseConnection->simpleQuery('INSERT INTO `ch...')
#3 D:\ProjectSystem\system\Database\BaseBuilder.php(2308): CodeIgniter\Database\BaseConnection->query('INSERT INTO `ch...', Array, false)
#4 D:\ProjectSystem\system\Model.php(319): CodeIgniter\Database\BaseBuilder->insert()
#5 D:\ProjectSystem\system\BaseModel.php(788): CodeIgniter\Model->doInsert(Array)
#6 D:\ProjectSystem\system\Model.php(715): CodeIgniter\BaseModel->insert(Array, true)
#7 D:\ProjectSystem\app\Controllers\RTCController.php(35): CodeIgniter\Model->insert(Array)
#8 D:\ProjectSystem\system\CodeIgniter.php(919): App\Controllers\RTCController->chat()
#9 D:\ProjectSystem\system\CodeIgniter.php(494): CodeIgniter\CodeIgniter->runController(Object(App\Controllers\RTCController))
#10 D:\ProjectSystem\system\CodeIgniter.php(353): CodeIgniter\CodeIgniter->handleRequest(NULL, Object(Config\Cache), false)
#11 D:\ProjectSystem\public\index.php(79): CodeIgniter\CodeIgniter->run()
#12 D:\ProjectSystem\system\Commands\Server\rewrite.php(47): require_once('D:\\ProjectSyste...')
#13 {main}
CRITICAL - 2023-12-14 08:58:38 --> Column 'recipient' cannot be null
in SYSTEMPATH\Database\BaseConnection.php on line 646.
 1 SYSTEMPATH\Database\BaseBuilder.php(2308): CodeIgniter\Database\BaseConnection->query('INSERT INTO `chat` (`sender`, `recipient`, `message`) VALUES (:sender:, :recipient:, :message:)', [...], false)
 2 SYSTEMPATH\Model.php(319): CodeIgniter\Database\BaseBuilder->insert()
 3 SYSTEMPATH\BaseModel.php(788): CodeIgniter\Model->doInsert([...])
 4 SYSTEMPATH\Model.php(715): CodeIgniter\BaseModel->insert([...], true)
 5 APPPATH\Controllers\RTCController.php(35): CodeIgniter\Model->insert([...])
 6 SYSTEMPATH\CodeIgniter.php(919): App\Controllers\RTCController->chat()
 7 SYSTEMPATH\CodeIgniter.php(494): CodeIgniter\CodeIgniter->runController(Object(App\Controllers\RTCController))
 8 SYSTEMPATH\CodeIgniter.php(353): CodeIgniter\CodeIgniter->handleRequest(null, Object(Config\Cache), false)
 9 FCPATH\index.php(79): CodeIgniter\CodeIgniter->run()
10 SYSTEMPATH\Commands\Server\rewrite.php(47): require_once('D:\\ProjectSystem\\public\\index.php')
ERROR - 2023-12-14 08:59:15 --> mysqli_sql_exception: Column 'recipient' cannot be null in D:\ProjectSystem\system\Database\MySQLi\Connection.php:306
Stack trace:
#0 D:\ProjectSystem\system\Database\MySQLi\Connection.php(306): mysqli->query('INSERT INTO `ch...', 0)
#1 D:\ProjectSystem\system\Database\BaseConnection.php(692): CodeIgniter\Database\MySQLi\Connection->execute('INSERT INTO `ch...')
#2 D:\ProjectSystem\system\Database\BaseConnection.php(606): CodeIgniter\Database\BaseConnection->simpleQuery('INSERT INTO `ch...')
#3 D:\ProjectSystem\system\Database\BaseBuilder.php(2308): CodeIgniter\Database\BaseConnection->query('INSERT INTO `ch...', Array, false)
#4 D:\ProjectSystem\system\Model.php(319): CodeIgniter\Database\BaseBuilder->insert()
#5 D:\ProjectSystem\system\BaseModel.php(788): CodeIgniter\Model->doInsert(Array)
#6 D:\ProjectSystem\system\Model.php(715): CodeIgniter\BaseModel->insert(Array, true)
#7 D:\ProjectSystem\app\Controllers\RTCController.php(35): CodeIgniter\Model->insert(Array)
#8 D:\ProjectSystem\system\CodeIgniter.php(919): App\Controllers\RTCController->chat()
#9 D:\ProjectSystem\system\CodeIgniter.php(494): CodeIgniter\CodeIgniter->runController(Object(App\Controllers\RTCController))
#10 D:\ProjectSystem\system\CodeIgniter.php(353): CodeIgniter\CodeIgniter->handleRequest(NULL, Object(Config\Cache), false)
#11 D:\ProjectSystem\public\index.php(79): CodeIgniter\CodeIgniter->run()
#12 D:\ProjectSystem\system\Commands\Server\rewrite.php(47): require_once('D:\\ProjectSyste...')
#13 {main}
CRITICAL - 2023-12-14 08:59:15 --> Column 'recipient' cannot be null
in SYSTEMPATH\Database\BaseConnection.php on line 646.
 1 SYSTEMPATH\Database\BaseBuilder.php(2308): CodeIgniter\Database\BaseConnection->query('INSERT INTO `chat` (`sender`, `recipient`, `message`) VALUES (:sender:, :recipient:, :message:)', [...], false)
 2 SYSTEMPATH\Model.php(319): CodeIgniter\Database\BaseBuilder->insert()
 3 SYSTEMPATH\BaseModel.php(788): CodeIgniter\Model->doInsert([...])
 4 SYSTEMPATH\Model.php(715): CodeIgniter\BaseModel->insert([...], true)
 5 APPPATH\Controllers\RTCController.php(35): CodeIgniter\Model->insert([...])
 6 SYSTEMPATH\CodeIgniter.php(919): App\Controllers\RTCController->chat()
 7 SYSTEMPATH\CodeIgniter.php(494): CodeIgniter\CodeIgniter->runController(Object(App\Controllers\RTCController))
 8 SYSTEMPATH\CodeIgniter.php(353): CodeIgniter\CodeIgniter->handleRequest(null, Object(Config\Cache), false)
 9 FCPATH\index.php(79): CodeIgniter\CodeIgniter->run()
10 SYSTEMPATH\Commands\Server\rewrite.php(47): require_once('D:\\ProjectSystem\\public\\index.php')
CRITICAL - 2023-12-14 09:05:23 --> Undefined array key "message"
in APPPATH\Views\chat.php on line 954.
 1 APPPATH\Views\chat.php(954): CodeIgniter\Debug\Exceptions->errorHandler(2, 'Undefined array key "message"', 'D:\\ProjectSystem\\app\\Views\\chat.php', 954)
 2 SYSTEMPATH\View\View.php(226): include('D:\\ProjectSystem\\app\\Views\\chat.php')
 3 SYSTEMPATH\View\View.php(229): CodeIgniter\View\View->CodeIgniter\View\{closure}()
 4 SYSTEMPATH\Common.php(1188): CodeIgniter\View\View->render('chat', [], true)
 5 APPPATH\Controllers\RTCController.php(22): view('chat', [...])
 6 SYSTEMPATH\CodeIgniter.php(919): App\Controllers\RTCController->homechat()
 7 SYSTEMPATH\CodeIgniter.php(494): CodeIgniter\CodeIgniter->runController(Object(App\Controllers\RTCController))
 8 SYSTEMPATH\CodeIgniter.php(353): CodeIgniter\CodeIgniter->handleRequest(null, Object(Config\Cache), false)
 9 FCPATH\index.php(79): CodeIgniter\CodeIgniter->run()
10 SYSTEMPATH\Commands\Server\rewrite.php(47): require_once('D:\\ProjectSystem\\public\\index.php')
